2023-03-27 21:17:15.320 | INFO     | __main__:scrape_tweets:160 - https://twitter.com/SBF_FTX/status/1455314818076844034 took: 16.83 leaves: 63
2023-03-27 21:17:23.166 | INFO     | __main__:scrape_tweets:160 - https://twitter.com/evanbfish/status/1455322007197868037 took: 7.85 leaves: 1
2023-03-27 21:17:32.996 | INFO     | __main__:scrape_tweets:160 - https://twitter.com/TSM/status/1455320973222158336 took: 9.83 leaves: 0
2023-03-27 21:17:42.316 | INFO     | __main__:scrape_tweets:160 - https://twitter.com/babazor77/status/1455322607381852164 took: 9.32 leaves: 0
2023-03-27 21:18:01.907 | INFO     | __main__:scrape_tweets:160 - https://twitter.com/MonkDoesnt/status/1454936438399700992 took: 19.59 leaves: 107
2023-03-27 21:18:01.908 | INFO     | __main__:scrape_tweets:137 - single tweet https://twitter.com/Fuhgetabouddit/status/1455322263318720513 took: 0.00
2023-03-27 21:18:09.199 | INFO     | __main__:scrape_tweets:160 - https://twitter.com/Saitamen/status/1455307599352680466 took: 7.29 leaves: 1
2023-03-27 21:18:17.540 | INFO     | __main__:scrape_tweets:160 - https://twitter.com/RNR_0/status/1455312136847122442 took: 8.34 leaves: 0
2023-03-27 21:18:18.977 | INFO     | __main__:scrape_tweets:137 - single tweet https://twitter.com/AucanDG/status/1455321403138449409 took: 0.00
2023-03-27 21:18:18.977 | INFO     | __main__:scrape_tweets:137 - single tweet https://twitter.com/trendybaba_/status/1455321055153688576 took: 0.00
2023-03-27 21:18:28.493 | INFO     | __main__:scrape_tweets:160 - https://twitter.com/blockchain_js/status/1455186807449079817 took: 9.52 leaves: 1
2023-03-27 21:18:36.587 | INFO     | __main__:scrape_tweets:160 - https://twitter.com/korrine_xo/status/1455052112140771338 took: 8.09 leaves: 1
2023-03-27 21:18:44.369 | INFO     | __main__:scrape_tweets:160 - https://twitter.com/NBATopShot/status/1455310118162075654 took: 7.78 leaves: 1
2023-03-27 21:18:52.408 | INFO     | __main__:scrape_tweets:160 - https://twitter.com/IcedKnife/status/1455306886694248452 took: 8.04 leaves: 1
2023-03-27 21:19:00.651 | INFO     | __main__:scrape_tweets:160 - https://twitter.com/JackNiewold/status/1455319410995081222 took: 8.24 leaves: 0
2023-03-27 21:19:11.709 | INFO     | __main__:scrape_tweets:160 - https://twitter.com/bitcoinpanda69/status/1455317674997784581 took: 7.78 leaves: 1
2023-03-27 21:19:11.710 | INFO     | __main__:scrape_tweets:137 - single tweet https://twitter.com/_jbradleyy/status/1455318641503731713 took: 0.00
2023-03-27 21:19:17.418 | INFO     | __main__:scrape_tweets:160 - https://twitter.com/NFT_stack/status/1455317847027200000 took: 5.71 leaves: 0
2023-03-27 21:19:23.076 | INFO     | __main__:scrape_tweets:160 - https://twitter.com/Keyzoh/status/1455317798415003650 took: 5.66 leaves: 0
2023-03-27 21:19:31.576 | INFO     | __main__:scrape_tweets:160 - https://twitter.com/FrankGee305/status/1455301325902782464 took: 8.50 leaves: 0
2023-03-27 21:19:31.576 | INFO     | __main__:scrape_tweets:137 - single tweet https://twitter.com/CryptoKnightro/status/1455316512009560066 took: 0.00
2023-03-27 21:19:46.445 | INFO     | __main__:scrape_tweets:160 - https://twitter.com/TSM/status/1455234166405087239 took: 13.23 leaves: 32
2023-03-27 21:19:46.445 | INFO     | __main__:scrape_tweets:137 - single tweet https://twitter.com/Cryptotyrion/status/1455316183557840905 took: 0.00
2023-03-27 21:19:56.050 | INFO     | __main__:scrape_tweets:160 - https://twitter.com/Awawat_Trades/status/1455307977771020288 took: 9.60 leaves: 0
2023-03-27 21:20:04.753 | INFO     | __main__:scrape_tweets:160 - https://twitter.com/Saitamen/status/1455218595802320898 took: 8.70 leaves: 1
2023-03-27 21:20:04.754 | INFO     | __main__:scrape_tweets:137 - single tweet https://twitter.com/namexmexking/status/1455315831022362626 took: 0.00
2023-03-27 21:20:12.946 | INFO     | __main__:scrape_tweets:160 - https://twitter.com/TEEJAYPEE_/status/1455304490991620106 took: 8.19 leaves: 0
2023-03-27 21:20:21.752 | INFO     | __main__:scrape_tweets:160 - https://twitter.com/LiamJanssens/status/1455315157421285376 took: 8.81 leaves: 1
2023-03-27 21:20:23.290 | INFO     | __main__:scrape_tweets:137 - single tweet https://twitter.com/MoonSho62719553/status/1455314250948296707 took: 0.00
2023-03-27 21:20:32.606 | INFO     | __main__:scrape_tweets:160 - https://twitter.com/AaronRodgers12/status/1455256506601984002 took: 9.32 leaves: 4
2023-03-27 21:20:41.316 | INFO     | __main__:scrape_tweets:160 - https://twitter.com/Simon_Kemp/status/1454910398654730242 took: 8.71 leaves: 11
2023-03-27 21:20:51.694 | INFO     | __main__:scrape_tweets:160 - https://twitter.com/SBF_FTX/status/1455264701261156363 took: 10.38 leaves: 20
2023-03-27 21:20:51.695 | INFO     | __main__:scrape_tweets:137 - single tweet https://twitter.com/namexmexking/status/1455313672134434816 took: 0.00
2023-03-27 21:21:00.265 | INFO     | __main__:scrape_tweets:160 - https://twitter.com/SantiagoAuFund/status/1455313266784284682 took: 8.57 leaves: 1
2023-03-27 21:21:08.994 | INFO     | __main__:scrape_tweets:160 - https://twitter.com/CobanToken/status/1455309185944522752 took: 8.73 leaves: 1
2023-03-27 21:21:16.843 | INFO     | __main__:scrape_tweets:160 - https://twitter.com/coachpoppavic/status/1455313061321998340 took: 5.83 leaves: 0
2023-03-27 21:21:24.729 | INFO     | __main__:scrape_tweets:160 - https://twitter.com/0xDudeDiligence/status/1455310786134425608 took: 7.89 leaves: 2
2023-03-27 21:21:34.149 | INFO     | __main__:scrape_tweets:160 - https://twitter.com/DegenSpartan/status/1455310650087931907 took: 7.99 leaves: 0
2023-03-27 21:21:40.805 | INFO     | __main__:scrape_tweets:160 - https://twitter.com/coin_sack/status/1455311299177590787 took: 6.65 leaves: 2
2023-03-27 21:21:46.556 | INFO     | __main__:scrape_tweets:160 - https://twitter.com/namexmexking/status/1455310843646824451 took: 5.75 leaves: 0
2023-03-27 21:21:46.557 | INFO     | __main__:scrape_tweets:137 - single tweet https://twitter.com/ssandds/status/1455310611697504263 took: 0.00
2023-03-27 21:21:56.282 | INFO     | __main__:scrape_tweets:160 - https://twitter.com/invest_answers/status/1455251533776371719 took: 9.72 leaves: 0
2023-03-27 21:22:04.667 | INFO     | __main__:scrape_tweets:160 - https://twitter.com/lunityy/status/1455307626401579010 took: 8.38 leaves: 0
2023-03-27 21:22:14.050 | INFO     | __main__:scrape_tweets:160 - https://twitter.com/ledgerx_bot/status/1455267149073760260 took: 8.05 leaves: 1
2023-03-27 21:22:23.095 | INFO     | __main__:scrape_tweets:160 - https://twitter.com/RookieXBT/status/1455146162252656640 took: 9.04 leaves: 0
2023-03-27 21:22:23.096 | INFO     | __main__:scrape_tweets:137 - single tweet https://twitter.com/namexmexking/status/1455308259808645120 took: 0.00
2023-03-27 21:22:30.775 | INFO     | __main__:scrape_tweets:160 - https://twitter.com/ZebThree/status/1455301300116152323 took: 7.68 leaves: 1
2023-03-27 21:22:30.776 | INFO     | __main__:scrape_tweets:137 - single tweet https://twitter.com/namexmexking/status/1455306057572564992 took: 0.00
2023-03-27 21:22:32.619 | INFO     | __main__:scrape_tweets:137 - single tweet https://twitter.com/Ruben_Rotterdam/status/1455305484534169600 took: 0.00
2023-03-27 21:22:41.528 | INFO     | __main__:scrape_tweets:160 - https://twitter.com/Saitamen/status/1455302848053456899 took: 7.39 leaves: 0
2023-03-27 21:22:47.571 | INFO     | __main__:scrape_tweets:160 - https://twitter.com/_bwatts_/status/1455302633695047685 took: 6.04 leaves: 0
2023-03-27 21:22:47.572 | INFO     | __main__:scrape_tweets:137 - single tweet https://twitter.com/UDrotc01/status/1455302622802595844 took: 0.00
2023-03-27 21:22:56.382 | INFO     | __main__:scrape_tweets:160 - https://twitter.com/beaniemaxi/status/1455200678528311297 took: 8.81 leaves: 7
2023-03-27 21:23:06.105 | INFO     | __main__:scrape_tweets:160 - https://twitter.com/xrpspeculation/status/1455255919529431049 took: 9.72 leaves: 0
2023-03-27 21:23:06.106 | INFO     | __main__:scrape_tweets:137 - single tweet https://twitter.com/TheReviken/status/1455301635295547396 took: 0.00
2023-03-27 21:23:15.423 | INFO     | __main__:scrape_tweets:160 - https://twitter.com/Saitamen/status/1455301435416064001 took: 7.45 leaves: 1
2023-03-27 21:23:15.425 | INFO     | __main__:scrape_tweets:137 - single tweet https://twitter.com/dreadscythea/status/1455301270022115335 took: 0.00
2023-03-27 21:23:26.073 | INFO     | __main__:scrape_tweets:160 - https://twitter.com/IcedQuad/status/1455247426076479488 took: 9.52 leaves: 4
2023-03-27 21:23:35.903 | INFO     | __main__:scrape_tweets:160 - https://twitter.com/meenusarin/status/1452817760635875330 took: 8.12 leaves: 2
2023-03-27 21:23:44.415 | INFO     | __main__:scrape_tweets:160 - https://twitter.com/0x_Hank/status/1455300241301803010 took: 8.51 leaves: 2
2023-03-27 21:23:44.416 | INFO     | __main__:scrape_tweets:137 - single tweet https://twitter.com/tim_curranmedia/status/1455299804364361728 took: 0.00
2023-03-27 21:23:56.692 | INFO     | __main__:scrape_tweets:160 - https://twitter.com/MiamiHEAT/status/1455278481114337286 took: 11.09 leaves: 10
2023-03-27 21:24:07.457 | INFO     | __main__:scrape_tweets:160 - https://twitter.com/MorningBrew/status/1455218156096692235 took: 10.76 leaves: 17
2023-03-27 21:24:07.458 | INFO     | __main__:scrape_tweets:137 - single tweet https://twitter.com/Darkermate/status/1455299086077337602 took: 0.00
2023-03-27 21:25:39.912 | INFO     | __main__:scrape_tweets:160 - https://twitter.com/staratlas/status/1453137621924794369 took: 92.45 leaves: 957
2023-03-27 21:25:48.218 | INFO     | __main__:scrape_tweets:160 - https://twitter.com/financial_index/status/1453526697492557825 took: 8.31 leaves: 2
2023-03-27 21:25:55.577 | INFO     | __main__:scrape_tweets:160 - https://twitter.com/Batmoon75/status/1455296769080823812 took: 6.04 leaves: 0
2023-03-27 21:26:04.076 | INFO     | __main__:scrape_tweets:160 - https://twitter.com/OCDecaf/status/1455292563049549834 took: 8.50 leaves: 1
2023-03-27 21:26:04.077 | INFO     | __main__:scrape_tweets:137 - single tweet https://twitter.com/MrJohnDoe008/status/1455296372077387784 took: 0.00
2023-03-27 21:26:10.017 | INFO     | __main__:scrape_tweets:160 - https://twitter.com/CryptoKoryo/status/1455296004950044676 took: 5.94 leaves: 0
2023-03-27 21:26:17.998 | INFO     | __main__:scrape_tweets:160 - https://twitter.com/profplum99/status/1455267661395468291 took: 7.98 leaves: 0
2023-03-27 21:26:27.813 | INFO     | __main__:scrape_tweets:160 - https://twitter.com/GalaxieCup/status/1454797924731215891 took: 8.37 leaves: 2
2023-03-27 21:26:36.537 | INFO     | __main__:scrape_tweets:160 - https://twitter.com/yannick___m/status/1455235318286888965 took: 8.72 leaves: 0
2023-03-27 21:26:45.140 | INFO     | __main__:scrape_tweets:160 - https://twitter.com/Waleeeee/status/1455278411824369673 took: 8.60 leaves: 4
2023-03-27 21:26:54.293 | INFO     | __main__:scrape_tweets:160 - https://twitter.com/IDrawCharts/status/1455291988408942592 took: 9.15 leaves: 3
2023-03-27 21:27:04.306 | INFO     | __main__:scrape_tweets:160 - https://twitter.com/Daan_blue/status/1455292967779016712 took: 8.63 leaves: 7
2023-03-27 21:27:09.818 | INFO     | __main__:scrape_tweets:160 - https://twitter.com/BrettHarrison88/status/1455292888829476866 took: 5.51 leaves: 0
2023-03-27 21:27:09.819 | INFO     | __main__:scrape_tweets:137 - single tweet https://twitter.com/Batmoon75/status/1455292716502429700 took: 0.00
2023-03-27 21:27:15.019 | INFO     | __main__:scrape_tweets:160 - https://twitter.com/Flywheeling25/status/1455292106377998339 took: 5.20 leaves: 0
2023-03-27 21:27:32.038 | INFO     | __main__:scrape_tweets:160 - https://twitter.com/0xLightcycle/status/1455286759235801090 took: 8.87 leaves: 0
2023-03-27 21:27:32.039 | INFO     | __main__:scrape_tweets:137 - single tweet https://twitter.com/morkel09992828/status/1455289169454923778 took: 0.00
2023-03-27 21:27:46.477 | INFO     | __main__:scrape_tweets:160 - https://twitter.com/scottmelker/status/1455274155364978691 took: 11.23 leaves: 0
2023-03-27 21:27:50.483 | INFO     | __main__:scrape_tweets:137 - single tweet https://twitter.com/CardanoWiz/status/1455287783082311685 took: 0.00
2023-03-27 21:27:59.802 | INFO     | __main__:scrape_tweets:160 - https://twitter.com/N8twon/status/1455285789282156556 took: 9.32 leaves: 0
2023-03-27 21:28:01.225 | INFO     | __main__:scrape_tweets:137 - single tweet https://twitter.com/pozdny_g/status/1455285702669881349 took: 0.00
2023-03-27 21:28:01.226 | INFO     | __main__:scrape_tweets:137 - single tweet https://twitter.com/Shore5cyxtg7mr7/status/1455284248689221634 took: 0.00
2023-03-27 21:28:03.684 | INFO     | __main__:scrape_tweets:137 - single tweet https://twitter.com/CryptoCanti/status/1455283907025375234 took: 0.00
2023-03-27 21:28:03.685 | INFO     | __main__:scrape_tweets:137 - single tweet https://twitter.com/redguerra/status/1455283527445004298 took: 0.00
2023-03-27 21:28:03.685 | INFO     | __main__:scrape_tweets:137 - single tweet https://twitter.com/Forextuccari/status/1455283498445647891 took: 0.00
2023-03-27 21:28:12.183 | INFO     | __main__:scrape_tweets:160 - https://twitter.com/jocular_solo/status/1455189721185984527 took: 8.50 leaves: 0
2023-03-27 21:28:13.720 | INFO     | __main__:scrape_tweets:137 - single tweet https://twitter.com/Achraf_yhy/status/1455282090849619975 took: 0.00
2023-03-27 21:28:24.276 | INFO     | __main__:scrape_tweets:160 - https://twitter.com/BloombergLive/status/1455273893896364035 took: 10.56 leaves: 1
2023-03-27 21:28:24.277 | INFO     | __main__:scrape_tweets:137 - single tweet https://twitter.com/jovitezos/status/1455281548383621120 took: 0.00
2023-03-27 21:28:34.504 | INFO     | __main__:scrape_tweets:160 - https://twitter.com/defidotoken/status/1455232692212142081 took: 10.23 leaves: 13
2023-03-27 21:28:34.505 | INFO     | __main__:scrape_tweets:137 - single tweet https://twitter.com/StealthCapital_/status/1455280863663562756 took: 0.00
2023-03-27 21:28:34.505 | INFO     | __main__:scrape_tweets:137 - single tweet https://twitter.com/SportsBizTeam/status/1455280856696713216 took: 0.00
2023-03-27 21:28:48.238 | INFO     | __main__:scrape_tweets:160 - https://twitter.com/AltcoinDailyio/status/1455277213893472266 took: 10.76 leaves: 0
2023-03-27 21:28:48.239 | INFO     | __main__:scrape_tweets:137 - single tweet https://twitter.com/bitcoingringo/status/1455280091055988738 took: 0.00
2023-03-27 21:28:48.239 | INFO     | __main__:scrape_tweets:137 - single tweet https://twitter.com/angang188/status/1455279924839960581 took: 0.00
2023-03-27 21:28:57.850 | INFO     | __main__:scrape_tweets:160 - https://twitter.com/vkrussell/status/1455204008197492742 took: 9.61 leaves: 0
2023-03-27 21:29:07.066 | INFO     | __main__:scrape_tweets:160 - https://twitter.com/jam_rudd/status/1455279383241953280 took: 9.22 leaves: 1
2023-03-27 21:29:07.067 | INFO     | __main__:scrape_tweets:137 - single tweet https://twitter.com/bod_zilla/status/1455278999433797637 took: 0.00
2023-03-27 21:29:07.067 | INFO     | __main__:scrape_tweets:137 - single tweet https://twitter.com/dpluskiasimp/status/1455278883318632450 took: 0.00
2023-03-27 21:29:15.047 | INFO     | __main__:scrape_tweets:160 - https://twitter.com/Nftoria/status/1455278422989721602 took: 6.14 leaves: 0
2023-03-27 21:29:15.048 | INFO     | __main__:scrape_tweets:137 - single tweet https://twitter.com/Shore5cyxtg7mr7/status/1455278309021990914 took: 0.00
2023-03-27 21:29:25.181 | INFO     | __main__:scrape_tweets:160 - https://twitter.com/CRyPToCa55/status/1455277924802875392 took: 8.09 leaves: 0
2023-03-27 21:29:25.182 | INFO     | __main__:scrape_tweets:137 - single tweet https://twitter.com/algoarbitrageur/status/1455277838140157952 took: 0.00
2023-03-27 21:29:34.613 | INFO     | __main__:scrape_tweets:160 - https://twitter.com/CH1LL_art/status/1453961269350862853 took: 8.05 leaves: 2
2023-03-27 21:29:34.614 | INFO     | __main__:scrape_tweets:137 - single tweet https://twitter.com/StockMarketPete/status/1455276126108938241 took: 0.00
2023-03-27 21:29:44.912 | INFO     | __main__:scrape_tweets:160 - https://twitter.com/amacker/status/1455248437633552384 took: 10.30 leaves: 6
2023-03-27 21:29:52.519 | INFO     | __main__:scrape_tweets:160 - https://twitter.com/albiNTSC/status/1455259998729158665 took: 7.61 leaves: 0
2023-03-27 21:30:04.504 | INFO     | __main__:scrape_tweets:160 - https://twitter.com/RealJohnDough/status/1455267659960913923 took: 10.65 leaves: 6
2023-03-27 21:30:09.333 | INFO     | __main__:scrape_tweets:160 - https://twitter.com/CryptoStanz/status/1455274166500855816 took: 4.83 leaves: 0
2023-03-27 21:30:18.814 | INFO     | __main__:scrape_tweets:160 - https://twitter.com/UnibrightIO/status/1455249849775951885 took: 9.48 leaves: 1
2023-03-27 21:30:25.594 | INFO     | __main__:scrape_tweets:160 - https://twitter.com/RSsignal/status/1455273871343603717 took: 5.31 leaves: 0
2023-03-27 21:30:34.517 | INFO     | __main__:scrape_tweets:160 - https://twitter.com/temitop_/status/1455100554867261441 took: 8.92 leaves: 2
2023-03-27 21:30:36.449 | INFO     | __main__:scrape_tweets:137 - single tweet https://twitter.com/PatientWhale/status/1455273087822352387 took: 0.00
2023-03-27 21:30:48.333 | INFO     | __main__:scrape_tweets:160 - https://twitter.com/BTC_Archive/status/1455141148398428161 took: 11.88 leaves: 11
2023-03-27 21:30:59.802 | INFO     | __main__:scrape_tweets:160 - https://twitter.com/viresfinance/status/1455238141057589248 took: 11.47 leaves: 13
2023-03-27 21:31:08.307 | INFO     | __main__:scrape_tweets:160 - https://twitter.com/runtheirstops/status/1455269691690262529 took: 8.50 leaves: 0
2023-03-27 21:31:19.764 | INFO     | __main__:scrape_tweets:160 - https://twitter.com/el33th4xor/status/1455269236176310278 took: 9.72 leaves: 0
2023-03-27 21:31:28.775 | INFO     | __main__:scrape_tweets:160 - https://twitter.com/spacanpanman/status/1455270224689827852 took: 5.73 leaves: 0
2023-03-27 21:31:48.258 | INFO     | __main__:scrape_tweets:160 - https://twitter.com/ftx_app/status/1452731097712893954 took: 15.39 leaves: 43
2023-03-27 21:32:03.876 | INFO     | __main__:scrape_tweets:160 - https://twitter.com/elonmusk/status/1453954994546229253 took: 11.45 leaves: 1
2023-03-27 21:32:05.566 | INFO     | __main__:scrape_tweets:137 - single tweet https://twitter.com/pikachueth/status/1455268019215634432 took: 0.00
2023-03-27 21:32:20.897 | INFO     | __main__:scrape_tweets:160 - https://twitter.com/binance/status/1455137004333711364 took: 10.36 leaves: 6
2023-03-27 21:32:28.780 | INFO     | __main__:scrape_tweets:160 - https://twitter.com/allpeachi/status/1455266474466201603 took: 7.88 leaves: 2
2023-03-27 21:32:28.781 | INFO     | __main__:scrape_tweets:137 - single tweet https://twitter.com/choeyoutheway/status/1455267152206913538 took: 0.00
2023-03-27 21:32:37.485 | INFO     | __main__:scrape_tweets:160 - https://twitter.com/APompliano/status/1455258054191165447 took: 8.70 leaves: 1
2023-03-27 21:32:39.351 | INFO     | __main__:scrape_tweets:137 - single tweet https://twitter.com/Viking4Eth/status/1455266826917711881 took: 0.00
2023-03-27 21:32:52.240 | INFO     | __main__:scrape_tweets:160 - https://twitter.com/justintrimble/status/1455003869390512129 took: 9.74 leaves: 1
2023-03-27 21:32:58.223 | INFO     | __main__:scrape_tweets:160 - https://twitter.com/HotCryptoNewsN/status/1455265889645858820 took: 5.98 leaves: 0
2023-03-27 21:33:09.332 | INFO     | __main__:scrape_tweets:160 - https://twitter.com/stockthoughts81/status/1455023285226201093 took: 11.11 leaves: 2
2023-03-27 21:33:19.468 | INFO     | __main__:scrape_tweets:160 - https://twitter.com/CryptopepperP/status/1455244443917815809 took: 8.70 leaves: 0
2023-03-27 21:33:21.838 | INFO     | __main__:scrape_tweets:137 - single tweet https://twitter.com/McMuscle87/status/1455264239023792128 took: 0.00
2023-03-27 21:33:30.532 | INFO     | __main__:scrape_tweets:160 - https://twitter.com/RektHQ/status/1455226027530141704 took: 8.69 leaves: 9
2023-03-27 21:33:42.779 | INFO     | __main__:scrape_tweets:160 - https://twitter.com/_Mattslats_/status/1455249368622239751 took: 9.18 leaves: 1
2023-03-27 21:33:58.711 | INFO     | __main__:scrape_tweets:160 - https://twitter.com/Matt__Bitcoin/status/1455236619535933442 took: 10.83 leaves: 0
2023-03-27 21:33:58.712 | INFO     | __main__:scrape_tweets:137 - single tweet https://twitter.com/pigskinmob/status/1455263314733305856 took: 0.00
2023-03-27 21:34:10.465 | INFO     | __main__:scrape_tweets:160 - https://twitter.com/Nakamotolisk/status/1455257926701142022 took: 8.61 leaves: 1
2023-03-27 21:34:19.809 | INFO     | __main__:scrape_tweets:160 - https://twitter.com/timigod/status/1455115309732478978 took: 9.34 leaves: 2
2023-03-27 21:34:19.810 | INFO     | __main__:scrape_tweets:137 - single tweet https://twitter.com/pigskinmob/status/1455262758644109312 took: 0.00
2023-03-27 21:34:25.087 | INFO     | __main__:scrape_tweets:160 - https://twitter.com/Carolin91571324/status/1455262723714035721 took: 5.28 leaves: 0
2023-03-27 21:34:31.050 | INFO     | __main__:scrape_tweets:160 - https://twitter.com/mikalche/status/1455262581501870095 took: 5.96 leaves: 0
2023-03-27 21:34:41.092 | INFO     | __main__:scrape_tweets:160 - https://twitter.com/pigskinmob/status/1455261889181724677 took: 8.80 leaves: 0
2023-03-27 21:34:48.660 | INFO     | __main__:scrape_tweets:160 - https://twitter.com/Sujodamystique/status/1455261836438351877 took: 5.74 leaves: 0
2023-03-27 21:34:48.662 | INFO     | __main__:scrape_tweets:137 - single tweet https://twitter.com/VenturaCaptl/status/1455261528572284934 took: 0.00
2023-03-27 21:34:57.566 | INFO     | __main__:scrape_tweets:160 - https://twitter.com/manpreetkailon/status/1455261521064333315 took: 8.90 leaves: 0
2023-03-27 21:34:59.512 | INFO     | __main__:scrape_tweets:137 - single tweet https://twitter.com/Chuck88163314/status/1455261443931136010 took: 0.00
2023-03-27 21:35:08.627 | INFO     | __main__:scrape_tweets:160 - https://twitter.com/RiaJairam/status/1455203378234105856 took: 9.11 leaves: 0
2023-03-27 21:35:08.628 | INFO     | __main__:scrape_tweets:137 - single tweet https://twitter.com/Cryptonix4real/status/1455261042284666885 took: 0.00
2023-03-27 21:35:14.261 | INFO     | __main__:scrape_tweets:160 - https://twitter.com/thecfernandez/status/1455260296747134986 took: 5.63 leaves: 0
2023-03-27 21:35:25.831 | INFO     | __main__:scrape_tweets:160 - https://twitter.com/Tyrant_Trading/status/1455258642324852736 took: 11.57 leaves: 1
2023-03-27 21:35:31.565 | INFO     | __main__:scrape_tweets:160 - https://twitter.com/lexxaugust/status/1455259486545928202 took: 5.73 leaves: 0
2023-03-27 21:35:37.198 | INFO     | __main__:scrape_tweets:160 - https://twitter.com/SteveYonezu/status/1455259280924307456 took: 5.63 leaves: 0
2023-03-27 21:35:43.341 | INFO     | __main__:scrape_tweets:160 - https://twitter.com/milkybarkidd/status/1455259059981066244 took: 6.14 leaves: 0
2023-03-27 21:35:45.085 | INFO     | __main__:scrape_tweets:137 - single tweet https://twitter.com/staker_mr/status/1455257904320286722 took: 0.00
2023-03-27 21:35:50.614 | INFO     | __main__:scrape_tweets:160 - https://twitter.com/ECryptopants/status/1455257598052257801 took: 5.53 leaves: 0
2023-03-27 21:36:00.649 | INFO     | __main__:scrape_tweets:160 - https://twitter.com/lcx/status/1455241639232880641 took: 10.03 leaves: 0
2023-03-27 21:36:09.455 | INFO     | __main__:scrape_tweets:160 - https://twitter.com/CryptoSatoshi87/status/1455237868067098632 took: 8.80 leaves: 0
2023-03-27 21:36:11.402 | INFO     | __main__:scrape_tweets:137 - single tweet https://twitter.com/tsopicland/status/1455256687481327625 took: 0.00
2023-03-27 21:36:13.328 | INFO     | __main__:scrape_tweets:137 - single tweet https://twitter.com/FreeAsATortoise/status/1455256261130342405 took: 0.00
2023-03-27 21:36:21.336 | INFO     | __main__:scrape_tweets:160 - https://twitter.com/LCX_Highborn/status/1455093693380239364 took: 8.01 leaves: 1
2023-03-27 21:36:21.338 | INFO     | __main__:scrape_tweets:137 - single tweet https://twitter.com/chibuikestark/status/1455255656391446542 took: 0.00
2023-03-27 21:36:21.340 | INFO     | __main__:scrape_tweets:137 - single tweet https://twitter.com/kayuaro99/status/1455255348399407107 took: 0.00
2023-03-27 21:36:22.507 | INFO     | __main__:scrape_tweets:137 - single tweet https://twitter.com/staker_mr/status/1455254653139030019 took: 0.00
2023-03-27 21:36:22.510 | INFO     | __main__:scrape_tweets:137 - single tweet https://twitter.com/Jamtalking1/status/1455254519613362180 took: 0.00
2023-03-27 21:36:30.446 | INFO     | __main__:scrape_tweets:160 - https://twitter.com/BrachialisX/status/1455251793487740937 took: 7.93 leaves: 1
2023-03-27 21:36:32.313 | INFO     | __main__:scrape_tweets:137 - single tweet https://twitter.com/AkangbeFemi/status/1455252388722401289 took: 0.00
2023-03-27 21:36:37.922 | INFO     | __main__:scrape_tweets:160 - https://twitter.com/0xbabble/status/1455251950031753223 took: 5.61 leaves: 0
2023-03-27 21:36:47.945 | INFO     | __main__:scrape_tweets:160 - https://twitter.com/binance/status/1455249820936032260 took: 7.98 leaves: 1
2023-03-27 21:36:57.277 | INFO     | __main__:scrape_tweets:160 - https://twitter.com/PayPal/status/1455172287683080195 took: 9.33 leaves: 2
2023-03-27 21:37:03.242 | INFO     | __main__:scrape_tweets:160 - https://twitter.com/Harri_obi/status/1455250328593522691 took: 5.96 leaves: 0
2023-03-27 21:37:13.352 | INFO     | __main__:scrape_tweets:160 - https://twitter.com/iamcryptocastle/status/1455201575035604994 took: 10.11 leaves: 1
2023-03-27 21:37:23.590 | INFO     | __main__:scrape_tweets:160 - https://twitter.com/Only_a_Trader/status/1455249895594631172 took: 8.29 leaves: 0
2023-03-27 21:37:33.525 | INFO     | __main__:scrape_tweets:160 - https://twitter.com/CryptoSavy1/status/1455246159321174025 took: 9.93 leaves: 1
2023-03-27 21:37:33.527 | INFO     | __main__:scrape_tweets:137 - single tweet https://twitter.com/Crypto_Simms/status/1455249202108190720 took: 0.00
2023-03-27 21:37:43.255 | INFO     | __main__:scrape_tweets:160 - https://twitter.com/RealFlokiInu/status/1455240975069106186 took: 9.73 leaves: 1
2023-03-27 21:38:02.762 | INFO     | __main__:scrape_tweets:160 - https://twitter.com/ftx_app/status/1454860872875221001 took: 18.26 leaves: 78
2023-03-27 21:38:02.763 | INFO     | __main__:scrape_tweets:137 - single tweet https://twitter.com/wilfred_daye/status/1455247773725601798 took: 0.00
2023-03-27 21:38:13.462 | INFO     | __main__:scrape_tweets:160 - https://twitter.com/staker_mr/status/1455247262116945921 took: 6.04 leaves: 0
2023-03-27 21:38:13.464 | INFO     | __main__:scrape_tweets:137 - single tweet https://twitter.com/happysailin/status/1455246958222794759 took: 0.00
2023-03-27 21:38:13.465 | INFO     | __main__:scrape_tweets:137 - single tweet https://twitter.com/Cryptonese_/status/1455246894486142980 took: 0.00
2023-03-27 21:38:21.552 | INFO     | __main__:scrape_tweets:160 - https://twitter.com/moondropsapp/status/1438642230017683458 took: 8.09 leaves: 2
2023-03-27 21:38:23.599 | INFO     | __main__:scrape_tweets:137 - single tweet https://twitter.com/eNFTsaid/status/1455246410794868747 took: 0.00
2023-03-27 21:38:32.816 | INFO     | __main__:scrape_tweets:160 - https://twitter.com/LomahCrypto/status/1455243552284463114 took: 9.22 leaves: 2
2023-03-27 21:38:32.819 | INFO     | __main__:scrape_tweets:137 - single tweet https://twitter.com/Vishal96084711/status/1455245091975487488 took: 0.00
2023-03-27 21:38:41.007 | INFO     | __main__:scrape_tweets:160 - https://twitter.com/crispcouto/status/1455176762409865225 took: 8.19 leaves: 2
2023-03-27 21:38:48.173 | INFO     | __main__:scrape_tweets:160 - https://twitter.com/Ninjascalp/status/1455244428663300099 took: 5.73 leaves: 0
2023-03-27 21:38:53.807 | INFO     | __main__:scrape_tweets:160 - https://twitter.com/CryptoCurb/status/1455243839254433793 took: 5.63 leaves: 0
2023-03-27 21:38:53.808 | INFO     | __main__:scrape_tweets:137 - single tweet https://twitter.com/NorthEastCone/status/1455243731402051585 took: 0.00
2023-03-27 21:38:53.809 | INFO     | __main__:scrape_tweets:137 - single tweet https://twitter.com/Victarion5/status/1455243726259900419 took: 0.00
2023-03-27 21:38:59.642 | INFO     | __main__:scrape_tweets:160 - https://twitter.com/BitHoneyBadger/status/1455243255474319362 took: 5.83 leaves: 0
2023-03-27 21:39:12.485 | INFO     | __main__:scrape_tweets:160 - https://twitter.com/ameenochain/status/1453917173810753541 took: 11.61 leaves: 53
2023-03-27 21:39:25.141 | INFO     | __main__:scrape_tweets:160 - https://twitter.com/ShadowTrader__/status/1454853645565140992 took: 9.72 leaves: 0
2023-03-27 21:39:25.143 | INFO     | __main__:scrape_tweets:137 - single tweet https://twitter.com/RehanAh07599219/status/1455242703910973445 took: 0.00
2023-03-27 21:39:25.143 | INFO     | __main__:scrape_tweets:137 - single tweet https://twitter.com/SportsBizTeam/status/1455242485081513984 took: 0.00
2023-03-27 21:39:26.576 | INFO     | __main__:scrape_tweets:137 - single tweet https://twitter.com/0xMartinS/status/1455241876240482307 took: 0.00
2023-03-27 21:39:36.199 | INFO     | __main__:scrape_tweets:160 - https://twitter.com/IcedKnife/status/1455234664680017922 took: 9.62 leaves: 1
2023-03-27 21:39:36.202 | INFO     | __main__:scrape_tweets:137 - single tweet https://twitter.com/TerrySchulz5/status/1455240847914684435 took: 0.00
2023-03-27 21:39:37.533 | INFO     | __main__:scrape_tweets:137 - single tweet https://twitter.com/GlobalEconomyEN/status/1455240462848172034 took: 0.00
2023-03-27 21:39:46.747 | INFO     | __main__:scrape_tweets:160 - https://twitter.com/FTX_Official/status/1455237446938071043 took: 9.21 leaves: 4
2023-03-27 21:39:46.750 | INFO     | __main__:scrape_tweets:137 - single tweet https://twitter.com/ajanilinks/status/1455240089416708099 took: 0.00
2023-03-27 21:39:46.750 | INFO     | __main__:scrape_tweets:137 - single tweet https://twitter.com/GlobalEconomyEN/status/1455239924068782083 took: 0.00
2023-03-27 21:39:46.751 | INFO     | __main__:scrape_tweets:137 - single tweet https://twitter.com/GlobalEconomyEN/status/1455239713003089928 took: 0.00
2023-03-27 21:39:46.751 | INFO     | __main__:scrape_tweets:137 - single tweet https://twitter.com/lore807823431/status/1455239711799250946 took: 0.00
2023-03-27 21:39:55.358 | INFO     | __main__:scrape_tweets:160 - https://twitter.com/Travis_Kling/status/1455231792928133123 took: 8.61 leaves: 1
2023-03-27 21:40:03.498 | INFO     | __main__:scrape_tweets:160 - https://twitter.com/VIZZPOV/status/1453595026273947654 took: 8.14 leaves: 0
2023-03-27 21:40:03.499 | INFO     | __main__:scrape_tweets:137 - single tweet https://twitter.com/GlobalEconomyEN/status/1455239342637658120 took: 0.00
2023-03-27 21:40:03.500 | INFO     | __main__:scrape_tweets:137 - single tweet https://twitter.com/GlobalEconomyEN/status/1455239161888317448 took: 0.00
2023-03-27 21:40:18.390 | INFO     | __main__:scrape_tweets:160 - https://twitter.com/TheEricNorris/status/1455237042456117248 took: 13.56 leaves: 1
2023-03-27 21:40:18.392 | INFO     | __main__:scrape_tweets:137 - single tweet https://twitter.com/GlobalEconomyEN/status/1455238899274485766 took: 0.00
2023-03-27 21:40:24.346 | INFO     | __main__:scrape_tweets:160 - https://twitter.com/valentinperp/status/1455238744357888007 took: 5.95 leaves: 0
2023-03-27 21:40:24.348 | INFO     | __main__:scrape_tweets:137 - single tweet https://twitter.com/GlobalEconomyEN/status/1455238606885371908 took: 0.00
2023-03-27 21:40:24.348 | INFO     | __main__:scrape_tweets:137 - single tweet https://twitter.com/elliot0511/status/1455238484361371656 took: 0.00
2023-03-27 21:40:24.349 | INFO     | __main__:scrape_tweets:137 - single tweet https://twitter.com/GlobalEconomyEN/status/1455238302576091138 took: 0.00
2023-03-27 21:40:29.655 | INFO     | __main__:scrape_tweets:137 - single tweet https://twitter.com/GlobalEconomyEN/status/1455237744389730306 took: 0.00
2023-03-27 21:40:29.657 | INFO     | __main__:scrape_tweets:137 - single tweet https://twitter.com/GlobalEconomyEN/status/1455237589053673476 took: 0.00
2023-03-27 21:40:40.612 | INFO     | __main__:scrape_tweets:160 - https://twitter.com/AltcoinPsycho/status/1455233885055295492 took: 10.95 leaves: 1
2023-03-27 21:40:52.877 | INFO     | __main__:scrape_tweets:160 - https://twitter.com/kijkmechest/status/1455153101686587404 took: 8.17 leaves: 0
2023-03-27 21:41:04.589 | INFO     | __main__:scrape_tweets:160 - https://twitter.com/BrettHarrison88/status/1454862375375495168 took: 11.71 leaves: 30
2023-03-27 21:41:12.970 | INFO     | __main__:scrape_tweets:160 - https://twitter.com/vickysnipes147/status/1454941999023509505 took: 8.38 leaves: 7
2023-03-27 21:41:22.493 | INFO     | __main__:scrape_tweets:160 - https://twitter.com/GooseFX1/status/1455223078502420480 took: 9.52 leaves: 1
2023-03-27 21:41:22.494 | INFO     | __main__:scrape_tweets:137 - single tweet https://twitter.com/toroivn/status/1455236032736083969 took: 0.00
2023-03-27 21:41:32.024 | INFO     | __main__:scrape_tweets:160 - https://twitter.com/Iyervval/status/1455015279369490438 took: 9.53 leaves: 20
2023-03-27 21:41:40.104 | INFO     | __main__:scrape_tweets:160 - https://twitter.com/PixelRainbowNFT/status/1455235097154752516 took: 8.08 leaves: 1
2023-03-27 21:41:48.404 | INFO     | __main__:scrape_tweets:160 - https://twitter.com/crypto_iso/status/1455074182757289987 took: 8.30 leaves: 9
2023-03-27 21:41:49.731 | INFO     | __main__:scrape_tweets:137 - single tweet https://twitter.com/tungstencubenft/status/1455235086383661063 took: 0.00
2023-03-27 21:42:02.120 | INFO     | __main__:scrape_tweets:160 - https://twitter.com/abetrade/status/1455210671608672261 took: 8.51 leaves: 1
2023-03-27 21:42:02.121 | INFO     | __main__:scrape_tweets:137 - single tweet https://twitter.com/theprof67843942/status/1455234494290702337 took: 0.00
2023-03-27 21:42:08.775 | INFO     | __main__:scrape_tweets:160 - https://twitter.com/King_DarkSkin_/status/1455233968853372928 took: 6.65 leaves: 0
2023-03-27 21:42:18.298 | INFO     | __main__:scrape_tweets:160 - https://twitter.com/Cryptanzee/status/1455232828292038656 took: 9.52 leaves: 1
2023-03-27 21:42:26.082 | INFO     | __main__:scrape_tweets:160 - https://twitter.com/MikeDavisYT/status/1455233050565021702 took: 7.78 leaves: 1
2023-03-27 21:42:29.296 | INFO     | __main__:scrape_tweets:137 - single tweet https://twitter.com/UlysseNossent/status/1455232571646877703 took: 0.00
2023-03-27 21:42:37.551 | INFO     | __main__:scrape_tweets:160 - https://twitter.com/Greed2Fear/status/1455231079317712898 took: 8.25 leaves: 1
2023-03-27 21:42:45.844 | INFO     | __main__:scrape_tweets:160 - https://twitter.com/crypto_bobby/status/1455229813132759050 took: 8.29 leaves: 1
2023-03-27 21:43:43.481 | INFO     | __main__:scrape_tweets:160 - https://twitter.com/Kin_Ecosystem/status/1395088128847851525 took: 57.64 leaves: 166
2023-03-27 21:43:53.329 | INFO     | __main__:scrape_tweets:160 - https://twitter.com/cryptodeft/status/1454813332792242179 took: 9.85 leaves: 1
2023-03-27 21:44:08.995 | INFO     | __main__:scrape_tweets:160 - https://twitter.com/SynapseProtocol/status/1455230348959404038 took: 8.69 leaves: 1
2023-03-27 21:44:17.496 | INFO     | __main__:scrape_tweets:160 - https://twitter.com/cornMaxy/status/1455230395650383880 took: 8.50 leaves: 0
2023-03-27 21:44:21.393 | INFO     | __main__:scrape_tweets:137 - single tweet https://twitter.com/McHODLs/status/1455230166385504257 took: 0.00
2023-03-27 21:44:21.395 | INFO     | __main__:scrape_tweets:137 - single tweet https://twitter.com/MedtekF/status/1455229897526243328 took: 0.00
2023-03-27 21:44:27.919 | INFO     | __main__:scrape_tweets:137 - single tweet https://twitter.com/tesorasky/status/1455229044396412932 took: 0.00
2023-03-27 21:44:38.877 | INFO     | __main__:scrape_tweets:160 - https://twitter.com/crypto_iso/status/1455031847218556929 took: 10.95 leaves: 4
2023-03-27 21:44:50.887 | INFO     | __main__:scrape_tweets:160 - https://twitter.com/_im_sudhanshu/status/1455211067198562307 took: 8.40 leaves: 0
2023-03-27 21:44:56.633 | INFO     | __main__:scrape_tweets:137 - single tweet https://twitter.com/kashlessmoney/status/1455227489354141698 took: 0.00
2023-03-27 21:45:04.921 | INFO     | __main__:scrape_tweets:160 - https://twitter.com/Belkan_/status/1455218586385977344 took: 8.28 leaves: 1
2023-03-27 21:45:14.856 | INFO     | __main__:scrape_tweets:160 - https://twitter.com/DogecoinDev/status/1454947579343609856 took: 9.93 leaves: 0
2023-03-27 21:45:23.455 | INFO     | __main__:scrape_tweets:160 - https://twitter.com/fabrachee/status/1455206047434657799 took: 8.60 leaves: 0
2023-03-27 21:45:33.187 | INFO     | __main__:scrape_tweets:160 - https://twitter.com/MedtekF/status/1455225618778378243 took: 5.80 leaves: 0
2023-03-27 21:45:44.359 | INFO     | __main__:scrape_tweets:160 - https://twitter.com/solendprotocol/status/1455216782051102727 took: 11.17 leaves: 0
2023-03-27 21:45:54.707 | INFO     | __main__:scrape_tweets:160 - https://twitter.com/btstocktrading/status/1454905160845742083 took: 10.35 leaves: 4
2023-03-27 21:46:01.753 | INFO     | __main__:scrape_tweets:160 - https://twitter.com/talha_muzamil/status/1455225104711962631 took: 7.04 leaves: 0
2023-03-27 21:46:10.254 | INFO     | __main__:scrape_tweets:160 - https://twitter.com/simplyianm/status/1455203657394257925 took: 8.50 leaves: 1
2023-03-27 21:46:10.256 | INFO     | __main__:scrape_tweets:137 - single tweet https://twitter.com/graysjwc/status/1455223866742038533 took: 0.00
2023-03-27 21:46:27.377 | INFO     | __main__:scrape_tweets:160 - https://twitter.com/FTX_Official/status/1454445579526754311 took: 15.89 leaves: 24
2023-03-27 21:46:27.378 | INFO     | __main__:scrape_tweets:137 - single tweet https://twitter.com/t_stone95/status/1455223472699973637 took: 0.00
2023-03-27 21:46:27.379 | INFO     | __main__:scrape_tweets:137 - single tweet https://twitter.com/great_wrylex/status/1455222223782887425 took: 0.00
2023-03-27 21:46:29.811 | INFO     | __main__:scrape_tweets:137 - single tweet https://twitter.com/Zinchenkoburner/status/1455222216107364363 took: 0.00
2023-03-27 21:46:40.769 | INFO     | __main__:scrape_tweets:160 - https://twitter.com/DNNDroids/status/1454988511107371013 took: 10.96 leaves: 0
2023-03-27 21:46:48.755 | INFO     | __main__:scrape_tweets:160 - https://twitter.com/MarketingBrew/status/1455193322243383303 took: 7.98 leaves: 3
2023-03-27 21:46:59.920 | INFO     | __main__:scrape_tweets:160 - https://twitter.com/0x0tt0x0/status/1455200816705515540 took: 8.71 leaves: 3
2023-03-27 21:47:07.407 | INFO     | __main__:scrape_tweets:160 - https://twitter.com/Earth2Plato/status/1455219987556274185 took: 7.49 leaves: 0
2023-03-27 21:47:18.248 | INFO     | __main__:scrape_tweets:160 - https://twitter.com/cmsholdings/status/1455216307402649603 took: 8.19 leaves: 1
2023-03-27 21:47:28.906 | INFO     | __main__:scrape_tweets:160 - https://twitter.com/PoWeRHouRTrades/status/1455193391801815045 took: 10.66 leaves: 1
2023-03-27 21:47:28.908 | INFO     | __main__:scrape_tweets:137 - single tweet https://twitter.com/devilscae/status/1455218739188838401 took: 0.00
2023-03-27 21:47:36.069 | INFO     | __main__:scrape_tweets:160 - https://twitter.com/JoshMcKinney18/status/1455218654723952640 took: 7.16 leaves: 0
2023-03-27 21:47:47.314 | INFO     | __main__:scrape_tweets:160 - https://twitter.com/lukemulks/status/1455218547391537160 took: 11.24 leaves: 0
2023-03-27 21:48:06.481 | INFO     | __main__:scrape_tweets:160 - https://twitter.com/Lepasaorg/status/1455053021033811968 took: 17.41 leaves: 33
2023-03-27 21:48:25.226 | INFO     | __main__:scrape_tweets:160 - https://twitter.com/ProtocolRoyal/status/1455184360827666436 took: 18.74 leaves: 4
2023-03-27 21:48:34.129 | INFO     | __main__:scrape_tweets:160 - https://twitter.com/phuongnari99/status/1455198999355408395 took: 8.90 leaves: 4
2023-03-27 21:48:44.380 | INFO     | __main__:scrape_tweets:160 - https://twitter.com/adamcrypto_/status/1455209892445294596 took: 10.25 leaves: 1
2023-03-27 21:48:49.898 | INFO     | __main__:scrape_tweets:160 - https://twitter.com/PottyPunks/status/1455217142291333125 took: 5.52 leaves: 0
2023-03-27 21:48:56.655 | INFO     | __main__:scrape_tweets:160 - https://twitter.com/CRYPTO_TOSHKO/status/1455216604585906181 took: 5.53 leaves: 0
2023-03-27 21:49:07.817 | INFO     | __main__:scrape_tweets:160 - https://twitter.com/i9theghost5/status/1455193576988680202 took: 11.16 leaves: 0
2023-03-27 21:49:19.593 | INFO     | __main__:scrape_tweets:160 - https://twitter.com/kaceycho/status/1454841303837986823 took: 8.14 leaves: 0
2023-03-27 21:49:28.810 | INFO     | __main__:scrape_tweets:160 - https://twitter.com/crypto_birb/status/1455190314755493888 took: 7.99 leaves: 0
2023-03-27 21:49:36.794 | INFO     | __main__:scrape_tweets:160 - https://twitter.com/AlgoQQ/status/1455213900597706760 took: 6.15 leaves: 0
2023-03-27 21:49:56.927 | INFO     | __main__:scrape_tweets:160 - https://twitter.com/hc_capital/status/1432723309498667017 took: 20.13 leaves: 85
2023-03-27 21:50:05.163 | INFO     | __main__:scrape_tweets:160 - https://twitter.com/earlyishadopter/status/1455084937921511426 took: 8.24 leaves: 1
2023-03-27 21:50:06.495 | INFO     | __main__:scrape_tweets:137 - single tweet https://twitter.com/Saitamen/status/1455212781066670087 took: 0.00
2023-03-27 21:50:06.497 | INFO     | __main__:scrape_tweets:137 - single tweet https://twitter.com/Saitamen/status/1455212484755865605 took: 0.00
2023-03-27 21:50:06.498 | INFO     | __main__:scrape_tweets:137 - single tweet https://twitter.com/Saitamen/status/1455212216928686082 took: 0.00
2023-03-27 21:50:08.676 | INFO     | __main__:scrape_tweets:137 - single tweet https://twitter.com/Saitamen/status/1455211600210767880 took: 0.00
2023-03-27 21:50:17.452 | INFO     | __main__:scrape_tweets:160 - https://twitter.com/SamuraiiRadio/status/1455199270882136071 took: 8.77 leaves: 2
2023-03-27 21:50:17.454 | INFO     | __main__:scrape_tweets:137 - single tweet https://twitter.com/Shore5cyxtg7mr7/status/1455211342147854343 took: 0.00
2023-03-27 21:50:26.050 | INFO     | __main__:scrape_tweets:160 - https://twitter.com/tradingview/status/1455209733741219842 took: 8.60 leaves: 1
2023-03-27 21:50:33.423 | INFO     | __main__:scrape_tweets:160 - https://twitter.com/Saitamen/status/1455210291629862920 took: 5.56 leaves: 0
2023-03-27 21:50:41.819 | INFO     | __main__:scrape_tweets:160 - https://twitter.com/DCA_Cryptoz/status/1455119688384581636 took: 8.39 leaves: 0
2023-03-27 21:50:41.821 | INFO     | __main__:scrape_tweets:137 - single tweet https://twitter.com/JackNiewold/status/1455209951723343873 took: 0.00
2023-03-27 21:50:50.218 | INFO     | __main__:scrape_tweets:160 - https://twitter.com/CryptoKaleo/status/1455208828845371406 took: 8.40 leaves: 0
2023-03-27 21:51:02.196 | INFO     | __main__:scrape_tweets:160 - https://twitter.com/MoonKing___/status/1454543059266461697 took: 11.98 leaves: 1
2023-03-27 21:51:08.850 | INFO     | __main__:scrape_tweets:160 - https://twitter.com/TheIgboWolf/status/1455209670562492426 took: 6.65 leaves: 0
2023-03-27 21:51:22.984 | INFO     | __main__:scrape_tweets:160 - https://twitter.com/crispcouto/status/1455194895837286405 took: 14.13 leaves: 1
2023-03-27 21:51:24.217 | INFO     | __main__:scrape_tweets:137 - single tweet https://twitter.com/Shore5cyxtg7mr7/status/1455209443826753543 took: 0.00
2023-03-27 21:51:30.560 | INFO     | __main__:scrape_tweets:160 - https://twitter.com/pleasehellp2/status/1455209099449225232 took: 6.34 leaves: 0
2023-03-27 21:51:30.562 | INFO     | __main__:scrape_tweets:137 - single tweet https://twitter.com/expatcap/status/1455208587844886531 took: 0.00
2023-03-27 21:51:43.057 | INFO     | __main__:scrape_tweets:160 - https://twitter.com/ToyosiGodwin/status/1455079249459748866 took: 12.49 leaves: 10
2023-03-27 21:51:52.066 | INFO     | __main__:scrape_tweets:160 - https://twitter.com/TrVon/status/1455207634227826699 took: 9.01 leaves: 1
2023-03-27 21:52:00.178 | INFO     | __main__:scrape_tweets:160 - https://twitter.com/TeddyRoosevalt/status/1455199202515066883 took: 8.11 leaves: 3
2023-03-27 21:52:00.179 | INFO     | __main__:scrape_tweets:137 - single tweet https://twitter.com/MedtekF/status/1455207771805081602 took: 0.00
2023-03-27 21:52:05.486 | INFO     | __main__:scrape_tweets:137 - single tweet https://twitter.com/Soheil_SBabaei/status/1455207289149874185 took: 0.00
2023-03-27 21:52:05.488 | INFO     | __main__:scrape_tweets:137 - single tweet https://twitter.com/0xandreharrison/status/1455207111269433344 took: 0.00
2023-03-27 21:52:11.215 | INFO     | __main__:scrape_tweets:160 - https://twitter.com/PlebeianCapital/status/1455206582556430337 took: 5.73 leaves: 0
2023-03-27 21:52:19.714 | INFO     | __main__:scrape_tweets:160 - https://twitter.com/BlazersArgento/status/1455206435264946178 took: 8.50 leaves: 1
2023-03-27 21:52:30.773 | INFO     | __main__:scrape_tweets:160 - https://twitter.com/icRushProject/status/1455042441782853642 took: 11.06 leaves: 1
2023-03-27 21:52:49.326 | INFO     | __main__:scrape_tweets:160 - https://twitter.com/FTX_Official/status/1454824332555870208 took: 14.86 leaves: 27
2023-03-27 21:52:57.603 | INFO     | __main__:scrape_tweets:160 - https://twitter.com/Crypto_Lion17/status/1455204753173065732 took: 8.28 leaves: 0
2023-03-27 21:52:57.604 | INFO     | __main__:scrape_tweets:137 - single tweet https://twitter.com/zkTuring/status/1455204742603366404 took: 0.00
2023-03-27 21:53:09.889 | INFO     | __main__:scrape_tweets:160 - https://twitter.com/tarunchitra/status/1455204013981552644 took: 10.61 leaves: 0
2023-03-27 21:53:13.663 | INFO     | __main__:scrape_tweets:137 - single tweet https://twitter.com/VEVEJR1/status/1455203253352808457 took: 0.00
2023-03-27 21:53:25.967 | INFO     | __main__:scrape_tweets:160 - https://twitter.com/bitcoinpanda69/status/1455107384528052224 took: 10.61 leaves: 1
2023-03-27 21:53:33.339 | INFO     | __main__:scrape_tweets:160 - https://twitter.com/_PennyStacks/status/1455202901492748295 took: 7.37 leaves: 0
2023-03-27 21:53:34.683 | INFO     | __main__:scrape_tweets:137 - single tweet https://twitter.com/nekovi1i1i/status/1455202259701166085 took: 0.00
2023-03-27 21:53:44.707 | INFO     | __main__:scrape_tweets:160 - https://twitter.com/DannyCrypt/status/1455198890588885006 took: 10.02 leaves: 0
2023-03-27 21:53:58.327 | INFO     | __main__:scrape_tweets:160 - https://twitter.com/oceanprotocol/status/1455090042167123974 took: 11.26 leaves: 1
2023-03-27 21:54:13.194 | INFO     | __main__:scrape_tweets:160 - https://twitter.com/SBF_FTX/status/1454162547976835080 took: 14.87 leaves: 53
2023-03-27 21:54:22.185 | INFO     | __main__:scrape_tweets:160 - https://twitter.com/_PennyStacks/status/1455201056451923973 took: 5.83 leaves: 0
2023-03-27 22:02:26.465 | INFO     | __main__:scrape_tweets:160 - https://twitter.com/SBF_FTX/status/1375352062188285955 took: 484.36 leaves: 1651
2023-03-27 22:02:26.465 | INFO     | __main__:scrape_tweets:137 - single tweet https://twitter.com/freelance_vc/status/1455200632663683078 took: 0.00
2023-03-27 22:02:38.855 | INFO     | __main__:scrape_tweets:160 - https://twitter.com/SwingTrader92/status/1454788457189019648 took: 12.39 leaves: 1
2023-03-27 22:02:38.856 | INFO     | __main__:scrape_tweets:137 - single tweet https://twitter.com/Shore5cyxtg7mr7/status/1455200603127394313 took: 0.00
2023-03-27 22:02:38.857 | INFO     | __main__:scrape_tweets:137 - single tweet https://twitter.com/AlabamaROTC/status/1455200573524004866 took: 0.00
2023-03-27 22:02:50.981 | INFO     | __main__:scrape_tweets:160 - https://twitter.com/Allin14115881/status/1455198940027052037 took: 8.71 leaves: 1
2023-03-27 22:03:02.096 | INFO     | __main__:scrape_tweets:160 - https://twitter.com/AlchemixOccultx/status/1455198534093914115 took: 8.60 leaves: 1
2023-03-27 22:03:12.131 | INFO     | __main__:scrape_tweets:160 - https://twitter.com/blockchainedbb/status/1455159215320977416 took: 8.36 leaves: 2
2023-03-27 22:03:23.190 | INFO     | __main__:scrape_tweets:160 - https://twitter.com/cz_binance/status/1454114088360071171 took: 11.06 leaves: 0
2023-03-27 22:03:23.192 | INFO     | __main__:scrape_tweets:137 - single tweet https://twitter.com/kashlessmoney/status/1455198462534881282 took: 0.00
2023-03-27 22:03:31.790 | INFO     | __main__:scrape_tweets:160 - https://twitter.com/pikachu_crypto/status/1455196640445272068 took: 8.60 leaves: 1
2023-03-27 22:03:43.159 | INFO     | __main__:scrape_tweets:160 - https://twitter.com/YohanGGlobal/status/1455180020704587791 took: 10.14 leaves: 3
2023-03-27 22:03:56.981 | INFO     | __main__:scrape_tweets:160 - https://twitter.com/AlpacaFinance/status/1455197070940377089 took: 8.46 leaves: 0
2023-03-27 22:04:06.708 | INFO     | __main__:scrape_tweets:160 - https://twitter.com/aproko_doctor/status/1454934168060694531 took: 9.73 leaves: 1
2023-03-27 22:04:13.671 | INFO     | __main__:scrape_tweets:160 - https://twitter.com/LoliMegami/status/1455196389026066442 took: 5.76 leaves: 0
2023-03-27 22:04:25.656 | INFO     | __main__:scrape_tweets:160 - https://twitter.com/FTX_Helpdesk/status/1453774614417469440 took: 8.38 leaves: 3
2023-03-27 22:04:34.050 | INFO     | __main__:scrape_tweets:160 - https://twitter.com/CryptoWendyO/status/1454921872571703306 took: 8.39 leaves: 1
2023-03-27 22:04:49.975 | INFO     | __main__:scrape_tweets:160 - https://twitter.com/cryptocom/status/1354652139885223943 took: 14.38 leaves: 0
2023-03-27 22:05:04.974 | INFO     | __main__:scrape_tweets:160 - https://twitter.com/ftx_app/status/1454457548711636995 took: 12.49 leaves: 6
2023-03-27 22:05:16.352 | INFO     | __main__:scrape_tweets:160 - https://twitter.com/Linkkzyy/status/1454999175154659329 took: 9.01 leaves: 1
2023-03-27 22:05:16.354 | INFO     | __main__:scrape_tweets:137 - single tweet https://twitter.com/kaylajzm/status/1455193018772885512 took: 0.00
2023-03-27 22:05:26.069 | INFO     | __main__:scrape_tweets:160 - https://twitter.com/rugbirdz/status/1455190951631245324 took: 9.71 leaves: 0
2023-03-27 22:05:35.288 | INFO     | __main__:scrape_tweets:160 - https://twitter.com/XBrianDennis/status/1455170835723993088 took: 7.98 leaves: 4
2023-03-27 22:05:48.085 | INFO     | __main__:scrape_tweets:160 - https://twitter.com/abrokeowl/status/1455192228662419456 took: 6.21 leaves: 0
2023-03-27 22:05:56.481 | INFO     | __main__:scrape_tweets:160 - https://twitter.com/SourceD20/status/1455059363941412870 took: 8.39 leaves: 0
2023-03-27 22:06:06.414 | INFO     | __main__:scrape_tweets:160 - https://twitter.com/yamashi0784/status/1455190500542062596 took: 9.93 leaves: 2
2023-03-27 22:06:07.952 | INFO     | __main__:scrape_tweets:137 - single tweet https://twitter.com/lander/status/1455190822782070788 took: 0.00
2023-03-27 22:06:27.107 | INFO     | __main__:scrape_tweets:160 - https://twitter.com/NBA__trey/status/1415312969412587521 took: 19.15 leaves: 4
2023-03-27 22:06:27.109 | INFO     | __main__:scrape_tweets:137 - single tweet https://twitter.com/tokenkingpluto/status/1455190338331725829 took: 0.00
2023-03-27 22:06:35.818 | INFO     | __main__:scrape_tweets:160 - https://twitter.com/kamron_walker/status/1455179794858008578 took: 8.71 leaves: 1
2023-03-27 22:06:37.241 | INFO     | __main__:scrape_tweets:137 - single tweet https://twitter.com/0x_Hammer/status/1455188423971463170 took: 0.00
2023-03-27 22:06:45.735 | INFO     | __main__:scrape_tweets:160 - https://twitter.com/dipz112/status/1455175270781095946 took: 8.49 leaves: 1
2023-03-27 22:06:45.738 | INFO     | __main__:scrape_tweets:137 - single tweet https://twitter.com/GlobalEconomyEN/status/1455187913772257283 took: 0.00
2023-03-27 22:06:55.463 | INFO     | __main__:scrape_tweets:160 - https://twitter.com/CryptoConekt/status/1455187436724707335 took: 8.51 leaves: 1
2023-03-27 22:06:55.465 | INFO     | __main__:scrape_tweets:137 - single tweet https://twitter.com/CRYPTOBAGS_/status/1455187383599702021 took: 0.00
2023-03-27 22:06:55.466 | INFO     | __main__:scrape_tweets:137 - single tweet https://twitter.com/physicsizphunny/status/1455187151453360134 took: 0.00
2023-03-27 22:09:23.985 | INFO     | __main__:scrape_tweets:160 - https://twitter.com/SBF_FTX/status/1452711039791996928 took: 148.52 leaves: 851
2023-03-27 22:09:32.137 | INFO     | __main__:scrape_tweets:160 - https://twitter.com/MorningBrew/status/1455172905726267414 took: 8.15 leaves: 1
2023-03-27 22:09:33.985 | INFO     | __main__:scrape_tweets:137 - single tweet https://twitter.com/does_it_sadly/status/1455186540599156741 took: 0.00
2023-03-27 22:09:33.987 | INFO     | __main__:scrape_tweets:137 - single tweet https://twitter.com/GlobalEconomyEN/status/1455186461633007631 took: 0.00
2023-03-27 22:09:36.335 | INFO     | __main__:scrape_tweets:137 - single tweet https://twitter.com/Emmycryp/status/1455185438604468235 took: 0.00
2023-03-27 22:09:49.924 | INFO     | __main__:scrape_tweets:160 - https://twitter.com/0x_Hank/status/1455179230237499392 took: 10.72 leaves: 0
2023-03-27 22:09:55.585 | INFO     | __main__:scrape_tweets:160 - https://twitter.com/bitcoinist/status/1455183422993936389 took: 5.66 leaves: 0
2023-03-27 22:10:02.341 | INFO     | __main__:scrape_tweets:160 - https://twitter.com/AltstreetBet/status/1455183291808501760 took: 6.76 leaves: 1
2023-03-27 22:10:02.344 | INFO     | __main__:scrape_tweets:137 - single tweet https://twitter.com/GlobalEconomyEN/status/1455183163118981121 took: 0.00
2023-03-27 22:10:12.686 | INFO     | __main__:scrape_tweets:160 - https://twitter.com/RickBakas/status/1454934641958215685 took: 10.34 leaves: 0
2023-03-27 22:10:26.756 | INFO     | __main__:scrape_tweets:160 - https://twitter.com/crypto_gateway/status/1455143352140238852 took: 14.07 leaves: 2
2023-03-27 22:10:35.929 | INFO     | __main__:scrape_tweets:160 - https://twitter.com/402Trader/status/1455182318717579277 took: 6.17 leaves: 0
2023-03-27 22:10:47.605 | INFO     | __main__:scrape_tweets:160 - https://twitter.com/BitMartExchange/status/1455181183101308931 took: 9.63 leaves: 1
2023-03-27 22:10:55.181 | INFO     | __main__:scrape_tweets:160 - https://twitter.com/TraderYunt/status/1455182011673595909 took: 7.57 leaves: 0
2023-03-27 22:11:04.645 | INFO     | __main__:scrape_tweets:160 - https://twitter.com/BitMartExchange/status/1454298220943790080 took: 9.46 leaves: 2
2023-03-27 22:11:19.856 | INFO     | __main__:scrape_tweets:160 - https://twitter.com/Nois3NFT/status/1451159446218891277 took: 15.21 leaves: 4
2023-03-27 22:11:23.985 | INFO     | __main__:scrape_tweets:137 - single tweet https://twitter.com/CLZxwycpFfwuuUc/status/1455180819400589314 took: 0.00
2023-03-27 22:11:35.123 | INFO     | __main__:scrape_tweets:160 - https://twitter.com/BitMartExchange/status/1455177367715028995 took: 11.14 leaves: 0
2023-03-27 22:11:51.162 | INFO     | __main__:scrape_tweets:160 - https://twitter.com/APompliano/status/1455179913149960201 took: 16.04 leaves: 1
2023-03-27 22:12:01.032 | INFO     | __main__:scrape_tweets:160 - https://twitter.com/jaltma/status/1454909156540907527 took: 9.87 leaves: 2
2023-03-27 22:12:01.034 | INFO     | __main__:scrape_tweets:137 - single tweet https://twitter.com/eip1559/status/1455179715510038535 took: 0.00
2023-03-27 22:12:06.560 | INFO     | __main__:scrape_tweets:137 - single tweet https://twitter.com/CryptoG74299975/status/1455179350848987136 took: 0.00
2023-03-27 22:12:15.363 | INFO     | __main__:scrape_tweets:160 - https://twitter.com/Nebraskangooner/status/1455172212114300934 took: 8.80 leaves: 1
2023-03-27 22:12:24.168 | INFO     | __main__:scrape_tweets:160 - https://twitter.com/CryptoDiffer/status/1455177977159987208 took: 8.80 leaves: 1
2023-03-27 22:12:24.170 | INFO     | __main__:scrape_tweets:137 - single tweet https://twitter.com/Asad6253/status/1455178876896772105 took: 0.00
2023-03-27 22:12:24.170 | INFO     | __main__:scrape_tweets:137 - single tweet https://twitter.com/mayor_brypto/status/1455178808542236676 took: 0.00
2023-03-27 22:12:35.919 | INFO     | __main__:scrape_tweets:160 - https://twitter.com/ledgerstatus/status/1455177395720310786 took: 9.70 leaves: 1
2023-03-27 22:12:45.478 | INFO     | __main__:scrape_tweets:160 - https://twitter.com/cryptonetrin/status/1455166283989798924 took: 9.56 leaves: 0
2023-03-27 22:12:58.066 | INFO     | __main__:scrape_tweets:160 - https://twitter.com/cryptonator1337/status/1455158114819395589 took: 12.59 leaves: 2
2023-03-27 22:12:59.979 | INFO     | __main__:scrape_tweets:137 - single tweet https://twitter.com/TraderYunt/status/1455176999450906625 took: 0.00
2023-03-27 22:13:08.620 | INFO     | __main__:scrape_tweets:160 - https://twitter.com/gate_io/status/1452972040349265920 took: 8.64 leaves: 1
2023-03-27 22:13:20.385 | INFO     | __main__:scrape_tweets:160 - https://twitter.com/germanCryptoBoi/status/1455169410797379592 took: 11.76 leaves: 1
2023-03-27 22:13:20.387 | INFO     | __main__:scrape_tweets:137 - single tweet https://twitter.com/counle/status/1455176193280548889 took: 0.00
2023-03-27 22:13:30.927 | INFO     | __main__:scrape_tweets:160 - https://twitter.com/con1337/status/1455174944627822594 took: 7.15 leaves: 0
2023-03-27 22:13:42.708 | INFO     | __main__:scrape_tweets:160 - https://twitter.com/OlimpioCrypto/status/1455001742849019907 took: 11.78 leaves: 0
2023-03-27 22:13:52.453 | INFO     | __main__:scrape_tweets:160 - https://twitter.com/WillManso/status/1455172856179011585 took: 8.40 leaves: 1
2023-03-27 22:13:52.455 | INFO     | __main__:scrape_tweets:137 - single tweet https://twitter.com/teithead/status/1455173240465281034 took: 0.00
2023-03-27 22:14:05.950 | INFO     | __main__:scrape_tweets:160 - https://twitter.com/bscstation/status/1450479123046957057 took: 13.49 leaves: 1
2023-03-27 22:14:18.555 | INFO     | __main__:scrape_tweets:160 - https://twitter.com/Coin98Analytics/status/1453039633193865220 took: 11.37 leaves: 11
2023-03-27 22:14:18.557 | INFO     | __main__:scrape_tweets:137 - single tweet https://twitter.com/frenchbatman301/status/1455171958098866182 took: 0.00
2023-03-27 22:14:18.557 | INFO     | __main__:scrape_tweets:137 - single tweet https://twitter.com/naturalred007/status/1455171939283111938 took: 0.00
2023-03-27 22:14:29.664 | INFO     | __main__:scrape_tweets:160 - https://twitter.com/Rob1_io/status/1455167506075856902 took: 7.94 leaves: 1
2023-03-27 22:14:37.502 | INFO     | __main__:scrape_tweets:160 - https://twitter.com/ArtonlineToken/status/1455170433913925634 took: 7.84 leaves: 0
2023-03-27 22:14:49.784 | INFO     | __main__:scrape_tweets:160 - https://twitter.com/Degen0xeth/status/1455103394344022021 took: 12.28 leaves: 1
2023-03-27 22:14:49.786 | INFO     | __main__:scrape_tweets:137 - single tweet https://twitter.com/TBDecentral/status/1455169650870743042 took: 0.00
2023-03-27 22:14:52.646 | INFO     | __main__:scrape_tweets:137 - single tweet https://twitter.com/MValenkas/status/1455168909393334273 took: 0.00
2023-03-27 22:15:04.328 | INFO     | __main__:scrape_tweets:160 - https://twitter.com/mattzahab/status/1455168339643404292 took: 9.84 leaves: 0
2023-03-27 22:15:04.329 | INFO     | __main__:scrape_tweets:137 - single tweet https://twitter.com/ShutUpAndPump/status/1455168239684579333 took: 0.00
2023-03-27 22:15:04.330 | INFO     | __main__:scrape_tweets:137 - single tweet https://twitter.com/degengent/status/1455167790151872516 took: 0.00
2023-03-27 22:15:13.449 | INFO     | __main__:scrape_tweets:160 - https://twitter.com/GalaxieCup/status/1455167312344936451 took: 7.37 leaves: 1
2023-03-27 22:15:23.629 | INFO     | __main__:scrape_tweets:160 - https://twitter.com/blockchainedbb/status/1455146593980755977 took: 10.18 leaves: 1
2023-03-27 22:15:36.902 | INFO     | __main__:scrape_tweets:160 - https://twitter.com/EdHand89/status/1455160836385824777 took: 10.26 leaves: 1
2023-03-27 22:15:36.903 | INFO     | __main__:scrape_tweets:137 - single tweet https://twitter.com/Rohit20062737/status/1455165249821167625 took: 0.00
2023-03-27 22:15:36.904 | INFO     | __main__:scrape_tweets:137 - single tweet https://twitter.com/labeesingh/status/1455165220221980672 took: 0.00
2023-03-27 22:15:54.936 | INFO     | __main__:scrape_tweets:160 - https://twitter.com/nikichain/status/1454751864965242882 took: 18.03 leaves: 0
2023-03-27 22:16:07.321 | INFO     | __main__:scrape_tweets:160 - https://twitter.com/spacedawgstoken/status/1455008815464714241 took: 12.38 leaves: 3
2023-03-27 22:16:24.013 | INFO     | __main__:scrape_tweets:160 - https://twitter.com/BensonTWN/status/1453292394124820480 took: 8.74 leaves: 7
2023-03-27 22:16:29.678 | INFO     | __main__:scrape_tweets:137 - single tweet https://twitter.com/Namakwakindt/status/1455161623589670918 took: 0.00
2023-03-27 22:16:37.527 | INFO     | __main__:scrape_tweets:160 - https://twitter.com/DanielThapa5/status/1455161618736705537 took: 5.94 leaves: 0
2023-03-27 22:16:45.821 | INFO     | __main__:scrape_tweets:160 - https://twitter.com/Mikeofthegalaxy/status/1455161588193841164 took: 8.29 leaves: 0
2023-03-27 22:16:45.823 | INFO     | __main__:scrape_tweets:137 - single tweet https://twitter.com/moon_rockett/status/1455161457373548554 took: 0.00
2023-03-27 22:16:45.824 | INFO     | __main__:scrape_tweets:137 - single tweet https://twitter.com/DG__analytics/status/1455161377220333575 took: 0.00
2023-03-27 22:16:53.806 | INFO     | __main__:scrape_tweets:160 - https://twitter.com/MiamiHEAT/status/1455158017926836224 took: 7.98 leaves: 1
2023-03-27 22:17:08.246 | INFO     | __main__:scrape_tweets:160 - https://twitter.com/kerneltrader/status/1455092322715291648 took: 14.44 leaves: 1
2023-03-27 22:17:16.451 | INFO     | __main__:scrape_tweets:160 - https://twitter.com/_suival/status/1455087192896909317 took: 8.20 leaves: 1
2023-03-27 22:17:24.535 | INFO     | __main__:scrape_tweets:160 - https://twitter.com/CryptoPrezz/status/1455159971172208651 took: 8.08 leaves: 0
2023-03-27 22:17:33.429 | INFO     | __main__:scrape_tweets:160 - https://twitter.com/CryptocapoOO/status/1455158307505770507 took: 8.89 leaves: 0
2023-03-27 22:17:36.723 | INFO     | __main__:scrape_tweets:137 - single tweet https://twitter.com/Adaete1/status/1455158086264573956 took: 0.00
2023-03-27 22:17:36.725 | INFO     | __main__:scrape_tweets:137 - single tweet https://twitter.com/nielsen_1978/status/1455157330144792581 took: 0.00
2023-03-27 22:17:47.569 | INFO     | __main__:scrape_tweets:160 - https://twitter.com/AlgodTrading/status/1455156525866041345 took: 9.52 leaves: 1
2023-03-27 22:17:47.570 | INFO     | __main__:scrape_tweets:137 - single tweet https://twitter.com/morkel09992828/status/1455157070466977792 took: 0.00
2023-03-27 22:18:00.479 | INFO     | __main__:scrape_tweets:160 - https://twitter.com/trevormwills/status/1452341213068242955 took: 9.95 leaves: 2
2023-03-27 22:18:14.190 | INFO     | __main__:scrape_tweets:160 - https://twitter.com/collectcrypt0/status/1455050284556709890 took: 8.09 leaves: 2
2023-03-27 22:18:23.308 | INFO     | __main__:scrape_tweets:160 - https://twitter.com/WenLamboDeFi/status/1455099412426919936 took: 9.12 leaves: 1
2023-03-27 22:18:37.020 | INFO     | __main__:scrape_tweets:160 - https://twitter.com/Harri_obi/status/1455151988828737536 took: 8.56 leaves: 1
2023-03-27 22:18:38.258 | INFO     | __main__:scrape_tweets:137 - single tweet https://twitter.com/RainbowYZH/status/1455151396127330304 took: 0.00
2023-03-27 22:18:50.743 | INFO     | __main__:scrape_tweets:160 - https://twitter.com/marenaltman/status/1455106808624865291 took: 10.55 leaves: 1
2023-03-27 22:19:09.178 | INFO     | __main__:scrape_tweets:160 - https://twitter.com/fmauroOk/status/1455150351212965897 took: 18.43 leaves: 1
2023-03-27 22:19:19.005 | INFO     | __main__:scrape_tweets:160 - https://twitter.com/GriffinArtBSC/status/1455144101196804101 took: 9.83 leaves: 2
2023-03-27 22:19:35.080 | INFO     | __main__:scrape_tweets:160 - https://twitter.com/saylor/status/1454598067299229698 took: 10.53 leaves: 1
2023-03-27 22:19:45.833 | INFO     | __main__:scrape_tweets:160 - https://twitter.com/saylor/status/1454791784408784898 took: 10.75 leaves: 1
2023-03-27 22:19:56.584 | INFO     | __main__:scrape_tweets:160 - https://twitter.com/fintechfrank/status/1455145219301728262 took: 10.75 leaves: 1
2023-03-27 22:20:02.526 | INFO     | __main__:scrape_tweets:160 - https://twitter.com/0x_Fog/status/1455149862622740496 took: 5.94 leaves: 0
2023-03-27 22:20:15.738 | INFO     | __main__:scrape_tweets:160 - https://twitter.com/APackProduction/status/1454999973330931717 took: 12.07 leaves: 0
2023-03-27 22:20:28.335 | INFO     | __main__:scrape_tweets:160 - https://twitter.com/lars0x/status/1455149284576350210 took: 12.60 leaves: 0
2023-03-27 22:20:37.339 | INFO     | __main__:scrape_tweets:160 - https://twitter.com/Area_fourteen/status/1455148136943558662 took: 7.78 leaves: 0
2023-03-27 22:20:37.340 | INFO     | __main__:scrape_tweets:137 - single tweet https://twitter.com/sleazysleazzy/status/1455146621067538434 took: 0.00
2023-03-27 22:20:45.333 | INFO     | __main__:scrape_tweets:160 - https://twitter.com/HottoShotto/status/1454808544516222981 took: 7.99 leaves: 1
2023-03-27 22:20:54.855 | INFO     | __main__:scrape_tweets:160 - https://twitter.com/HottoShotto/status/1454808721192890377 took: 8.19 leaves: 1
2023-03-27 22:21:04.787 | INFO     | __main__:scrape_tweets:160 - https://twitter.com/CryptocapoOO/status/1455141122662088708 took: 9.93 leaves: 0
2023-03-27 22:21:16.355 | INFO     | __main__:scrape_tweets:160 - https://twitter.com/EMparadigmshift/status/1455091901581848576 took: 11.57 leaves: 2
2023-03-27 22:21:16.356 | INFO     | __main__:scrape_tweets:137 - single tweet https://twitter.com/DonCryptoTrader/status/1455145457987035136 took: 0.00
2023-03-27 22:21:24.451 | INFO     | __main__:scrape_tweets:160 - https://twitter.com/ICODrops/status/1455144379451121671 took: 8.09 leaves: 2
2023-03-27 22:21:24.452 | INFO     | __main__:scrape_tweets:137 - single tweet https://twitter.com/FEiKU_NFT/status/1455145297621835794 took: 0.00
2023-03-27 22:21:36.329 | INFO     | __main__:scrape_tweets:160 - https://twitter.com/ajanilinks/status/1455137639405871106 took: 10.45 leaves: 2
2023-03-27 22:21:47.387 | INFO     | __main__:scrape_tweets:160 - https://twitter.com/BitcoinMagazine/status/1455140434792042499 took: 11.06 leaves: 1
2023-03-27 22:22:04.823 | INFO     | __main__:scrape_tweets:160 - https://twitter.com/krakenfx/status/1455135040174804995 took: 17.44 leaves: 1
2023-03-27 22:22:04.825 | INFO     | __main__:scrape_tweets:137 - single tweet https://twitter.com/SteelyRivers/status/1455143477692428289 took: 0.00
2023-03-27 22:22:15.957 | INFO     | __main__:scrape_tweets:160 - https://twitter.com/ThePakuma/status/1455138559749410820 took: 9.83 leaves: 0
2023-03-27 22:22:28.863 | INFO     | __main__:scrape_tweets:160 - https://twitter.com/Koppel_kinetic/status/1455098202701578244 took: 9.32 leaves: 3
2023-03-27 22:22:39.202 | INFO     | __main__:scrape_tweets:160 - https://twitter.com/IchieWayne/status/1455105377566068737 took: 8.98 leaves: 2
2023-03-27 22:22:39.205 | INFO     | __main__:scrape_tweets:137 - single tweet https://twitter.com/Matteo__XO/status/1455140821095825408 took: 0.00
2023-03-27 22:22:42.853 | INFO     | __main__:scrape_tweets:137 - single tweet https://twitter.com/Drenica01/status/1455139316225748993 took: 0.00
2023-03-27 22:22:47.497 | INFO     | __main__:scrape_tweets:137 - single tweet https://twitter.com/Mc_leanj1985/status/1455139047219806208 took: 0.00
2023-03-27 22:22:55.349 | INFO     | __main__:scrape_tweets:160 - https://twitter.com/PlutusCrypto/status/1455139029356322817 took: 7.85 leaves: 0
2023-03-27 22:22:55.351 | INFO     | __main__:scrape_tweets:137 - single tweet https://twitter.com/RecaptraderV/status/1455138541571346439 took: 0.00
2023-03-27 22:23:07.154 | INFO     | __main__:scrape_tweets:160 - https://twitter.com/Mars2Titan/status/1455138319059329024 took: 11.80 leaves: 1
2023-03-27 22:23:07.156 | INFO     | __main__:scrape_tweets:137 - single tweet https://twitter.com/ahmetsoybelli/status/1455138245910597636 took: 0.00
2023-03-27 22:23:07.157 | INFO     | __main__:scrape_tweets:137 - single tweet https://twitter.com/CRYPTOBAGS_/status/1455138046869921795 took: 0.00
2023-03-27 22:23:18.829 | INFO     | __main__:scrape_tweets:160 - https://twitter.com/nftenthusiast_1/status/1454872624421552139 took: 11.67 leaves: 1
2023-03-27 22:23:29.333 | INFO     | __main__:scrape_tweets:160 - https://twitter.com/MatthewSeastrom/status/1452606997635817473 took: 10.50 leaves: 0
2023-03-27 22:23:37.055 | INFO     | __main__:scrape_tweets:160 - https://twitter.com/LordFutures/status/1455136931457773573 took: 6.45 leaves: 0
2023-03-27 22:23:44.428 | INFO     | __main__:scrape_tweets:160 - https://twitter.com/Hesting9/status/1455136348717740036 took: 7.37 leaves: 0
2023-03-27 22:23:52.657 | INFO     | __main__:scrape_tweets:160 - https://twitter.com/Hesting9/status/1455136348717740036 took: 8.23 leaves: 0
2023-03-27 22:23:53.850 | INFO     | __main__:scrape_tweets:137 - single tweet https://twitter.com/Hesting9/status/1455135399777497089 took: 0.00
2023-03-27 22:24:08.877 | INFO     | __main__:scrape_tweets:160 - https://twitter.com/Rising_Cap/status/1455130827419910149 took: 11.75 leaves: 0
2023-03-27 22:24:18.625 | INFO     | __main__:scrape_tweets:160 - https://twitter.com/52kskew/status/1454978721970987012 took: 9.75 leaves: 0
2023-03-27 22:24:27.640 | INFO     | __main__:scrape_tweets:160 - https://twitter.com/MartaVerse/status/1455106838807130112 took: 7.85 leaves: 0
2023-03-27 22:24:27.642 | INFO     | __main__:scrape_tweets:137 - single tweet https://twitter.com/LordFutures/status/1455131899073122310 took: 0.00
2023-03-27 22:24:37.573 | INFO     | __main__:scrape_tweets:160 - https://twitter.com/Sujodamystique/status/1455064205216952320 took: 9.93 leaves: 1
2023-03-27 22:24:38.803 | INFO     | __main__:scrape_tweets:137 - single tweet https://twitter.com/KriptoTunc/status/1455129779280269319 took: 0.00
2023-03-27 22:24:38.805 | INFO     | __main__:scrape_tweets:137 - single tweet https://twitter.com/jarvistsetso/status/1455129503152414727 took: 0.00
2023-03-27 22:24:39.983 | INFO     | __main__:scrape_tweets:137 - single tweet https://twitter.com/CyberneticFart/status/1455127927050444800 took: 0.00
2023-03-27 22:24:54.777 | INFO     | __main__:scrape_tweets:160 - https://twitter.com/HordalandMining/status/1455124682269732865 took: 11.46 leaves: 0
2023-03-27 22:25:04.916 | INFO     | __main__:scrape_tweets:160 - https://twitter.com/ChrisAGutierrez/status/1455122930640240641 took: 10.14 leaves: 4
2023-03-27 22:25:04.919 | INFO     | __main__:scrape_tweets:137 - single tweet https://twitter.com/CaioTurtle/status/1455127381975388162 took: 0.00
2023-03-27 22:25:04.920 | INFO     | __main__:scrape_tweets:137 - single tweet https://twitter.com/dcxeth/status/1455127004873826306 took: 0.00
2023-03-27 22:25:13.413 | INFO     | __main__:scrape_tweets:160 - https://twitter.com/jocular_solo/status/1455113446987550727 took: 8.49 leaves: 0
2023-03-27 22:25:20.068 | INFO     | __main__:scrape_tweets:160 - https://twitter.com/filiusmaris_/status/1455126509463617544 took: 6.65 leaves: 0
2023-03-27 22:25:28.469 | INFO     | __main__:scrape_tweets:160 - https://twitter.com/themazuma/status/1455120302137090049 took: 8.40 leaves: 3
2023-03-27 22:25:39.834 | INFO     | __main__:scrape_tweets:160 - https://twitter.com/Solanaxorg/status/1453724988763041793 took: 10.24 leaves: 11
2023-03-27 22:29:56.749 | INFO     | __main__:scrape_tweets:160 - https://twitter.com/FTX_Official/status/1445470392122966024 took: 255.29 leaves: 1184
2023-03-27 22:30:05.488 | INFO     | __main__:scrape_tweets:160 - https://twitter.com/helicarrierinc/status/1455124450773512206 took: 8.74 leaves: 0
2023-03-27 22:30:08.484 | INFO     | __main__:scrape_tweets:137 - single tweet https://twitter.com/Sujodamystique/status/1455123688353943561 took: 0.00
2023-03-27 22:30:11.630 | INFO     | __main__:scrape_tweets:137 - single tweet https://twitter.com/edionsenyene/status/1455122624829403143 took: 0.00
2023-03-27 22:30:17.973 | INFO     | __main__:scrape_tweets:160 - https://twitter.com/fhlcreative/status/1455122402870968323 took: 6.34 leaves: 0
2023-03-27 22:30:26.419 | INFO     | __main__:scrape_tweets:160 - https://twitter.com/Aldrin_Exchange/status/1455118305136713728 took: 8.44 leaves: 1
2023-03-27 22:30:36.103 | INFO     | __main__:scrape_tweets:160 - https://twitter.com/ELMMIXE/status/1455107189794910211 took: 9.68 leaves: 5
2023-03-27 22:30:38.635 | INFO     | __main__:scrape_tweets:137 - single tweet https://twitter.com/algoarbitrageur/status/1455120048008405001 took: 0.00
2023-03-27 22:30:54.532 | INFO     | __main__:scrape_tweets:160 - https://twitter.com/avrilamaka/status/1455103528666423305 took: 10.06 leaves: 1
2023-03-27 22:30:54.533 | INFO     | __main__:scrape_tweets:137 - single tweet https://twitter.com/axie_news/status/1455118651368083456 took: 0.00
2023-03-27 22:30:55.666 | INFO     | __main__:scrape_tweets:137 - single tweet https://twitter.com/ajdncudnrn/status/1455117726251425792 took: 0.00
2023-03-27 22:31:04.670 | INFO     | __main__:scrape_tweets:160 - https://twitter.com/FlareNetworks/status/1455112589592211456 took: 9.00 leaves: 1
2023-03-27 22:31:09.998 | INFO     | __main__:scrape_tweets:137 - single tweet https://twitter.com/crypto_guru_1/status/1455116342919634946 took: 0.00
2023-03-27 22:31:18.808 | INFO     | __main__:scrape_tweets:137 - single tweet https://twitter.com/grimy_trades/status/1455115711458721795 took: 0.00
2023-03-27 22:31:28.122 | INFO     | __main__:scrape_tweets:160 - https://twitter.com/iotamark/status/1455114980571897861 took: 9.31 leaves: 0
2023-03-27 22:31:44.710 | INFO     | __main__:scrape_tweets:160 - https://twitter.com/shu_shuperu/status/1455106611102601220 took: 14.03 leaves: 4
2023-03-27 22:31:44.711 | INFO     | __main__:scrape_tweets:137 - single tweet https://twitter.com/El_marvis/status/1455114598722461703 took: 0.00
2023-03-27 22:31:44.712 | INFO     | __main__:scrape_tweets:137 - single tweet https://twitter.com/nhockpon/status/1455114389841874945 took: 0.00
2023-03-27 22:32:08.160 | INFO     | __main__:scrape_tweets:160 - https://twitter.com/CryptoBro100x/status/1454595259137085440 took: 21.10 leaves: 75
2023-03-27 22:32:08.162 | INFO     | __main__:scrape_tweets:137 - single tweet https://twitter.com/bitcoinclubmt/status/1455114166897889288 took: 0.00
2023-03-27 22:32:08.163 | INFO     | __main__:scrape_tweets:137 - single tweet https://twitter.com/nrstnrstnrst/status/1455113634590437380 took: 0.00
2023-03-27 22:32:10.484 | INFO     | __main__:scrape_tweets:137 - single tweet https://twitter.com/Fred43023726/status/1455112966488170499 took: 0.00
2023-03-27 22:32:20.035 | INFO     | __main__:scrape_tweets:160 - https://twitter.com/LUCKYIAKI/status/1455110777703067659 took: 6.35 leaves: 0
2023-03-27 22:32:20.037 | INFO     | __main__:scrape_tweets:137 - single tweet https://twitter.com/nateeee04/status/1455110191859523584 took: 0.00
2023-03-27 22:32:36.828 | INFO     | __main__:scrape_tweets:160 - https://twitter.com/mattomattik/status/1455104799180005376 took: 13.93 leaves: 0
2023-03-27 22:32:36.830 | INFO     | __main__:scrape_tweets:137 - single tweet https://twitter.com/Jamessucre2/status/1455108133035122689 took: 0.00
2023-03-27 22:32:51.573 | INFO     | __main__:scrape_tweets:160 - https://twitter.com/usgoose/status/1455108036134117384 took: 11.78 leaves: 0
2023-03-27 22:33:00.393 | INFO     | __main__:scrape_tweets:160 - https://twitter.com/Harri_obi/status/1455106904854781952 took: 8.82 leaves: 0
2023-03-27 22:33:00.394 | INFO     | __main__:scrape_tweets:137 - single tweet https://twitter.com/odygonma/status/1455107881074839557 took: 0.00
2023-03-27 22:33:09.391 | INFO     | __main__:scrape_tweets:160 - https://twitter.com/___Muna_/status/1455082064047452163 took: 9.00 leaves: 2
2023-03-27 22:33:12.462 | INFO     | __main__:scrape_tweets:137 - single tweet https://twitter.com/shu_shuperu/status/1455105848783642628 took: 0.00
2023-03-27 22:33:20.354 | INFO     | __main__:scrape_tweets:160 - https://twitter.com/MarvelS98705125/status/1455105833906302981 took: 7.89 leaves: 0
2023-03-27 22:33:20.356 | INFO     | __main__:scrape_tweets:137 - single tweet https://twitter.com/GlobalEconomyEN/status/1455105531895590912 took: 0.00
2023-03-27 22:33:29.772 | INFO     | __main__:scrape_tweets:160 - https://twitter.com/durdenwannabe/status/1455104965110689795 took: 7.17 leaves: 0
2023-03-27 22:33:38.470 | INFO     | __main__:scrape_tweets:160 - https://twitter.com/Emekaajah2/status/1455104547693682695 took: 8.70 leaves: 1
2023-03-27 22:33:38.472 | INFO     | __main__:scrape_tweets:137 - single tweet https://twitter.com/GlobalEconomyEN/status/1455103947396554754 took: 0.00
2023-03-27 22:33:57.679 | INFO     | __main__:scrape_tweets:160 - https://twitter.com/SBF_FTX/status/1449777695487844357 took: 17.35 leaves: 75
2023-03-27 22:34:06.121 | INFO     | __main__:scrape_tweets:160 - https://twitter.com/GlobalEconomyEN/status/1455103463923326976 took: 8.44 leaves: 0
2023-03-27 22:34:06.123 | INFO     | __main__:scrape_tweets:137 - single tweet https://twitter.com/paolo_masse/status/1455103434009481219 took: 0.00
2023-03-27 22:34:12.774 | INFO     | __main__:scrape_tweets:160 - https://twitter.com/CryptoKoryo/status/1455103344289189888 took: 6.65 leaves: 0
2023-03-27 22:34:14.721 | INFO     | __main__:scrape_tweets:137 - single tweet https://twitter.com/Ozbatur/status/1455103260394668038 took: 0.00
2023-03-27 22:34:14.722 | INFO     | __main__:scrape_tweets:137 - single tweet https://twitter.com/GlobalEconomyEN/status/1455103226781577218 took: 0.00
2023-03-27 22:34:23.120 | INFO     | __main__:scrape_tweets:160 - https://twitter.com/GlobalEconomyEN/status/1455103029989027844 took: 8.40 leaves: 0
2023-03-27 22:34:23.122 | INFO     | __main__:scrape_tweets:137 - single tweet https://twitter.com/ApeWzrd/status/1455102920911884290 took: 0.00
2023-03-27 22:34:24.960 | INFO     | __main__:scrape_tweets:137 - single tweet https://twitter.com/GlobalEconomyEN/status/1455102816196902915 took: 0.00
2023-03-27 22:34:24.961 | INFO     | __main__:scrape_tweets:137 - single tweet https://twitter.com/GlobalEconomyEN/status/1455102495739547648 took: 0.00
2023-03-27 22:34:24.962 | INFO     | __main__:scrape_tweets:137 - single tweet https://twitter.com/GlobalEconomyEN/status/1455102259478532098 took: 0.00
2023-03-27 22:34:33.251 | INFO     | __main__:scrape_tweets:160 - https://twitter.com/GlobalEconomyEN/status/1455101847027474433 took: 8.29 leaves: 0
2023-03-27 22:34:47.081 | INFO     | __main__:scrape_tweets:160 - https://twitter.com/lamDavidBrain/status/1454956305920270339 took: 10.04 leaves: 1
2023-03-27 22:34:52.864 | INFO     | __main__:scrape_tweets:160 - https://twitter.com/GlobalEconomyEN/status/1455100459560079361 took: 5.78 leaves: 0
2023-03-27 22:35:05.833 | INFO     | __main__:scrape_tweets:160 - https://twitter.com/kamran53589493/status/1452902343633035266 took: 10.46 leaves: 1
2023-03-27 22:35:16.775 | INFO     | __main__:scrape_tweets:160 - https://twitter.com/DandyNaija/status/1455099761179103233 took: 9.11 leaves: 0
2023-03-27 22:35:25.170 | INFO     | __main__:scrape_tweets:160 - https://twitter.com/Tradermayne/status/1455078534301380611 took: 8.39 leaves: 0
2023-03-27 22:35:32.851 | INFO     | __main__:scrape_tweets:160 - https://twitter.com/sepp_olumide/status/1455094613056925703 took: 7.68 leaves: 2
2023-03-27 22:35:41.555 | INFO     | __main__:scrape_tweets:160 - https://twitter.com/orkiNFT/status/1455092330759819266 took: 8.70 leaves: 1
2023-03-27 22:35:52.204 | INFO     | __main__:scrape_tweets:160 - https://twitter.com/DandyNaija/status/1455085299437129728 took: 8.72 leaves: 0
2023-03-27 22:36:02.649 | INFO     | __main__:scrape_tweets:160 - https://twitter.com/Switterman/status/1454810505441382401 took: 10.44 leaves: 0
2023-03-27 22:36:04.494 | INFO     | __main__:scrape_tweets:137 - single tweet https://twitter.com/wolfm1984/status/1455097559647719428 took: 0.00
2023-03-27 22:36:14.423 | INFO     | __main__:scrape_tweets:160 - https://twitter.com/apertamono/status/1455094983241916416 took: 8.09 leaves: 0
2023-03-27 22:36:25.692 | INFO     | __main__:scrape_tweets:160 - https://twitter.com/inversebrah/status/1455077255269347333 took: 11.27 leaves: 1
2023-03-27 22:36:25.693 | INFO     | __main__:scrape_tweets:137 - single tweet https://twitter.com/jjjablinski/status/1455096055587119111 took: 0.00
2023-03-27 22:36:35.621 | INFO     | __main__:scrape_tweets:160 - https://twitter.com/p_o_t_l_s_c/status/1455088347286802433 took: 9.93 leaves: 0
2023-03-27 22:36:39.101 | INFO     | __main__:scrape_tweets:137 - single tweet https://twitter.com/CharlotteLum/status/1455094847811952645 took: 0.00
2023-03-27 22:36:43.505 | INFO     | __main__:scrape_tweets:137 - single tweet https://twitter.com/Passoif/status/1455092910072942593 took: 0.00
2023-03-27 22:36:53.847 | INFO     | __main__:scrape_tweets:160 - https://twitter.com/vickysnipes147/status/1455078322266943489 took: 10.34 leaves: 1
2023-03-27 22:36:53.849 | INFO     | __main__:scrape_tweets:137 - single tweet https://twitter.com/LordFutures/status/1455092081433645057 took: 0.00
2023-03-27 22:36:56.176 | INFO     | __main__:scrape_tweets:137 - single tweet https://twitter.com/Pawiromitchel/status/1455091549495336961 took: 0.00
2023-03-27 22:37:12.894 | INFO     | __main__:scrape_tweets:160 - https://twitter.com/NischalShetty/status/1455073981892005891 took: 16.72 leaves: 1
2023-03-27 22:37:23.339 | INFO     | __main__:scrape_tweets:160 - https://twitter.com/thexastronaut/status/1455089391848751105 took: 10.44 leaves: 1
2023-03-27 22:37:23.341 | INFO     | __main__:scrape_tweets:137 - single tweet https://twitter.com/Positivenga1/status/1455090378009350144 took: 0.00
2023-03-27 22:37:35.531 | INFO     | __main__:scrape_tweets:160 - https://twitter.com/0xMeeessien/status/1455089130224902145 took: 12.19 leaves: 0
2023-03-27 22:37:37.469 | INFO     | __main__:scrape_tweets:137 - single tweet https://twitter.com/favouryuwa/status/1455089770099613700 took: 0.00
2023-03-27 22:37:42.068 | INFO     | __main__:scrape_tweets:137 - single tweet https://twitter.com/0x_eXe/status/1455087468508635138 took: 0.00
2023-03-27 22:37:52.942 | INFO     | __main__:scrape_tweets:160 - https://twitter.com/CallistoSupport/status/1454735290715852800 took: 10.87 leaves: 1
2023-03-27 22:38:01.840 | INFO     | __main__:scrape_tweets:160 - https://twitter.com/Jamessucre2/status/1455087195950305303 took: 8.90 leaves: 1
2023-03-27 22:38:10.650 | INFO     | __main__:scrape_tweets:160 - https://twitter.com/DandyNaija/status/1455074690221891591 took: 8.81 leaves: 6
2023-03-27 22:38:12.994 | INFO     | __main__:scrape_tweets:137 - single tweet https://twitter.com/Crystal42071149/status/1455086141040857089 took: 0.00
2023-03-27 22:38:20.170 | INFO     | __main__:scrape_tweets:160 - https://twitter.com/Harri_obi/status/1455085597400477701 took: 7.18 leaves: 0
2023-03-27 22:38:20.172 | INFO     | __main__:scrape_tweets:137 - single tweet https://twitter.com/favouryuwa/status/1455084979361357824 took: 0.00
2023-03-27 22:38:33.996 | INFO     | __main__:scrape_tweets:160 - https://twitter.com/Mike_OneX/status/1454899259283853312 took: 11.98 leaves: 1
2023-03-27 22:38:33.997 | INFO     | __main__:scrape_tweets:137 - single tweet https://twitter.com/frenxbt/status/1455084777304956932 took: 0.00
2023-03-27 22:38:43.723 | INFO     | __main__:scrape_tweets:160 - https://twitter.com/WoofSolana/status/1454944393148846085 took: 9.72 leaves: 1
2023-03-27 22:38:56.830 | INFO     | __main__:scrape_tweets:160 - https://twitter.com/Route2FI/status/1454869758877261826 took: 9.53 leaves: 0
2023-03-27 22:39:04.508 | INFO     | __main__:scrape_tweets:160 - https://twitter.com/ElLustinho/status/1455082735685586944 took: 7.68 leaves: 0
2023-03-27 22:39:07.114 | INFO     | __main__:scrape_tweets:137 - single tweet https://twitter.com/frenchbatman301/status/1455082405933486084 took: 0.00
2023-03-27 22:39:14.747 | INFO     | __main__:scrape_tweets:160 - https://twitter.com/belugiesNFT/status/1455047512579088388 took: 7.63 leaves: 1
2023-03-27 22:39:14.754 | INFO     | __main__:scrape_tweets:137 - single tweet https://twitter.com/icoinvestor888/status/1455081998050070530 took: 0.00
2023-03-27 22:39:21.300 | INFO     | __main__:scrape_tweets:160 - https://twitter.com/leveragedpain/status/1455081967825735684 took: 6.55 leaves: 0
2023-03-27 22:39:33.492 | INFO     | __main__:scrape_tweets:160 - https://twitter.com/cryptofrog202/status/1455079005737013248 took: 12.19 leaves: 1
2023-03-27 22:39:37.484 | INFO     | __main__:scrape_tweets:137 - single tweet https://twitter.com/Valera61516373/status/1455080905874329602 took: 0.00
2023-03-27 22:39:51.540 | INFO     | __main__:scrape_tweets:160 - https://twitter.com/woonomic/status/1455041010141044741 took: 14.06 leaves: 15
2023-03-27 22:40:00.930 | INFO     | __main__:scrape_tweets:160 - https://twitter.com/NFTDAOfficial/status/1455079913824796674 took: 5.94 leaves: 0
2023-03-27 22:40:21.508 | INFO     | __main__:scrape_tweets:160 - https://twitter.com/collectcrypt0/status/1455079288026193920 took: 20.58 leaves: 1
2023-03-27 22:40:27.964 | INFO     | __main__:scrape_tweets:160 - https://twitter.com/tzelluf/status/1455079177271619585 took: 6.45 leaves: 0
2023-03-27 22:40:31.551 | INFO     | __main__:scrape_tweets:137 - single tweet https://twitter.com/arzepitrade/status/1455079105213370373 took: 0.00
2023-03-27 22:40:37.796 | INFO     | __main__:scrape_tweets:160 - https://twitter.com/I1G69/status/1455078947373334530 took: 6.24 leaves: 0
2023-03-27 22:40:48.136 | INFO     | __main__:scrape_tweets:160 - https://twitter.com/trader1sz/status/1455069320879484931 took: 8.09 leaves: 1
2023-03-27 22:41:02.350 | INFO     | __main__:scrape_tweets:160 - https://twitter.com/SellsWatches/status/1455013581355954182 took: 11.74 leaves: 1
2023-03-27 22:41:10.868 | INFO     | __main__:scrape_tweets:160 - https://twitter.com/CryptoZoonBSC/status/1451175973672525824 took: 8.52 leaves: 1
2023-03-27 22:41:10.869 | INFO     | __main__:scrape_tweets:137 - single tweet https://twitter.com/dogoshii/status/1455075873804234758 took: 0.00
2023-03-27 22:41:10.870 | INFO     | __main__:scrape_tweets:137 - single tweet https://twitter.com/Issaccyl/status/1455075487567384576 took: 0.00
2023-03-27 22:41:23.769 | INFO     | __main__:scrape_tweets:160 - https://twitter.com/LazyLionsNFT/status/1453920099279073296 took: 9.73 leaves: 1
2023-03-27 22:41:33.190 | INFO     | __main__:scrape_tweets:160 - https://twitter.com/TC_Solana/status/1455073500310347784 took: 9.42 leaves: 0
2023-03-27 22:41:43.124 | INFO     | __main__:scrape_tweets:160 - https://twitter.com/dumbcontract2/status/1455068426876203012 took: 8.71 leaves: 1
2023-03-27 22:41:47.407 | INFO     | __main__:scrape_tweets:137 - single tweet https://twitter.com/schebuardo/status/1455070523944210432 took: 0.00
2023-03-27 22:42:08.269 | INFO     | __main__:scrape_tweets:160 - https://twitter.com/FTX_Official/status/1452927012604108801 took: 20.86 leaves: 40
2023-03-27 22:42:21.624 | INFO     | __main__:scrape_tweets:160 - https://twitter.com/CryptowhaleMoon/status/1455065904924872706 took: 9.89 leaves: 1
2023-03-27 22:42:34.731 | INFO     | __main__:scrape_tweets:160 - https://twitter.com/WayUpCrypto/status/1455053953595584512 took: 13.11 leaves: 1
2023-03-27 22:42:51.627 | INFO     | __main__:scrape_tweets:160 - https://twitter.com/ElemonGame/status/1454088136456245248 took: 12.70 leaves: 7
2023-03-27 22:43:00.229 | INFO     | __main__:scrape_tweets:160 - https://twitter.com/GermanyIota/status/1455068989269417984 took: 6.67 leaves: 0
2023-03-27 22:43:17.814 | INFO     | __main__:scrape_tweets:160 - https://twitter.com/Iove_crows/status/1455058290216374273 took: 9.19 leaves: 0
2023-03-27 22:43:31.461 | INFO     | __main__:scrape_tweets:160 - https://twitter.com/AelOrigin/status/1455065728487464960 took: 10.75 leaves: 1
2023-03-27 22:43:45.047 | INFO     | __main__:scrape_tweets:137 - single tweet https://twitter.com/KorvusMellori/status/1455063171379699715 took: 0.00
2023-03-27 22:44:06.376 | INFO     | __main__:scrape_tweets:160 - https://twitter.com/Taurus34401264/status/1455054220378443777 took: 8.29 leaves: 0
2023-03-27 22:44:11.917 | INFO     | __main__:scrape_tweets:137 - single tweet https://twitter.com/0xMeeessien/status/1455056478692429824 took: 0.00
