2023-03-29T14:43:43.863457+0800 | coin: doge ('2021-02-07', '2021-02-09') https://twitter.com/cosmoscape7/status/1358927226746634242 took: 2.09 leaves: 2
2023-03-29T14:44:01.521527+0800 | coin: doge ('2021-02-07', '2021-02-09') https://twitter.com/DogecoinProfit/status/1358924470539411464 took: 2.99 leaves: 3
2023-03-29T14:44:06.110826+0800 | coin: doge ('2021-02-07', '2021-02-09') https://twitter.com/davidgokhshtein/status/1358924129961979904 took: 2.51 leaves: 11
2023-03-29T14:44:13.330401+0800 | coin: doge ('2021-02-07', '2021-02-09') https://twitter.com/DogecoinBoss/status/1358923344611995649 took: 2.38 leaves: 1
2023-03-29T14:44:35.389234+0800 | coin: doge ('2021-02-07', '2021-02-09') https://twitter.com/ninja_muffin99/status/1358919612629401606 took: 2.90 leaves: 1
2023-03-29T14:44:39.501108+0800 | coin: doge ('2021-02-07', '2021-02-09') https://twitter.com/ChurchOfPumps/status/1358919267962470402 took: 1.87 leaves: 0
2023-03-29T14:44:42.715752+0800 | coin: doge ('2021-02-07', '2021-02-09') https://twitter.com/ChefGruel/status/1358919138639400962 took: 2.26 leaves: 0
2023-03-29T14:44:46.334898+0800 | coin: doge ('2021-02-07', '2021-02-09') https://twitter.com/ElonsDog/status/1358918852831289356 took: 1.95 leaves: 1
2023-03-29T14:45:03.581242+0800 | coin: doge ('2021-02-07', '2021-02-09') https://twitter.com/itsALLrisky/status/1358916001404837888 took: 2.07 leaves: 4
2023-03-29T14:45:54.067569+0800 | coin: doge ('2021-02-07', '2021-02-09') https://twitter.com/opinion/status/1358903328353226755 took: 12.47 leaves: 52
2023-03-29T14:45:59.712504+0800 | coin: doge ('2021-02-07', '2021-02-09') https://twitter.com/davidgokhshtein/status/1358907388133335040 took: 2.28 leaves: 11
2023-03-29T14:46:07.128694+0800 | coin: doge ('2021-02-07', '2021-02-09') https://twitter.com/CryptoWizardd/status/1358906051832262670 took: 2.01 leaves: 2
2023-03-29T14:46:29.832072+0800 | coin: doge ('2021-02-07', '2021-02-09') https://twitter.com/jakkystealurgrl/status/1358901677978341376 took: 1.94 leaves: 1
2023-03-29T14:46:37.121825+0800 | coin: doge ('2021-02-07', '2021-02-09') https://twitter.com/davidgokhshtein/status/1358901089068863490 took: 4.57 leaves: 24
2023-03-29T14:46:58.066677+0800 | coin: doge ('2021-02-07', '2021-02-09') https://twitter.com/davidgokhshtein/status/1358898474469756929 took: 3.17 leaves: 17
2023-03-29T14:47:12.064177+0800 | coin: doge ('2021-02-07', '2021-02-09') https://twitter.com/MrBeast/status/1358896359471009799 took: 9.43 leaves: 112
2023-03-29T14:47:25.741686+0800 | coin: doge ('2021-02-07', '2021-02-09') https://twitter.com/ryanhughestv/status/1358895522891767808 took: 2.02 leaves: 3
2023-03-29T14:47:49.554877+0800 | coin: doge ('2021-02-07', '2021-02-09') https://twitter.com/notgleams/status/1358891865068683265 took: 2.07 leaves: 0
2023-03-29T14:48:20.128346+0800 | coin: doge ('2021-02-07', '2021-02-09') https://twitter.com/davidgokhshtein/status/1358888956289548289 took: 2.61 leaves: 9
2023-03-29T14:48:46.313560+0800 | coin: doge ('2021-02-07', '2021-02-09') https://twitter.com/ElonDoge/status/1358886372346454019 took: 2.51 leaves: 15
2023-03-29T14:48:53.097341+0800 | coin: doge ('2021-02-07', '2021-02-09') https://twitter.com/BartBroski/status/1358885773492240385 took: 1.87 leaves: 0
2023-03-29T14:49:09.435651+0800 | coin: doge ('2021-02-07', '2021-02-09') https://twitter.com/RookieXBT/status/1358883472388075524 took: 2.10 leaves: 5
2023-03-29T14:49:20.160506+0800 | coin: doge ('2021-02-07', '2021-02-09') https://twitter.com/Neloangelo314/status/1358881880955904005 took: 1.93 leaves: 1
2023-03-29T14:49:28.712459+0800 | coin: doge ('2021-02-07', '2021-02-09') https://twitter.com/RookieXBT/status/1358880900025573378 took: 2.07 leaves: 4
2023-03-29T14:49:49.119766+0800 | coin: doge ('2021-02-07', '2021-02-09') https://twitter.com/davidgokhshtein/status/1358878353667874827 took: 2.10 leaves: 10
2023-03-29T14:50:22.285142+0800 | coin: doge ('2021-02-07', '2021-02-09') https://twitter.com/CryptoKaleo/status/1358873779427024899 took: 2.07 leaves: 7
2023-03-29T14:51:10.077274+0800 | coin: doge ('2021-02-07', '2021-02-09') https://twitter.com/twomad/status/1358864363503800320 took: 4.81 leaves: 33
2023-03-29T14:51:28.602156+0800 | coin: doge ('2021-02-07', '2021-02-09') https://twitter.com/jebus911/status/1358864620837081093 took: 2.09 leaves: 6
2023-03-29T14:51:30.624782+0800 | coin: doge ('2021-02-07', '2021-02-09') https://twitter.com/DogecoinRise/status/1358864554319515648 took: 2.02 leaves: 4
2023-03-29T14:51:42.240596+0800 | coin: doge ('2021-02-07', '2021-02-09') https://twitter.com/jerryfrometa/status/1358863273853128705 took: 1.98 leaves: 2
2023-03-29T14:51:57.376127+0800 | coin: doge ('2021-02-07', '2021-02-09') https://twitter.com/davidgokhshtein/status/1358861442687107074 took: 3.64 leaves: 38
2023-03-29T14:52:03.988536+0800 | coin: doge ('2021-02-07', '2021-02-09') https://twitter.com/DogecoinRise/status/1358860924753379329 took: 4.34 leaves: 22
2023-03-29T14:52:37.881657+0800 | coin: doge ('2021-02-07', '2021-02-09') https://twitter.com/CryptoWizardd/status/1358856660954021888 took: 2.28 leaves: 0
2023-03-29T14:52:45.247590+0800 | coin: doge ('2021-02-07', '2021-02-09') https://twitter.com/OOGIEMANE/status/1358856163299852294 took: 2.84 leaves: 0
2023-03-29T14:53:28.458951+0800 | coin: doge ('2021-02-07', '2021-02-09') https://twitter.com/wwow_pnw/status/1358851108744040449 took: 4.61 leaves: 2
2023-03-29T14:54:05.842171+0800 | coin: doge ('2021-02-07', '2021-02-09') https://twitter.com/genesimmons/status/1358846355725164546 took: 3.16 leaves: 23
2023-03-29T14:54:27.506396+0800 | coin: doge ('2021-02-07', '2021-02-09') https://twitter.com/datbx_/status/1358843522313560064 took: 1.99 leaves: 2
2023-03-29T14:54:41.989298+0800 | coin: doge ('2021-02-07', '2021-02-09') single tweet https://twitter.com/CallMeMoneyBags/status/1358841516454731782 took: 0.00
2023-03-29T14:54:57.597371+0800 | coin: doge ('2021-02-07', '2021-02-09') https://twitter.com/DogecoinRise/status/1358839966814535682 took: 2.25 leaves: 14
2023-03-29T14:55:02.266896+0800 | coin: doge ('2021-02-07', '2021-02-09') https://twitter.com/priyanshu__kk/status/1358839457214943235 took: 1.90 leaves: 0
2023-03-29T14:55:20.259293+0800 | coin: doge ('2021-02-07', '2021-02-09') https://twitter.com/DogecoinRise/status/1358837173844287489 took: 2.09 leaves: 3
2023-03-29T14:55:24.347133+0800 | coin: doge ('2021-02-07', '2021-02-09') https://twitter.com/MsFloppy/status/1358836882142973955 took: 2.39 leaves: 2
2023-03-29T14:55:41.866928+0800 | coin: doge ('2021-02-07', '2021-02-09') https://twitter.com/cruzmartin/status/1358834517788610561 took: 2.02 leaves: 1
2023-03-29T14:55:47.971681+0800 | coin: doge ('2021-02-07', '2021-02-09') https://twitter.com/Vicoseven/status/1358834020675694594 took: 2.40 leaves: 4
2023-03-29T14:56:14.199363+0800 | coin: doge ('2021-02-07', '2021-02-09') https://twitter.com/thatonequeen/status/1358830978446204928 took: 1.93 leaves: 0
2023-03-29T14:56:22.890187+0800 | coin: doge ('2021-02-07', '2021-02-09') https://twitter.com/cburniske/status/1358830011881385984 took: 2.08 leaves: 3
2023-03-29T14:56:45.617423+0800 | coin: doge ('2021-02-07', '2021-02-09') https://twitter.com/Fabby631/status/1358827847599730691 took: 1.95 leaves: 1
2023-03-29T14:57:51.596639+0800 | coin: doge ('2021-02-07', '2021-02-09') single tweet https://twitter.com/QNTMami/status/1358819519402278912 took: 0.00
2023-03-29T14:58:28.510268+0800 | coin: doge ('2021-02-07', '2021-02-09') https://twitter.com/MumbaiPolice/status/1358815735565479937 took: 1.92 leaves: 0
2023-03-29T14:58:53.336617+0800 | coin: doge ('2021-02-07', '2021-02-09') https://twitter.com/AARONCREATE/status/1358813704909946882 took: 2.49 leaves: 10
2023-03-29T14:58:57.826579+0800 | coin: doge ('2021-02-07', '2021-02-09') https://twitter.com/LayahHeilpern/status/1358813628280041472 took: 3.82 leaves: 29
2023-03-29T14:59:00.559337+0800 | coin: doge ('2021-02-07', '2021-02-09') https://twitter.com/tonkatsusace/status/1358813528015200259 took: 2.06 leaves: 3
2023-03-29T14:59:34.777777+0800 | coin: doge ('2021-02-07', '2021-02-09') https://twitter.com/eisenreich/status/1358810554744373253 took: 1.85 leaves: 0
2023-03-29T14:59:43.662404+0800 | coin: doge ('2021-02-07', '2021-02-09') https://twitter.com/MattWallace888/status/1358810123276328962 took: 4.71 leaves: 11
2023-03-29T15:00:07.428775+0800 | coin: doge ('2021-02-07', '2021-02-09') https://twitter.com/enjin/status/1358808178402729984 took: 2.64 leaves: 6
2023-03-29T15:00:45.134546+0800 | coin: doge ('2021-02-07', '2021-02-09') https://twitter.com/NCDoge/status/1358805353064980482 took: 2.08 leaves: 4
2023-03-29T15:00:47.779998+0800 | coin: doge ('2021-02-07', '2021-02-09') https://twitter.com/obeycryptoflow/status/1358805220516593666 took: 1.90 leaves: 0
2023-03-29T15:01:18.740388+0800 | coin: doge ('2021-02-07', '2021-02-09') https://twitter.com/PIashleyyou/status/1358802909933273088 took: 2.03 leaves: 1
2023-03-29T15:01:40.682001+0800 | coin: doge ('2021-02-07', '2021-02-09') https://twitter.com/DenvosBroncos/status/1358801260749746186 took: 1.95 leaves: 1
2023-03-29T15:01:59.038009+0800 | coin: doge ('2021-02-07', '2021-02-09') https://twitter.com/QuintenFrancois/status/1358799908673904642 took: 2.08 leaves: 6
2023-03-29T15:02:24.603574+0800 | coin: doge ('2021-02-07', '2021-02-09') https://twitter.com/DogecoinRise/status/1358798282898563076 took: 2.28 leaves: 11
2023-03-29T15:02:53.751075+0800 | coin: doge ('2021-02-07', '2021-02-09') https://twitter.com/CryptoWendyO/status/1358796534364532737 took: 5.00 leaves: 56
2023-03-29T15:03:14.757503+0800 | coin: doge ('2021-02-07', '2021-02-09') https://twitter.com/cryptunez/status/1358795364300693510 took: 2.20 leaves: 3
2023-03-29T15:03:27.322878+0800 | coin: doge ('2021-02-07', '2021-02-09') https://twitter.com/davidgokhshtein/status/1358794607161671680 took: 2.16 leaves: 10
2023-03-29T15:03:40.191548+0800 | coin: doge ('2021-02-07', '2021-02-09') https://twitter.com/udiWertheimer/status/1358793856372903936 took: 3.05 leaves: 7
2023-03-29T15:06:01.620502+0800 | coin: doge ('2021-02-07', '2021-02-09') https://twitter.com/elonmusk/status/1358658587644596224 took: 112.31 leaves: 2260
2023-03-29T15:06:21.105525+0800 | coin: doge ('2021-02-07', '2021-02-09') https://twitter.com/davidgokhshtein/status/1358790758594150404 took: 2.19 leaves: 5
2023-03-29T15:06:41.547015+0800 | coin: doge ('2021-02-07', '2021-02-09') https://twitter.com/VentureCoinist/status/1358789376646524935 took: 1.88 leaves: 0
2023-03-29T15:06:52.179960+0800 | coin: doge ('2021-02-07', '2021-02-09') https://twitter.com/davidgokhshtein/status/1358788731147321345 took: 2.46 leaves: 16
2023-03-29T15:07:11.983171+0800 | coin: doge ('2021-02-07', '2021-02-09') https://twitter.com/bakery_swap/status/1358787433349984266 took: 2.11 leaves: 6
2023-03-29T15:07:18.128650+0800 | coin: doge ('2021-02-07', '2021-02-09') https://twitter.com/woonomic/status/1358787172086607873 took: 3.06 leaves: 17
2023-03-29T15:07:24.869415+0800 | coin: doge ('2021-02-07', '2021-02-09') https://twitter.com/basedkarbon/status/1358786807085817856 took: 1.97 leaves: 2
2023-03-29T15:07:50.367606+0800 | coin: doge ('2021-02-07', '2021-02-09') https://twitter.com/cryptunez/status/1358784751059009540 took: 1.97 leaves: 2
2023-03-29T15:07:54.991688+0800 | coin: doge ('2021-02-07', '2021-02-09') https://twitter.com/gaborgurbacs/status/1358784586587779077 took: 2.68 leaves: 2
2023-03-29T15:08:08.606412+0800 | coin: doge ('2021-02-07', '2021-02-09') https://twitter.com/CryptoKaleo/status/1358783696615186432 took: 2.09 leaves: 5
2023-03-29T15:08:23.573221+0800 | coin: doge ('2021-02-07', '2021-02-09') https://twitter.com/ChaseCullum/status/1358782677902643203 took: 3.15 leaves: 2
2023-03-29T15:09:32.938995+0800 | coin: doge ('2021-02-07', '2021-02-09') https://twitter.com/kazwah_/status/1358776354834173952 took: 2.05 leaves: 4
2023-03-29T15:09:36.280718+0800 | coin: doge ('2021-02-07', '2021-02-09') https://twitter.com/AttorneySeal1/status/1358776292896690182 took: 2.54 leaves: 5
2023-03-29T15:09:42.408062+0800 | coin: doge ('2021-02-07', '2021-02-09') https://twitter.com/seyitaylor/status/1358775921080217601 took: 2.21 leaves: 8
2023-03-29T15:10:07.655971+0800 | coin: doge ('2021-02-07', '2021-02-09') https://twitter.com/davidgokhshtein/status/1358774126413033474 took: 3.46 leaves: 15
2023-03-29T15:10:23.918363+0800 | coin: doge ('2021-02-07', '2021-02-09') https://twitter.com/QNTMami/status/1358773224239230983 took: 3.38 leaves: 19
2023-03-29T15:10:30.759797+0800 | coin: doge ('2021-02-07', '2021-02-09') https://twitter.com/CryptoNewton/status/1358772887440789504 took: 2.42 leaves: 12
2023-03-29T15:10:35.246573+0800 | coin: doge ('2021-02-07', '2021-02-09') https://twitter.com/360_trader/status/1358772692548222977 took: 2.13 leaves: 6
2023-03-29T15:10:38.757130+0800 | coin: doge ('2021-02-07', '2021-02-09') https://twitter.com/litcapital/status/1358772545865060352 took: 2.11 leaves: 5
2023-03-29T15:10:59.117530+0800 | coin: doge ('2021-02-07', '2021-02-09') https://twitter.com/BitcoinBirch/status/1358771161417588738 took: 2.14 leaves: 3
2023-03-29T15:11:11.361352+0800 | coin: doge ('2021-02-07', '2021-02-09') https://twitter.com/davidgokhshtein/status/1358770434540511238 took: 3.08 leaves: 3
2023-03-29T15:11:21.351865+0800 | coin: doge ('2021-02-07', '2021-02-09') https://twitter.com/ShardiB2/status/1358769719361306630 took: 2.96 leaves: 16
2023-03-29T15:11:30.249232+0800 | coin: doge ('2021-02-07', '2021-02-09') https://twitter.com/crypto_bitlord7/status/1358769017226285062 took: 2.53 leaves: 8
2023-03-29T15:11:44.455258+0800 | coin: doge ('2021-02-07', '2021-02-09') https://twitter.com/ToneVays/status/1358768020051623940 took: 2.12 leaves: 8
2023-03-29T15:11:59.098923+0800 | coin: doge ('2021-02-07', '2021-02-09') https://twitter.com/itsALLrisky/status/1358760954574512130 took: 3.19 leaves: 1
2023-03-29T15:12:02.247763+0800 | coin: doge ('2021-02-07', '2021-02-09') https://twitter.com/QNTMami/status/1358766862046294018 took: 2.46 leaves: 5
2023-03-29T15:12:05.160897+0800 | coin: doge ('2021-02-07', '2021-02-09') https://twitter.com/gregzaj1/status/1358766746556125188 took: 2.14 leaves: 7
2023-03-29T15:12:18.654701+0800 | coin: doge ('2021-02-07', '2021-02-09') https://twitter.com/shank_comics/status/1358765892029603841 took: 4.80 leaves: 1
2023-03-29T15:12:25.826444+0800 | coin: doge ('2021-02-07', '2021-02-09') https://twitter.com/dergigi/status/1358765516945580032 took: 3.20 leaves: 9
2023-03-29T15:12:41.026975+0800 | coin: doge ('2021-02-07', '2021-02-09') https://twitter.com/TheCryptoLark/status/1358764487310905345 took: 3.75 leaves: 36
2023-03-29T15:13:02.399198+0800 | coin: doge ('2021-02-07', '2021-02-09') https://twitter.com/cz_binance/status/1358762786017275910 took: 5.15 leaves: 65
2023-03-29T15:13:05.415025+0800 | coin: doge ('2021-02-07', '2021-02-09') https://twitter.com/Fame21Moore/status/1358762689309397002 took: 2.20 leaves: 10
2023-03-29T15:13:07.525186+0800 | coin: doge ('2021-02-07', '2021-02-09') https://twitter.com/WhalePanda/status/1358762653695545348 took: 2.11 leaves: 3
2023-03-29T15:13:11.071070+0800 | coin: doge ('2021-02-07', '2021-02-09') https://twitter.com/sassal0x/status/1358762482253189120 took: 1.88 leaves: 0
2023-03-29T15:14:04.089988+0800 | coin: doge ('2021-02-07', '2021-02-09') https://twitter.com/Bagsy/status/1358750490608173057 took: 2.15 leaves: 6
2023-03-29T15:15:31.732784+0800 | coin: doge ('2021-02-07', '2021-02-09') https://twitter.com/stillgray/status/1358728230790856704 took: 1.95 leaves: 0
2023-03-29T15:16:03.423608+0800 | coin: doge ('2021-02-07', '2021-02-09') https://twitter.com/bizzleosikoya/status/1358720885146996737 took: 2.03 leaves: 5
2023-03-29T15:16:55.136888+0800 | coin: doge ('2021-02-07', '2021-02-09') https://twitter.com/itsALLrisky/status/1358504050010935296 took: 26.51 leaves: 300
2023-03-29T15:17:02.296068+0800 | coin: doge ('2021-02-07', '2021-02-09') https://twitter.com/crypto_bitlord7/status/1358714084502376448 took: 2.48 leaves: 10
2023-03-29T15:17:26.845805+0800 | coin: doge ('2021-02-07', '2021-02-09') https://twitter.com/Papaocus/status/1358708751625195520 took: 2.03 leaves: 2
2023-03-29T15:18:07.959895+0800 | coin: doge ('2021-02-07', '2021-02-09') https://twitter.com/freewalletorg/status/1358701679575769090 took: 11.66 leaves: 14
2023-03-29T15:18:13.128113+0800 | coin: doge ('2021-02-07', '2021-02-09') https://twitter.com/aiautosng/status/1358701320652341249 took: 3.26 leaves: 0
2023-03-29T15:18:52.660079+0800 | coin: doge ('2021-02-07', '2021-02-09') https://twitter.com/cryptocom/status/1358692635771195392 took: 2.29 leaves: 8
2023-03-29T15:19:30.400561+0800 | coin: doge ('2021-02-07', '2021-02-09') https://twitter.com/jdotkdot5/status/1358686401076822016 took: 1.92 leaves: 0
2023-03-29T15:19:39.374737+0800 | coin: doge ('2021-02-07', '2021-02-09') https://twitter.com/bakery_swap/status/1358686152086020102 took: 7.39 leaves: 100
2023-03-29T15:20:46.285235+0800 | coin: doge ('2021-02-07', '2021-02-09') https://twitter.com/OrdinaryGamers/status/1358671724066312192 took: 3.36 leaves: 0
2023-03-29T15:21:08.945173+0800 | coin: doge ('2021-02-07', '2021-02-09') https://twitter.com/real_vijay/status/1358668908366942208 took: 2.16 leaves: 7
2023-03-29T15:21:25.317010+0800 | coin: doge ('2021-02-07', '2021-02-09') https://twitter.com/XushoWolf/status/1358666790948114432 took: 4.72 leaves: 1
2023-03-29T15:23:00.712302+0800 | coin: doge ('2021-02-07', '2021-02-09') https://twitter.com/elonmusk/status/1358568715403468801 took: 73.57 leaves: 1304
2023-03-29T15:23:11.444610+0800 | coin: doge ('2021-02-07', '2021-02-09') https://twitter.com/itsALLrisky/status/1358661774354968583 took: 2.19 leaves: 6
2023-03-29T15:23:39.980267+0800 | coin: doge ('2021-02-07', '2021-02-09') https://twitter.com/MrTLexify/status/1358659327360339968 took: 3.76 leaves: 3
2023-03-29T15:26:32.290963+0800 | coin: doge ('2021-02-07', '2021-02-09') https://twitter.com/elonmusk/status/1358584801003884544 took: 145.82 leaves: 2239
2023-03-29T15:26:41.075355+0800 | coin: doge ('2021-02-07', '2021-02-09') https://twitter.com/Officialkathe/status/1358656711549190146 took: 1.90 leaves: 0
2023-03-29T15:26:47.855445+0800 | coin: doge ('2021-02-07', '2021-02-09') https://twitter.com/davidgokhshtein/status/1358655864001953795 took: 2.01 leaves: 2
2023-03-29T15:26:52.827142+0800 | coin: doge ('2021-02-07', '2021-02-09') https://twitter.com/RebeccaH2030/status/1358655149984595969 took: 1.92 leaves: 0
2023-03-29T15:27:20.487783+0800 | coin: doge ('2021-02-07', '2021-02-09') https://twitter.com/DogecoinRise/status/1358651389296058376 took: 2.56 leaves: 2
2023-03-29T15:27:50.313398+0800 | coin: doge ('2021-02-07', '2021-02-09') https://twitter.com/davidgokhshtein/status/1358647565667995650 took: 2.30 leaves: 10
2023-03-29T15:27:55.270204+0800 | coin: doge ('2021-02-07', '2021-02-09') https://twitter.com/dogearmymajor/status/1358647192014229506 took: 1.99 leaves: 1
2023-03-29T15:28:16.531886+0800 | coin: doge ('2021-02-07', '2021-02-09') https://twitter.com/KadesKorner/status/1358643809865904128 took: 3.46 leaves: 13
2023-03-29T15:28:29.828258+0800 | coin: doge ('2021-02-07', '2021-02-09') https://twitter.com/TeddyVallee/status/1358642327900807168 took: 2.45 leaves: 2
2023-03-29T15:28:36.332865+0800 | coin: doge ('2021-02-07', '2021-02-09') https://twitter.com/K3n_eth/status/1358641413378908163 took: 2.22 leaves: 1
2023-03-29T15:29:27.619012+0800 | coin: doge ('2021-02-07', '2021-02-09') https://twitter.com/DFYBobRossGuy/status/1358633894426378243 took: 2.46 leaves: 1
2023-03-29T15:29:38.910370+0800 | coin: doge ('2021-02-07', '2021-02-09') https://twitter.com/viraj_sheth/status/1358632509857124359 took: 2.18 leaves: 1
2023-03-29T15:29:53.266834+0800 | coin: doge ('2021-02-07', '2021-02-09') https://twitter.com/TheCryptoLark/status/1358630602925199361 took: 2.59 leaves: 10
2023-03-29T15:30:03.592152+0800 | coin: doge ('2021-02-07', '2021-02-09') https://twitter.com/itsALLrisky/status/1358629493754134529 took: 3.18 leaves: 22
2023-03-29T15:30:14.092629+0800 | coin: doge ('2021-02-07', '2021-02-09') https://twitter.com/YoungWaxGod/status/1358628148682850305 took: 2.54 leaves: 4
2023-03-29T15:30:31.382134+0800 | coin: doge ('2021-02-07', '2021-02-09') https://twitter.com/TheCryptoLark/status/1358625854692024326 took: 2.28 leaves: 3
2023-03-29T15:30:46.431519+0800 | coin: doge ('2021-02-07', '2021-02-09') https://twitter.com/CryptoBull2020/status/1358624145827856386 took: 2.14 leaves: 2
2023-03-29T15:31:30.651447+0800 | coin: doge ('2021-02-07', '2021-02-09') https://twitter.com/crypto_bitlord7/status/1358619727988314113 took: 3.19 leaves: 23
2023-03-29T15:31:47.945754+0800 | coin: doge ('2021-02-07', '2021-02-09') https://twitter.com/DogecoinBoss/status/1358618152645533698 took: 2.04 leaves: 0
2023-03-29T15:31:51.155085+0800 | coin: doge ('2021-02-07', '2021-02-09') https://twitter.com/TheBigDogee/status/1358618101093384192 took: 2.45 leaves: 2
2023-03-29T15:31:55.780897+0800 | coin: doge ('2021-02-07', '2021-02-09') https://twitter.com/GMAX254/status/1358617847044448257 took: 2.23 leaves: 2
2023-03-29T15:32:02.507255+0800 | coin: doge ('2021-02-07', '2021-02-09') https://twitter.com/davidgokhshtein/status/1358617798075940866 took: 5.95 leaves: 58
2023-03-29T15:32:08.841031+0800 | coin: doge ('2021-02-07', '2021-02-09') https://twitter.com/crypto_bitlord7/status/1358617358563110912 took: 2.25 leaves: 6
2023-03-29T15:32:20.845506+0800 | coin: doge ('2021-02-07', '2021-02-09') https://twitter.com/RampCapitalLLC/status/1358616479722319875 took: 2.76 leaves: 1
2023-03-29T15:32:44.969607+0800 | coin: doge ('2021-02-07', '2021-02-09') https://twitter.com/dogearmymajor/status/1358614580029759493 took: 1.97 leaves: 1
2023-03-29T15:33:15.540602+0800 | coin: doge ('2021-02-07', '2021-02-09') https://twitter.com/Travis_Kling/status/1358611546394431488 took: 2.53 leaves: 6
2023-03-29T15:33:19.628524+0800 | coin: doge ('2021-02-07', '2021-02-09') https://twitter.com/ElonsDog/status/1358611297735237633 took: 2.73 leaves: 2
2023-03-29T15:33:28.813439+0800 | coin: doge ('2021-02-07', '2021-02-09') https://twitter.com/InvestingDoge/status/1358610601505939457 took: 1.98 leaves: 2
2023-03-29T15:33:33.986574+0800 | coin: doge ('2021-02-07', '2021-02-09') https://twitter.com/Dogecoinupdate/status/1358610178354995200 took: 1.89 leaves: 0
2023-03-29T15:33:57.909131+0800 | coin: doge ('2021-02-07', '2021-02-09') https://twitter.com/DogecoinMemes/status/1358608344936833027 took: 6.95 leaves: 34
2023-03-29T15:34:01.946060+0800 | coin: doge ('2021-02-07', '2021-02-09') https://twitter.com/cmathemagician/status/1358608135703830529 took: 2.33 leaves: 4
2023-03-29T15:34:43.216708+0800 | coin: doge ('2021-02-07', '2021-02-09') https://twitter.com/KEEMSTAR/status/1358604913643839488 took: 3.10 leaves: 9
2023-03-29T15:35:00.192585+0800 | coin: doge ('2021-02-07', '2021-02-09') https://twitter.com/cryptoworld177/status/1358603349805924358 took: 4.35 leaves: 3
2023-03-29T15:35:25.438767+0800 | coin: doge ('2021-02-07', '2021-02-09') https://twitter.com/TheStonkShop/status/1358601478584344577 took: 2.03 leaves: 3
2023-03-29T15:35:29.983692+0800 | coin: doge ('2021-02-07', '2021-02-09') https://twitter.com/genesimmons/status/1358601414851743746 took: 3.57 leaves: 19
2023-03-29T15:35:43.540447+0800 | coin: doge ('2021-02-07', '2021-02-09') https://twitter.com/GoldenboyFTW/status/1358600572845371394 took: 1.90 leaves: 0
2023-03-29T15:35:49.705472+0800 | coin: doge ('2021-02-07', '2021-02-09') https://twitter.com/DaveOshry/status/1358600285459943424 took: 2.02 leaves: 1
2023-03-29T15:36:03.543988+0800 | coin: doge ('2021-02-07', '2021-02-09') https://twitter.com/dogearmymajor/status/1358599409945243648 took: 2.66 leaves: 1
2023-03-29T15:36:39.051846+0800 | coin: doge ('2021-02-07', '2021-02-09') https://twitter.com/Eljaboom/status/1358598025116024833 took: 16.43 leaves: 7
2023-03-29T15:37:10.643296+0800 | coin: doge ('2021-02-07', '2021-02-09') https://twitter.com/ayefordavid/status/1358596703742550017 took: 1.98 leaves: 1
2023-03-29T15:37:37.481653+0800 | coin: doge ('2021-02-07', '2021-02-09') https://twitter.com/TheCryptoLark/status/1358594952821837825 took: 2.13 leaves: 6
2023-03-29T15:38:07.958343+0800 | coin: doge ('2021-02-07', '2021-02-09') https://twitter.com/DevinMcHale_/status/1358592867908939776 took: 1.95 leaves: 0
2023-03-29T15:38:21.204061+0800 | coin: doge ('2021-02-07', '2021-02-09') https://twitter.com/dogearmymajor/status/1358592107884257280 took: 1.89 leaves: 0
2023-03-29T15:38:52.218645+0800 | coin: doge ('2021-02-07', '2021-02-09') https://twitter.com/deathcam4cutie/status/1358590061604818944 took: 2.18 leaves: 9
2023-03-29T15:39:43.094945+0800 | coin: doge ('2021-02-07', '2021-02-09') https://twitter.com/RubinadilaikRT/status/1358587378420469761 took: 2.12 leaves: 0
2023-03-29T15:40:05.026810+0800 | coin: doge ('2021-02-07', '2021-02-09') https://twitter.com/Thevalueletter/status/1358586538276323330 took: 2.39 leaves: 3
2023-03-29T15:40:47.437328+0800 | coin: doge ('2021-02-07', '2021-02-09') https://twitter.com/DogeDillionaire/status/1358585091262271488 took: 3.39 leaves: 26
2023-03-29T15:41:44.756086+0800 | coin: doge ('2021-02-07', '2021-02-09') https://twitter.com/davidgokhshtein/status/1358580329120940033 took: 2.14 leaves: 7
2023-03-29T15:43:08.532153+0800 | coin: doge ('2021-02-07', '2021-02-09') https://twitter.com/barneytheboi/status/1358574097987420165 took: 2.53 leaves: 8
2023-03-29T15:44:18.841063+0800 | coin: doge ('2021-02-07', '2021-02-09') https://twitter.com/Ookay/status/1358570275764228096 took: 1.92 leaves: 0
2023-03-29T15:44:37.099064+0800 | coin: doge ('2021-02-07', '2021-02-09') https://twitter.com/Bosslogic/status/1358569603060822016 took: 2.03 leaves: 1
2023-03-29T15:44:40.615340+0800 | coin: doge ('2021-02-07', '2021-02-09') https://twitter.com/frankiemuniz/status/1358569532961423360 took: 2.03 leaves: 4
2023-03-29T15:45:48.233328+0800 | coin: doge ('2021-02-07', '2021-02-09') https://twitter.com/UmarAshraf/status/1358565209841913856 took: 2.18 leaves: 2
2023-03-29T15:46:26.931091+0800 | coin: doge ('2021-02-07', '2021-02-09') https://twitter.com/Nebraskangooner/status/1358562668467077123 took: 3.48 leaves: 3
2023-03-29T15:46:46.631986+0800 | coin: doge ('2021-02-07', '2021-02-09') https://twitter.com/nickmira/status/1358561409588674562 took: 2.01 leaves: 1
2023-03-29T15:51:09.030330+0800 | coin: doge ('2021-02-07', '2021-02-09') https://twitter.com/elonmusk/status/1357914696645414913 took: 260.92 leaves: 4703
2023-03-29T15:51:25.304707+0800 | coin: doge ('2021-02-07', '2021-02-09') https://twitter.com/davidgokhshtein/status/1358560438288588807 took: 1.92 leaves: 0
2023-03-29T15:51:32.123482+0800 | coin: doge ('2021-02-07', '2021-02-09') https://twitter.com/PFTCommenter/status/1358560179000852483 took: 2.26 leaves: 7
2023-03-29T15:51:54.837722+0800 | coin: doge ('2021-02-07', '2021-02-09') https://twitter.com/Thevalueletter/status/1358559062217097216 took: 2.52 leaves: 5
2023-03-29T15:53:33.625984+0800 | coin: doge ('2021-02-07', '2021-02-09') https://twitter.com/360_trader/status/1358554188993732614 took: 2.43 leaves: 3
2023-03-29T15:53:55.825189+0800 | coin: doge ('2021-02-07', '2021-02-09') https://twitter.com/CryptoNewton/status/1358553530680958979 took: 2.29 leaves: 10
2023-03-29T15:53:58.718135+0800 | coin: doge ('2021-02-07', '2021-02-09') https://twitter.com/RudyBouwman/status/1358553515157823488 took: 2.14 leaves: 6
2023-03-29T15:54:05.519803+0800 | coin: doge ('2021-02-07', '2021-02-09') https://twitter.com/teslaownersSV/status/1358553383292989442 took: 2.56 leaves: 16
2023-03-29T15:54:12.149027+0800 | coin: doge ('2021-02-07', '2021-02-09') https://twitter.com/ChefGruel/status/1358553238262349824 took: 2.45 leaves: 5
2023-03-29T15:54:28.520039+0800 | coin: doge ('2021-02-07', '2021-02-09') https://twitter.com/IncomeSharks/status/1358552599729905664 took: 2.89 leaves: 15
2023-03-29T15:54:31.400702+0800 | coin: doge ('2021-02-07', '2021-02-09') https://twitter.com/say_shon/status/1358552552468545538 took: 2.06 leaves: 1
2023-03-29T15:54:46.345902+0800 | coin: doge ('2021-02-07', '2021-02-09') https://twitter.com/davidgokhshtein/status/1358552099697659905 took: 4.14 leaves: 38
2023-03-29T15:55:00.128852+0800 | coin: doge ('2021-02-07', '2021-02-09') https://twitter.com/AffinityViking/status/1358551672860135427 took: 2.78 leaves: 1
2023-03-29T15:55:09.169452+0800 | coin: doge ('2021-02-07', '2021-02-09') https://twitter.com/TheCryptoLark/status/1358551565490032641 took: 4.67 leaves: 47
2023-03-29T15:55:28.263080+0800 | coin: doge ('2021-02-07', '2021-02-09') https://twitter.com/novogratz/status/1358551154712526848 took: 8.37 leaves: 120
2023-03-29T15:58:15.987594+0800 | coin: doge ('2021-02-07', '2021-02-09') https://twitter.com/elonmusk/status/1358542364948668418 took: 152.06 leaves: 3011
2023-03-29T15:59:02.534480+0800 | coin: doge ('2021-02-07', '2021-02-09') https://twitter.com/ftx_app/status/1358548832871677954 took: 2.43 leaves: 2
2023-03-29T15:59:23.836618+0800 | coin: doge ('2021-02-07', '2021-02-09') https://twitter.com/Swagkage/status/1358548168812744704 took: 2.00 leaves: 4
2023-03-29T15:59:35.367923+0800 | coin: doge ('2021-02-07', '2021-02-09') https://twitter.com/GoingParabolic/status/1358547856488079360 took: 2.10 leaves: 6
2023-03-29T16:00:00.519769+0800 | coin: doge ('2021-02-07', '2021-02-09') https://twitter.com/nataliarenzi/status/1358547283000836100 took: 2.04 leaves: 1
2023-03-29T16:00:15.727953+0800 | coin: doge ('2021-02-07', '2021-02-09') https://twitter.com/jerryfrometa/status/1358546999163969536 took: 2.11 leaves: 4
2023-03-29T16:00:41.300402+0800 | coin: doge ('2021-02-07', '2021-02-09') https://twitter.com/LashDesmosedici/status/1358546370525859847 took: 2.25 leaves: 2
2023-03-29T16:00:45.482535+0800 | coin: doge ('2021-02-07', '2021-02-09') https://twitter.com/CryptoCred/status/1358546334115053568 took: 2.72 leaves: 15
2023-03-29T16:00:49.994925+0800 | coin: doge ('2021-02-07', '2021-02-09') https://twitter.com/brose2508/status/1358546256587546628 took: 2.05 leaves: 2
2023-03-29T16:01:07.433037+0800 | coin: doge ('2021-02-07', '2021-02-09') https://twitter.com/QNTMami/status/1358545921080975362 took: 3.52 leaves: 13
2023-03-29T16:01:20.193465+0800 | coin: doge ('2021-02-07', '2021-02-09') https://twitter.com/TheCryptoLark/status/1358545672304140289 took: 2.25 leaves: 12
2023-03-29T16:01:33.639054+0800 | coin: doge ('2021-02-07', '2021-02-09') https://twitter.com/wallstwolverine/status/1358545424819363843 took: 2.05 leaves: 2
2023-03-29T16:02:03.071472+0800 | coin: doge ('2021-02-07', '2021-02-09') https://twitter.com/TradesTrey/status/1358544822743752705 took: 2.11 leaves: 2
2023-03-29T16:02:08.387971+0800 | coin: doge ('2021-02-07', '2021-02-09') https://twitter.com/mckinleylee99/status/1358544762530324483 took: 2.03 leaves: 0
2023-03-29T16:02:18.235454+0800 | coin: doge ('2021-02-07', '2021-02-09') https://twitter.com/cryptunez/status/1358544623036231681 took: 3.64 leaves: 30
2023-03-29T16:02:28.741006+0800 | coin: doge ('2021-02-07', '2021-02-09') https://twitter.com/TheBlackHokage/status/1358544472431296512 took: 1.99 leaves: 1
2023-03-29T16:02:31.995139+0800 | coin: doge ('2021-02-07', '2021-02-09') https://twitter.com/BDarlinghouse/status/1358544456123895810 took: 2.40 leaves: 3
2023-03-29T16:03:00.103032+0800 | coin: doge ('2021-02-07', '2021-02-09') https://twitter.com/iSlimfit/status/1358544062601711617 took: 3.54 leaves: 4
2023-03-29T16:03:02.180011+0800 | coin: doge ('2021-02-07', '2021-02-09') https://twitter.com/Flufol/status/1358544053575499777 took: 2.07 leaves: 3
2023-03-29T16:03:05.948472+0800 | coin: doge ('2021-02-07', '2021-02-09') https://twitter.com/degolego/status/1358544033560227841 took: 2.10 leaves: 4
2023-03-29T16:03:09.499229+0800 | coin: doge ('2021-02-07', '2021-02-09') https://twitter.com/Rhymestyle/status/1358544013830201345 took: 1.99 leaves: 1
2023-03-29T16:03:16.976324+0800 | coin: doge ('2021-02-07', '2021-02-09') https://twitter.com/MoneylineMark/status/1358543912692895747 took: 1.96 leaves: 1
2023-03-29T16:03:32.099004+0800 | coin: doge ('2021-02-07', '2021-02-09') https://twitter.com/StockLizardKing/status/1358543689061171200 took: 2.08 leaves: 5
2023-03-29T16:03:35.936219+0800 | coin: doge ('2021-02-07', '2021-02-09') https://twitter.com/DJSCHEME_/status/1358543665958895616 took: 2.06 leaves: 3
2023-03-29T16:03:39.521436+0800 | coin: doge ('2021-02-07', '2021-02-09') https://twitter.com/ZeusOrangejuice/status/1358543642097557509 took: 1.95 leaves: 0
2023-03-29T16:03:43.985381+0800 | coin: doge ('2021-02-07', '2021-02-09') https://twitter.com/Razzbowski/status/1358543613005860865 took: 2.13 leaves: 0
2023-03-29T16:04:25.662231+0800 | coin: doge ('2021-02-07', '2021-02-09') https://twitter.com/RookieXBT/status/1358543011777552386 took: 2.10 leaves: 5
2023-03-29T16:04:41.101343+0800 | coin: doge ('2021-02-07', '2021-02-09') https://twitter.com/StockLizardKing/status/1358542821297434626 took: 2.14 leaves: 2
2023-03-29T16:04:52.808379+0800 | coin: doge ('2021-02-07', '2021-02-09') https://twitter.com/TheCryptoLark/status/1358542702040649729 took: 2.07 leaves: 5
2023-03-29T16:05:01.761297+0800 | coin: doge ('2021-02-07', '2021-02-09') https://twitter.com/dogeissunbound/status/1358542591545999361 took: 2.14 leaves: 5
2023-03-29T16:05:11.553667+0800 | coin: doge ('2021-02-07', '2021-02-09') https://twitter.com/manpreetkailon/status/1358542413694984192 took: 2.28 leaves: 4
2023-03-29T16:05:46.165916+0800 | coin: doge ('2021-02-07', '2021-02-09') https://twitter.com/StockLizardKing/status/1358541442294157312 took: 2.07 leaves: 1
2023-03-29T16:05:54.860921+0800 | coin: doge ('2021-02-07', '2021-02-09') https://twitter.com/HiddenXperia/status/1358541249440059395 took: 2.24 leaves: 2
2023-03-29T16:05:59.108147+0800 | coin: doge ('2021-02-07', '2021-02-09') https://twitter.com/KevinSvenson_/status/1358541195937472512 took: 2.53 leaves: 15
2023-03-29T16:06:02.819801+0800 | coin: doge ('2021-02-07', '2021-02-09') https://twitter.com/Drift0r/status/1358541155856744456 took: 2.03 leaves: 1
2023-03-29T16:06:56.031363+0800 | coin: doge ('2021-02-07', '2021-02-09') https://twitter.com/elonmusk/status/1358539071824424961 took: 45.59 leaves: 816
2023-03-29T16:07:05.035207+0800 | coin: doge ('2021-02-07', '2021-02-09') https://twitter.com/therealster/status/1358540578280062997 took: 1.92 leaves: 0
2023-03-29T16:07:22.762062+0800 | coin: doge ('2021-02-07', '2021-02-09') https://twitter.com/Daniel0lavarria/status/1358540008869740544 took: 2.02 leaves: 2
2023-03-29T16:07:47.876007+0800 | coin: doge ('2021-02-07', '2021-02-09') https://twitter.com/cryptunez/status/1358539500847325189 took: 2.51 leaves: 1
2023-03-29T16:08:10.329520+0800 | coin: doge ('2021-02-07', '2021-02-09') https://twitter.com/Proxima06_Aiai/status/1358538708073472008 took: 1.97 leaves: 1
2023-03-29T16:08:16.330614+0800 | coin: doge ('2021-02-07', '2021-02-09') https://twitter.com/gregdashsoul/status/1358538472957558785 took: 2.01 leaves: 1
2023-03-29T16:08:25.911270+0800 | coin: doge ('2021-02-07', '2021-02-09') https://twitter.com/360_trader/status/1358538027262488581 took: 2.12 leaves: 4
2023-03-29T16:08:28.324179+0800 | coin: doge ('2021-02-07', '2021-02-09') https://twitter.com/HiRezTheRapper/status/1358538001534574593 took: 2.41 leaves: 0
2023-03-29T16:08:35.803273+0800 | coin: doge ('2021-02-07', '2021-02-09') https://twitter.com/_jakezilla/status/1358537710382821381 took: 1.99 leaves: 0
2023-03-29T16:08:42.831184+0800 | coin: doge ('2021-02-07', '2021-02-09') https://twitter.com/davidgokhshtein/status/1358537435886604289 took: 2.23 leaves: 7
2023-03-29T16:09:01.843729+0800 | coin: doge ('2021-02-07', '2021-02-09') https://twitter.com/davidgokhshtein/status/1358535938209681409 took: 2.09 leaves: 4
2023-03-29T16:09:07.995587+0800 | coin: doge ('2021-02-07', '2021-02-09') https://twitter.com/HiRezTheRapper/status/1358535440610058241 took: 2.10 leaves: 3
2023-03-29T16:09:10.674027+0800 | coin: doge ('2021-02-07', '2021-02-09') https://twitter.com/CryptoKaleo/status/1358535427255373824 took: 1.96 leaves: 1
2023-03-29T16:09:24.952597+0800 | coin: doge ('2021-02-07', '2021-02-09') https://twitter.com/scottmelker/status/1358528938428010502 took: 9.66 leaves: 98
2023-03-29T16:09:36.649296+0800 | coin: doge ('2021-02-07', '2021-02-09') https://twitter.com/CryptoKaleo/status/1358534190967345152 took: 2.97 leaves: 14
2023-03-29T16:09:42.597192+0800 | coin: doge ('2021-02-07', '2021-02-09') https://twitter.com/cryptonary/status/1358533849601478662 took: 2.15 leaves: 4
2023-03-29T16:09:46.203279+0800 | coin: doge ('2021-02-07', '2021-02-09') https://twitter.com/TomScibelli/status/1358533679673401346 took: 2.06 leaves: 6
2023-03-29T16:10:01.227292+0800 | coin: doge ('2021-02-07', '2021-02-09') https://twitter.com/CorinnaKopf/status/1358526940685111303 took: 3.32 leaves: 9
2023-03-29T16:10:12.798765+0800 | coin: doge ('2021-02-07', '2021-02-09') https://twitter.com/gemsays/status/1358532070490968066 took: 2.58 leaves: 11
2023-03-29T16:10:18.469090+0800 | coin: doge ('2021-02-07', '2021-02-09') https://twitter.com/BigAl_crypto/status/1358531755137990659 took: 2.00 leaves: 1
2023-03-29T16:10:29.302897+0800 | coin: doge ('2021-02-07', '2021-02-09') https://twitter.com/cameron/status/1358531099991932929 took: 3.88 leaves: 50
2023-03-29T16:10:50.155773+0800 | coin: doge ('2021-02-07', '2021-02-09') https://twitter.com/KyleSamani/status/1358529517493624842 took: 3.11 leaves: 3
2023-03-29T16:10:55.737823+0800 | coin: doge ('2021-02-07', '2021-02-09') https://twitter.com/davidgokhshtein/status/1358529182708293634 took: 2.63 leaves: 2
2023-03-29T16:11:01.851282+0800 | coin: doge ('2021-02-07', '2021-02-09') https://twitter.com/JaeRichards/status/1358528955490439168 took: 2.12 leaves: 2
2023-03-29T16:11:14.640384+0800 | coin: doge ('2021-02-07', '2021-02-09') https://twitter.com/GoingParabolic/status/1358528125672505344 took: 3.06 leaves: 20
2023-03-29T16:11:30.529555+0800 | coin: doge ('2021-02-07', '2021-02-09') https://twitter.com/MMCrypto/status/1358526881985921025 took: 2.38 leaves: 8
2023-03-29T16:11:55.479174+0800 | coin: doge ('2021-02-07', '2021-02-09') https://twitter.com/jebus911/status/1358524401168351247 took: 2.25 leaves: 2
2023-03-29T16:11:58.811241+0800 | coin: doge ('2021-02-07', '2021-02-09') https://twitter.com/TonySparkOG/status/1358524269630685185 took: 1.94 leaves: 0
2023-03-29T16:12:24.041322+0800 | coin: doge ('2021-02-07', '2021-02-09') https://twitter.com/TomScibelli/status/1358521598966382597 took: 1.94 leaves: 0
2023-03-29T16:12:40.276551+0800 | coin: doge ('2021-02-07', '2021-02-09') https://twitter.com/dogemusk/status/1358520148580261890 took: 2.01 leaves: 1
2023-03-29T16:12:47.710051+0800 | coin: doge ('2021-02-07', '2021-02-09') https://twitter.com/RedDogT3/status/1358519530302095363 took: 2.10 leaves: 4
2023-03-29T16:13:18.281263+0800 | coin: doge ('2021-02-07', '2021-02-09') https://twitter.com/TomScibelli/status/1358516318899740673 took: 1.99 leaves: 0
2023-03-29T16:13:44.872783+0800 | coin: doge ('2021-02-07', '2021-02-09') https://twitter.com/CryptoBull/status/1358514033771614211 took: 2.24 leaves: 6
2023-03-29T16:13:51.044174+0800 | coin: doge ('2021-02-07', '2021-02-09') https://twitter.com/scooterxbt/status/1358513672193269766 took: 2.04 leaves: 2
2023-03-29T16:13:55.254317+0800 | coin: doge ('2021-02-07', '2021-02-09') https://twitter.com/davidgokhshtein/status/1358513471692898308 took: 2.07 leaves: 5
2023-03-29T16:14:03.038320+0800 | coin: doge ('2021-02-07', '2021-02-09') https://twitter.com/KingDoggoXRP/status/1358512869684428802 took: 2.05 leaves: 3
2023-03-29T16:14:07.814307+0800 | coin: doge ('2021-02-07', '2021-02-09') https://twitter.com/cryptunez/status/1358512725131997184 took: 3.32 leaves: 23
2023-03-29T16:14:30.219308+0800 | coin: doge ('2021-02-07', '2021-02-09') https://twitter.com/rickyberwick/status/1358510562611716100 took: 2.22 leaves: 1
2023-03-29T16:14:46.118902+0800 | coin: doge ('2021-02-07', '2021-02-09') https://twitter.com/RampCapitalLLC/status/1358509266999660545 took: 2.71 leaves: 11
2023-03-29T16:14:57.123917+0800 | coin: doge ('2021-02-07', '2021-02-09') https://twitter.com/dogearmymajor/status/1358508378557939714 took: 2.43 leaves: 3
2023-03-29T16:15:01.866363+0800 | coin: doge ('2021-02-07', '2021-02-09') https://twitter.com/HiRezTheRapper/status/1358508133245726722 took: 2.25 leaves: 6
2023-03-29T16:15:06.104193+0800 | coin: doge ('2021-02-07', '2021-02-09') https://twitter.com/dogearmymajor/status/1358507980904423424 took: 1.95 leaves: 0
2023-03-29T16:15:35.407661+0800 | coin: doge ('2021-02-07', '2021-02-09') https://twitter.com/ElijahSchaffer/status/1358505583574417411 took: 2.63 leaves: 10
2023-03-29T16:15:38.288431+0800 | coin: doge ('2021-02-07', '2021-02-09') https://twitter.com/lopp/status/1358505440032796672 took: 2.15 leaves: 10
2023-03-29T16:16:00.126703+0800 | coin: doge ('2021-02-07', '2021-02-09') https://twitter.com/HukAleksandra/status/1358503566168764417 took: 2.46 leaves: 8
2023-03-29T16:16:40.720288+0800 | coin: doge ('2021-02-07', '2021-02-09') https://twitter.com/ddezejongen/status/1358500169977896965 took: 2.36 leaves: 2
2023-03-29T16:16:54.998871+0800 | coin: doge ('2021-02-07', '2021-02-09') https://twitter.com/valueandtime/status/1358499013432119298 took: 1.99 leaves: 2
2023-03-29T16:17:21.713895+0800 | coin: doge ('2021-02-07', '2021-02-09') https://twitter.com/IIICapital/status/1358497268719042561 took: 2.14 leaves: 3
2023-03-29T16:17:28.317971+0800 | coin: doge ('2021-02-07', '2021-02-09') https://twitter.com/cryptunez/status/1358496912131948545 took: 2.30 leaves: 1
2023-03-29T16:17:34.939178+0800 | coin: doge ('2021-02-07', '2021-02-09') https://twitter.com/TheCryptoLark/status/1358496706707394560 took: 3.67 leaves: 28
2023-03-29T16:17:45.803073+0800 | coin: doge ('2021-02-07', '2021-02-09') https://twitter.com/HiRezTheRapper/status/1358496097023442947 took: 2.43 leaves: 4
2023-03-29T16:18:15.577849+0800 | coin: doge ('2021-02-07', '2021-02-09') https://twitter.com/YoannBesson/status/1358494364666896385 took: 1.96 leaves: 1
2023-03-29T16:18:24.661065+0800 | coin: doge ('2021-02-07', '2021-02-09') https://twitter.com/bobbyhundreds/status/1358493820069896192 took: 2.40 leaves: 5
2023-03-29T16:18:32.157255+0800 | coin: doge ('2021-02-07', '2021-02-09') https://twitter.com/cryptunez/status/1358493542138728451 took: 2.54 leaves: 14
2023-03-29T16:19:09.372342+0800 | coin: doge ('2021-02-07', '2021-02-09') https://twitter.com/omarnomics/status/1358491207249362946 took: 1.98 leaves: 0
2023-03-29T16:19:25.552640+0800 | coin: doge ('2021-02-07', '2021-02-09') https://twitter.com/OneyNG/status/1358490336666943488 took: 2.11 leaves: 5
2023-03-29T16:19:31.901122+0800 | coin: doge ('2021-02-07', '2021-02-09') https://twitter.com/RookieXBT/status/1358182719453282311 took: 3.79 leaves: 15
2023-03-29T16:19:35.561482+0800 | coin: doge ('2021-02-07', '2021-02-09') https://twitter.com/Dogecoinupdate/status/1358490126771359744 took: 2.05 leaves: 3
2023-03-29T16:19:41.716474+0800 | coin: doge ('2021-02-07', '2021-02-09') https://twitter.com/MichaelaOkla/status/1358489901579161600 took: 2.32 leaves: 2
2023-03-29T16:19:46.077744+0800 | coin: doge ('2021-02-07', '2021-02-09') https://twitter.com/dogeissunbound/status/1358489765667078145 took: 2.11 leaves: 6
2023-03-29T16:20:10.643095+0800 | coin: doge ('2021-02-07', '2021-02-09') https://twitter.com/Thevalueletter/status/1358488689790320642 took: 4.84 leaves: 2
2023-03-29T16:20:42.878700+0800 | coin: doge ('2021-02-07', '2021-02-09') https://twitter.com/KEEMSTAR/status/1358487307863605248 took: 2.89 leaves: 7
2023-03-29T16:20:58.378432+0800 | coin: doge ('2021-02-07', '2021-02-09') https://twitter.com/cameron/status/1358486752294559744 took: 5.01 leaves: 57
2023-03-29T16:21:09.266569+0800 | coin: doge ('2021-02-07', '2021-02-09') https://twitter.com/runews/status/1358486296155615236 took: 2.38 leaves: 2
2023-03-29T16:21:37.127641+0800 | coin: doge ('2021-02-07', '2021-02-09') https://twitter.com/ams_oneills/status/1358485062401064962 took: 2.34 leaves: 8
2023-03-29T16:21:49.613862+0800 | coin: doge ('2021-02-07', '2021-02-09') https://twitter.com/LomahCrypto/status/1358484598968233984 took: 2.14 leaves: 5
2023-03-29T16:21:57.752622+0800 | coin: doge ('2021-02-07', '2021-02-09') https://twitter.com/BitcoinBirch/status/1358484312069447680 took: 2.75 leaves: 19
2023-03-29T16:22:04.838156+0800 | coin: doge ('2021-02-07', '2021-02-09') https://twitter.com/thecryptomonk/status/1358484113427206150 took: 1.95 leaves: 0
2023-03-29T16:22:11.829323+0800 | coin: doge ('2021-02-07', '2021-02-09') https://twitter.com/Thevalueletter/status/1358483870648270848 took: 2.10 leaves: 6
2023-03-29T16:22:29.182927+0800 | coin: doge ('2021-02-07', '2021-02-09') https://twitter.com/alistairmilne/status/1358483348822310914 took: 4.31 leaves: 43
2023-03-29T16:22:35.616787+0800 | coin: doge ('2021-02-07', '2021-02-09') https://twitter.com/Drift0r/status/1358483221365874695 took: 2.34 leaves: 4
2023-03-29T16:22:39.355231+0800 | coin: doge ('2021-02-07', '2021-02-09') https://twitter.com/AltcoinDailyio/status/1358483158157545473 took: 2.05 leaves: 2
2023-03-29T16:22:48.889293+0800 | coin: doge ('2021-02-07', '2021-02-09') https://twitter.com/DontezAkram/status/1358482875650347012 took: 2.77 leaves: 4
2023-03-29T16:22:53.803873+0800 | coin: doge ('2021-02-07', '2021-02-09') https://twitter.com/Lukewearechange/status/1358482783811829761 took: 2.54 leaves: 12
2023-03-29T16:23:00.399646+0800 | coin: doge ('2021-02-07', '2021-02-09') https://twitter.com/davidgokhshtein/status/1358482631147614211 took: 2.08 leaves: 4
2023-03-29T16:23:13.279332+0800 | coin: doge ('2021-02-07', '2021-02-09') https://twitter.com/AfroSenju/status/1358482354671616012 took: 2.20 leaves: 5
2023-03-29T16:23:19.652860+0800 | coin: doge ('2021-02-07', '2021-02-09') https://twitter.com/Neloangelo314/status/1358482169757319174 took: 2.46 leaves: 1
2023-03-29T16:23:25.790611+0800 | coin: doge ('2021-02-07', '2021-02-09') https://twitter.com/manpreetkailon/status/1358482007504936965 took: 2.30 leaves: 5
2023-03-29T16:23:29.075401+0800 | coin: doge ('2021-02-07', '2021-02-09') https://twitter.com/Thevalueletter/status/1358481985480626178 took: 2.43 leaves: 7
2023-03-29T16:23:52.031420+0800 | coin: doge ('2021-02-07', '2021-02-09') https://twitter.com/Thevalueletter/status/1358481088696504322 took: 2.45 leaves: 4
2023-03-29T16:24:04.873335+0800 | coin: doge ('2021-02-07', '2021-02-09') https://twitter.com/crypto_bitlord7/status/1358480705756401664 took: 3.97 leaves: 28
2023-03-29T16:24:17.151515+0800 | coin: doge ('2021-02-07', '2021-02-09') https://twitter.com/spacstreetboy/status/1358480317024116738 took: 1.95 leaves: 0
2023-03-29T16:24:25.144594+0800 | coin: doge ('2021-02-07', '2021-02-09') https://twitter.com/NFL_Memes/status/1358480100153565186 took: 2.29 leaves: 5
2023-03-29T16:24:41.667841+0800 | coin: doge ('2021-02-07', '2021-02-09') https://twitter.com/lilyachty/status/1358479686742003712 took: 4.36 leaves: 43
2023-03-29T16:24:50.857163+0800 | coin: doge ('2021-02-07', '2021-02-09') https://twitter.com/peakauto/status/1358479427974422529 took: 2.11 leaves: 8
2023-03-29T16:24:54.476151+0800 | coin: doge ('2021-02-07', '2021-02-09') https://twitter.com/kazwah_/status/1358479386517921800 took: 2.19 leaves: 7
2023-03-29T16:24:58.533154+0800 | coin: doge ('2021-02-07', '2021-02-09') https://twitter.com/davidgokhshtein/status/1358479316900851715 took: 2.58 leaves: 9
2023-03-29T16:25:14.615150+0800 | coin: doge ('2021-02-07', '2021-02-09') https://twitter.com/doge_mom/status/1358478995222716417 took: 6.04 leaves: 37
2023-03-29T16:25:22.393261+0800 | coin: doge ('2021-02-07', '2021-02-09') https://twitter.com/Thevalueletter/status/1358478849491800065 took: 3.43 leaves: 17
2023-03-29T16:25:50.664355+0800 | coin: doge ('2021-02-07', '2021-02-09') https://twitter.com/dogeissunbound/status/1358477721769291781 took: 1.99 leaves: 1
2023-03-29T16:25:58.171106+0800 | coin: doge ('2021-02-07', '2021-02-09') https://twitter.com/Thevalueletter/status/1358477621093412866 took: 2.50 leaves: 11
2023-03-29T16:26:03.831852+0800 | coin: doge ('2021-02-07', '2021-02-09') https://twitter.com/kara90802063/status/1358477448296464384 took: 1.96 leaves: 0
2023-03-29T16:26:06.176733+0800 | coin: doge ('2021-02-07', '2021-02-09') https://twitter.com/heyitsbinx/status/1358477447486840832 took: 2.34 leaves: 8
2023-03-29T16:26:17.287702+0800 | coin: doge ('2021-02-07', '2021-02-09') https://twitter.com/cryptunez/status/1358477046394081281 took: 2.21 leaves: 8
2023-03-29T16:26:21.975970+0800 | coin: doge ('2021-02-07', '2021-02-09') https://twitter.com/YellingMadman/status/1358476937233125385 took: 2.21 leaves: 1
2023-03-29T16:26:24.901517+0800 | coin: doge ('2021-02-07', '2021-02-09') https://twitter.com/Frozone/status/1358476885534126087 took: 2.10 leaves: 2
2023-03-29T16:26:30.601583+0800 | coin: doge ('2021-02-07', '2021-02-09') https://twitter.com/Ecosse_Crypto/status/1358476738012012546 took: 2.32 leaves: 6
2023-03-29T16:26:35.109764+0800 | coin: doge ('2021-02-07', '2021-02-09') https://twitter.com/DOGEMESSIAH1/status/1358476617471852546 took: 2.01 leaves: 1
2023-03-29T16:26:50.418404+0800 | coin: doge ('2021-02-07', '2021-02-09') https://twitter.com/davidgokhshtein/status/1358476014268088324 took: 4.46 leaves: 31
2023-03-29T16:27:01.319714+0800 | coin: doge ('2021-02-07', '2021-02-09') https://twitter.com/barneytheboi/status/1358475608125280256 took: 2.00 leaves: 1
2023-03-29T16:27:07.806164+0800 | coin: doge ('2021-02-07', '2021-02-09') https://twitter.com/HiRezTheRapper/status/1358475407897612291 took: 2.37 leaves: 7
2023-03-29T16:27:17.928629+0800 | coin: doge ('2021-02-07', '2021-02-09') https://twitter.com/StockLizardKing/status/1358474981257134083 took: 2.31 leaves: 3
2023-03-29T16:27:28.370896+0800 | coin: doge ('2021-02-07', '2021-02-09') https://twitter.com/StockLizardKing/status/1358474699894886401 took: 2.00 leaves: 1
2023-03-29T16:27:33.771280+0800 | coin: doge ('2021-02-07', '2021-02-09') https://twitter.com/Thevalueletter/status/1358474589626630146 took: 2.26 leaves: 5
2023-03-29T16:27:42.683687+0800 | coin: doge ('2021-02-07', '2021-02-09') https://twitter.com/crypto_bitlord7/status/1358474348948983809 took: 2.22 leaves: 8
2023-03-29T16:27:54.183236+0800 | coin: doge ('2021-02-07', '2021-02-09') https://twitter.com/spencernoon/status/1358473954449649667 took: 2.00 leaves: 0
2023-03-29T16:28:00.038910+0800 | coin: doge ('2021-02-07', '2021-02-09') https://twitter.com/The_RockTrading/status/1358473753135489026 took: 2.11 leaves: 1
2023-03-29T16:28:04.835416+0800 | coin: doge ('2021-02-07', '2021-02-09') https://twitter.com/RookieXBT/status/1358473654061924355 took: 2.24 leaves: 4
2023-03-29T16:28:13.852333+0800 | coin: doge ('2021-02-07', '2021-02-09') https://twitter.com/swartzcenter/status/1358473375203622913 took: 2.09 leaves: 2
2023-03-29T16:28:21.719988+0800 | coin: doge ('2021-02-07', '2021-02-09') https://twitter.com/crypto_bitlord7/status/1358473293490135043 took: 5.56 leaves: 63
2023-03-29T16:28:26.104215+0800 | coin: doge ('2021-02-07', '2021-02-09') https://twitter.com/Thevalueletter/status/1358473198027886593 took: 2.12 leaves: 6
2023-03-29T16:28:32.152134+0800 | coin: doge ('2021-02-07', '2021-02-09') https://twitter.com/Thevalueletter/status/1358472908222439429 took: 1.98 leaves: 1
2023-03-29T16:28:45.406569+0800 | coin: doge ('2021-02-07', '2021-02-09') https://twitter.com/Thevalueletter/status/1358472129679929346 took: 2.33 leaves: 2
2023-03-29T16:28:54.429477+0800 | coin: doge ('2021-02-07', '2021-02-09') https://twitter.com/DogecoinRise/status/1358471583870820352 took: 3.57 leaves: 23
2023-03-29T16:29:02.572530+0800 | coin: doge ('2021-02-07', '2021-02-09') https://twitter.com/Nebraskangooner/status/1358470934601084936 took: 2.24 leaves: 8
2023-03-29T16:29:21.286219+0800 | coin: doge ('2021-02-07', '2021-02-09') https://twitter.com/dogeissunbound/status/1358469086221639684 took: 2.06 leaves: 2
2023-03-29T16:29:30.783870+0800 | coin: doge ('2021-02-07', '2021-02-09') https://twitter.com/davidgokhshtein/status/1358468400977244161 took: 2.73 leaves: 8
2023-03-29T16:29:46.745862+0800 | coin: doge ('2021-02-07', '2021-02-09') https://twitter.com/Thevalueletter/status/1358467079662403593 took: 2.10 leaves: 3
2023-03-29T16:29:56.397243+0800 | coin: doge ('2021-02-07', '2021-02-09') https://twitter.com/souljaboy/status/1358466359043051520 took: 3.31 leaves: 17
2023-03-29T16:29:59.427965+0800 | coin: doge ('2021-02-07', '2021-02-09') https://twitter.com/dabblingqueen/status/1358466282119716868 took: 2.27 leaves: 10
2023-03-29T16:30:07.788189+0800 | coin: doge ('2021-02-07', '2021-02-09') https://twitter.com/mhermosillo10/status/1358465644358893568 took: 1.87 leaves: 0
2023-03-29T16:30:14.555411+0800 | coin: doge ('2021-02-07', '2021-02-09') https://twitter.com/Thevalueletter/status/1358465260596961281 took: 2.41 leaves: 4
2023-03-29T16:30:45.933503+0800 | coin: doge ('2021-02-07', '2021-02-09') https://twitter.com/AWice/status/1358462635646230532 took: 1.99 leaves: 1
2023-03-29T16:31:00.207520+0800 | coin: doge ('2021-02-07', '2021-02-09') https://twitter.com/cryptunez/status/1358461580187492358 took: 2.02 leaves: 5
2023-03-29T16:31:03.281193+0800 | coin: doge ('2021-02-07', '2021-02-09') https://twitter.com/TheSavvyMeg/status/1358461443490865152 took: 2.28 leaves: 1
2023-03-29T16:31:16.783869+0800 | coin: doge ('2021-02-07', '2021-02-09') https://twitter.com/notgleams/status/1358460577769795588 took: 2.17 leaves: 5
2023-03-29T16:31:20.338837+0800 | coin: doge ('2021-02-07', '2021-02-09') https://twitter.com/CryptoTrends/status/1358460423603912704 took: 2.06 leaves: 3
2023-03-29T16:31:38.649512+0800 | coin: doge ('2021-02-07', '2021-02-09') https://twitter.com/xDen7x/status/1358459148766228483 took: 1.88 leaves: 0
2023-03-29T16:31:45.790000+0800 | coin: doge ('2021-02-07', '2021-02-09') https://twitter.com/KoroushAK/status/1358458802060804099 took: 3.16 leaves: 26
2023-03-29T16:32:00.405197+0800 | coin: doge ('2021-02-07', '2021-02-09') https://twitter.com/IOHK_Charles/status/1358457797625737220 took: 3.12 leaves: 15
2023-03-29T16:32:22.217948+0800 | coin: doge ('2021-02-07', '2021-02-09') https://twitter.com/Tokyo_Geddo/status/1358456171036889088 took: 2.31 leaves: 1
2023-03-29T16:32:24.975321+0800 | coin: doge ('2021-02-07', '2021-02-09') https://twitter.com/Thevalueletter/status/1358456145162174468 took: 2.04 leaves: 4
2023-03-29T16:32:33.072134+0800 | coin: doge ('2021-02-07', '2021-02-09') https://twitter.com/tiffanicvd/status/1358455686968016899 took: 2.57 leaves: 14
2023-03-29T16:32:43.609452+0800 | coin: doge ('2021-02-07', '2021-02-09') https://twitter.com/davidgokhshtein/status/1358454984686329858 took: 2.26 leaves: 12
2023-03-29T16:33:04.830402+0800 | coin: doge ('2021-02-07', '2021-02-09') https://twitter.com/rektcapital/status/1358453375730405381 took: 2.06 leaves: 2
2023-03-29T16:33:16.953321+0800 | coin: doge ('2021-02-07', '2021-02-09') https://twitter.com/StockLizardKing/status/1358452512626458624 took: 2.53 leaves: 12
2023-03-29T16:33:22.062746+0800 | coin: doge ('2021-02-07', '2021-02-09') https://twitter.com/kazwah_/status/1358452355151376386 took: 2.64 leaves: 1
2023-03-29T16:33:31.354700+0800 | coin: doge ('2021-02-07', '2021-02-09') https://twitter.com/Thevalueletter/status/1358451891227811841 took: 2.43 leaves: 10
2023-03-29T16:33:42.085326+0800 | coin: doge ('2021-02-07', '2021-02-09') https://twitter.com/11DMiner/status/1358451367313108993 took: 2.45 leaves: 0
2023-03-29T16:34:04.630515+0800 | coin: doge ('2021-02-07', '2021-02-09') https://twitter.com/coinmamba/status/1358450292833058818 took: 3.83 leaves: 30
2023-03-29T16:34:13.284919+0800 | coin: doge ('2021-02-07', '2021-02-09') https://twitter.com/WhaleWire/status/1358448190362689537 took: 4.22 leaves: 20
2023-03-29T16:34:28.612699+0800 | coin: doge ('2021-02-07', '2021-02-09') https://twitter.com/CultXRP/status/1358448966455721985 took: 2.13 leaves: 3
2023-03-29T16:34:42.898566+0800 | coin: doge ('2021-02-07', '2021-02-09') https://twitter.com/HeatherEvrdeen/status/1358448472215539715 took: 9.72 leaves: 121
2023-03-29T16:34:48.778045+0800 | coin: doge ('2021-02-07', '2021-02-09') https://twitter.com/Thevalueletter/status/1358448247912755201 took: 3.59 leaves: 18
2023-03-29T16:35:04.793297+0800 | coin: doge ('2021-02-07', '2021-02-09') https://twitter.com/cryptunez/status/1358446799086891017 took: 2.48 leaves: 8
2023-03-29T16:35:06.861003+0800 | coin: doge ('2021-02-07', '2021-02-09') https://twitter.com/dapperdarlin7/status/1358446797719502852 took: 2.07 leaves: 0
2023-03-29T16:35:17.332104+0800 | coin: doge ('2021-02-07', '2021-02-09') https://twitter.com/Tradermayne/status/1358445975170281473 took: 1.98 leaves: 2
2023-03-29T16:35:35.194483+0800 | coin: doge ('2021-02-07', '2021-02-09') https://twitter.com/LayahHeilpern/status/1358444231535304706 took: 3.77 leaves: 35
2023-03-29T16:35:47.813552+0800 | coin: doge ('2021-02-07', '2021-02-09') https://twitter.com/Starkillers/status/1358442781979541506 took: 2.02 leaves: 2
2023-03-29T16:35:49.847293+0800 | coin: doge ('2021-02-07', '2021-02-09') https://twitter.com/iProLG/status/1358442729164931078 took: 2.03 leaves: 3
2023-03-29T16:35:55.210221+0800 | coin: doge ('2021-02-07', '2021-02-09') https://twitter.com/Thevalueletter/status/1358442415720439809 took: 2.15 leaves: 5
2023-03-29T16:36:03.989695+0800 | coin: doge ('2021-02-07', '2021-02-09') https://twitter.com/cameron/status/1358441980108365825 took: 5.81 leaves: 75
2023-03-29T16:36:13.862771+0800 | coin: doge ('2021-02-07', '2021-02-09') https://twitter.com/davidgokhshtein/status/1358441031541350406 took: 2.49 leaves: 13
2023-03-29T16:36:22.948342+0800 | coin: doge ('2021-02-07', '2021-02-09') https://twitter.com/Thevalueletter/status/1358440056046956544 took: 2.07 leaves: 5
2023-03-29T16:36:25.837456+0800 | coin: doge ('2021-02-07', '2021-02-09') https://twitter.com/MacguyverTech01/status/1358439973595340816 took: 2.05 leaves: 2
2023-03-29T16:36:32.783688+0800 | coin: doge ('2021-02-07', '2021-02-09') https://twitter.com/davidgokhshtein/status/1358439283846217729 took: 2.76 leaves: 11
2023-03-29T16:36:36.988505+0800 | coin: doge ('2021-02-07', '2021-02-09') https://twitter.com/jdotkdot5/status/1358438973740363778 took: 1.85 leaves: 0
2023-03-29T16:36:39.764349+0800 | coin: doge ('2021-02-07', '2021-02-09') https://twitter.com/Coldoggo/status/1358438897672478721 took: 2.09 leaves: 0
2023-03-29T16:36:55.290239+0800 | coin: doge ('2021-02-07', '2021-02-09') https://twitter.com/Thevalueletter/status/1358436913380810755 took: 2.15 leaves: 5
2023-03-29T16:37:29.223061+0800 | coin: doge ('2021-02-07', '2021-02-09') https://twitter.com/CryptoDonAlt/status/1358431940202934274 took: 4.35 leaves: 11
2023-03-29T16:37:32.681819+0800 | coin: doge ('2021-02-07', '2021-02-09') https://twitter.com/Thevalueletter/status/1358432501186887681 took: 1.98 leaves: 1
2023-03-29T16:37:36.281276+0800 | coin: doge ('2021-02-07', '2021-02-09') https://twitter.com/360_trader/status/1358432278792314882 took: 2.10 leaves: 3
2023-03-29T16:37:38.157644+0800 | coin: doge ('2021-02-07', '2021-02-09') https://twitter.com/AllxDayxRayx/status/1358432259456593929 took: 1.87 leaves: 0
2023-03-29T16:37:51.805403+0800 | coin: doge ('2021-02-07', '2021-02-09') https://twitter.com/ShirKhan1981/status/1358430666149552128 took: 2.06 leaves: 4
2023-03-29T16:37:56.356732+0800 | coin: doge ('2021-02-07', '2021-02-09') https://twitter.com/ThinkingCrypto1/status/1358430431859851266 took: 3.11 leaves: 14
2023-03-29T16:38:35.699855+0800 | coin: doge ('2021-02-07', '2021-02-09') https://twitter.com/andrewnotcalvin/status/1358423697007247364 took: 2.42 leaves: 1
2023-03-29T16:39:04.552796+0800 | coin: doge ('2021-02-07', '2021-02-09') https://twitter.com/SymoneBeez/status/1358418177433227264 took: 2.09 leaves: 2
2023-03-29T16:39:18.488398+0800 | coin: doge ('2021-02-07', '2021-02-09') https://twitter.com/shamshi_adad/status/1358415663363194882 took: 2.06 leaves: 1
2023-03-29T16:39:34.878931+0800 | coin: doge ('2021-02-07', '2021-02-09') https://twitter.com/Thevalueletter/status/1358412836435865600 took: 2.14 leaves: 4
2023-03-29T16:39:42.162166+0800 | coin: doge ('2021-02-07', '2021-02-09') https://twitter.com/Thevalueletter/status/1358411957792079880 took: 2.16 leaves: 6
2023-03-29T16:39:58.297916+0800 | coin: doge ('2021-02-07', '2021-02-09') https://twitter.com/Thevalueletter/status/1358409427557228546 took: 2.24 leaves: 11
2023-03-29T16:40:22.333360+0800 | coin: doge ('2021-02-07', '2021-02-09') https://twitter.com/Thevalueletter/status/1358405628381843461 took: 2.11 leaves: 4
2023-03-29T16:40:44.045257+0800 | coin: doge ('2021-02-07', '2021-02-09') https://twitter.com/Thevalueletter/status/1358401949973024768 took: 2.27 leaves: 11
2023-03-29T16:41:21.384081+0800 | coin: doge ('2021-02-07', '2021-02-09') https://twitter.com/QNTMami/status/1358395051186016257 took: 2.39 leaves: 6
2023-03-29T16:41:46.623545+0800 | coin: doge ('2021-02-07', '2021-02-09') https://twitter.com/crypto_birb/status/1358388497871228931 took: 2.37 leaves: 3
2023-03-29T16:42:19.067142+0800 | coin: doge ('2021-02-07', '2021-02-09') https://twitter.com/hodlonaut/status/1358383262314487817 took: 6.99 leaves: 31
2023-03-29T16:43:32.052311+0800 | coin: doge ('2021-02-07', '2021-02-09') https://twitter.com/Investingcom/status/1358369923211345921 took: 2.16 leaves: 3
2023-03-29T16:44:20.853622+0800 | coin: doge ('2021-02-07', '2021-02-09') https://twitter.com/rudtitan/status/1358359029567934464 took: 2.23 leaves: 1
2023-03-29T16:44:35.965462+0800 | coin: doge ('2021-02-07', '2021-02-09') https://twitter.com/SavinTheBees/status/1358354196320317441 took: 2.02 leaves: 2
2023-03-29T16:44:53.678366+0800 | coin: doge ('2021-02-07', '2021-02-09') https://twitter.com/GiveAwayHost/status/1358350183189213184 took: 2.13 leaves: 0
2023-03-29T16:44:57.259449+0800 | coin: doge ('2021-02-07', '2021-02-09') https://twitter.com/iamjosephyoung/status/1358349885037158400 took: 2.03 leaves: 1
2023-03-29T16:45:11.483846+0800 | coin: doge ('2021-02-07', '2021-02-09') https://twitter.com/Tradermayne/status/1358346072255459329 took: 2.35 leaves: 4
2023-03-29T16:45:24.329158+0800 | coin: doge ('2021-02-07', '2021-02-09') https://twitter.com/TechOnAir1/status/1358342339496845318 took: 2.00 leaves: 2
2023-03-29T16:45:40.821768+0800 | coin: doge ('2021-02-07', '2021-02-09') https://twitter.com/AlexSaundersAU/status/1358338101790134274 took: 2.50 leaves: 2
2023-03-29T16:45:43.997406+0800 | coin: doge ('2021-02-07', '2021-02-09') https://twitter.com/LomahCrypto/status/1358338086606888967 took: 3.17 leaves: 25
2023-03-29T16:45:49.376652+0800 | coin: doge ('2021-02-07', '2021-02-09') https://twitter.com/itsALLrisky/status/1358337057932779525 took: 2.05 leaves: 3
2023-03-29T16:46:21.844475+0800 | coin: doge ('2021-02-07', '2021-02-09') https://twitter.com/dogecoin/status/1358322661546487810 took: 9.91 leaves: 92
2023-03-29T16:46:49.839793+0800 | coin: doge ('2021-02-07', '2021-02-09') https://twitter.com/TheCryptoLark/status/1358327964409102336 took: 5.43 leaves: 67
2023-03-29T16:49:44.796147+0800 | coin: doge ('2021-02-07', '2021-02-09') https://twitter.com/elonmusk/status/1358319935978496001 took: 143.10 leaves: 2077
2023-03-29T16:49:49.758127+0800 | coin: doge ('2021-02-07', '2021-02-09') https://twitter.com/ArnoldPoernomo/status/1358323215643279367 took: 1.90 leaves: 0
2023-03-29T16:50:03.702276+0800 | coin: doge ('2021-02-07', '2021-02-09') https://twitter.com/amtvmedia/status/1358322001400655877 took: 2.05 leaves: 3
2023-03-29T16:50:20.138816+0800 | coin: doge ('2021-02-07', '2021-02-09') https://twitter.com/davidgokhshtein/status/1358320852618661888 took: 2.22 leaves: 8
2023-03-29T16:50:39.658037+0800 | coin: doge ('2021-02-07', '2021-02-09') https://twitter.com/K3n_eth/status/1358318460602904578 took: 2.03 leaves: 1
2023-03-29T16:50:54.193104+0800 | coin: doge ('2021-02-07', '2021-02-09') https://twitter.com/davidgokhshtein/status/1358315094611030017 took: 2.39 leaves: 6
2023-03-29T16:51:12.199189+0800 | coin: doge ('2021-02-07', '2021-02-09') https://twitter.com/ashtoshii/status/1358310120720105478 took: 3.06 leaves: 11
2023-03-29T16:51:31.627541+0800 | coin: doge ('2021-02-07', '2021-02-09') https://twitter.com/itsALLrisky/status/1358171808717889536 took: 10.17 leaves: 34
2023-03-29T16:51:37.813212+0800 | coin: doge ('2021-02-07', '2021-02-09') https://twitter.com/MattWallace888/status/1358306312640229376 took: 2.03 leaves: 2
2023-03-29T16:51:45.228205+0800 | coin: doge ('2021-02-07', '2021-02-09') https://twitter.com/HotepJesus/status/1358304896349573126 took: 2.04 leaves: 3
2023-03-29T16:51:48.178156+0800 | coin: doge ('2021-02-07', '2021-02-09') https://twitter.com/itsALLrisky/status/1358304729218961410 took: 2.18 leaves: 5
2023-03-29T16:51:52.718145+0800 | coin: doge ('2021-02-07', '2021-02-09') https://twitter.com/itsALLrisky/status/1358304190125146112 took: 2.09 leaves: 4
2023-03-29T16:52:29.664122+0800 | coin: doge ('2021-02-07', '2021-02-09') https://twitter.com/PancakeSwap/status/1358297154771591171 took: 3.41 leaves: 34
2023-03-29T16:52:33.251700+0800 | coin: doge ('2021-02-07', '2021-02-09') https://twitter.com/CryptoKaleo/status/1358296572170285056 took: 2.09 leaves: 1
2023-03-29T16:52:45.764842+0800 | coin: doge ('2021-02-07', '2021-02-09') https://twitter.com/JulSwap/status/1358293560852942849 took: 2.11 leaves: 5
2023-03-29T16:53:03.487936+0800 | coin: doge ('2021-02-07', '2021-02-09') https://twitter.com/QNTMami/status/1358288985601237001 took: 3.13 leaves: 18
2023-03-29T16:53:15.226880+0800 | coin: doge ('2021-02-07', '2021-02-09') https://twitter.com/DogecoinRise/status/1358286241700007937 took: 1.95 leaves: 0
2023-03-29T16:53:31.009377+0800 | coin: doge ('2021-02-07', '2021-02-09') https://twitter.com/dogearmymajor/status/1358281802989899776 took: 2.25 leaves: 1
2023-03-29T16:53:45.612257+0800 | coin: doge ('2021-02-07', '2021-02-09') https://twitter.com/EGODSLIM/status/1358278843287691265 took: 1.98 leaves: 1
2023-03-29T16:54:29.424697+0800 | coin: doge ('2021-02-07', '2021-02-09') https://twitter.com/bakery_swap/status/1358269955817562113 took: 2.10 leaves: 5
2023-03-29T16:54:32.368788+0800 | coin: doge ('2021-02-07', '2021-02-09') https://twitter.com/Starkillers/status/1358269731698921472 took: 2.12 leaves: 4
2023-03-29T16:54:54.205900+0800 | coin: doge ('2021-02-07', '2021-02-09') https://twitter.com/davidgokhshtein/status/1358265977708941319 took: 2.57 leaves: 12
2023-03-29T16:54:58.479902+0800 | coin: doge ('2021-02-07', '2021-02-09') https://twitter.com/HiRezTheRapper/status/1358265451613159425 took: 1.90 leaves: 0
2023-03-29T16:55:05.365390+0800 | coin: doge ('2021-02-07', '2021-02-09') https://twitter.com/kmandei3/status/1358265074591420424 took: 4.69 leaves: 1
2023-03-29T16:55:17.994272+0800 | coin: doge ('2021-02-07', '2021-02-09') https://twitter.com/PukOfPadagattam/status/1358262959693320192 took: 2.04 leaves: 2
2023-03-29T16:55:20.545341+0800 | coin: doge ('2021-02-07', '2021-02-09') https://twitter.com/ThisGuyFuchz/status/1358262770282745856 took: 1.86 leaves: 0
2023-03-29T16:55:32.168605+0800 | coin: doge ('2021-02-07', '2021-02-09') https://twitter.com/CoinomiWallet/status/1358261015239131137 took: 2.24 leaves: 14
2023-03-29T16:55:42.974344+0800 | coin: doge ('2021-02-07', '2021-02-09') https://twitter.com/ChrisLennard96/status/1358259400973053952 took: 1.99 leaves: 0
2023-03-29T16:55:47.591851+0800 | coin: doge ('2021-02-07', '2021-02-09') https://twitter.com/Thevalueletter/status/1358258896457064452 took: 2.06 leaves: 4
2023-03-29T16:56:01.341129+0800 | coin: doge ('2021-02-07', '2021-02-09') https://twitter.com/THEGOONEEZ/status/1358256882255687684 took: 1.96 leaves: 1
2023-03-29T16:56:11.999409+0800 | coin: doge ('2021-02-07', '2021-02-09') https://twitter.com/DogecoinRide/status/1358255509535604742 took: 2.39 leaves: 5
2023-03-29T16:56:40.007019+0800 | coin: doge ('2021-02-07', '2021-02-09') https://twitter.com/dabblingqueen/status/1358252089802174470 took: 2.60 leaves: 12
2023-03-29T16:56:56.979255+0800 | coin: doge ('2021-02-07', '2021-02-09') https://twitter.com/DogecoinRise/status/1358249930557558792 took: 1.95 leaves: 1
2023-03-29T16:57:06.544670+0800 | coin: doge ('2021-02-07', '2021-02-09') https://twitter.com/tiff08_/status/1358248962218618880 took: 1.96 leaves: 0
2023-03-29T16:57:19.337196+0800 | coin: doge ('2021-02-07', '2021-02-09') https://twitter.com/BoZe/status/1358247247696318465 took: 1.95 leaves: 0
2023-03-29T16:57:36.170654+0800 | coin: doge ('2021-02-07', '2021-02-09') https://twitter.com/KEEMSTAR/status/1358245025168171008 took: 2.60 leaves: 7
2023-03-29T16:58:03.812262+0800 | coin: doge ('2021-02-07', '2021-02-09') https://twitter.com/HiRezTheRapper/status/1358242138576859137 took: 2.24 leaves: 5
2023-03-29T16:58:19.018222+0800 | coin: doge ('2021-02-07', '2021-02-09') https://twitter.com/CryptoTrends/status/1358240435387445248 took: 2.11 leaves: 7
2023-03-29T16:58:40.168692+0800 | coin: doge ('2021-02-07', '2021-02-09') https://twitter.com/CBisese/status/1358237982046707719 took: 2.20 leaves: 6
2023-03-29T16:58:52.442502+0800 | coin: doge ('2021-02-07', '2021-02-09') https://twitter.com/Cokedupoptions/status/1358236778503696387 took: 2.17 leaves: 7
2023-03-29T16:59:01.071484+0800 | coin: doge ('2021-02-07', '2021-02-09') https://twitter.com/pnawar7/status/1358235935188471808 took: 2.02 leaves: 2
2023-03-29T16:59:07.524779+0800 | coin: doge ('2021-02-07', '2021-02-09') https://twitter.com/DogecoinRise/status/1358235804317999108 took: 4.64 leaves: 31
2023-03-29T16:59:41.777248+0800 | coin: doge ('2021-02-07', '2021-02-09') https://twitter.com/UncsPicks/status/1358232605515280385 took: 1.93 leaves: 0
2023-03-29T16:59:45.173171+0800 | coin: doge ('2021-02-07', '2021-02-09') https://twitter.com/davidgokhshtein/status/1358232587207127041 took: 3.39 leaves: 18
2023-03-29T16:59:51.871931+0800 | coin: doge ('2021-02-07', '2021-02-09') https://twitter.com/Thevalueletter/status/1358232139112792064 took: 2.16 leaves: 0
2023-03-29T16:59:58.391892+0800 | coin: doge ('2021-02-07', '2021-02-09') https://twitter.com/macguyvermedia/status/1358231815018971137 took: 2.66 leaves: 9
2023-03-29T17:00:25.899639+0800 | coin: doge ('2021-02-07', '2021-02-09') https://twitter.com/MichaelaOkla/status/1358229452585533440 took: 2.02 leaves: 2
2023-03-29T17:00:30.201582+0800 | coin: doge ('2021-02-07', '2021-02-09') https://twitter.com/DJSCHEME_/status/1358229204270272514 took: 2.01 leaves: 0
2023-03-29T17:00:57.310082+0800 | coin: doge ('2021-02-07', '2021-02-09') https://twitter.com/DogecoinProfit/status/1358227418255921153 took: 4.52 leaves: 1
2023-03-29T17:01:07.160816+0800 | coin: doge ('2021-02-07', '2021-02-09') https://twitter.com/EnronChairman/status/1358226871842988035 took: 1.99 leaves: 1
2023-03-29T17:01:15.912914+0800 | coin: doge ('2021-02-07', '2021-02-09') https://twitter.com/Grant_Selvy/status/1358226441499013123 took: 2.03 leaves: 4
2023-03-29T17:01:21.105341+0800 | coin: doge ('2021-02-07', '2021-02-09') https://twitter.com/Thevalueletter/status/1358226228529004550 took: 2.11 leaves: 6
2023-03-29T17:01:26.774017+0800 | coin: doge ('2021-02-07', '2021-02-09') https://twitter.com/NuFo/status/1358225927214350338 took: 1.88 leaves: 0
2023-03-29T17:01:32.220039+0800 | coin: doge ('2021-02-07', '2021-02-09') https://twitter.com/QNTMami/status/1358225758708264962 took: 2.08 leaves: 4
2023-03-29T17:01:46.908527+0800 | coin: doge ('2021-02-07', '2021-02-09') https://twitter.com/Benzinga/status/1358225032300871682 took: 2.17 leaves: 5
2023-03-29T17:01:54.208367+0800 | coin: doge ('2021-02-07', '2021-02-09') https://twitter.com/Thevalueletter/status/1358224748799537153 took: 2.31 leaves: 7
2023-03-29T17:02:02.564786+0800 | coin: doge ('2021-02-07', '2021-02-09') https://twitter.com/StockLizardKing/status/1358224397086175234 took: 2.63 leaves: 14
2023-03-29T17:02:04.785221+0800 | coin: doge ('2021-02-07', '2021-02-09') https://twitter.com/DCGreene11/status/1358224377263886339 took: 2.22 leaves: 8
2023-03-29T17:02:24.416563+0800 | coin: doge ('2021-02-07', '2021-02-09') https://twitter.com/CashNasty/status/1358223464805658624 took: 2.05 leaves: 1
2023-03-29T17:02:45.896581+0800 | coin: doge ('2021-02-07', '2021-02-09') https://twitter.com/Chaomedia/status/1358222537239367681 took: 1.94 leaves: 0
2023-03-29T17:02:49.197994+0800 | coin: doge ('2021-02-07', '2021-02-09') https://twitter.com/Thevalueletter/status/1358222507208290305 took: 2.47 leaves: 8
2023-03-29T17:03:18.902788+0800 | coin: doge ('2021-02-07', '2021-02-09') https://twitter.com/kevinjonas/status/1358221690216546311 took: 8.12 leaves: 108
2023-03-29T17:03:22.299136+0800 | coin: doge ('2021-02-07', '2021-02-09') https://twitter.com/CashNasty/status/1358221575632392192 took: 2.08 leaves: 1
2023-03-29T17:04:13.218472+0800 | coin: doge ('2021-02-07', '2021-02-09') https://twitter.com/jacemek/status/1358218133589270528 took: 1.95 leaves: 1
2023-03-29T17:04:39.017603+0800 | coin: doge ('2021-02-07', '2021-02-09') https://twitter.com/JUPITERMOVESME/status/1358215539026460677 took: 2.02 leaves: 2
2023-03-29T17:04:56.136739+0800 | coin: doge ('2021-02-07', '2021-02-09') https://twitter.com/notsofast/status/1358213842128486401 took: 2.04 leaves: 3
2023-03-29T17:04:58.191620+0800 | coin: doge ('2021-02-07', '2021-02-09') https://twitter.com/JackPhan/status/1358213776567193600 took: 2.05 leaves: 1
2023-03-29T17:05:01.989529+0800 | coin: doge ('2021-02-07', '2021-02-09') https://twitter.com/igobyG_/status/1358213581460803584 took: 2.35 leaves: 1
2023-03-29T17:05:08.616521+0800 | coin: doge ('2021-02-07', '2021-02-09') https://twitter.com/dogeissunbound/status/1358212629823643648 took: 1.87 leaves: 0
2023-03-29T17:05:12.439819+0800 | coin: doge ('2021-02-07', '2021-02-09') https://twitter.com/Bosslogic/status/1358212403209461761 took: 2.30 leaves: 0
2023-03-29T17:05:31.571654+0800 | coin: doge ('2021-02-07', '2021-02-09') https://twitter.com/JacobCanfield/status/1358209314436046849 took: 2.12 leaves: 1
2023-03-29T17:06:03.221366+0800 | coin: doge ('2021-02-07', '2021-02-09') https://twitter.com/cryptunez/status/1358204076316643329 took: 1.90 leaves: 0
