2023-03-29T14:43:37.091229+0800 | coin: doge ('2021-02-03', '2021-02-05') https://twitter.com/_TheEngineer/status/1357478962872606720 took: 2.22 leaves: 1
2023-03-29T14:44:12.526379+0800 | coin: doge ('2021-02-03', '2021-02-05') https://twitter.com/HiRezTheRapper/status/1357474833152499712 took: 2.08 leaves: 4
2023-03-29T14:44:35.428111+0800 | coin: doge ('2021-02-03', '2021-02-05') https://twitter.com/BraxtonMiller5/status/1357471987094945792 took: 1.83 leaves: 0
2023-03-29T14:44:53.845577+0800 | coin: doge ('2021-02-03', '2021-02-05') https://twitter.com/JasonIsbell/status/1357470100333469697 took: 2.95 leaves: 5
2023-03-29T14:45:17.427794+0800 | coin: doge ('2021-02-03', '2021-02-05') https://twitter.com/DaveOshry/status/1357466694696849409 took: 1.98 leaves: 2
2023-03-29T14:45:20.841136+0800 | coin: doge ('2021-02-03', '2021-02-05') https://twitter.com/shooter_touch/status/1357466495496912897 took: 2.02 leaves: 1
2023-03-29T14:45:48.643963+0800 | coin: doge ('2021-02-03', '2021-02-05') https://twitter.com/KennieJD/status/1357463227328851972 took: 1.87 leaves: 0
2023-03-29T14:46:02.746359+0800 | coin: doge ('2021-02-03', '2021-02-05') https://twitter.com/DogecoinRise/status/1357461136799485953 took: 4.25 leaves: 22
2023-03-29T14:46:47.981437+0800 | coin: doge ('2021-02-03', '2021-02-05') https://twitter.com/DogecoinRise/status/1357454942143844354 took: 2.38 leaves: 3
2023-03-29T14:46:57.972629+0800 | coin: doge ('2021-02-03', '2021-02-05') https://twitter.com/itsALLrisky/status/1357290126112485377 took: 3.40 leaves: 7
2023-03-29T14:47:25.894670+0800 | coin: doge ('2021-02-03', '2021-02-05') https://twitter.com/_brendan_lewis/status/1357447931117248512 took: 4.82 leaves: 6
2023-03-29T14:47:40.420319+0800 | coin: doge ('2021-02-03', '2021-02-05') https://twitter.com/lilsamsquanch66/status/1357448282155450377 took: 2.17 leaves: 1
2023-03-29T14:48:07.615844+0800 | coin: doge ('2021-02-03', '2021-02-05') https://twitter.com/TheCryptoLark/status/1357446902267006976 took: 2.96 leaves: 10
2023-03-29T14:49:07.586057+0800 | coin: doge ('2021-02-03', '2021-02-05') https://twitter.com/shooter_touch/status/1357442433315987458 took: 2.27 leaves: 1
2023-03-29T14:49:32.714651+0800 | coin: doge ('2021-02-03', '2021-02-05') https://twitter.com/jerryfrometa/status/1357439028925202432 took: 2.15 leaves: 1
2023-03-29T14:49:42.890326+0800 | coin: doge ('2021-02-03', '2021-02-05') https://twitter.com/PontiacMadeDDG/status/1357438122913533956 took: 2.30 leaves: 2
2023-03-29T14:49:48.587933+0800 | coin: doge ('2021-02-03', '2021-02-05') https://twitter.com/davidgokhshtein/status/1357437425598029831 took: 2.05 leaves: 4
2023-03-29T14:50:06.861696+0800 | coin: doge ('2021-02-03', '2021-02-05') https://twitter.com/WilliamShatner/status/1357434622557052928 took: 2.56 leaves: 4
2023-03-29T14:50:15.403936+0800 | coin: doge ('2021-02-03', '2021-02-05') https://twitter.com/davidgokhshtein/status/1357433477814190087 took: 2.64 leaves: 11
2023-03-29T14:50:34.070211+0800 | coin: doge ('2021-02-03', '2021-02-05') https://twitter.com/V_R__Zoph/status/1357430735695659015 took: 2.15 leaves: 9
2023-03-29T14:50:43.328936+0800 | coin: doge ('2021-02-03', '2021-02-05') https://twitter.com/Sofiaan/status/1357429481212813312 took: 2.01 leaves: 1
2023-03-29T14:51:46.609558+0800 | coin: doge ('2021-02-03', '2021-02-05') https://twitter.com/Fame21Moore/status/1357420536025010176 took: 2.00 leaves: 2
2023-03-29T14:51:49.430123+0800 | coin: doge ('2021-02-03', '2021-02-05') https://twitter.com/Starkillers/status/1357420288946835456 took: 2.08 leaves: 2
2023-03-29T14:52:21.212593+0800 | coin: doge ('2021-02-03', '2021-02-05') https://twitter.com/WSBChairman/status/1357416129686339588 took: 7.17 leaves: 51
2023-03-29T14:52:30.938191+0800 | coin: doge ('2021-02-03', '2021-02-05') https://twitter.com/tldtoday/status/1357415399097204736 took: 2.34 leaves: 1
2023-03-29T14:52:33.837670+0800 | coin: doge ('2021-02-03', '2021-02-05') https://twitter.com/haydentiff/status/1357415243174080514 took: 2.16 leaves: 7
2023-03-29T14:52:57.054857+0800 | coin: doge ('2021-02-03', '2021-02-05') https://twitter.com/cryptoJourney88/status/1357411527507206145 took: 4.12 leaves: 21
2023-03-29T14:52:59.691800+0800 | coin: doge ('2021-02-03', '2021-02-05') https://twitter.com/Dogecoinrich/status/1357411413069885453 took: 1.87 leaves: 0
2023-03-29T14:53:34.982701+0800 | coin: doge ('2021-02-03', '2021-02-05') https://twitter.com/DogecoinRise/status/1357406874186911744 took: 2.00 leaves: 3
2023-03-29T14:54:27.556501+0800 | coin: doge ('2021-02-03', '2021-02-05') https://twitter.com/DogecoinRise/status/1357399300058189826 took: 3.21 leaves: 17
2023-03-29T14:54:45.830519+0800 | coin: doge ('2021-02-03', '2021-02-05') https://twitter.com/HiRezTheRapper/status/1357397302009331715 took: 2.05 leaves: 1
2023-03-29T14:55:07.723748+0800 | coin: doge ('2021-02-03', '2021-02-05') https://twitter.com/BinanceBCF/status/1357394630438887429 took: 2.35 leaves: 2
2023-03-29T14:55:20.579156+0800 | coin: doge ('2021-02-03', '2021-02-05') https://twitter.com/FlorkOfCows/status/1357393442788151296 took: 2.31 leaves: 1
2023-03-29T14:56:44.478122+0800 | coin: doge ('2021-02-03', '2021-02-05') https://twitter.com/elonmusk/status/1357269755112148993 took: 82.24 leaves: 1503
2023-03-29T14:57:04.695799+0800 | coin: doge ('2021-02-03', '2021-02-05') https://twitter.com/cryptolad88/status/1357390611578519556 took: 2.38 leaves: 2
2023-03-29T14:57:45.702100+0800 | coin: doge ('2021-02-03', '2021-02-05') https://twitter.com/Thevalueletter/status/1357386122293174273 took: 2.24 leaves: 8
2023-03-29T14:57:48.789117+0800 | coin: doge ('2021-02-03', '2021-02-05') https://twitter.com/ArkEcosystem/status/1357386085232435205 took: 3.09 leaves: 3
2023-03-29T14:57:51.664666+0800 | coin: doge ('2021-02-03', '2021-02-05') https://twitter.com/prashantksk/status/1357385997030481920 took: 2.06 leaves: 5
2023-03-29T14:58:13.624384+0800 | coin: doge ('2021-02-03', '2021-02-05') https://twitter.com/nic__carter/status/1357383837433626626 took: 2.21 leaves: 12
2023-03-29T14:58:18.758546+0800 | coin: doge ('2021-02-03', '2021-02-05') https://twitter.com/DogecoinRise/status/1357383684366553089 took: 4.34 leaves: 44
2023-03-29T14:58:23.629385+0800 | coin: doge ('2021-02-03', '2021-02-05') https://twitter.com/ElijahSchaffer/status/1357383308481622016 took: 1.95 leaves: 0
2023-03-29T14:58:42.400260+0800 | coin: doge ('2021-02-03', '2021-02-05') https://twitter.com/davidgokhshtein/status/1357381401734176769 took: 4.41 leaves: 28
2023-03-29T14:58:45.785520+0800 | coin: doge ('2021-02-03', '2021-02-05') https://twitter.com/TrackerNFT/status/1357381308402593792 took: 2.60 leaves: 0
2023-03-29T14:58:56.210906+0800 | coin: doge ('2021-02-03', '2021-02-05') https://twitter.com/CryptoMSM/status/1357380345495175176 took: 2.18 leaves: 5
2023-03-29T14:59:02.957538+0800 | coin: doge ('2021-02-03', '2021-02-05') https://twitter.com/crypto_bitlord7/status/1357379738818338817 took: 2.46 leaves: 11
2023-03-29T14:59:18.947989+0800 | coin: doge ('2021-02-03', '2021-02-05') https://twitter.com/bitcoinzay/status/1357378247709851650 took: 4.81 leaves: 32
2023-03-29T15:02:07.900971+0800 | coin: doge ('2021-02-03', '2021-02-05') https://twitter.com/elonmusk/status/1357244295091208193 took: 147.67 leaves: 2847
2023-03-29T15:02:17.316448+0800 | coin: doge ('2021-02-03', '2021-02-05') https://twitter.com/DogecoinRise/status/1357375476604444672 took: 3.42 leaves: 17
2023-03-29T15:02:21.416122+0800 | coin: doge ('2021-02-03', '2021-02-05') https://twitter.com/point_btc/status/1357375217773891586 took: 2.46 leaves: 8
2023-03-29T15:04:30.519882+0800 | coin: doge ('2021-02-03', '2021-02-05') https://twitter.com/souljaboy/status/1357360850881847302 took: 50.99 leaves: 1053
2023-03-29T15:04:54.053148+0800 | coin: doge ('2021-02-03', '2021-02-05') https://twitter.com/kazwah_/status/1357364452203577345 took: 3.84 leaves: 2
2023-03-29T15:05:12.288425+0800 | coin: doge ('2021-02-03', '2021-02-05') https://twitter.com/VentureCoinist/status/1357362701295640576 took: 2.25 leaves: 14
2023-03-29T15:06:25.092762+0800 | coin: doge ('2021-02-03', '2021-02-05') https://twitter.com/LayahHeilpern/status/1357355841305931778 took: 2.98 leaves: 15
2023-03-29T15:07:33.516123+0800 | coin: doge ('2021-02-03', '2021-02-05') https://twitter.com/MostCrucified/status/1357348446840057858 took: 2.19 leaves: 1
2023-03-29T15:09:08.398656+0800 | coin: doge ('2021-02-03', '2021-02-05') https://twitter.com/elonmusk/status/1357236825589432322 took: 86.41 leaves: 1656
2023-03-29T15:09:14.219701+0800 | coin: doge ('2021-02-03', '2021-02-05') https://twitter.com/cameron/status/1357347226373160977 took: 4.13 leaves: 38
2023-03-29T15:09:45.526102+0800 | coin: doge ('2021-02-03', '2021-02-05') https://twitter.com/Joeyi131/status/1357344467406082048 took: 2.01 leaves: 2
2023-03-29T15:10:04.340700+0800 | coin: doge ('2021-02-03', '2021-02-05') https://twitter.com/salihubawa10/status/1357342803525652489 took: 1.89 leaves: 0
2023-03-29T15:10:53.945189+0800 | coin: doge ('2021-02-03', '2021-02-05') https://twitter.com/davidgokhshtein/status/1357338496894074880 took: 2.10 leaves: 6
2023-03-29T15:11:10.448639+0800 | coin: doge ('2021-02-03', '2021-02-05') https://twitter.com/OKLink/status/1357337426285371393 took: 1.91 leaves: 0
2023-03-29T15:12:09.004167+0800 | coin: doge ('2021-02-03', '2021-02-05') https://twitter.com/cameron/status/1357333404568735745 took: 3.33 leaves: 26
2023-03-29T15:13:08.229744+0800 | coin: doge ('2021-02-03', '2021-02-05') https://twitter.com/CezarFromTexas/status/1357329740722544649 took: 1.87 leaves: 0
2023-03-29T15:13:41.264509+0800 | coin: doge ('2021-02-03', '2021-02-05') https://twitter.com/cryptunez/status/1357327700621471749 took: 2.47 leaves: 1
2023-03-29T15:13:49.161678+0800 | coin: doge ('2021-02-03', '2021-02-05') https://twitter.com/tyler/status/1357327411059322880 took: 3.86 leaves: 39
2023-03-29T15:13:58.130459+0800 | coin: doge ('2021-02-03', '2021-02-05') https://twitter.com/Thevalueletter/status/1357326959634755587 took: 2.08 leaves: 2
2023-03-29T15:14:13.145234+0800 | coin: doge ('2021-02-03', '2021-02-05') https://twitter.com/tyler/status/1357326329755148288 took: 5.90 leaves: 79
2023-03-29T15:14:18.865580+0800 | coin: doge ('2021-02-03', '2021-02-05') https://twitter.com/TheDailyTakeS/status/1357326038423003139 took: 2.03 leaves: 2
2023-03-29T15:14:28.691611+0800 | coin: doge ('2021-02-03', '2021-02-05') https://twitter.com/cryptunez/status/1357325497965944835 took: 2.88 leaves: 17
2023-03-29T15:14:38.489846+0800 | coin: doge ('2021-02-03', '2021-02-05') https://twitter.com/CryptoKaleo/status/1357324853058150402 took: 2.15 leaves: 3
2023-03-29T15:15:00.875667+0800 | coin: doge ('2021-02-03', '2021-02-05') https://twitter.com/Thevalueletter/status/1357323346271236099 took: 3.07 leaves: 17
2023-03-29T15:15:05.443170+0800 | coin: doge ('2021-02-03', '2021-02-05') https://twitter.com/jerryfrometa/status/1357323191304269824 took: 2.29 leaves: 8
2023-03-29T15:15:30.538761+0800 | coin: doge ('2021-02-03', '2021-02-05') https://twitter.com/MartiniGuyYT/status/1357321514304045056 took: 2.34 leaves: 7
2023-03-29T15:15:40.848227+0800 | coin: doge ('2021-02-03', '2021-02-05') https://twitter.com/GeorgeB14941177/status/1357320832901603328 took: 1.93 leaves: 0
2023-03-29T15:15:45.458200+0800 | coin: doge ('2021-02-03', '2021-02-05') https://twitter.com/CryptoWendyO/status/1357320688269336577 took: 3.19 leaves: 21
2023-03-29T15:16:04.482591+0800 | coin: doge ('2021-02-03', '2021-02-05') https://twitter.com/SaltzmanJason/status/1357319086192156673 took: 1.91 leaves: 0
2023-03-29T15:16:18.958396+0800 | coin: doge ('2021-02-03', '2021-02-05') https://twitter.com/hskt_sply/status/1357318005819019267 took: 2.25 leaves: 1
2023-03-29T15:16:27.440985+0800 | coin: doge ('2021-02-03', '2021-02-05') https://twitter.com/RM_USAFan/status/1357317490729246720 took: 2.77 leaves: 1
2023-03-29T15:16:39.832148+0800 | coin: doge ('2021-02-03', '2021-02-05') https://twitter.com/CryptoBull2020/status/1357316419055190018 took: 2.39 leaves: 4
2023-03-29T15:16:49.624189+0800 | coin: doge ('2021-02-03', '2021-02-05') https://twitter.com/cgimmer/status/1357315666789998592 took: 2.32 leaves: 3
2023-03-29T15:16:59.333550+0800 | coin: doge ('2021-02-03', '2021-02-05') https://twitter.com/mickjenkins/status/1357314958552408064 took: 2.47 leaves: 1
2023-03-29T15:17:04.056653+0800 | coin: doge ('2021-02-03', '2021-02-05') https://twitter.com/CryptoKaleo/status/1357314817594425346 took: 2.25 leaves: 2
2023-03-29T15:17:56.797281+0800 | coin: doge ('2021-02-03', '2021-02-05') https://twitter.com/Muco_o7o/status/1357309832404099074 took: 2.58 leaves: 2
2023-03-29T15:18:00.014415+0800 | coin: doge ('2021-02-03', '2021-02-05') https://twitter.com/MustaphaOlatu19/status/1357309648114704385 took: 1.94 leaves: 0
2023-03-29T15:18:26.727106+0800 | coin: doge ('2021-02-03', '2021-02-05') https://twitter.com/CryptoMSM/status/1357307364014186496 took: 2.34 leaves: 3
2023-03-29T15:18:37.937411+0800 | coin: doge ('2021-02-03', '2021-02-05') https://twitter.com/Thevalueletter/status/1357306974640218114 took: 7.39 leaves: 86
2023-03-29T15:19:09.308513+0800 | coin: doge ('2021-02-03', '2021-02-05') https://twitter.com/binance/status/1357304116909912064 took: 2.35 leaves: 2
2023-03-29T15:19:13.989554+0800 | coin: doge ('2021-02-03', '2021-02-05') https://twitter.com/Thevalueletter/status/1357303866170236928 took: 1.98 leaves: 1
2023-03-29T15:19:24.136480+0800 | coin: doge ('2021-02-03', '2021-02-05') https://twitter.com/Thevalueletter/status/1357303144682835969 took: 2.47 leaves: 7
2023-03-29T15:19:28.634832+0800 | coin: doge ('2021-02-03', '2021-02-05') https://twitter.com/wolf_vukovic/status/1357302927858274304 took: 2.02 leaves: 3
2023-03-29T15:21:39.296481+0800 | coin: doge ('2021-02-03', '2021-02-05') https://twitter.com/_CryptoMad_/status/1357291357031854081 took: 1.91 leaves: 0
2023-03-29T15:21:53.558671+0800 | coin: doge ('2021-02-03', '2021-02-05') https://twitter.com/rektcapital/status/1357290052909424641 took: 3.15 leaves: 3
2023-03-29T15:21:57.139739+0800 | coin: doge ('2021-02-03', '2021-02-05') https://twitter.com/MilkPorkWaffle/status/1357289979739729920 took: 2.46 leaves: 1
2023-03-29T15:22:04.610265+0800 | coin: doge ('2021-02-03', '2021-02-05') https://twitter.com/HukAleksandra/status/1357289341731696640 took: 2.09 leaves: 4
2023-03-29T15:22:11.521724+0800 | coin: doge ('2021-02-03', '2021-02-05') https://twitter.com/getblockio/status/1357289019755929601 took: 2.89 leaves: 18
2023-03-29T15:22:22.856500+0800 | coin: doge ('2021-02-03', '2021-02-05') https://twitter.com/Sodiano_03/status/1357288086959517698 took: 2.69 leaves: 0
2023-03-29T15:22:29.326252+0800 | coin: doge ('2021-02-03', '2021-02-05') https://twitter.com/sfdxpro/status/1357287647014699008 took: 1.93 leaves: 0
2023-03-29T15:23:01.630453+0800 | coin: doge ('2021-02-03', '2021-02-05') https://twitter.com/bitfinex/status/1357284550804729856 took: 2.87 leaves: 4
2023-03-29T15:23:10.442999+0800 | coin: doge ('2021-02-03', '2021-02-05') https://twitter.com/CryptoMSM/status/1357284045437235206 took: 3.37 leaves: 23
2023-03-29T15:24:24.267943+0800 | coin: doge ('2021-02-03', '2021-02-05') https://twitter.com/cameron/status/1357278594259689472 took: 5.17 leaves: 74
2023-03-29T15:24:34.685512+0800 | coin: doge ('2021-02-03', '2021-02-05') https://twitter.com/Investingcom/status/1357277777712603137 took: 2.00 leaves: 2
2023-03-29T15:24:46.029500+0800 | coin: doge ('2021-02-03', '2021-02-05') https://twitter.com/CoinMarketCap/status/1357276940156166145 took: 2.44 leaves: 7
2023-03-29T15:26:20.728387+0800 | coin: doge ('2021-02-03', '2021-02-05') https://twitter.com/AfeStevegift/status/1357269082496782337 took: 1.96 leaves: 1
2023-03-29T15:26:49.937929+0800 | coin: doge ('2021-02-03', '2021-02-05') https://twitter.com/ArnoldPoernomo/status/1357266314667040769 took: 1.89 leaves: 0
2023-03-29T15:27:38.638796+0800 | coin: doge ('2021-02-03', '2021-02-05') https://twitter.com/elonmusk/status/1357261308152975361 took: 32.47 leaves: 498
2023-03-29T15:27:50.000793+0800 | coin: doge ('2021-02-03', '2021-02-05') https://twitter.com/Dehkunle/status/1357263842506657795 took: 2.32 leaves: 13
2023-03-29T15:28:52.968246+0800 | coin: doge ('2021-02-03', '2021-02-05') https://twitter.com/cz_binance/status/1357259732000538628 took: 2.53 leaves: 6
2023-03-29T15:29:11.033935+0800 | coin: doge ('2021-02-03', '2021-02-05') https://twitter.com/crypto_bitlord7/status/1357258735152844802 took: 2.22 leaves: 2
2023-03-29T15:29:29.147602+0800 | coin: doge ('2021-02-03', '2021-02-05') https://twitter.com/stackhodler/status/1357257396737949696 took: 2.19 leaves: 4
2023-03-29T15:29:35.998607+0800 | coin: doge ('2021-02-03', '2021-02-05') https://twitter.com/_ErkanOz/status/1357257046979194880 took: 2.00 leaves: 0
2023-03-29T15:30:20.239361+0800 | coin: doge ('2021-02-03', '2021-02-05') https://twitter.com/KoroushAK/status/1357254356911939586 took: 2.23 leaves: 4
2023-03-29T15:30:24.163217+0800 | coin: doge ('2021-02-03', '2021-02-05') https://twitter.com/carlosd0220/status/1357254261382512640 took: 2.23 leaves: 2
2023-03-29T15:30:51.928561+0800 | coin: doge ('2021-02-03', '2021-02-05') https://twitter.com/kazwah_/status/1357253009256943619 took: 2.25 leaves: 4
2023-03-29T15:31:09.162353+0800 | coin: doge ('2021-02-03', '2021-02-05') https://twitter.com/QuintenFrancois/status/1357252311983280128 took: 3.17 leaves: 3
2023-03-29T15:31:53.404063+0800 | coin: doge ('2021-02-03', '2021-02-05') https://twitter.com/LomahCrypto/status/1357250239971942402 took: 1.98 leaves: 0
2023-03-29T15:32:07.027608+0800 | coin: doge ('2021-02-03', '2021-02-05') https://twitter.com/kazwah_/status/1357249815810310148 took: 2.45 leaves: 2
2023-03-29T15:34:15.201673+0800 | coin: doge ('2021-02-03', '2021-02-05') https://twitter.com/elonmusk/status/1357241340313141249 took: 106.14 leaves: 1671
2023-03-29T15:34:17.931634+0800 | coin: doge ('2021-02-03', '2021-02-05') https://twitter.com/briteresi/status/1357249089717428226 took: 2.01 leaves: 1
2023-03-29T15:34:21.440450+0800 | coin: doge ('2021-02-03', '2021-02-05') https://twitter.com/DogecoinRise/status/1357249078451601410 took: 3.51 leaves: 30
2023-03-29T15:34:57.730415+0800 | coin: doge ('2021-02-03', '2021-02-05') https://twitter.com/elonmusk/status/1357248581581889538 took: 32.98 leaves: 531
2023-03-29T15:35:51.958978+0800 | coin: doge ('2021-02-03', '2021-02-05') https://twitter.com/elonmusk/status/1357248331387441153 took: 25.49 leaves: 369
2023-03-29T15:36:17.771803+0800 | coin: doge ('2021-02-03', '2021-02-05') https://twitter.com/Dogecoinrich/status/1357247932660125699 took: 2.02 leaves: 1
2023-03-29T15:36:25.401922+0800 | coin: doge ('2021-02-03', '2021-02-05') https://twitter.com/GoldenboyFTW/status/1357247868759805954 took: 4.22 leaves: 1
2023-03-29T15:36:44.700917+0800 | coin: doge ('2021-02-03', '2021-02-05') https://twitter.com/TheCryptoLark/status/1357247600383062016 took: 4.75 leaves: 52
2023-03-29T15:37:15.190220+0800 | coin: doge ('2021-02-03', '2021-02-05') https://twitter.com/bantg/status/1357247302457577472 took: 6.10 leaves: 58
2023-03-29T15:37:44.606220+0800 | coin: doge ('2021-02-03', '2021-02-05') https://twitter.com/Goon_34/status/1357246732342595584 took: 4.35 leaves: 0
2023-03-29T15:37:58.382974+0800 | coin: doge ('2021-02-03', '2021-02-05') https://twitter.com/kazwah_/status/1357246440574242816 took: 2.36 leaves: 7
2023-03-29T15:38:06.848717+0800 | coin: doge ('2021-02-03', '2021-02-05') https://twitter.com/IvanOnTech/status/1357246281920487424 took: 3.18 leaves: 19
2023-03-29T15:38:21.746063+0800 | coin: doge ('2021-02-03', '2021-02-05') https://twitter.com/Cryptanzee/status/1357246011190640641 took: 2.00 leaves: 3
2023-03-29T15:38:27.131440+0800 | coin: doge ('2021-02-03', '2021-02-05') https://twitter.com/khrisspyy/status/1357245955888807938 took: 2.75 leaves: 4
2023-03-29T15:38:55.876386+0800 | coin: doge ('2021-02-03', '2021-02-05') https://twitter.com/CredibleCrypto/status/1357245340039086081 took: 2.03 leaves: 3
2023-03-29T15:39:01.334429+0800 | coin: doge ('2021-02-03', '2021-02-05') https://twitter.com/LomahCrypto/status/1357245289971744769 took: 3.14 leaves: 4
2023-03-29T15:39:48.894139+0800 | coin: doge ('2021-02-03', '2021-02-05') https://twitter.com/danheld/status/1357244522141425664 took: 3.13 leaves: 13
2023-03-29T15:40:22.127195+0800 | coin: doge ('2021-02-03', '2021-02-05') https://twitter.com/MacroScope17/status/1357243680663498754 took: 2.32 leaves: 0
2023-03-29T15:40:25.832825+0800 | coin: doge ('2021-02-03', '2021-02-05') https://twitter.com/kazwah_/status/1357243626028417025 took: 2.13 leaves: 3
2023-03-29T15:40:33.257154+0800 | coin: doge ('2021-02-03', '2021-02-05') https://twitter.com/CryptoCapo_/status/1357243503680626689 took: 2.31 leaves: 7
2023-03-29T15:40:53.495728+0800 | coin: doge ('2021-02-03', '2021-02-05') https://twitter.com/coingecko/status/1357243008463241217 took: 5.10 leaves: 2
2023-03-29T15:41:01.255237+0800 | coin: doge ('2021-02-03', '2021-02-05') https://twitter.com/AbdulMahmud01/status/1357242850640019456 took: 1.97 leaves: 0
2023-03-29T15:41:18.457775+0800 | coin: doge ('2021-02-03', '2021-02-05') https://twitter.com/kris/status/1357242470258470912 took: 2.52 leaves: 8
2023-03-29T15:41:23.757124+0800 | coin: doge ('2021-02-03', '2021-02-05') https://twitter.com/cryptogirI/status/1357242396224946176 took: 2.00 leaves: 1
2023-03-29T15:41:36.536071+0800 | coin: doge ('2021-02-03', '2021-02-05') https://twitter.com/MYSTIC7/status/1357242133229436928 took: 2.08 leaves: 3
2023-03-29T15:41:42.834745+0800 | coin: doge ('2021-02-03', '2021-02-05') https://twitter.com/Excellion/status/1357242028401127425 took: 2.01 leaves: 3
2023-03-29T15:42:03.711097+0800 | coin: doge ('2021-02-03', '2021-02-05') https://twitter.com/TheKingsletter/status/1357241574271291392 took: 2.02 leaves: 0
2023-03-29T15:42:10.357580+0800 | coin: doge ('2021-02-03', '2021-02-05') single tweet https://twitter.com/TylerSeavey/status/1357241407409332227 took: 0.00
2023-03-29T15:42:46.306695+0800 | coin: doge ('2021-02-03', '2021-02-05') https://twitter.com/lilyachty/status/1357240221495091201 took: 3.48 leaves: 27
2023-03-29T15:43:09.661673+0800 | coin: doge ('2021-02-03', '2021-02-05') https://twitter.com/crypto_bitlord7/status/1357239500854861824 took: 2.03 leaves: 6
2023-03-29T15:43:15.241497+0800 | coin: doge ('2021-02-03', '2021-02-05') https://twitter.com/KEEMSTAR/status/1357239388456034304 took: 2.52 leaves: 6
2023-03-29T15:43:18.905347+0800 | coin: doge ('2021-02-03', '2021-02-05') https://twitter.com/RealRockatansky/status/1357239352175194112 took: 2.00 leaves: 0
2023-03-29T15:43:26.400414+0800 | coin: doge ('2021-02-03', '2021-02-05') https://twitter.com/sirhottest/status/1357239197493383174 took: 1.98 leaves: 0
2023-03-29T15:45:23.859394+0800 | coin: doge ('2021-02-03', '2021-02-05') https://twitter.com/elonmusk/status/1357229691824922633 took: 77.25 leaves: 1471
2023-03-29T15:45:26.740844+0800 | coin: doge ('2021-02-03', '2021-02-05') https://twitter.com/Dogecoinrich/status/1357238063244718080 took: 1.98 leaves: 1
2023-03-29T15:45:39.551888+0800 | coin: doge ('2021-02-03', '2021-02-05') https://twitter.com/Selcoin/status/1357237770935296000 took: 2.04 leaves: 2
2023-03-29T15:46:03.236877+0800 | coin: doge ('2021-02-03', '2021-02-05') https://twitter.com/FirstSquawk/status/1357237184261206021 took: 2.08 leaves: 1
2023-03-29T15:46:10.533353+0800 | coin: doge ('2021-02-03', '2021-02-05') https://twitter.com/davidgokhshtein/status/1357237064455045121 took: 2.00 leaves: 1
2023-03-29T15:46:34.255857+0800 | coin: doge ('2021-02-03', '2021-02-05') https://twitter.com/Bosslogic/status/1357236051442421763 took: 2.16 leaves: 1
2023-03-29T15:46:49.796094+0800 | coin: doge ('2021-02-03', '2021-02-05') https://twitter.com/enosys_global/status/1357235423064379392 took: 2.32 leaves: 10
2023-03-29T15:47:03.908216+0800 | coin: doge ('2021-02-03', '2021-02-05') https://twitter.com/DogecoinRise/status/1357235031505215488 took: 4.74 leaves: 5
2023-03-29T15:47:08.471838+0800 | coin: doge ('2021-02-03', '2021-02-05') https://twitter.com/davidgokhshtein/status/1357234966787219457 took: 2.91 leaves: 17
2023-03-29T15:47:24.781577+0800 | coin: doge ('2021-02-03', '2021-02-05') https://twitter.com/DogecoinRise/status/1357234448987607040 took: 2.37 leaves: 3
2023-03-29T15:47:40.667754+0800 | coin: doge ('2021-02-03', '2021-02-05') https://twitter.com/fonship/status/1357233811680096256 took: 1.97 leaves: 2
2023-03-29T15:47:52.932352+0800 | coin: doge ('2021-02-03', '2021-02-05') https://twitter.com/DogecoinRise/status/1357233290978074628 took: 2.39 leaves: 6
2023-03-29T15:48:11.011572+0800 | coin: doge ('2021-02-03', '2021-02-05') https://twitter.com/LomahCrypto/status/1357232262622965762 took: 1.88 leaves: 0
2023-03-29T15:48:13.717943+0800 | coin: doge ('2021-02-03', '2021-02-05') https://twitter.com/Abu9ala7/status/1357232182792749056 took: 1.91 leaves: 0
2023-03-29T15:49:08.828217+0800 | coin: doge ('2021-02-03', '2021-02-05') https://twitter.com/davidgokhshtein/status/1357219313179103233 took: 2.14 leaves: 6
2023-03-29T15:49:31.741002+0800 | coin: doge ('2021-02-03', '2021-02-05') https://twitter.com/TulaPlays/status/1357211833128673280 took: 2.03 leaves: 5
2023-03-29T15:49:56.694414+0800 | coin: doge ('2021-02-03', '2021-02-05') https://twitter.com/cryptunez/status/1357205354652848135 took: 2.19 leaves: 11
2023-03-29T15:51:12.727166+0800 | coin: doge ('2021-02-03', '2021-02-05') https://twitter.com/cryptocom/status/1356546462025322503 took: 74.38 leaves: 1055
2023-03-29T15:51:47.496282+0800 | coin: doge ('2021-02-03', '2021-02-05') https://twitter.com/KEEMSTAR/status/1357199026593157127 took: 3.30 leaves: 4
2023-03-29T15:51:55.533208+0800 | coin: doge ('2021-02-03', '2021-02-05') https://twitter.com/Bosslogic/status/1357198421287784448 took: 2.00 leaves: 2
2023-03-29T15:51:59.753736+0800 | coin: doge ('2021-02-03', '2021-02-05') https://twitter.com/Marcus18598073/status/1357198135647428609 took: 2.02 leaves: 4
2023-03-29T15:52:09.656260+0800 | coin: doge ('2021-02-03', '2021-02-05') https://twitter.com/Thevalueletter/status/1357197330848620544 took: 3.32 leaves: 22
2023-03-29T15:52:26.883865+0800 | coin: doge ('2021-02-03', '2021-02-05') https://twitter.com/Seavey_Chris/status/1357195118898384897 took: 2.07 leaves: 6
2023-03-29T15:52:37.604256+0800 | coin: doge ('2021-02-03', '2021-02-05') https://twitter.com/camjordan94/status/1357193751685451777 took: 2.16 leaves: 2
2023-03-29T15:52:47.993759+0800 | coin: doge ('2021-02-03', '2021-02-05') https://twitter.com/crypto_bitlord7/status/1357192814430281731 took: 2.05 leaves: 4
2023-03-29T15:52:50.033914+0800 | coin: doge ('2021-02-03', '2021-02-05') https://twitter.com/andyholloway/status/1357192813348229120 took: 2.04 leaves: 4
2023-03-29T15:54:15.393438+0800 | coin: doge ('2021-02-03', '2021-02-05') https://twitter.com/davidgokhshtein/status/1357175219501363200 took: 2.21 leaves: 10
2023-03-29T15:54:38.671597+0800 | coin: doge ('2021-02-03', '2021-02-05') https://twitter.com/DogecoinRise/status/1357169157024804865 took: 2.50 leaves: 15
2023-03-29T15:54:43.438617+0800 | coin: doge ('2021-02-03', '2021-02-05') https://twitter.com/RaymondKozi/status/1357168268277129217 took: 2.45 leaves: 10
2023-03-29T15:55:04.100666+0800 | coin: doge ('2021-02-03', '2021-02-05') https://twitter.com/dabblingqueen/status/1357162732047466498 took: 2.19 leaves: 6
2023-03-29T15:55:30.506226+0800 | coin: doge ('2021-02-03', '2021-02-05') https://twitter.com/CryptoKaleo/status/1357157100351291394 took: 2.10 leaves: 0
2023-03-29T15:56:01.636612+0800 | coin: doge ('2021-02-03', '2021-02-05') https://twitter.com/stonkdaytrader/status/1357150495463383043 took: 2.12 leaves: 4
2023-03-29T15:56:23.884003+0800 | coin: doge ('2021-02-03', '2021-02-05') https://twitter.com/KEEMSTAR/status/1357146013266550785 took: 4.73 leaves: 8
2023-03-29T15:56:41.177067+0800 | coin: doge ('2021-02-03', '2021-02-05') https://twitter.com/cardiganrecords/status/1357141339411001345 took: 2.38 leaves: 3
2023-03-29T15:56:51.586908+0800 | coin: doge ('2021-02-03', '2021-02-05') https://twitter.com/333M333b/status/1357138443114061832 took: 2.10 leaves: 2
2023-03-29T15:57:03.990114+0800 | coin: doge ('2021-02-03', '2021-02-05') https://twitter.com/KEEMSTAR/status/1357135497693429761 took: 2.47 leaves: 7
2023-03-29T15:57:13.424444+0800 | coin: doge ('2021-02-03', '2021-02-05') https://twitter.com/davidgokhshtein/status/1357133077668102144 took: 2.19 leaves: 5
2023-03-29T15:57:19.413739+0800 | coin: doge ('2021-02-03', '2021-02-05') https://twitter.com/miakhalifa/status/1357131481999544321 took: 3.57 leaves: 6
2023-03-29T15:57:34.200846+0800 | coin: doge ('2021-02-03', '2021-02-05') https://twitter.com/UrbanSymph/status/1357128628144898048 took: 2.13 leaves: 6
2023-03-29T15:58:14.990161+0800 | coin: doge ('2021-02-03', '2021-02-05') https://twitter.com/tommyropesss/status/1357117760845713408 took: 3.33 leaves: 23
2023-03-29T15:58:40.411298+0800 | coin: doge ('2021-02-03', '2021-02-05') https://twitter.com/LamarS407/status/1357111173028712450 took: 1.98 leaves: 0
2023-03-29T15:59:12.640299+0800 | coin: doge ('2021-02-03', '2021-02-05') https://twitter.com/cryptoJourney88/status/1357102305099845634 took: 3.29 leaves: 29
2023-03-29T15:59:36.481544+0800 | coin: doge ('2021-02-03', '2021-02-05') https://twitter.com/cryptunez/status/1357096692026335238 took: 1.95 leaves: 2
2023-03-29T15:59:45.532893+0800 | coin: doge ('2021-02-03', '2021-02-05') https://twitter.com/stevedabitcoin/status/1357094379408744452 took: 1.88 leaves: 0
2023-03-29T15:59:55.297516+0800 | coin: doge ('2021-02-03', '2021-02-05') https://twitter.com/cryptoJourney88/status/1357092509101531139 took: 2.27 leaves: 7
2023-03-29T16:00:09.219825+0800 | coin: doge ('2021-02-03', '2021-02-05') https://twitter.com/DogecoinRise/status/1357089415454056450 took: 2.65 leaves: 17
2023-03-29T16:00:13.359061+0800 | coin: doge ('2021-02-03', '2021-02-05') https://twitter.com/TheCryptoLark/status/1357089001165844482 took: 2.52 leaves: 4
2023-03-29T16:00:31.985613+0800 | coin: doge ('2021-02-03', '2021-02-05') https://twitter.com/Coldoggo/status/1357085246085341185 took: 2.05 leaves: 0
2023-03-29T16:00:40.792348+0800 | coin: doge ('2021-02-03', '2021-02-05') https://twitter.com/jerryfrometa/status/1357084025232449539 took: 2.21 leaves: 11
2023-03-29T16:00:59.410713+0800 | coin: doge ('2021-02-03', '2021-02-05') https://twitter.com/CryptoPollz/status/1357081445890744321 took: 1.86 leaves: 0
2023-03-29T16:01:01.523718+0800 | coin: doge ('2021-02-03', '2021-02-05') https://twitter.com/HiRezTheRapper/status/1357081394355273730 took: 2.11 leaves: 5
2023-03-29T16:01:04.289020+0800 | coin: doge ('2021-02-03', '2021-02-05') https://twitter.com/Thevalueletter/status/1357081297840185346 took: 1.91 leaves: 0
2023-03-29T16:01:14.573739+0800 | coin: doge ('2021-02-03', '2021-02-05') https://twitter.com/InsiderCrypto_/status/1357080291567878148 took: 2.14 leaves: 0
2023-03-29T16:01:25.025810+0800 | coin: doge ('2021-02-03', '2021-02-05') https://twitter.com/dyland74/status/1357079103774597120 took: 2.49 leaves: 0
2023-03-29T16:01:51.402761+0800 | coin: doge ('2021-02-03', '2021-02-05') https://twitter.com/Dogeswap_/status/1357076769875066882 took: 1.97 leaves: 1
2023-03-29T16:02:00.220999+0800 | coin: doge ('2021-02-03', '2021-02-05') https://twitter.com/V_R__Zoph/status/1357076098530615296 took: 2.32 leaves: 0
2023-03-29T16:02:20.329718+0800 | coin: doge ('2021-02-03', '2021-02-05') https://twitter.com/mzgbaa/status/1357074731611136002 took: 2.06 leaves: 2
2023-03-29T16:02:35.557944+0800 | coin: doge ('2021-02-03', '2021-02-05') https://twitter.com/DogecoinRise/status/1357073083153092609 took: 3.37 leaves: 31
2023-03-29T16:02:52.950063+0800 | coin: doge ('2021-02-03', '2021-02-05') https://twitter.com/jerryfrometa/status/1357071095942303746 took: 2.14 leaves: 5
2023-03-29T16:03:02.414739+0800 | coin: doge ('2021-02-03', '2021-02-05') https://twitter.com/SatoshiChairman/status/1357069009053773824 took: 2.01 leaves: 2
2023-03-29T16:03:43.699749+0800 | coin: doge ('2021-02-03', '2021-02-05') https://twitter.com/davidgokhshtein/status/1357061401815244801 took: 4.09 leaves: 32
2023-03-29T16:03:50.826255+0800 | coin: doge ('2021-02-03', '2021-02-05') https://twitter.com/DogecoinRise/status/1357060130785746945 took: 3.25 leaves: 18
2023-03-29T16:04:10.120501+0800 | coin: doge ('2021-02-03', '2021-02-05') https://twitter.com/AfroSenju/status/1357053700565577732 took: 2.03 leaves: 3
2023-03-29T16:04:41.548885+0800 | coin: doge ('2021-02-03', '2021-02-05') https://twitter.com/RookieXBT/status/1357040080658059267 took: 1.99 leaves: 1
2023-03-29T16:05:10.823754+0800 | coin: doge ('2021-02-03', '2021-02-05') https://twitter.com/DogecoinRise/status/1357031038426341377 took: 7.43 leaves: 108
2023-03-29T16:05:22.057697+0800 | coin: doge ('2021-02-03', '2021-02-05') https://twitter.com/DogecoinRise/status/1357027751488708610 took: 2.34 leaves: 10
2023-03-29T16:05:33.406487+0800 | coin: doge ('2021-02-03', '2021-02-05') https://twitter.com/elliotrades/status/1357024198724448256 took: 2.93 leaves: 19
2023-03-29T16:05:37.092765+0800 | coin: doge ('2021-02-03', '2021-02-05') https://twitter.com/AfroSenju/status/1357023443951226885 took: 2.21 leaves: 10
2023-03-29T16:05:46.393979+0800 | coin: doge ('2021-02-03', '2021-02-05') https://twitter.com/DogecoinRise/status/1357021366529101824 took: 3.20 leaves: 23
2023-03-29T16:06:43.543354+0800 | coin: doge ('2021-02-03', '2021-02-05') https://twitter.com/JoeyHebert17/status/1356997338200440833 took: 1.97 leaves: 1
2023-03-29T16:07:01.745005+0800 | coin: doge ('2021-02-03', '2021-02-05') https://twitter.com/davidgokhshtein/status/1356989674628272128 took: 3.12 leaves: 20
2023-03-29T16:07:09.638294+0800 | coin: doge ('2021-02-03', '2021-02-05') https://twitter.com/DogeCoinDolla/status/1356987110373421059 took: 2.07 leaves: 2
2023-03-29T16:07:11.659450+0800 | coin: doge ('2021-02-03', '2021-02-05') https://twitter.com/wifewho_/status/1356987080149196804 took: 2.02 leaves: 4
2023-03-29T16:07:54.039210+0800 | coin: doge ('2021-02-03', '2021-02-05') https://twitter.com/cryptunez/status/1356971618053070848 took: 2.08 leaves: 3
2023-03-29T16:08:33.686392+0800 | coin: doge ('2021-02-03', '2021-02-05') https://twitter.com/CryptoBull/status/1356947726034960384 took: 2.09 leaves: 3
2023-03-29T16:08:42.503008+0800 | coin: doge ('2021-02-03', '2021-02-05') https://twitter.com/Spitfire/status/1356943017358188544 took: 2.05 leaves: 0
2023-03-29T16:09:06.856700+0800 | coin: doge ('2021-02-03', '2021-02-05') https://twitter.com/Dogeswap_/status/1356925511889469442 took: 2.17 leaves: 2
2023-03-29T16:09:23.369539+0800 | coin: doge ('2021-02-03', '2021-02-05') https://twitter.com/CryptoDiffer/status/1356910433140166656 took: 1.99 leaves: 2
2023-03-29T16:09:44.905724+0800 | coin: doge ('2021-02-03', '2021-02-05') https://twitter.com/DogecoinRise/status/1356894136142491649 took: 3.34 leaves: 18
2023-03-29T16:10:20.400951+0800 | coin: doge ('2021-02-03', '2021-02-05') https://twitter.com/RuiStevetrading/status/1356866805940150272 took: 1.98 leaves: 3
2023-03-29T16:10:29.324822+0800 | coin: doge ('2021-02-03', '2021-02-05') https://twitter.com/DogecoinRise/status/1356862767513276416 took: 2.78 leaves: 9
2023-03-29T16:11:05.229971+0800 | coin: doge ('2021-02-03', '2021-02-05') https://twitter.com/davidgokhshtein/status/1356842806745120768 took: 2.01 leaves: 1
2023-03-29T16:11:10.862101+0800 | coin: doge ('2021-02-03', '2021-02-05') https://twitter.com/davidgokhshtein/status/1356840709307961344 took: 2.25 leaves: 10
2023-03-29T16:11:32.367090+0800 | coin: doge ('2021-02-03', '2021-02-05') https://twitter.com/Baby_Doge_India/status/1356830775908458496 took: 2.19 leaves: 0
2023-03-29T16:11:42.155154+0800 | coin: doge ('2021-02-03', '2021-02-05') https://twitter.com/TrackerNFT/status/1356827499150401536 took: 2.06 leaves: 3
2023-03-29T16:12:07.819283+0800 | coin: doge ('2021-02-03', '2021-02-05') https://twitter.com/DogecoinRise/status/1356816251704668160 took: 3.24 leaves: 13
2023-03-29T16:12:57.406893+0800 | coin: doge ('2021-02-03', '2021-02-05') https://twitter.com/davidgokhshtein/status/1356798336314060801 took: 3.21 leaves: 18
2023-03-29T16:13:07.260153+0800 | coin: doge ('2021-02-03', '2021-02-05') https://twitter.com/rogerdickey/status/1356795067416018944 took: 2.55 leaves: 8
2023-03-29T16:13:47.968369+0800 | coin: doge ('2021-02-03', '2021-02-05') https://twitter.com/BinanceUS/status/1356780697298509825 took: 2.55 leaves: 3
2023-03-29T16:14:46.258044+0800 | coin: doge ('2021-02-03', '2021-02-05') https://twitter.com/DogecoinRise/status/1356758505143721990 took: 2.77 leaves: 16
2023-03-29T16:14:54.486083+0800 | coin: doge ('2021-02-03', '2021-02-05') https://twitter.com/BettyFriedayum/status/1356755642820796419 took: 2.36 leaves: 0
