2023-03-29T14:43:52.650654+0800 | coin: luna ('2022-05-01', '2022-05-05') https://twitter.com/kelferrell/status/1521988673092399106 took: 2.02 leaves: 2
2023-03-29T14:44:03.339400+0800 | coin: luna ('2022-05-01', '2022-05-05') https://twitter.com/tatygeneste/status/1521977379001933825 took: 1.86 leaves: 0
2023-03-29T14:44:06.779518+0800 | coin: luna ('2022-05-01', '2022-05-05') https://twitter.com/MeshnetCapital/status/1521975821568647169 took: 2.10 leaves: 1
2023-03-29T14:44:11.424184+0800 | coin: luna ('2022-05-01', '2022-05-05') https://twitter.com/Sethisto/status/1521973069706711040 took: 2.18 leaves: 3
2023-03-29T14:44:32.593419+0800 | coin: luna ('2022-05-01', '2022-05-05') https://twitter.com/loopprotocol/status/1521959654565322752 took: 2.01 leaves: 3
2023-03-29T14:45:07.737099+0800 | coin: luna ('2022-05-01', '2022-05-05') https://twitter.com/Skeleton_Punks/status/1521937477287780356 took: 1.99 leaves: 0
2023-03-29T14:45:13.289422+0800 | coin: luna ('2022-05-01', '2022-05-05') https://twitter.com/TheBasementDAO/status/1521934069801574402 took: 1.83 leaves: 0
2023-03-29T14:45:30.726975+0800 | coin: luna ('2022-05-01', '2022-05-05') https://twitter.com/ShowMeRealPod/status/1521924820392288256 took: 1.99 leaves: 3
2023-03-29T14:45:38.518305+0800 | coin: luna ('2022-05-01', '2022-05-05') https://twitter.com/TheADAApe/status/1521920577337974784 took: 2.18 leaves: 0
2023-03-29T14:46:09.294851+0800 | coin: luna ('2022-05-01', '2022-05-05') https://twitter.com/luna_pomp/status/1521901229001129984 took: 3.53 leaves: 6
2023-03-29T14:46:12.800358+0800 | coin: luna ('2022-05-01', '2022-05-05') https://twitter.com/BeraCerbera/status/1521900963396734978 took: 2.04 leaves: 1
2023-03-29T14:46:16.470955+0800 | coin: luna ('2022-05-01', '2022-05-05') https://twitter.com/traderrocko/status/1521900168295194624 took: 2.08 leaves: 1
2023-03-29T14:46:33.356146+0800 | coin: luna ('2022-05-01', '2022-05-05') https://twitter.com/bitgertPro/status/1521892731425112067 took: 1.91 leaves: 0
2023-03-29T14:46:36.726226+0800 | coin: luna ('2022-05-01', '2022-05-05') https://twitter.com/STYLLARNFT/status/1521891723672227843 took: 1.93 leaves: 1
2023-03-29T14:46:47.712851+0800 | coin: luna ('2022-05-01', '2022-05-05') https://twitter.com/luna_del_reyyy/status/1521886432649834496 took: 2.16 leaves: 8
2023-03-29T14:46:54.427587+0800 | coin: luna ('2022-05-01', '2022-05-05') https://twitter.com/DC_PoliceDogs/status/1521883184144732163 took: 1.98 leaves: 2
2023-03-29T14:47:25.689887+0800 | coin: luna ('2022-05-01', '2022-05-05') https://twitter.com/SDLC420/status/1521865224764239873 took: 2.00 leaves: 1
2023-03-29T14:47:56.461947+0800 | coin: luna ('2022-05-01', '2022-05-05') https://twitter.com/Definews_Info/status/1521847057220530176 took: 3.68 leaves: 2
2023-03-29T14:48:12.230027+0800 | coin: luna ('2022-05-01', '2022-05-05') https://twitter.com/RobertEFuller/status/1521839812239527937 took: 2.03 leaves: 2
2023-03-29T14:48:22.395604+0800 | coin: luna ('2022-05-01', '2022-05-05') https://twitter.com/cryptrus/status/1521836734480269312 took: 3.90 leaves: 0
2023-03-29T14:48:28.506722+0800 | coin: luna ('2022-05-01', '2022-05-05') https://twitter.com/SeKenPH/status/1521834594819256326 took: 1.88 leaves: 0
2023-03-29T14:48:43.859242+0800 | coin: luna ('2022-05-01', '2022-05-05') https://twitter.com/Cephii1/status/1521827965511819265 took: 2.24 leaves: 7
2023-03-29T14:49:37.511353+0800 | coin: luna ('2022-05-01', '2022-05-05') https://twitter.com/Chris_CDC/status/1521786882819969025 took: 2.00 leaves: 1
2023-03-29T14:49:58.062397+0800 | coin: luna ('2022-05-01', '2022-05-05') https://twitter.com/cryptomanran/status/1521770080283021313 took: 4.00 leaves: 31
2023-03-29T14:50:00.833942+0800 | coin: luna ('2022-05-01', '2022-05-05') https://twitter.com/CryptoTony__/status/1521769599280295937 took: 2.09 leaves: 3
2023-03-29T14:50:03.277453+0800 | coin: luna ('2022-05-01', '2022-05-05') single tweet https://twitter.com/Shazam_SB19/status/1521766214237704192 took: 0.00
2023-03-29T14:50:27.049514+0800 | coin: luna ('2022-05-01', '2022-05-05') https://twitter.com/RichardHeartWin/status/1521748327284543488 took: 1.94 leaves: 0
2023-03-29T14:51:02.380736+0800 | coin: luna ('2022-05-01', '2022-05-05') https://twitter.com/Raphaellaaaa_/status/1521725850538102785 took: 2.06 leaves: 2
2023-03-29T14:51:19.604843+0800 | coin: luna ('2022-05-01', '2022-05-05') https://twitter.com/indigenousagent/status/1521708835592818688 took: 1.92 leaves: 0
2023-03-29T14:51:24.096066+0800 | coin: luna ('2022-05-01', '2022-05-05') https://twitter.com/IncomeSharks/status/1521706439085072384 took: 2.27 leaves: 3
2023-03-29T14:51:26.012607+0800 | coin: luna ('2022-05-01', '2022-05-05') https://twitter.com/redactedcartel/status/1521706141868498944 took: 1.91 leaves: 0
2023-03-29T14:52:09.445287+0800 | coin: luna ('2022-05-01', '2022-05-05') https://twitter.com/Cephii1/status/1521672587708874753 took: 2.01 leaves: 1
2023-03-29T14:52:39.730026+0800 | coin: luna ('2022-05-01', '2022-05-05') https://twitter.com/luna_lu18/status/1521652057652051969 took: 2.23 leaves: 8
2023-03-29T14:52:45.633437+0800 | coin: luna ('2022-05-01', '2022-05-05') https://twitter.com/CeFi2DeFi/status/1521649506969870336 took: 1.88 leaves: 0
2023-03-29T14:53:09.669790+0800 | coin: luna ('2022-05-01', '2022-05-05') https://twitter.com/Cephii1/status/1521634098678317062 took: 3.21 leaves: 15
2023-03-29T14:53:15.473571+0800 | coin: luna ('2022-05-01', '2022-05-05') https://twitter.com/DaveyFresh_/status/1521631436029239297 took: 2.00 leaves: 2
2023-03-29T14:53:36.273327+0800 | coin: luna ('2022-05-01', '2022-05-05') https://twitter.com/Cephii1/status/1521617786715484162 took: 2.27 leaves: 5
2023-03-29T14:53:43.307804+0800 | coin: luna ('2022-05-01', '2022-05-05') https://twitter.com/intocryptoverse/status/1521611041356107776 took: 4.73 leaves: 15
2023-03-29T14:53:45.443779+0800 | coin: luna ('2022-05-01', '2022-05-05') https://twitter.com/Erdayastronaut/status/1521615026024505345 took: 2.13 leaves: 2
2023-03-29T14:53:59.673435+0800 | coin: luna ('2022-05-01', '2022-05-05') https://twitter.com/milesdeutscher/status/1521606009495728129 took: 3.61 leaves: 0
2023-03-29T14:54:19.487639+0800 | coin: luna ('2022-05-01', '2022-05-05') https://twitter.com/TheMoonMidas/status/1521591853803524098 took: 2.24 leaves: 6
2023-03-29T14:54:38.447093+0800 | coin: luna ('2022-05-01', '2022-05-05') https://twitter.com/Luna_Lu_La/status/1521576826388336640 took: 1.96 leaves: 1
2023-03-29T14:54:52.525401+0800 | coin: luna ('2022-05-01', '2022-05-05') https://twitter.com/holdtightyeah/status/1521568830924939270 took: 2.18 leaves: 6
2023-03-29T14:55:26.076370+0800 | coin: luna ('2022-05-01', '2022-05-05') https://twitter.com/spencernoon/status/1521538523979034624 took: 2.64 leaves: 3
2023-03-29T14:55:37.121650+0800 | coin: luna ('2022-05-01', '2022-05-05') https://twitter.com/donnellyswawa/status/1521531230570749953 took: 2.03 leaves: 0
2023-03-29T14:55:46.748950+0800 | coin: luna ('2022-05-01', '2022-05-05') https://twitter.com/Route2FI/status/1521525091649179649 took: 2.13 leaves: 3
2023-03-29T14:56:23.992387+0800 | coin: luna ('2022-05-01', '2022-05-05') https://twitter.com/TheRuneRanger/status/1521504379865640960 took: 2.01 leaves: 1
2023-03-29T14:56:30.322038+0800 | coin: luna ('2022-05-01', '2022-05-05') https://twitter.com/TheLastofUsNews/status/1521499907592527880 took: 1.97 leaves: 1
2023-03-29T14:56:33.268314+0800 | coin: luna ('2022-05-01', '2022-05-05') https://twitter.com/RobertEFuller/status/1521499757281218562 took: 2.28 leaves: 0
2023-03-29T14:56:38.649933+0800 | coin: luna ('2022-05-01', '2022-05-05') https://twitter.com/luna_hyj/status/1521496704025239552 took: 1.89 leaves: 0
2023-03-29T14:56:55.893010+0800 | coin: luna ('2022-05-01', '2022-05-05') https://twitter.com/anotherworldgm/status/1521483736340373504 took: 2.03 leaves: 1
2023-03-29T14:57:17.394007+0800 | coin: luna ('2022-05-01', '2022-05-05') https://twitter.com/luna_del_reyyy/status/1521472545622429696 took: 2.16 leaves: 7
2023-03-29T14:57:23.018930+0800 | coin: luna ('2022-05-01', '2022-05-05') https://twitter.com/SuperiorKenji/status/1521470795867901960 took: 1.98 leaves: 2
2023-03-29T14:57:28.984811+0800 | coin: luna ('2022-05-01', '2022-05-05') https://twitter.com/DreadBong0/status/1521467789688586241 took: 1.89 leaves: 0
2023-03-29T14:57:42.549731+0800 | coin: luna ('2022-05-01', '2022-05-05') https://twitter.com/iubogum/status/1521457528684818433 took: 1.89 leaves: 0
2023-03-29T14:57:46.404983+0800 | coin: luna ('2022-05-01', '2022-05-05') https://twitter.com/marufolklore/status/1521454969345351681 took: 1.88 leaves: 0
2023-03-29T14:57:53.540135+0800 | coin: luna ('2022-05-01', '2022-05-05') https://twitter.com/luna_del_reyyy/status/1521451316089802753 took: 3.39 leaves: 24
2023-03-29T14:58:10.696362+0800 | coin: luna ('2022-05-01', '2022-05-05') https://twitter.com/scenophile/status/1521436229794889731 took: 1.99 leaves: 2
2023-03-29T14:58:14.439521+0800 | coin: luna ('2022-05-01', '2022-05-05') https://twitter.com/rafal_zaorski/status/1521434685280292864 took: 2.18 leaves: 1
2023-03-29T14:58:19.951591+0800 | coin: luna ('2022-05-01', '2022-05-05') https://twitter.com/AthyDrawz/status/1521430228991868928 took: 1.86 leaves: 0
2023-03-29T14:58:33.210243+0800 | coin: luna ('2022-05-01', '2022-05-05') https://twitter.com/triezip/status/1521424046390345733 took: 1.89 leaves: 0
2023-03-29T14:58:43.327548+0800 | coin: luna ('2022-05-01', '2022-05-05') https://twitter.com/taexprod/status/1521415872635707398 took: 2.90 leaves: 1
2023-03-29T14:58:47.575397+0800 | coin: luna ('2022-05-01', '2022-05-05') https://twitter.com/MeetWawa/status/1521416068924727296 took: 1.99 leaves: 0
2023-03-29T14:58:55.494555+0800 | coin: luna ('2022-05-01', '2022-05-05') https://twitter.com/Noodledori/status/1521244331226533888 took: 4.00 leaves: 2
2023-03-29T14:59:01.023341+0800 | coin: luna ('2022-05-01', '2022-05-05') https://twitter.com/MilindSuraj/status/1521409129729847297 took: 2.67 leaves: 1
2023-03-29T14:59:04.952214+0800 | coin: luna ('2022-05-01', '2022-05-05') https://twitter.com/Squid_Invasion_/status/1521405845250232320 took: 1.86 leaves: 0
2023-03-29T14:59:27.653767+0800 | coin: luna ('2022-05-01', '2022-05-05') https://twitter.com/CryptoGrills/status/1521377899290451969 took: 1.88 leaves: 0
2023-03-29T14:59:55.154343+0800 | coin: luna ('2022-05-01', '2022-05-05') https://twitter.com/Shigeo808/status/1521350124135362561 took: 2.07 leaves: 3
2023-03-29T14:59:58.546950+0800 | coin: luna ('2022-05-01', '2022-05-05') https://twitter.com/bitgertPro/status/1521348823624396800 took: 1.87 leaves: 0
2023-03-29T15:00:24.141593+0800 | coin: luna ('2022-05-01', '2022-05-05') https://twitter.com/Shigeo808/status/1521324149297188866 took: 1.88 leaves: 0
2023-03-29T15:00:38.471263+0800 | coin: luna ('2022-05-01', '2022-05-05') https://twitter.com/thousandbtc/status/1521319333305417728 took: 7.10 leaves: 110
2023-03-29T15:00:41.249566+0800 | coin: luna ('2022-05-01', '2022-05-05') https://twitter.com/Rose_D_Luna/status/1521317954130001920 took: 2.16 leaves: 2
2023-03-29T15:00:59.643740+0800 | coin: luna ('2022-05-01', '2022-05-05') https://twitter.com/Cryptotruflepig/status/1521306991087349761 took: 2.69 leaves: 0
2023-03-29T15:01:19.595618+0800 | coin: luna ('2022-05-01', '2022-05-05') https://twitter.com/AlgoFamily/status/1521293305107132417 took: 1.93 leaves: 0
2023-03-29T15:01:49.023242+0800 | coin: luna ('2022-05-01', '2022-05-05') https://twitter.com/TheCryptoLark/status/1521268044357509120 took: 1.89 leaves: 0
2023-03-29T15:02:18.443887+0800 | coin: luna ('2022-05-01', '2022-05-05') https://twitter.com/minervadiretora/status/1521246971494817795 took: 1.89 leaves: 0
2023-03-29T15:02:41.331893+0800 | coin: luna ('2022-05-01', '2022-05-05') https://twitter.com/ConorBronsdon/status/1521228684526383104 took: 1.97 leaves: 0
2023-03-29T15:02:52.193846+0800 | coin: luna ('2022-05-01', '2022-05-05') https://twitter.com/cryptrus/status/1521220591612796928 took: 2.03 leaves: 3
2023-03-29T15:03:23.073223+0800 | coin: luna ('2022-05-01', '2022-05-05') https://twitter.com/Cephii1/status/1521202851476914180 took: 2.25 leaves: 7
2023-03-29T15:03:56.778054+0800 | coin: luna ('2022-05-01', '2022-05-05') https://twitter.com/Cephii1/status/1521180380346433537 took: 2.00 leaves: 2
2023-03-29T15:04:02.951726+0800 | coin: luna ('2022-05-01', '2022-05-05') https://twitter.com/Raykooks7/status/1521178489176858625 took: 3.27 leaves: 1
2023-03-29T15:04:13.773022+0800 | coin: luna ('2022-05-01', '2022-05-05') https://twitter.com/RichardHeartWin/status/1521172035162054669 took: 1.86 leaves: 0
2023-03-29T15:04:16.786859+0800 | coin: luna ('2022-05-01', '2022-05-05') https://twitter.com/TPAcno/status/1521171770665050115 took: 2.10 leaves: 4
2023-03-29T15:04:39.150470+0800 | coin: luna ('2022-05-01', '2022-05-05') https://twitter.com/lorazean/status/1521159788566089733 took: 4.39 leaves: 0
2023-03-29T15:04:54.457442+0800 | coin: luna ('2022-05-01', '2022-05-05') https://twitter.com/RobertEFuller/status/1521152538770386944 took: 2.04 leaves: 4
2023-03-29T15:05:23.301319+0800 | coin: luna ('2022-05-01', '2022-05-05') https://twitter.com/thewolfofdefi/status/1521136333179215872 took: 2.08 leaves: 7
2023-03-29T15:05:31.602450+0800 | coin: luna ('2022-05-01', '2022-05-05') https://twitter.com/Cryptographur/status/1521133499822059520 took: 3.13 leaves: 19
2023-03-29T15:05:53.833801+0800 | coin: luna ('2022-05-01', '2022-05-05') https://twitter.com/Cephii1/status/1521126018517544962 took: 1.98 leaves: 1
2023-03-29T15:06:11.056367+0800 | coin: luna ('2022-05-01', '2022-05-05') https://twitter.com/Luna_Lu_La/status/1521118756625432577 took: 2.26 leaves: 1
2023-03-29T15:06:12.910851+0800 | coin: luna ('2022-05-01', '2022-05-05') https://twitter.com/MeanHash/status/1521118644301926404 took: 1.85 leaves: 0
2023-03-29T15:06:20.081304+0800 | coin: luna ('2022-05-01', '2022-05-05') https://twitter.com/Shigeo808/status/1521115674172477441 took: 2.38 leaves: 2
2023-03-29T15:06:56.294898+0800 | coin: luna ('2022-05-01', '2022-05-05') https://twitter.com/bitgertPro/status/1521090383161303040 took: 1.86 leaves: 0
2023-03-29T15:07:12.349177+0800 | coin: luna ('2022-05-01', '2022-05-05') https://twitter.com/TPKnfts/status/1521080594507124737 took: 1.94 leaves: 1
2023-03-29T15:07:26.838529+0800 | coin: luna ('2022-05-01', '2022-05-05') https://twitter.com/ClarissaYorke/status/1521067154027819010 took: 1.93 leaves: 0
2023-03-29T15:07:58.359038+0800 | coin: luna ('2022-05-01', '2022-05-05') https://twitter.com/play_nity/status/1521040704348344321 took: 2.29 leaves: 1
2023-03-29T15:08:15.930993+0800 | coin: luna ('2022-05-01', '2022-05-05') single tweet https://twitter.com/iesteIla/status/1521024443304218624 took: 0.00
2023-03-29T15:08:24.076098+0800 | coin: luna ('2022-05-01', '2022-05-05') https://twitter.com/V_tina_luna/status/1521018683417636865 took: 1.87 leaves: 0
2023-03-29T15:08:27.718506+0800 | coin: luna ('2022-05-01', '2022-05-05') https://twitter.com/Official_Tracer/status/1521016777253085184 took: 2.21 leaves: 10
2023-03-29T15:09:08.844330+0800 | coin: luna ('2022-05-01', '2022-05-05') https://twitter.com/Cephii1/status/1520970480718548993 took: 1.98 leaves: 2
2023-03-29T15:09:55.486882+0800 | coin: luna ('2022-05-01', '2022-05-05') https://twitter.com/WatcherGuru/status/1520939020091633669 took: 1.97 leaves: 2
2023-03-29T15:10:06.761617+0800 | coin: luna ('2022-05-01', '2022-05-05') https://twitter.com/bitgertPro/status/1520933698362920961 took: 1.90 leaves: 0
2023-03-29T15:11:07.920045+0800 | coin: luna ('2022-05-01', '2022-05-05') https://twitter.com/lilox23/status/1520894109313077250 took: 1.96 leaves: 1
2023-03-29T15:11:37.790046+0800 | coin: luna ('2022-05-01', '2022-05-05') https://twitter.com/thewolfofdefi/status/1520872791444176899 took: 2.02 leaves: 3
2023-03-29T15:11:46.270461+0800 | coin: luna ('2022-05-01', '2022-05-05') https://twitter.com/HololiveMemes/status/1520867176214847490 took: 1.95 leaves: 1
2023-03-29T15:11:57.951144+0800 | coin: luna ('2022-05-01', '2022-05-05') https://twitter.com/AngelsWhisperr/status/1520859844282134528 took: 1.85 leaves: 0
2023-03-29T15:12:04.577710+0800 | coin: luna ('2022-05-01', '2022-05-05') https://twitter.com/Sethisto/status/1520856217832148992 took: 3.00 leaves: 0
2023-03-29T15:12:07.384928+0800 | coin: luna ('2022-05-01', '2022-05-05') https://twitter.com/traderrocko/status/1520855633788121088 took: 2.01 leaves: 1
2023-03-29T15:12:16.228083+0800 | coin: luna ('2022-05-01', '2022-05-05') https://twitter.com/SumoKuji/status/1520849005697196032 took: 1.88 leaves: 0
2023-03-29T15:12:21.410208+0800 | coin: luna ('2022-05-01', '2022-05-05') https://twitter.com/KOTRAN78/status/1520845321491861504 took: 2.02 leaves: 2
2023-03-29T15:12:26.112812+0800 | coin: luna ('2022-05-01', '2022-05-05') https://twitter.com/luna_del_reyyy/status/1520843197143937024 took: 2.06 leaves: 5
2023-03-29T15:12:49.833601+0800 | coin: luna ('2022-05-01', '2022-05-05') https://twitter.com/2sigmasA/status/1520832040802959367 took: 2.88 leaves: 6
2023-03-29T15:13:03.439114+0800 | coin: luna ('2022-05-01', '2022-05-05') https://twitter.com/Shigeo808/status/1520825306667307008 took: 2.28 leaves: 6
2023-03-29T15:13:15.479436+0800 | coin: luna ('2022-05-01', '2022-05-05') https://twitter.com/ludatheeshorti/status/1520816752908767232 took: 2.13 leaves: 0
2023-03-29T15:13:19.008015+0800 | coin: luna ('2022-05-01', '2022-05-05') https://twitter.com/Egocider/status/1520815531699277825 took: 2.06 leaves: 1
2023-03-29T15:13:22.140786+0800 | coin: luna ('2022-05-01', '2022-05-05') https://twitter.com/thewolfofdefi/status/1520814525464911873 took: 2.16 leaves: 2
2023-03-29T15:13:25.012947+0800 | coin: luna ('2022-05-01', '2022-05-05') https://twitter.com/BrodieHampson1/status/1520813917253029894 took: 2.11 leaves: 1
2023-03-29T15:13:33.182959+0800 | coin: luna ('2022-05-01', '2022-05-05') https://twitter.com/usmntonly/status/1520809330517458945 took: 1.86 leaves: 0
2023-03-29T15:13:40.468961+0800 | coin: luna ('2022-05-01', '2022-05-05') https://twitter.com/cryptrus/status/1520806145585262592 took: 2.04 leaves: 3
2023-03-29T15:13:47.422365+0800 | coin: luna ('2022-05-01', '2022-05-05') https://twitter.com/bigmel/status/1520804597287243778 took: 4.51 leaves: 3
2023-03-29T15:13:52.415597+0800 | coin: luna ('2022-05-01', '2022-05-05') https://twitter.com/coryklippsten/status/1520800891149856769 took: 3.61 leaves: 3
2023-03-29T15:14:32.900282+0800 | coin: luna ('2022-05-01', '2022-05-05') https://twitter.com/triezip/status/1520780507805487104 took: 1.89 leaves: 0
2023-03-29T15:14:38.231057+0800 | coin: luna ('2022-05-01', '2022-05-05') https://twitter.com/p11_luna/status/1520779827250225152 took: 3.81 leaves: 19
2023-03-29T15:14:51.435176+0800 | coin: luna ('2022-05-01', '2022-05-05') https://twitter.com/triezip/status/1520771466362458112 took: 1.92 leaves: 0
2023-03-29T15:15:01.090800+0800 | coin: luna ('2022-05-01', '2022-05-05') https://twitter.com/DaveCosmonaut/status/1520766377702961155 took: 1.99 leaves: 0
2023-03-29T15:15:05.006674+0800 | coin: luna ('2022-05-01', '2022-05-05') https://twitter.com/SumoKuji/status/1520765435704225793 took: 3.12 leaves: 27
2023-03-29T15:15:16.524958+0800 | coin: luna ('2022-05-01', '2022-05-05') https://twitter.com/luna_doubleluna/status/1520758971870904320 took: 1.90 leaves: 0
2023-03-29T15:15:26.782314+0800 | coin: luna ('2022-05-01', '2022-05-05') https://twitter.com/pronewchaos/status/1520752934140583938 took: 2.27 leaves: 2
2023-03-29T15:15:29.023543+0800 | coin: luna ('2022-05-01', '2022-05-05') https://twitter.com/traderrocko/status/1520752904818331650 took: 2.24 leaves: 3
2023-03-29T15:15:35.936277+0800 | coin: luna ('2022-05-01', '2022-05-05') https://twitter.com/coryklippsten/status/1520546765115600896 took: 5.80 leaves: 38
2023-03-29T15:16:23.889392+0800 | coin: luna ('2022-05-01', '2022-05-05') https://twitter.com/richiehawtin/status/1520716160270053377 took: 1.89 leaves: 0
2023-03-29T15:16:30.401734+0800 | coin: luna ('2022-05-01', '2022-05-05') https://twitter.com/MemeGirlsStudio/status/1520709446124679168 took: 3.47 leaves: 0
2023-03-29T15:16:33.350323+0800 | coin: luna ('2022-05-01', '2022-05-05') https://twitter.com/luna_lulux/status/1520714397240500226 took: 2.04 leaves: 3
2023-03-29T15:16:47.488454+0800 | coin: luna ('2022-05-01', '2022-05-05') https://twitter.com/CryptoTony__/status/1520707279523307522 took: 4.42 leaves: 1
2023-03-29T15:17:00.516711+0800 | coin: luna ('2022-05-01', '2022-05-05') https://twitter.com/luna_del_reyyy/status/1520698317029715968 took: 2.64 leaves: 8
2023-03-29T15:17:27.172426+0800 | coin: luna ('2022-05-01', '2022-05-05') https://twitter.com/Crypto__Diva/status/1520671074140266496 took: 1.97 leaves: 1
2023-03-29T15:18:19.042586+0800 | coin: luna ('2022-05-01', '2022-05-05') https://twitter.com/CatCity__/status/1520621248354697216 took: 2.01 leaves: 3
2023-03-29T15:18:28.957685+0800 | coin: luna ('2022-05-01', '2022-05-05') https://twitter.com/KuumaMireille/status/1520615433552154625 took: 2.02 leaves: 2
2023-03-29T15:18:37.381528+0800 | coin: luna ('2022-05-01', '2022-05-05') https://twitter.com/adrianaa_luna/status/1520608671075647489 took: 1.91 leaves: 0
2023-03-29T15:19:04.123140+0800 | coin: luna ('2022-05-01', '2022-05-05') https://twitter.com/9HUrne5nPVQ7p5h/status/1520587445665820674 took: 1.97 leaves: 1
2023-03-29T15:19:09.293769+0800 | coin: luna ('2022-05-01', '2022-05-05') https://twitter.com/Cancerousnani/status/1520585807513493504 took: 2.26 leaves: 3
2023-03-29T15:19:22.299326+0800 | coin: luna ('2022-05-01', '2022-05-05') https://twitter.com/TheAllegions/status/1520579630436163587 took: 2.42 leaves: 4
2023-03-29T15:19:43.333230+0800 | coin: luna ('2022-05-01', '2022-05-05') https://twitter.com/arcplay_gg/status/1520564086446202880 took: 3.03 leaves: 1
