2023-03-29T14:43:37.946460+0800 | coin: luna ('2022-05-06', '2022-05-10') https://twitter.com/technologypoet/status/1523814957208719361 took: 2.27 leaves: 1
2023-03-29T14:43:47.816063+0800 | coin: luna ('2022-05-06', '2022-05-10') https://twitter.com/MoonOverlord/status/1523814020070797312 took: 1.98 leaves: 2
2023-03-29T14:43:59.037495+0800 | coin: luna ('2022-05-06', '2022-05-10') https://twitter.com/Motivatingjean/status/1523812902586646528 took: 2.94 leaves: 23
2023-03-29T14:44:10.569594+0800 | coin: luna ('2022-05-06', '2022-05-10') https://twitter.com/GCRClassic/status/1523811739808288768 took: 2.50 leaves: 12
2023-03-29T14:44:15.148994+0800 | coin: luna ('2022-05-06', '2022-05-10') https://twitter.com/DylanLeClair_/status/1523811469166616577 took: 2.12 leaves: 6
2023-03-29T14:44:17.979469+0800 | coin: luna ('2022-05-06', '2022-05-10') https://twitter.com/bitcoin_brown/status/1523811382650712067 took: 2.07 leaves: 0
2023-03-29T14:44:21.554724+0800 | coin: luna ('2022-05-06', '2022-05-10') https://twitter.com/MoonOverlord/status/1523811259317059584 took: 2.73 leaves: 2
2023-03-29T14:44:26.357832+0800 | coin: luna ('2022-05-06', '2022-05-10') https://twitter.com/CryptoWizardd/status/1523810906001575939 took: 2.59 leaves: 11
2023-03-29T14:44:31.494766+0800 | coin: luna ('2022-05-06', '2022-05-10') https://twitter.com/apolynya/status/1523810434398130176 took: 1.86 leaves: 0
2023-03-29T14:44:34.292685+0800 | coin: luna ('2022-05-06', '2022-05-10') https://twitter.com/Ninjascalp/status/1523810254080856066 took: 2.11 leaves: 7
2023-03-29T14:44:37.616115+0800 | coin: luna ('2022-05-06', '2022-05-10') https://twitter.com/davidgokhshtein/status/1523810120882438145 took: 2.63 leaves: 16
2023-03-29T14:44:40.372408+0800 | coin: luna ('2022-05-06', '2022-05-10') https://twitter.com/BigCheds/status/1523810090113179653 took: 2.00 leaves: 2
2023-03-29T14:44:45.632760+0800 | coin: luna ('2022-05-06', '2022-05-10') https://twitter.com/219_eth/status/1523809632551981057 took: 3.07 leaves: 1
2023-03-29T14:44:51.125759+0800 | coin: luna ('2022-05-06', '2022-05-10') https://twitter.com/thewolfofdefi/status/1523809193932865537 took: 2.41 leaves: 5
2023-03-29T14:44:58.109932+0800 | coin: luna ('2022-05-06', '2022-05-10') https://twitter.com/MoonOverlord/status/1523808251229335552 took: 2.23 leaves: 5
2023-03-29T14:45:06.527548+0800 | coin: luna ('2022-05-06', '2022-05-10') https://twitter.com/DylanLeClair_/status/1523699294335016960 took: 6.06 leaves: 5
2023-03-29T14:45:17.209270+0800 | coin: luna ('2022-05-06', '2022-05-10') https://twitter.com/TheCryptoLark/status/1523806804894904320 took: 5.05 leaves: 48
2023-03-29T14:45:21.467360+0800 | coin: luna ('2022-05-06', '2022-05-10') https://twitter.com/maxkeiser/status/1523806376631357442 took: 1.98 leaves: 1
2023-03-29T14:45:29.820207+0800 | coin: luna ('2022-05-06', '2022-05-10') https://twitter.com/davidgokhshtein/status/1523805249890562048 took: 2.09 leaves: 7
2023-03-29T14:45:37.931480+0800 | coin: luna ('2022-05-06', '2022-05-10') https://twitter.com/CryptoCapo_/status/1507006693703503874 took: 4.97 leaves: 18
2023-03-29T14:45:54.489028+0800 | coin: luna ('2022-05-06', '2022-05-10') https://twitter.com/glassnode/status/1523802211373166594 took: 1.93 leaves: 1
2023-03-29T14:46:00.167512+0800 | coin: luna ('2022-05-06', '2022-05-10') https://twitter.com/RichardHeartWin/status/1523801438060695559 took: 1.98 leaves: 2
2023-03-29T14:46:03.773278+0800 | coin: luna ('2022-05-06', '2022-05-10') https://twitter.com/bitbitcrypto/status/1523801225015496704 took: 1.98 leaves: 0
2023-03-29T14:46:17.088207+0800 | coin: luna ('2022-05-06', '2022-05-10') https://twitter.com/frozenaesthetic/status/1523799291118166018 took: 4.34 leaves: 0
2023-03-29T14:46:56.771846+0800 | coin: luna ('2022-05-06', '2022-05-10') https://twitter.com/gametheorizing/status/1523790801096314880 took: 2.13 leaves: 6
2023-03-29T14:47:11.864578+0800 | coin: luna ('2022-05-06', '2022-05-10') https://twitter.com/sassal0x/status/1523788247532417024 took: 1.86 leaves: 0
2023-03-29T14:47:16.988186+0800 | coin: luna ('2022-05-06', '2022-05-10') https://twitter.com/Dettox/status/1523787905399128065 took: 2.02 leaves: 1
2023-03-29T14:47:19.323871+0800 | coin: luna ('2022-05-06', '2022-05-10') https://twitter.com/Coins_Kid/status/1523787891175919616 took: 2.33 leaves: 12
2023-03-29T14:47:24.410956+0800 | coin: luna ('2022-05-06', '2022-05-10') https://twitter.com/cardano_whale/status/1523787574124609536 took: 2.14 leaves: 5
2023-03-29T14:47:31.752356+0800 | coin: luna ('2022-05-06', '2022-05-10') https://twitter.com/LomahCrypto/status/1523786782470381568 took: 2.44 leaves: 10
2023-03-29T14:47:49.617491+0800 | coin: luna ('2022-05-06', '2022-05-10') https://twitter.com/CryptoKemal/status/1523785173875462145 took: 2.08 leaves: 0
2023-03-29T14:48:20.158969+0800 | coin: luna ('2022-05-06', '2022-05-10') https://twitter.com/vladjdk/status/1523781670750461953 took: 2.04 leaves: 3
2023-03-29T14:49:06.805812+0800 | coin: luna ('2022-05-06', '2022-05-10') https://twitter.com/traderrocko/status/1523773336794238976 took: 2.08 leaves: 5
2023-03-29T14:49:13.482483+0800 | coin: luna ('2022-05-06', '2022-05-10') https://twitter.com/BitcoinErrorLog/status/1523772359299465216 took: 1.90 leaves: 0
2023-03-29T14:49:26.096654+0800 | coin: luna ('2022-05-06', '2022-05-10') https://twitter.com/napgener/status/1523770359828578304 took: 2.34 leaves: 1
2023-03-29T14:49:35.673009+0800 | coin: luna ('2022-05-06', '2022-05-10') https://twitter.com/TheADAApe/status/1523769218365239296 took: 2.02 leaves: 2
2023-03-29T14:49:54.869837+0800 | coin: luna ('2022-05-06', '2022-05-10') https://twitter.com/BitcoinMagazine/status/1523766041251581953 took: 3.27 leaves: 16
2023-03-29T14:50:04.487866+0800 | coin: luna ('2022-05-06', '2022-05-10') https://twitter.com/thekriskay/status/1523765299782184960 took: 1.86 leaves: 0
2023-03-29T14:50:13.776810+0800 | coin: luna ('2022-05-06', '2022-05-10') https://twitter.com/i_am_jackis/status/1523764005168316416 took: 3.00 leaves: 2
2023-03-29T14:50:17.893565+0800 | coin: luna ('2022-05-06', '2022-05-10') https://twitter.com/krugermacro/status/1523763621548814336 took: 1.95 leaves: 1
2023-03-29T14:50:28.879314+0800 | coin: luna ('2022-05-06', '2022-05-10') https://twitter.com/PeterTheTerran/status/1523761996432556032 took: 2.38 leaves: 0
2023-03-29T14:50:31.591495+0800 | coin: luna ('2022-05-06', '2022-05-10') https://twitter.com/Blockworks_/status/1523761789347196928 took: 2.00 leaves: 1
2023-03-29T14:50:35.723062+0800 | coin: luna ('2022-05-06', '2022-05-10') https://twitter.com/AltcoinDailyio/status/1523761222235041792 took: 2.28 leaves: 4
2023-03-29T14:50:41.245702+0800 | coin: luna ('2022-05-06', '2022-05-10') https://twitter.com/francispouliot_/status/1523760539754987520 took: 2.05 leaves: 3
2023-03-29T14:50:54.058394+0800 | coin: luna ('2022-05-06', '2022-05-10') https://twitter.com/TheADAApe/status/1523758153652867072 took: 2.60 leaves: 0
2023-03-29T14:51:05.527451+0800 | coin: luna ('2022-05-06', '2022-05-10') https://twitter.com/AltcoinDailyio/status/1523757359671091200 took: 3.19 leaves: 28
2023-03-29T14:51:08.573296+0800 | coin: luna ('2022-05-06', '2022-05-10') https://twitter.com/Cephii1/status/1523757289664290816 took: 3.04 leaves: 14
2023-03-29T14:51:11.928385+0800 | coin: luna ('2022-05-06', '2022-05-10') https://twitter.com/BigCheds/status/1523757200807964672 took: 1.97 leaves: 1
2023-03-29T14:51:30.641315+0800 | coin: luna ('2022-05-06', '2022-05-10') https://twitter.com/JimmyMc382/status/1523754857248997376 took: 2.00 leaves: 1
2023-03-29T14:51:32.526105+0800 | coin: luna ('2022-05-06', '2022-05-10') https://twitter.com/AshalleArt/status/1523754791175827457 took: 1.88 leaves: 0
2023-03-29T14:51:43.783575+0800 | coin: luna ('2022-05-06', '2022-05-10') https://twitter.com/JayJaboneta/status/1523753309529841665 took: 1.87 leaves: 0
2023-03-29T14:51:48.335404+0800 | coin: luna ('2022-05-06', '2022-05-10') https://twitter.com/inversebrah/status/1523752844913831938 took: 1.98 leaves: 2
2023-03-29T14:52:18.021637+0800 | coin: luna ('2022-05-06', '2022-05-10') https://twitter.com/terra_money/status/1523749536379793408 took: 10.99 leaves: 130
2023-03-29T14:52:32.242877+0800 | coin: luna ('2022-05-06', '2022-05-10') https://twitter.com/coffeebreak_YT/status/1523747537064427520 took: 2.31 leaves: 0
2023-03-29T14:52:39.015067+0800 | coin: luna ('2022-05-06', '2022-05-10') https://twitter.com/DylanLeClair_/status/1523746999308152832 took: 2.62 leaves: 12
2023-03-29T14:52:45.369699+0800 | coin: luna ('2022-05-06', '2022-05-10') https://twitter.com/CarlBMenger/status/1523746308141371392 took: 1.99 leaves: 1
2023-03-29T14:52:51.886479+0800 | coin: luna ('2022-05-06', '2022-05-10') https://twitter.com/DylanLeClair_/status/1523745978867941376 took: 4.47 leaves: 4
2023-03-29T14:53:01.395430+0800 | coin: luna ('2022-05-06', '2022-05-10') https://twitter.com/WClementeIII/status/1523744692697178112 took: 2.70 leaves: 9
2023-03-29T14:53:31.588914+0800 | coin: luna ('2022-05-06', '2022-05-10') https://twitter.com/Trader_Jibon/status/1523740872784809985 took: 2.73 leaves: 18
2023-03-29T14:53:35.562155+0800 | coin: luna ('2022-05-06', '2022-05-10') https://twitter.com/AnthonyCardano/status/1523740688948498432 took: 1.98 leaves: 1
2023-03-29T14:54:03.777977+0800 | coin: luna ('2022-05-06', '2022-05-10') https://twitter.com/stablekwon/status/1523733542492016640 took: 20.58 leaves: 220
2023-03-29T14:54:08.831580+0800 | coin: luna ('2022-05-06', '2022-05-10') https://twitter.com/technologypoet/status/1523739428858261504 took: 2.77 leaves: 2
2023-03-29T14:54:29.347213+0800 | coin: luna ('2022-05-06', '2022-05-10') https://twitter.com/Cephii1/status/1523737184146132992 took: 2.29 leaves: 9
2023-03-29T14:54:31.548574+0800 | coin: luna ('2022-05-06', '2022-05-10') https://twitter.com/MasonVersluis/status/1523737127824945152 took: 2.20 leaves: 9
2023-03-29T14:54:37.514566+0800 | coin: luna ('2022-05-06', '2022-05-10') https://twitter.com/blockbytescom/status/1523736695233196033 took: 2.29 leaves: 10
2023-03-29T14:54:55.632357+0800 | coin: luna ('2022-05-06', '2022-05-10') https://twitter.com/CryptoWizardd/status/1523735218817220608 took: 2.25 leaves: 12
2023-03-29T14:55:01.714729+0800 | coin: luna ('2022-05-06', '2022-05-10') https://twitter.com/EdnStuff/status/1523735010163195904 took: 3.15 leaves: 2
2023-03-29T14:55:12.279280+0800 | coin: luna ('2022-05-06', '2022-05-10') https://twitter.com/unusual_whales/status/1523734395508883457 took: 2.13 leaves: 4
2023-03-29T14:55:17.490307+0800 | coin: luna ('2022-05-06', '2022-05-10') https://twitter.com/MasonVersluis/status/1523734025482870784 took: 2.21 leaves: 7
2023-03-29T14:55:27.011003+0800 | coin: luna ('2022-05-06', '2022-05-10') https://twitter.com/ksicrypto/status/1523733270982447104 took: 3.04 leaves: 21
2023-03-29T14:55:30.983473+0800 | coin: luna ('2022-05-06', '2022-05-10') https://twitter.com/Nebraskangooner/status/1523733055894339585 took: 2.09 leaves: 7
2023-03-29T14:55:37.642946+0800 | coin: luna ('2022-05-06', '2022-05-10') https://twitter.com/DaxxTrader/status/1523732538350395392 took: 3.51 leaves: 15
2023-03-29T14:55:46.283743+0800 | coin: luna ('2022-05-06', '2022-05-10') https://twitter.com/Swagtimus/status/1523731172244656128 took: 2.15 leaves: 5
2023-03-29T14:55:53.531726+0800 | coin: luna ('2022-05-06', '2022-05-10') https://twitter.com/lunatichisoka/status/1523730368142385152 took: 2.09 leaves: 5
2023-03-29T14:56:13.752752+0800 | coin: luna ('2022-05-06', '2022-05-10') https://twitter.com/Ashcryptoreal/status/1523726620665602048 took: 1.94 leaves: 0
2023-03-29T14:56:17.854592+0800 | coin: luna ('2022-05-06', '2022-05-10') https://twitter.com/DeansEpoch/status/1523726192360116225 took: 1.85 leaves: 0
2023-03-29T14:56:26.173383+0800 | coin: luna ('2022-05-06', '2022-05-10') https://twitter.com/ibunscripted/status/1523724796239835138 took: 2.05 leaves: 3
2023-03-29T14:56:30.206765+0800 | coin: luna ('2022-05-06', '2022-05-10') https://twitter.com/SeviYummy/status/1523724297054789633 took: 2.02 leaves: 4
2023-03-29T14:56:43.706640+0800 | coin: luna ('2022-05-06', '2022-05-10') https://twitter.com/hirozaki2020/status/1523720668923445248 took: 1.86 leaves: 0
2023-03-29T14:56:51.163821+0800 | coin: luna ('2022-05-06', '2022-05-10') https://twitter.com/itsloganshippy/status/1523719055512768512 took: 2.66 leaves: 0
2023-03-29T14:56:56.850140+0800 | coin: luna ('2022-05-06', '2022-05-10') https://twitter.com/SumoKuji/status/1523717806369701888 took: 2.06 leaves: 4
2023-03-29T14:57:27.140570+0800 | coin: luna ('2022-05-06', '2022-05-10') https://twitter.com/VailshireCap/status/1523709587068649472 took: 2.58 leaves: 16
2023-03-29T14:57:35.737239+0800 | coin: luna ('2022-05-06', '2022-05-10') https://twitter.com/Shigeo808/status/1523707883535306752 took: 2.07 leaves: 2
2023-03-29T14:57:44.383316+0800 | coin: luna ('2022-05-06', '2022-05-10') https://twitter.com/hirozaki2020/status/1523706241054576641 took: 1.91 leaves: 0
2023-03-29T14:58:05.858702+0800 | coin: luna ('2022-05-06', '2022-05-10') https://twitter.com/Luna_Lu_La/status/1523700092250718209 took: 1.96 leaves: 1
2023-03-29T14:58:09.351148+0800 | coin: luna ('2022-05-06', '2022-05-10') https://twitter.com/CryptoBurr_/status/1523699531224735744 took: 1.99 leaves: 2
2023-03-29T14:58:13.253697+0800 | coin: luna ('2022-05-06', '2022-05-10') https://twitter.com/tw__astro/status/1523698678187589633 took: 1.85 leaves: 0
2023-03-29T14:58:19.898766+0800 | coin: luna ('2022-05-06', '2022-05-10') https://twitter.com/hruthwik_menon/status/1523697042560000001 took: 1.93 leaves: 0
2023-03-29T14:58:29.309122+0800 | coin: luna ('2022-05-06', '2022-05-10') https://twitter.com/charliebilello/status/1523695379924996097 took: 2.26 leaves: 13
2023-03-29T14:58:36.312084+0800 | coin: luna ('2022-05-06', '2022-05-10') https://twitter.com/DU09BTC/status/1523693970395901953 took: 2.41 leaves: 2
2023-03-29T14:58:40.773112+0800 | coin: luna ('2022-05-06', '2022-05-10') https://twitter.com/Trader_XO/status/1523693235389878272 took: 2.18 leaves: 5
2023-03-29T14:59:01.114432+0800 | coin: luna ('2022-05-06', '2022-05-10') https://twitter.com/Cardano_Knight/status/1523688569751359489 took: 1.95 leaves: 1
2023-03-29T14:59:04.139435+0800 | coin: luna ('2022-05-06', '2022-05-10') https://twitter.com/DegenSpartan/status/1523688331925950465 took: 1.97 leaves: 1
2023-03-29T14:59:12.146578+0800 | coin: luna ('2022-05-06', '2022-05-10') https://twitter.com/diorintarou/status/1523686957452505090 took: 1.98 leaves: 1
2023-03-29T14:59:23.804612+0800 | coin: luna ('2022-05-06', '2022-05-10') https://twitter.com/cryptomarsdo/status/1523683698771591168 took: 2.81 leaves: 17
2023-03-29T14:59:28.434575+0800 | coin: luna ('2022-05-06', '2022-05-10') https://twitter.com/danku_r/status/1523682287874834434 took: 1.99 leaves: 4
2023-03-29T14:59:34.253366+0800 | coin: luna ('2022-05-06', '2022-05-10') https://twitter.com/lunaterraluna/status/1523680568478642176 took: 2.27 leaves: 13
2023-03-29T14:59:40.293240+0800 | coin: luna ('2022-05-06', '2022-05-10') https://twitter.com/RobertEFuller/status/1523679187525062657 took: 1.88 leaves: 0
2023-03-29T14:59:42.922006+0800 | coin: luna ('2022-05-06', '2022-05-10') https://twitter.com/CryptoWizardd/status/1523678524342960128 took: 1.97 leaves: 2
2023-03-29T14:59:54.710067+0800 | coin: luna ('2022-05-06', '2022-05-10') https://twitter.com/vichan/status/1523422065683931136 took: 3.24 leaves: 7
2023-03-29T15:00:02.439729+0800 | coin: luna ('2022-05-06', '2022-05-10') https://twitter.com/TheBlock__/status/1523671939130490883 took: 2.35 leaves: 0
2023-03-29T15:00:23.395174+0800 | coin: luna ('2022-05-06', '2022-05-10') https://twitter.com/Rose_D_Luna/status/1523658549011746816 took: 5.26 leaves: 46
2023-03-29T15:00:33.198370+0800 | coin: luna ('2022-05-06', '2022-05-10') https://twitter.com/SwanBitcoin/status/1523658945751285762 took: 2.14 leaves: 1
2023-03-29T15:00:38.720406+0800 | coin: luna ('2022-05-06', '2022-05-10') https://twitter.com/Ashcryptoreal/status/1523657526046195712 took: 2.07 leaves: 3
2023-03-29T15:00:40.761437+0800 | coin: luna ('2022-05-06', '2022-05-10') https://twitter.com/EmperorBTC/status/1523657402213888000 took: 2.04 leaves: 3
2023-03-29T15:00:48.914182+0800 | coin: luna ('2022-05-06', '2022-05-10') https://twitter.com/WisdomMatic/status/1523653088607076352 took: 2.02 leaves: 4
2023-03-29T15:00:53.463433+0800 | coin: luna ('2022-05-06', '2022-05-10') https://twitter.com/CryptoWizardd/status/1523651917028929536 took: 2.23 leaves: 3
2023-03-29T15:00:59.976755+0800 | coin: luna ('2022-05-06', '2022-05-10') https://twitter.com/luna_del_reyyy/status/1523649438060662785 took: 2.22 leaves: 11
2023-03-29T15:01:19.317112+0800 | coin: luna ('2022-05-06', '2022-05-10') https://twitter.com/BatchBrewCoder/status/1523640386316423168 took: 2.31 leaves: 5
2023-03-29T15:01:27.142141+0800 | coin: luna ('2022-05-06', '2022-05-10') https://twitter.com/lunaterraluna/status/1523637740054609921 took: 2.11 leaves: 5
2023-03-29T15:01:34.524328+0800 | coin: luna ('2022-05-06', '2022-05-10') https://twitter.com/Best4bunny/status/1523635367017996290 took: 2.01 leaves: 1
2023-03-29T15:01:40.222364+0800 | coin: luna ('2022-05-06', '2022-05-10') https://twitter.com/JinxUST/status/1523634865060556802 took: 4.66 leaves: 7
2023-03-29T15:01:58.398070+0800 | coin: luna ('2022-05-06', '2022-05-10') https://twitter.com/p11_luna/status/1523626341467574272 took: 3.82 leaves: 13
2023-03-29T15:02:20.025765+0800 | coin: luna ('2022-05-06', '2022-05-10') https://twitter.com/coryklippsten/status/1523616148155076608 took: 2.07 leaves: 3
2023-03-29T15:02:26.767200+0800 | coin: luna ('2022-05-06', '2022-05-10') https://twitter.com/hirozaki2020/status/1523612379455516673 took: 1.87 leaves: 0
2023-03-29T15:02:33.654245+0800 | coin: luna ('2022-05-06', '2022-05-10') https://twitter.com/Blockworks_/status/1523610256944754689 took: 2.01 leaves: 2
2023-03-29T15:02:44.381961+0800 | coin: luna ('2022-05-06', '2022-05-10') https://twitter.com/PC_Reed/status/1523602979709980672 took: 2.16 leaves: 9
2023-03-29T15:03:23.729377+0800 | coin: luna ('2022-05-06', '2022-05-10') https://twitter.com/traderrocko/status/1523568607946428418 took: 1.97 leaves: 2
2023-03-29T15:03:26.430360+0800 | coin: luna ('2022-05-06', '2022-05-10') https://twitter.com/RealCryptoGraph/status/1523568253020569601 took: 1.87 leaves: 0
2023-03-29T15:03:57.130839+0800 | coin: luna ('2022-05-06', '2022-05-10') https://twitter.com/ThinkingBitmex/status/1523526622044860416 took: 4.98 leaves: 30
2023-03-29T15:04:34.978500+0800 | coin: luna ('2022-05-06', '2022-05-10') https://twitter.com/TheDefiJedi/status/1523529401740132352 took: 2.95 leaves: 1
2023-03-29T15:05:08.706800+0800 | coin: luna ('2022-05-06', '2022-05-10') https://twitter.com/worldofariii/status/1523371423695183873 took: 3.45 leaves: 0
2023-03-29T15:05:37.649840+0800 | coin: luna ('2022-05-06', '2022-05-10') https://twitter.com/Cephii1/status/1523489248212447234 took: 1.88 leaves: 0
2023-03-29T15:05:44.115266+0800 | coin: luna ('2022-05-06', '2022-05-10') https://twitter.com/evan_docs/status/1523486126035460098 took: 2.21 leaves: 6
2023-03-29T15:05:46.785777+0800 | coin: luna ('2022-05-06', '2022-05-10') https://twitter.com/Trader_XO/status/1523485877552353281 took: 2.67 leaves: 12
2023-03-29T15:05:49.828032+0800 | coin: luna ('2022-05-06', '2022-05-10') https://twitter.com/Laa__Luna/status/1523485251665682432 took: 2.30 leaves: 18
2023-03-29T15:05:57.713651+0800 | coin: luna ('2022-05-06', '2022-05-10') https://twitter.com/TheDefiJedi/status/1523480086489432064 took: 1.86 leaves: 0
2023-03-29T15:06:06.176378+0800 | coin: luna ('2022-05-06', '2022-05-10') https://twitter.com/RealBellad/status/1523284241584246785 took: 7.78 leaves: 0
2023-03-29T15:06:21.946355+0800 | coin: luna ('2022-05-06', '2022-05-10') https://twitter.com/Rose_D_Luna/status/1523467609026433024 took: 2.83 leaves: 18
2023-03-29T15:06:30.544190+0800 | coin: luna ('2022-05-06', '2022-05-10') https://twitter.com/aszoo_/status/1523462278116683776 took: 1.87 leaves: 0
2023-03-29T15:06:54.669927+0800 | coin: luna ('2022-05-06', '2022-05-10') https://twitter.com/TheMoonMidas/status/1523443486196117504 took: 2.00 leaves: 2
2023-03-29T15:06:59.690778+0800 | coin: luna ('2022-05-06', '2022-05-10') https://twitter.com/emibunnyy/status/1523440655510695936 took: 1.98 leaves: 0
2023-03-29T15:07:11.375606+0800 | coin: luna ('2022-05-06', '2022-05-10') https://twitter.com/jonesy1007/status/1523432554728067072 took: 1.86 leaves: 0
2023-03-29T15:08:06.702820+0800 | coin: luna ('2022-05-06', '2022-05-10') https://twitter.com/GenkiAmano/status/1523396866112573440 took: 1.89 leaves: 0
2023-03-29T15:08:09.765834+0800 | coin: luna ('2022-05-06', '2022-05-10') https://twitter.com/TeamKujira/status/1523396209783672833 took: 1.94 leaves: 1
2023-03-29T15:08:15.738298+0800 | coin: luna ('2022-05-06', '2022-05-10') https://twitter.com/cryptrus/status/1523392895251714049 took: 1.99 leaves: 3
2023-03-29T15:08:23.211247+0800 | coin: luna ('2022-05-06', '2022-05-10') https://twitter.com/BloomMoonbeam/status/1523388888307314690 took: 1.90 leaves: 0
2023-03-29T15:08:35.693711+0800 | coin: luna ('2022-05-06', '2022-05-10') https://twitter.com/cryptomanran/status/1523385888985980929 took: 3.67 leaves: 32
2023-03-29T15:09:39.156872+0800 | coin: luna ('2022-05-06', '2022-05-10') https://twitter.com/tundra_v1/status/1523354775214981120 took: 2.08 leaves: 5
2023-03-29T15:10:11.482967+0800 | coin: luna ('2022-05-06', '2022-05-10') https://twitter.com/Skeleton_Punks/status/1523345723328446465 took: 7.98 leaves: 104
2023-03-29T15:10:24.326623+0800 | coin: luna ('2022-05-06', '2022-05-10') https://twitter.com/Luna_Lu_La/status/1523341649446719490 took: 1.99 leaves: 2
2023-03-29T15:10:29.415603+0800 | coin: luna ('2022-05-06', '2022-05-10') https://twitter.com/holdtightyeah/status/1523340643338276864 took: 2.04 leaves: 0
2023-03-29T15:10:33.401629+0800 | coin: luna ('2022-05-06', '2022-05-10') https://twitter.com/DaiRaichel_/status/1523340049017761792 took: 1.89 leaves: 0
2023-03-29T15:10:35.316770+0800 | coin: luna ('2022-05-06', '2022-05-10') https://twitter.com/Cephii1/status/1523340034677649408 took: 1.91 leaves: 0
2023-03-29T15:11:15.051582+0800 | coin: luna ('2022-05-06', '2022-05-10') https://twitter.com/Cephii1/status/1523324214131838977 took: 2.14 leaves: 2
2023-03-29T15:11:20.144755+0800 | coin: luna ('2022-05-06', '2022-05-10') https://twitter.com/Mudit__Gupta/status/1523306186761596929 took: 4.29 leaves: 4
2023-03-29T15:11:30.456895+0800 | coin: luna ('2022-05-06', '2022-05-10') https://twitter.com/TeamKujira/status/1523321221487775748 took: 3.12 leaves: 6
2023-03-29T15:11:35.698859+0800 | coin: luna ('2022-05-06', '2022-05-10') https://twitter.com/woongblue/status/1523320479968337921 took: 3.36 leaves: 0
2023-03-29T15:11:39.281579+0800 | coin: luna ('2022-05-06', '2022-05-10') https://twitter.com/luna_fluff/status/1523319887040368645 took: 1.98 leaves: 1
2023-03-29T15:11:53.438154+0800 | coin: luna ('2022-05-06', '2022-05-10') https://twitter.com/Cephii1/status/1523316321651335168 took: 2.12 leaves: 9
2023-03-29T15:12:01.952877+0800 | coin: luna ('2022-05-06', '2022-05-10') https://twitter.com/eli5_defi/status/1523313916561944577 took: 2.17 leaves: 7
2023-03-29T15:12:12.508258+0800 | coin: luna ('2022-05-06', '2022-05-10') https://twitter.com/deaflibertarian/status/1523309087014154241 took: 1.94 leaves: 0
2023-03-29T15:12:17.062519+0800 | coin: luna ('2022-05-06', '2022-05-10') https://twitter.com/IDKHurley/status/1523307753607151617 took: 2.16 leaves: 1
2023-03-29T15:12:22.360412+0800 | coin: luna ('2022-05-06', '2022-05-10') https://twitter.com/DegenSpartan/status/1523306366110433280 took: 2.38 leaves: 4
2023-03-29T15:12:24.272889+0800 | coin: luna ('2022-05-06', '2022-05-10') https://twitter.com/Ninjascalp/status/1523306174409543681 took: 1.91 leaves: 0
2023-03-29T15:12:33.074533+0800 | coin: luna ('2022-05-06', '2022-05-10') https://twitter.com/Pentosh1/status/1523291343400886272 took: 3.38 leaves: 7
2023-03-29T15:12:42.090166+0800 | coin: luna ('2022-05-06', '2022-05-10') https://twitter.com/DickKingSmith/status/1523301427430535169 took: 2.16 leaves: 5
2023-03-29T15:12:46.376223+0800 | coin: luna ('2022-05-06', '2022-05-10') https://twitter.com/milesdeutscher/status/1523300789703299072 took: 2.68 leaves: 1
2023-03-29T15:12:50.003413+0800 | coin: luna ('2022-05-06', '2022-05-10') https://twitter.com/serephia_luna/status/1523299321713618947 took: 1.93 leaves: 0
2023-03-29T15:13:01.363004+0800 | coin: luna ('2022-05-06', '2022-05-10') https://twitter.com/itsloganshippy/status/1523295315339710469 took: 2.31 leaves: 2
2023-03-29T15:13:06.789397+0800 | coin: luna ('2022-05-06', '2022-05-10') https://twitter.com/BigCheds/status/1523294370446778368 took: 2.16 leaves: 7
2023-03-29T15:13:11.131531+0800 | coin: luna ('2022-05-06', '2022-05-10') https://twitter.com/CardanoHumpback/status/1523293726113685506 took: 2.20 leaves: 3
2023-03-29T15:13:14.523501+0800 | coin: luna ('2022-05-06', '2022-05-10') https://twitter.com/CanteringClark/status/1523293377718272000 took: 1.98 leaves: 2
2023-03-29T15:13:18.013158+0800 | coin: luna ('2022-05-06', '2022-05-10') https://twitter.com/TheMoonMidas/status/1523292474399023104 took: 1.89 leaves: 0
2023-03-29T15:13:20.949352+0800 | coin: luna ('2022-05-06', '2022-05-10') https://twitter.com/MariusCrypt0/status/1523292212653527040 took: 2.22 leaves: 11
2023-03-29T15:13:23.696898+0800 | coin: luna ('2022-05-06', '2022-05-10') https://twitter.com/Luna___TH/status/1523292075613392898 took: 2.08 leaves: 4
2023-03-29T15:13:34.601628+0800 | coin: luna ('2022-05-06', '2022-05-10') https://twitter.com/LBank_Exchange/status/1523289062215364608 took: 5.88 leaves: 1
2023-03-29T15:13:54.467422+0800 | coin: luna ('2022-05-06', '2022-05-10') single tweet https://twitter.com/triezip/status/1523281757688066048 took: 0.00
2023-03-29T15:14:00.801880+0800 | coin: luna ('2022-05-06', '2022-05-10') https://twitter.com/Ste_Cha_FEG/status/1523279878736416768 took: 1.89 leaves: 0
2023-03-29T15:14:19.348604+0800 | coin: luna ('2022-05-06', '2022-05-10') https://twitter.com/pleyuh/status/1523271533786976257 took: 2.31 leaves: 9
2023-03-29T15:14:34.008602+0800 | coin: luna ('2022-05-06', '2022-05-10') https://twitter.com/AlgodTrading/status/1523264842781827080 took: 2.83 leaves: 11
2023-03-29T15:14:55.446096+0800 | coin: luna ('2022-05-06', '2022-05-10') https://twitter.com/Ashcryptoreal/status/1523248881987092480 took: 1.98 leaves: 1
2023-03-29T15:14:57.444028+0800 | coin: luna ('2022-05-06', '2022-05-10') https://twitter.com/TheCryptoLark/status/1523248848033878016 took: 2.00 leaves: 1
2023-03-29T15:15:01.604883+0800 | coin: luna ('2022-05-06', '2022-05-10') https://twitter.com/bellelieversofc/status/1523247393919037440 took: 1.91 leaves: 0
2023-03-29T15:15:04.447325+0800 | coin: luna ('2022-05-06', '2022-05-10') https://twitter.com/LucykWithAK/status/1523246604492234758 took: 2.06 leaves: 3
2023-03-29T15:15:23.677788+0800 | coin: luna ('2022-05-06', '2022-05-10') https://twitter.com/lifeindefi/status/1523239793391415296 took: 3.65 leaves: 16
2023-03-29T15:15:26.816645+0800 | coin: luna ('2022-05-06', '2022-05-10') https://twitter.com/dgen_punk/status/1523239539552051200 took: 2.04 leaves: 3
2023-03-29T15:15:48.960814+0800 | coin: luna ('2022-05-06', '2022-05-10') https://twitter.com/Route2FI/status/1523227731231707142 took: 3.07 leaves: 16
2023-03-29T15:15:55.976562+0800 | coin: luna ('2022-05-06', '2022-05-10') https://twitter.com/Trader_XO/status/1523225448813060098 took: 2.15 leaves: 7
2023-03-29T15:16:10.840559+0800 | coin: luna ('2022-05-06', '2022-05-10') https://twitter.com/BitcoinErrorLog/status/1523218733250281478 took: 2.06 leaves: 2
2023-03-29T15:16:16.543910+0800 | coin: luna ('2022-05-06', '2022-05-10') https://twitter.com/kookiiemochiii/status/1523216799697084416 took: 2.15 leaves: 0
2023-03-29T15:16:20.879679+0800 | coin: luna ('2022-05-06', '2022-05-10') https://twitter.com/seodoshi/status/1523216606351945728 took: 4.33 leaves: 0
2023-03-29T15:16:23.840916+0800 | coin: luna ('2022-05-06', '2022-05-10') https://twitter.com/withbondelle/status/1523216052871516161 took: 1.87 leaves: 0
2023-03-29T15:16:29.501062+0800 | coin: luna ('2022-05-06', '2022-05-10') https://twitter.com/donnybelindax/status/1523213956793262082 took: 1.90 leaves: 0
2023-03-29T15:16:45.071373+0800 | coin: luna ('2022-05-06', '2022-05-10') https://twitter.com/cryptomanran/status/1523204234858348550 took: 3.57 leaves: 34
2023-03-29T15:16:51.655778+0800 | coin: luna ('2022-05-06', '2022-05-10') https://twitter.com/Clara_de_luna_/status/1523200237732790272 took: 2.01 leaves: 1
2023-03-29T15:17:03.759926+0800 | coin: luna ('2022-05-06', '2022-05-10') https://twitter.com/crypteff/status/1523192922279055360 took: 2.32 leaves: 0
2023-03-29T15:17:09.893755+0800 | coin: luna ('2022-05-06', '2022-05-10') https://twitter.com/Diversitas_LTD/status/1523190141728083968 took: 2.12 leaves: 4
2023-03-29T15:17:23.394499+0800 | coin: luna ('2022-05-06', '2022-05-10') https://twitter.com/Qi_Capital/status/1523183307424362498 took: 1.94 leaves: 0
2023-03-29T15:17:38.347169+0800 | coin: luna ('2022-05-06', '2022-05-10') https://twitter.com/cryptomanran/status/1523177604786040832 took: 2.98 leaves: 16
2023-03-29T15:17:49.828031+0800 | coin: luna ('2022-05-06', '2022-05-10') https://twitter.com/DegenSpartan/status/1523170694900629504 took: 4.14 leaves: 13
2023-03-29T15:17:53.626368+0800 | coin: luna ('2022-05-06', '2022-05-10') https://twitter.com/hmmxavier/status/1523171255771594752 took: 2.05 leaves: 5
2023-03-29T15:18:05.736572+0800 | coin: luna ('2022-05-06', '2022-05-10') https://twitter.com/LiveLambo/status/1523064769007214592 took: 4.00 leaves: 9
2023-03-29T15:18:14.246081+0800 | coin: luna ('2022-05-06', '2022-05-10') https://twitter.com/caemanfrini/status/1523145923571814400 took: 6.61 leaves: 53
2023-03-29T15:18:27.168236+0800 | coin: luna ('2022-05-06', '2022-05-10') https://twitter.com/Cephii1/status/1523155314060984320 took: 2.12 leaves: 5
2023-03-29T15:18:36.428817+0800 | coin: luna ('2022-05-06', '2022-05-10') https://twitter.com/JayJaboneta/status/1523150338412277761 took: 1.87 leaves: 0
2023-03-29T15:18:42.574401+0800 | coin: luna ('2022-05-06', '2022-05-10') https://twitter.com/Cephii1/status/1523147381633863680 took: 2.06 leaves: 3
2023-03-29T15:19:02.220003+0800 | coin: luna ('2022-05-06', '2022-05-10') https://twitter.com/stablekwon/status/1523136172511223808 took: 3.72 leaves: 42
2023-03-29T15:19:05.422046+0800 | coin: luna ('2022-05-06', '2022-05-10') https://twitter.com/ChadThoreau/status/1523135886925258752 took: 2.48 leaves: 10
2023-03-29T15:19:11.565551+0800 | coin: luna ('2022-05-06', '2022-05-10') https://twitter.com/SumoKuji/status/1523135539075035136 took: 2.08 leaves: 3
2023-03-29T15:19:15.304711+0800 | coin: luna ('2022-05-06', '2022-05-10') https://twitter.com/Brriiit/status/1523131034140692480 took: 2.96 leaves: 1
2023-03-29T15:19:19.964828+0800 | coin: luna ('2022-05-06', '2022-05-10') https://twitter.com/TheDefiJedi/status/1523134315944497152 took: 3.77 leaves: 2
2023-03-29T15:19:36.396111+0800 | coin: luna ('2022-05-06', '2022-05-10') https://twitter.com/stablekwon/status/1523123783736864769 took: 7.48 leaves: 74
2023-03-29T15:19:55.555579+0800 | coin: luna ('2022-05-06', '2022-05-10') https://twitter.com/309KTYSS/status/1523120275587354624 took: 1.97 leaves: 0
2023-03-29T15:20:21.042119+0800 | coin: luna ('2022-05-06', '2022-05-10') https://twitter.com/lunaterraluna/status/1523099447001030658 took: 2.08 leaves: 1
2023-03-29T15:20:32.985651+0800 | coin: luna ('2022-05-06', '2022-05-10') https://twitter.com/Shigeo808/status/1523092686881710080 took: 2.00 leaves: 2
2023-03-29T15:20:42.326997+0800 | coin: luna ('2022-05-06', '2022-05-10') https://twitter.com/lunatichisoka/status/1523088080005066754 took: 2.10 leaves: 4
2023-03-29T15:20:44.385477+0800 | coin: luna ('2022-05-06', '2022-05-10') https://twitter.com/Cephii1/status/1523087469155020801 took: 2.06 leaves: 2
2023-03-29T15:20:47.585554+0800 | coin: luna ('2022-05-06', '2022-05-10') https://twitter.com/TaikiMaeda2/status/1523087063771336704 took: 2.49 leaves: 9
2023-03-29T15:20:53.563480+0800 | coin: luna ('2022-05-06', '2022-05-10') https://twitter.com/Cephii1/status/1523084666126802945 took: 2.03 leaves: 4
2023-03-29T15:20:56.912104+0800 | coin: luna ('2022-05-06', '2022-05-10') https://twitter.com/jdorman81/status/1523084257781944321 took: 2.63 leaves: 1
2023-03-29T15:20:59.703047+0800 | coin: luna ('2022-05-06', '2022-05-10') https://twitter.com/CryptoWizardd/status/1523083649360429057 took: 2.00 leaves: 1
2023-03-29T15:21:32.561865+0800 | coin: luna ('2022-05-06', '2022-05-10') https://twitter.com/CryptoDinduz/status/1523067813006655494 took: 1.92 leaves: 0
2023-03-29T15:21:36.800980+0800 | coin: luna ('2022-05-06', '2022-05-10') https://twitter.com/bitbitcrypto/status/1523066658369245184 took: 1.93 leaves: 0
2023-03-29T15:21:41.852882+0800 | coin: luna ('2022-05-06', '2022-05-10') https://twitter.com/CL207/status/1523064869268131840 took: 2.02 leaves: 3
2023-03-29T15:22:11.167701+0800 | coin: luna ('2022-05-06', '2022-05-10') https://twitter.com/THORmaximalist/status/1523049217438404608 took: 2.05 leaves: 2
2023-03-29T15:22:17.707513+0800 | coin: luna ('2022-05-06', '2022-05-10') https://twitter.com/kitty_bit_games/status/1523045561196515328 took: 1.93 leaves: 0
2023-03-29T15:22:27.855484+0800 | coin: luna ('2022-05-06', '2022-05-10') https://twitter.com/PARABOLIT/status/1523039070058061824 took: 2.43 leaves: 2
2023-03-29T15:22:41.339670+0800 | coin: luna ('2022-05-06', '2022-05-10') https://twitter.com/emrazz/status/1522805865417527296 took: 3.65 leaves: 4
2023-03-29T15:23:19.146318+0800 | coin: luna ('2022-05-06', '2022-05-10') https://twitter.com/MMCrypto/status/1523006169354096641 took: 2.48 leaves: 10
2023-03-29T15:23:24.768879+0800 | coin: luna ('2022-05-06', '2022-05-10') https://twitter.com/Isabelleee_Luna/status/1523002130512375808 took: 3.17 leaves: 6
2023-03-29T15:23:29.011946+0800 | coin: luna ('2022-05-06', '2022-05-10') https://twitter.com/Cephii1/status/1523002928163966978 took: 2.04 leaves: 2
2023-03-29T15:23:49.863635+0800 | coin: luna ('2022-05-06', '2022-05-10') https://twitter.com/Shigeo808/status/1522989395455868930 took: 1.95 leaves: 1
2023-03-29T15:24:18.153880+0800 | coin: luna ('2022-05-06', '2022-05-10') https://twitter.com/luna_del_reyyy/status/1522938641848274944 took: 18.77 leaves: 355
2023-03-29T15:24:22.566354+0800 | coin: luna ('2022-05-06', '2022-05-10') https://twitter.com/therealgrassH/status/1522982073379999745 took: 2.02 leaves: 1
2023-03-29T15:24:28.625028+0800 | coin: luna ('2022-05-06', '2022-05-10') https://twitter.com/PolyLions/status/1522979351037636608 took: 1.95 leaves: 0
2023-03-29T15:24:39.866935+0800 | coin: luna ('2022-05-06', '2022-05-10') single tweet https://twitter.com/mahabagin/status/1522971637125107712 took: 0.00
2023-03-29T15:24:43.727546+0800 | coin: luna ('2022-05-06', '2022-05-10') https://twitter.com/AllysterBlack/status/1522970298273968129 took: 2.02 leaves: 1
2023-03-29T15:24:58.917162+0800 | coin: luna ('2022-05-06', '2022-05-10') https://twitter.com/Cephii1/status/1522963006119948289 took: 2.23 leaves: 4
2023-03-29T15:25:02.357766+0800 | coin: luna ('2022-05-06', '2022-05-10') https://twitter.com/yachtwallace/status/1522962512425385986 took: 2.46 leaves: 13
2023-03-29T15:25:06.529580+0800 | coin: luna ('2022-05-06', '2022-05-10') https://twitter.com/Erdayastronaut/status/1522961684742217729 took: 2.60 leaves: 0
2023-03-29T15:25:08.987764+0800 | coin: luna ('2022-05-06', '2022-05-10') https://twitter.com/CryptoXMad/status/1522961431846653953 took: 2.46 leaves: 0
2023-03-29T15:25:46.455029+0800 | coin: luna ('2022-05-06', '2022-05-10') https://twitter.com/WatcherGuru/status/1522939866480324611 took: 2.37 leaves: 15
2023-03-29T15:26:03.883364+0800 | coin: luna ('2022-05-06', '2022-05-10') https://twitter.com/EngrsOfMNL/status/1522928597438066688 took: 3.33 leaves: 1
2023-03-29T15:26:06.638858+0800 | coin: luna ('2022-05-06', '2022-05-10') https://twitter.com/Luna_Lu_La/status/1522929257529458691 took: 2.10 leaves: 5
2023-03-29T15:26:35.981469+0800 | coin: luna ('2022-05-06', '2022-05-10') https://twitter.com/RobertEFuller/status/1522907094382526466 took: 1.97 leaves: 0
2023-03-29T15:26:42.055084+0800 | coin: luna ('2022-05-06', '2022-05-10') https://twitter.com/GiganticRebirth/status/1522903921492168705 took: 3.04 leaves: 12
2023-03-29T15:26:56.891054+0800 | coin: luna ('2022-05-06', '2022-05-10') https://twitter.com/TheMoonMidas/status/1522896705020219393 took: 3.01 leaves: 15
2023-03-29T15:27:09.881185+0800 | coin: luna ('2022-05-06', '2022-05-10') https://twitter.com/rebel_defi/status/1522888924259045376 took: 1.97 leaves: 1
2023-03-29T15:27:17.112085+0800 | coin: luna ('2022-05-06', '2022-05-10') single tweet https://twitter.com/AMGalangINQ/status/1522882185405280256 took: 0.00
2023-03-29T15:27:30.627795+0800 | coin: luna ('2022-05-06', '2022-05-10') https://twitter.com/cryptophrex/status/1522867971114287104 took: 2.21 leaves: 6
2023-03-29T15:28:31.093587+0800 | coin: luna ('2022-05-06', '2022-05-10') https://twitter.com/rafal_zaorski/status/1522817097147076609 took: 2.43 leaves: 0
2023-03-29T15:28:38.722540+0800 | coin: luna ('2022-05-06', '2022-05-10') https://twitter.com/coryklippsten/status/1522812425505964032 took: 2.44 leaves: 8
2023-03-29T15:28:46.107155+0800 | coin: luna ('2022-05-06', '2022-05-10') https://twitter.com/jasonpizzino/status/1522808099429437441 took: 2.52 leaves: 11
2023-03-29T15:29:05.812468+0800 | coin: luna ('2022-05-06', '2022-05-10') https://twitter.com/TheCryptoLark/status/1522794351440502784 took: 2.52 leaves: 13
2023-03-29T15:29:12.534840+0800 | coin: luna ('2022-05-06', '2022-05-10') https://twitter.com/Luna_Ptuna/status/1522791632445362177 took: 2.35 leaves: 6
2023-03-29T15:29:33.435054+0800 | coin: luna ('2022-05-06', '2022-05-10') https://twitter.com/apangilinan/status/1522773677959393280 took: 1.98 leaves: 0
2023-03-29T15:29:41.744606+0800 | coin: luna ('2022-05-06', '2022-05-10') https://twitter.com/diamond_wolves_/status/1522768236353306625 took: 2.05 leaves: 0
2023-03-29T15:29:45.653858+0800 | coin: luna ('2022-05-06', '2022-05-10') https://twitter.com/Cephii1/status/1522767085046218752 took: 2.16 leaves: 0
2023-03-29T15:29:58.161134+0800 | coin: luna ('2022-05-06', '2022-05-10') https://twitter.com/IU_IsUnique/status/1522762932538736640 took: 2.15 leaves: 1
2023-03-29T15:30:17.059913+0800 | coin: luna ('2022-05-06', '2022-05-10') https://twitter.com/TheMoonMidas/status/1522748176025141248 took: 2.51 leaves: 6
2023-03-29T15:30:35.108020+0800 | coin: luna ('2022-05-06', '2022-05-10') https://twitter.com/Cephii1/status/1522734107381403648 took: 2.18 leaves: 2
2023-03-29T15:30:40.400269+0800 | coin: luna ('2022-05-06', '2022-05-10') https://twitter.com/Cephii1/status/1522730944280633345 took: 2.19 leaves: 3
2023-03-29T15:30:46.038335+0800 | coin: luna ('2022-05-06', '2022-05-10') https://twitter.com/siegeperilous00/status/1522730229613023232 took: 4.92 leaves: 5
2023-03-29T15:30:52.325525+0800 | coin: luna ('2022-05-06', '2022-05-10') https://twitter.com/IU_IsUnique/status/1522726469965070336 took: 2.04 leaves: 0
2023-03-29T15:31:00.321591+0800 | coin: luna ('2022-05-06', '2022-05-10') https://twitter.com/luna_lulux/status/1522721902019682305 took: 2.33 leaves: 5
2023-03-29T15:31:08.824130+0800 | coin: luna ('2022-05-06', '2022-05-10') https://twitter.com/Hey_ImTheNewGuy/status/1522717517898207234 took: 2.23 leaves: 2
2023-03-29T15:31:50.983561+0800 | coin: luna ('2022-05-06', '2022-05-10') https://twitter.com/CoinbaseListing/status/1522683610570047490 took: 2.07 leaves: 1
2023-03-29T15:31:55.245377+0800 | coin: luna ('2022-05-06', '2022-05-10') https://twitter.com/lights_up_luna/status/1522681480429854721 took: 2.08 leaves: 0
2023-03-29T15:32:18.637655+0800 | coin: luna ('2022-05-06', '2022-05-10') https://twitter.com/traderrocko/status/1522665020076740609 took: 2.08 leaves: 2
2023-03-29T15:32:35.529533+0800 | coin: luna ('2022-05-06', '2022-05-10') https://twitter.com/nygmahopee/status/1522603280739848195 took: 3.03 leaves: 0
2023-03-29T15:32:48.019073+0800 | coin: luna ('2022-05-06', '2022-05-10') https://twitter.com/Shigeo808/status/1522644015191003136 took: 2.01 leaves: 1
2023-03-29T15:32:52.446013+0800 | coin: luna ('2022-05-06', '2022-05-10') https://twitter.com/HideYoWifey/status/1522096063783456768 took: 3.56 leaves: 1
2023-03-29T15:33:02.659492+0800 | coin: luna ('2022-05-06', '2022-05-10') https://twitter.com/Rose_D_Luna/status/1522636436167696384 took: 2.15 leaves: 9
2023-03-29T15:33:15.400802+0800 | coin: luna ('2022-05-06', '2022-05-10') https://twitter.com/MrGMYT/status/1522630417198759936 took: 2.30 leaves: 4
2023-03-29T15:33:26.872430+0800 | coin: luna ('2022-05-06', '2022-05-10') https://twitter.com/PolyLions/status/1522624513170722817 took: 2.02 leaves: 1
2023-03-29T15:33:36.432766+0800 | coin: luna ('2022-05-06', '2022-05-10') https://twitter.com/pummelsaturday/status/1522620675491610625 took: 1.90 leaves: 0
2023-03-29T15:33:52.973382+0800 | coin: luna ('2022-05-06', '2022-05-10') https://twitter.com/danku_r/status/1522614635689615360 took: 4.83 leaves: 1
2023-03-29T15:34:00.193346+0800 | coin: luna ('2022-05-06', '2022-05-10') https://twitter.com/maxkeiser/status/1522611631041257481 took: 2.13 leaves: 1
2023-03-29T15:34:22.510569+0800 | coin: luna ('2022-05-06', '2022-05-10') https://twitter.com/Cephii1/status/1522598801663578113 took: 2.08 leaves: 3
2023-03-29T15:34:44.040657+0800 | coin: luna ('2022-05-06', '2022-05-10') https://twitter.com/Trader_XO/status/1522588816606904324 took: 2.04 leaves: 2
2023-03-29T15:34:54.106186+0800 | coin: luna ('2022-05-06', '2022-05-10') https://twitter.com/Rose_D_Luna/status/1522584939648143360 took: 3.20 leaves: 15
2023-03-29T15:34:56.181077+0800 | coin: luna ('2022-05-06', '2022-05-10') https://twitter.com/thewolfofdefi/status/1522584913664520197 took: 2.07 leaves: 3
2023-03-29T15:35:19.232172+0800 | coin: luna ('2022-05-06', '2022-05-10') https://twitter.com/doubleWbrothers/status/1522578201624690689 took: 1.90 leaves: 0
2023-03-29T15:35:39.659758+0800 | coin: luna ('2022-05-06', '2022-05-10') https://twitter.com/scottishgreens/status/1522570121428013061 took: 2.16 leaves: 2
2023-03-29T15:35:51.551827+0800 | coin: luna ('2022-05-06', '2022-05-10') https://twitter.com/BigCheds/status/1522563984083361793 took: 2.12 leaves: 7
2023-03-29T15:35:54.872879+0800 | coin: luna ('2022-05-06', '2022-05-10') https://twitter.com/Cephii1/status/1522563570776608769 took: 2.61 leaves: 0
2023-03-29T15:36:00.673599+0800 | coin: luna ('2022-05-06', '2022-05-10') https://twitter.com/cryptomanran/status/1522562936627154944 took: 3.56 leaves: 16
2023-03-29T15:36:21.563581+0800 | coin: luna ('2022-05-06', '2022-05-10') https://twitter.com/V1p3rw01f/status/1522551467257008128 took: 2.16 leaves: 2
2023-03-29T15:36:36.623636+0800 | coin: luna ('2022-05-06', '2022-05-10') https://twitter.com/BTCfuel/status/1522546971696939008 took: 2.14 leaves: 4
2023-03-29T15:37:21.399688+0800 | coin: luna ('2022-05-06', '2022-05-10') https://twitter.com/KultusKaleng/status/1522536054578118656 took: 1.86 leaves: 0
2023-03-29T15:37:29.373637+0800 | coin: luna ('2022-05-06', '2022-05-10') https://twitter.com/MissLunaArts/status/1522533050822762496 took: 1.88 leaves: 0
2023-03-29T15:37:44.279140+0800 | coin: luna ('2022-05-06', '2022-05-10') https://twitter.com/SoxandD/status/1522524373579706368 took: 2.15 leaves: 2
2023-03-29T15:37:46.274353+0800 | coin: luna ('2022-05-06', '2022-05-10') https://twitter.com/MrktMeditations/status/1522524072764129281 took: 1.99 leaves: 1
2023-03-29T15:37:49.474946+0800 | coin: luna ('2022-05-06', '2022-05-10') https://twitter.com/triezip/status/1522523267839381504 took: 1.88 leaves: 0
2023-03-29T15:37:53.895453+0800 | coin: luna ('2022-05-06', '2022-05-10') https://twitter.com/AthyDrawz/status/1522520755648356352 took: 2.14 leaves: 1
2023-03-29T15:38:05.206770+0800 | coin: luna ('2022-05-06', '2022-05-10') https://twitter.com/HunterX_NFT/status/1522513755418025990 took: 1.94 leaves: 0
2023-03-29T15:38:21.204123+0800 | coin: luna ('2022-05-06', '2022-05-10') https://twitter.com/JayJaboneta/status/1522501474332590080 took: 2.02 leaves: 1
2023-03-29T15:38:33.260369+0800 | coin: luna ('2022-05-06', '2022-05-10') https://twitter.com/cy_coleman/status/1522490192141205506 took: 2.00 leaves: 1
2023-03-29T15:38:37.144324+0800 | coin: luna ('2022-05-06', '2022-05-10') https://twitter.com/danku_r/status/1522488543028944896 took: 2.05 leaves: 1
2023-03-29T15:39:02.222839+0800 | coin: luna ('2022-05-06', '2022-05-10') https://twitter.com/sumitkapoor16/status/1522471820309319680 took: 2.08 leaves: 1
2023-03-29T15:39:25.880753+0800 | coin: luna ('2022-05-06', '2022-05-10') https://twitter.com/anthadoll/status/1522453292298629120 took: 1.92 leaves: 0
2023-03-29T15:39:45.874974+0800 | coin: luna ('2022-05-06', '2022-05-10') https://twitter.com/serephia_luna/status/1522436208667680768 took: 2.08 leaves: 1
2023-03-29T15:40:15.513101+0800 | coin: luna ('2022-05-06', '2022-05-10') https://twitter.com/Cephii1/status/1522413166310928384 took: 2.03 leaves: 2
2023-03-29T15:40:19.146356+0800 | coin: luna ('2022-05-06', '2022-05-10') https://twitter.com/Luna_de_Maria/status/1522412338363650050 took: 2.32 leaves: 5
2023-03-29T15:40:54.839909+0800 | coin: luna ('2022-05-06', '2022-05-10') https://twitter.com/ElonKwon/status/1522385876562624512 took: 1.98 leaves: 1
2023-03-29T15:41:10.922442+0800 | coin: luna ('2022-05-06', '2022-05-10') https://twitter.com/gametheorizing/status/1522375051135393793 took: 2.06 leaves: 3
