2023-03-29T14:43:44.232076+0800 | coin: shib ('2021-08-02', '2021-08-05') https://twitter.com/HyperMikeV/status/1423063503271653376 took: 2.28 leaves: 1
2023-03-29T14:44:08.391645+0800 | coin: shib ('2021-08-02', '2021-08-05') https://twitter.com/ShibaArchives/status/1423042675767447552 took: 2.46 leaves: 5
2023-03-29T14:44:16.605375+0800 | coin: shib ('2021-08-02', '2021-08-05') https://twitter.com/ShiBNeverDie1/status/1423035075591958529 took: 2.63 leaves: 0
2023-03-29T14:44:42.237125+0800 | coin: shib ('2021-08-02', '2021-08-05') https://twitter.com/smallcappick/status/1423015456865243136 took: 2.39 leaves: 2
2023-03-29T14:44:55.620071+0800 | coin: shib ('2021-08-02', '2021-08-05') https://twitter.com/ShibaArchives/status/1423008443275825156 took: 2.30 leaves: 13
2023-03-29T14:44:59.365442+0800 | coin: shib ('2021-08-02', '2021-08-05') https://twitter.com/ShibaArchives/status/1423007407937044491 took: 2.05 leaves: 3
2023-03-29T14:45:51.599413+0800 | coin: shib ('2021-08-02', '2021-08-05') https://twitter.com/AtomicWallet/status/1422987845640335367 took: 5.61 leaves: 56
2023-03-29T14:45:55.667712+0800 | coin: shib ('2021-08-02', '2021-08-05') https://twitter.com/fukwitslick/status/1422987133950775300 took: 2.69 leaves: 2
2023-03-29T14:46:16.728329+0800 | coin: shib ('2021-08-02', '2021-08-05') https://twitter.com/ShibaInuHodler/status/1422976729442930697 took: 2.05 leaves: 4
2023-03-29T14:46:35.726736+0800 | coin: shib ('2021-08-02', '2021-08-05') https://twitter.com/hoodienako/status/1422966244102311940 took: 2.42 leaves: 0
2023-03-29T14:46:39.794657+0800 | coin: shib ('2021-08-02', '2021-08-05') https://twitter.com/ShibInformer/status/1422964629014302724 took: 2.44 leaves: 3
2023-03-29T14:47:41.390187+0800 | coin: shib ('2021-08-02', '2021-08-05') https://twitter.com/ShibaArchives/status/1422937300049272838 took: 2.56 leaves: 2
2023-03-29T14:48:35.852623+0800 | coin: shib ('2021-08-02', '2021-08-05') https://twitter.com/novalaney/status/1422921855216717824 took: 3.11 leaves: 3
2023-03-29T14:48:48.805217+0800 | coin: shib ('2021-08-02', '2021-08-05') https://twitter.com/RBXSamurai/status/1422918847091421191 took: 2.09 leaves: 0
2023-03-29T14:49:11.428049+0800 | coin: shib ('2021-08-02', '2021-08-05') https://twitter.com/ShibArmyX/status/1422911144956596238 took: 2.26 leaves: 1
2023-03-29T14:49:35.419135+0800 | coin: shib ('2021-08-02', '2021-08-05') https://twitter.com/army_shiba/status/1422901824760291331 took: 3.09 leaves: 14
2023-03-29T14:51:45.853259+0800 | coin: shib ('2021-08-02', '2021-08-05') https://twitter.com/thesamtan/status/1422833114099838979 took: 2.42 leaves: 6
2023-03-29T14:51:50.802918+0800 | coin: shib ('2021-08-02', '2021-08-05') https://twitter.com/shib_mehta/status/1422830011220828162 took: 3.09 leaves: 20
2023-03-29T14:52:01.038682+0800 | coin: shib ('2021-08-02', '2021-08-05') https://twitter.com/CryptoDiffer/status/1422819588434169856 took: 1.90 leaves: 0
2023-03-29T14:52:41.487744+0800 | coin: shib ('2021-08-02', '2021-08-05') https://twitter.com/ShibaArchives/status/1422773564944621569 took: 3.31 leaves: 6
2023-03-29T14:53:33.622239+0800 | coin: shib ('2021-08-02', '2021-08-05') https://twitter.com/ShibInformer/status/1422739402057523202 took: 2.06 leaves: 4
2023-03-29T14:54:05.160020+0800 | coin: shib ('2021-08-02', '2021-08-05') https://twitter.com/ShibaArchives/status/1422718021739679747 took: 2.48 leaves: 2
2023-03-29T14:54:26.273069+0800 | coin: shib ('2021-08-02', '2021-08-05') https://twitter.com/onanoctupus/status/1422699956108996609 took: 2.13 leaves: 10
2023-03-29T14:56:12.199220+0800 | coin: shib ('2021-08-02', '2021-08-05') https://twitter.com/ShibaInuHodler/status/1422615273954283523 took: 2.38 leaves: 3
2023-03-29T14:56:19.185638+0800 | coin: shib ('2021-08-02', '2021-08-05') https://twitter.com/ShibaStadium/status/1422613207877881859 took: 3.69 leaves: 2
2023-03-29T14:56:23.270613+0800 | coin: shib ('2021-08-02', '2021-08-05') https://twitter.com/PetaByteCapital/status/1422613363264299018 took: 2.43 leaves: 3
2023-03-29T14:57:13.985085+0800 | coin: shib ('2021-08-02', '2021-08-05') https://twitter.com/shibainuevang/status/1422595520397197314 took: 2.26 leaves: 2
2023-03-29T14:57:34.086559+0800 | coin: shib ('2021-08-02', '2021-08-05') https://twitter.com/shibwhisperer/status/1422589751815716865 took: 2.45 leaves: 1
2023-03-29T14:57:57.589874+0800 | coin: shib ('2021-08-02', '2021-08-05') https://twitter.com/army_shiba/status/1422581869837750272 took: 2.50 leaves: 2
2023-03-29T14:58:21.645250+0800 | coin: shib ('2021-08-02', '2021-08-05') https://twitter.com/DaCryptoGeneral/status/1422566275977388034 took: 3.92 leaves: 3
2023-03-29T14:58:37.461877+0800 | coin: shib ('2021-08-02', '2021-08-05') https://twitter.com/ShibaAustralia/status/1422559999264391174 took: 1.98 leaves: 0
2023-03-29T14:58:49.909710+0800 | coin: shib ('2021-08-02', '2021-08-05') https://twitter.com/PetaByteCapital/status/1422556758103502855 took: 4.34 leaves: 0
2023-03-29T14:58:52.773387+0800 | coin: shib ('2021-08-02', '2021-08-05') https://twitter.com/cryptohighnft/status/1422556320205508612 took: 2.40 leaves: 2
2023-03-29T14:58:57.456156+0800 | coin: shib ('2021-08-02', '2021-08-05') https://twitter.com/army_shiba/status/1422554722905567236 took: 2.34 leaves: 2
2023-03-29T14:59:00.579052+0800 | coin: shib ('2021-08-02', '2021-08-05') https://twitter.com/novalaney/status/1422554040538443783 took: 2.26 leaves: 1
2023-03-29T14:59:13.542915+0800 | coin: shib ('2021-08-02', '2021-08-05') https://twitter.com/ShytoshiKusama/status/1422550354386903043 took: 6.76 leaves: 67
2023-03-29T14:59:25.685152+0800 | coin: shib ('2021-08-02', '2021-08-05') https://twitter.com/ShibaArchives/status/1422542132175417353 took: 2.05 leaves: 6
2023-03-29T14:59:29.109204+0800 | coin: shib ('2021-08-02', '2021-08-05') https://twitter.com/CryptoDiffer/status/1422541329666555910 took: 1.90 leaves: 0
2023-03-29T14:59:45.487386+0800 | coin: shib ('2021-08-02', '2021-08-05') https://twitter.com/MagicInternetM6/status/1422529654192283687 took: 2.28 leaves: 1
2023-03-29T14:59:52.333973+0800 | coin: shib ('2021-08-02', '2021-08-05') https://twitter.com/army_shiba/status/1422526513816211457 took: 2.60 leaves: 4
2023-03-29T15:00:16.377881+0800 | coin: shib ('2021-08-02', '2021-08-05') https://twitter.com/MoonconnectNET/status/1422513551776813057 took: 2.43 leaves: 5
2023-03-29T15:00:19.109308+0800 | coin: shib ('2021-08-02', '2021-08-05') https://twitter.com/army_shiba/status/1422513376505352196 took: 2.33 leaves: 3
2023-03-29T15:00:59.286844+0800 | coin: shib ('2021-08-02', '2021-08-05') https://twitter.com/txbit_io/status/1422486895221673991 took: 4.53 leaves: 25
2023-03-29T15:01:35.966921+0800 | coin: shib ('2021-08-02', '2021-08-05') https://twitter.com/cryptomasters07/status/1422465435174383616 took: 9.61 leaves: 4
2023-03-29T15:01:39.486952+0800 | coin: shib ('2021-08-02', '2021-08-05') https://twitter.com/ganja_god_NFT/status/1422462843677384710 took: 2.05 leaves: 1
2023-03-29T15:02:10.932246+0800 | coin: shib ('2021-08-02', '2021-08-05') https://twitter.com/ShibaInuHodler/status/1422439152495251460 took: 2.17 leaves: 8
2023-03-29T15:02:40.752869+0800 | coin: shib ('2021-08-02', '2021-08-05') https://twitter.com/army_shiba/status/1422422664614924289 took: 2.81 leaves: 8
2023-03-29T15:03:05.546589+0800 | coin: shib ('2021-08-02', '2021-08-05') https://twitter.com/ShilMaximalist/status/1422402634150031394 took: 2.78 leaves: 9
2023-03-29T15:03:12.659239+0800 | coin: shib ('2021-08-02', '2021-08-05') https://twitter.com/KittyCoinGlobal/status/1422397002025816075 took: 1.89 leaves: 0
2023-03-29T15:03:28.744268+0800 | coin: shib ('2021-08-02', '2021-08-05') https://twitter.com/ShibInformer/status/1422380214764584965 took: 3.18 leaves: 11
2023-03-29T15:03:40.978424+0800 | coin: shib ('2021-08-02', '2021-08-05') https://twitter.com/cryptohighnft/status/1422365530527354880 took: 1.99 leaves: 2
2023-03-29T15:03:46.224630+0800 | coin: shib ('2021-08-02', '2021-08-05') https://twitter.com/UnificationUND/status/1422362738328694788 took: 2.37 leaves: 4
2023-03-29T15:04:27.456230+0800 | coin: shib ('2021-08-02', '2021-08-05') https://twitter.com/Yourpop8/status/1422327822807441408 took: 2.58 leaves: 9
2023-03-29T15:04:39.690127+0800 | coin: shib ('2021-08-02', '2021-08-05') https://twitter.com/ShibInformer/status/1422324406513278980 took: 2.68 leaves: 13
2023-03-29T15:04:57.648130+0800 | coin: shib ('2021-08-02', '2021-08-05') https://twitter.com/SHIB_komorebi/status/1422172317065560070 took: 16.18 leaves: 301
2023-03-29T15:05:08.802367+0800 | coin: shib ('2021-08-02', '2021-08-05') https://twitter.com/ShibInformer/status/1422316400127918090 took: 3.71 leaves: 10
2023-03-29T15:05:17.513888+0800 | coin: shib ('2021-08-02', '2021-08-05') https://twitter.com/DaCryptoGeneral/status/1422310648298549252 took: 2.13 leaves: 8
2023-03-29T15:06:48.996580+0800 | coin: shib ('2021-08-02', '2021-08-05') https://twitter.com/army_shiba/status/1422259491777794060 took: 2.80 leaves: 11
2023-03-29T15:07:26.511337+0800 | coin: shib ('2021-08-02', '2021-08-05') https://twitter.com/ShibaArchives/status/1422243185829597187 took: 2.37 leaves: 7
2023-03-29T15:08:09.606338+0800 | coin: shib ('2021-08-02', '2021-08-05') https://twitter.com/ShytoshiKusama/status/1422227073201065984 took: 14.67 leaves: 241
2023-03-29T15:08:18.925012+0800 | coin: shib ('2021-08-02', '2021-08-05') https://twitter.com/ShibaInuHodler/status/1422221453538349059 took: 2.27 leaves: 3
2023-03-29T15:08:25.792104+0800 | coin: shib ('2021-08-02', '2021-08-05') https://twitter.com/ShibInformer/status/1422217148194336769 took: 2.15 leaves: 2
2023-03-29T15:09:13.639495+0800 | coin: shib ('2021-08-02', '2021-08-05') https://twitter.com/shibainuevang/status/1422190523113222144 took: 2.24 leaves: 1
2023-03-29T15:09:48.445733+0800 | coin: shib ('2021-08-02', '2021-08-05') https://twitter.com/Dezaxe/status/1422168514773798913 took: 1.91 leaves: 0
2023-03-29T15:09:56.669691+0800 | coin: shib ('2021-08-02', '2021-08-05') https://twitter.com/Shibtoken/status/1422167397314748416 took: 6.89 leaves: 41
2023-03-29T15:10:29.289299+0800 | coin: shib ('2021-08-02', '2021-08-05') https://twitter.com/army_shiba/status/1422147444578586627 took: 4.60 leaves: 8
2023-03-29T15:11:26.031123+0800 | coin: shib ('2021-08-02', '2021-08-05') https://twitter.com/Thomas56710o3i/status/1422097721041858566 took: 2.33 leaves: 2
2023-03-29T15:11:35.100665+0800 | coin: shib ('2021-08-02', '2021-08-05') https://twitter.com/army_shiba/status/1422092768202141696 took: 2.13 leaves: 4
2023-03-29T15:11:45.996625+0800 | coin: shib ('2021-08-02', '2021-08-05') https://twitter.com/army_shiba/status/1422080486407540738 took: 2.31 leaves: 5
2023-03-29T15:11:54.789186+0800 | coin: shib ('2021-08-02', '2021-08-05') https://twitter.com/novalaney/status/1422069621461438467 took: 1.95 leaves: 0
2023-03-29T15:12:14.955984+0800 | coin: shib ('2021-08-02', '2021-08-05') https://twitter.com/novalaney/status/1422046090614829065 took: 1.99 leaves: 2
2023-03-29T15:13:04.249878+0800 | coin: shib ('2021-08-02', '2021-08-05') https://twitter.com/ShibaArchives/status/1421996252020019207 took: 2.23 leaves: 8
2023-03-29T15:13:06.351058+0800 | coin: shib ('2021-08-02', '2021-08-05') https://twitter.com/ShibaArchives/status/1421995810930233345 took: 2.10 leaves: 7
2023-03-29T15:13:42.565820+0800 | coin: doge ('2021-04-12', '2021-04-16') https://twitter.com/NFTandDOGE/status/1382842152741326849 took: 1.99 leaves: 1
2023-03-29T15:13:47.779162+0800 | coin: doge ('2021-04-12', '2021-04-16') https://twitter.com/MattWallace888/status/1382841693779718147 took: 2.18 leaves: 10
2023-03-29T15:13:52.673513+0800 | coin: doge ('2021-04-12', '2021-04-16') https://twitter.com/ftx_app/status/1382841586011230209 took: 3.98 leaves: 52
2023-03-29T15:13:59.002029+0800 | coin: doge ('2021-04-12', '2021-04-16') https://twitter.com/CrownLead3r/status/1382841047542206464 took: 1.88 leaves: 0
2023-03-29T15:14:09.590703+0800 | coin: doge ('2021-04-12', '2021-04-16') https://twitter.com/dearstormxdoge/status/1382840049356705793 took: 4.41 leaves: 42
2023-03-29T15:14:11.509113+0800 | coin: doge ('2021-04-12', '2021-04-16') https://twitter.com/hiphopcrisis/status/1382839955181867010 took: 1.92 leaves: 0
2023-03-29T15:14:14.140471+0800 | coin: doge ('2021-04-12', '2021-04-16') https://twitter.com/AkilahObviously/status/1382839911544352770 took: 1.88 leaves: 0
2023-03-29T15:14:17.666826+0800 | coin: doge ('2021-04-12', '2021-04-16') https://twitter.com/CryptoNova_/status/1382839581880377348 took: 2.01 leaves: 2
2023-03-29T15:14:21.506974+0800 | coin: doge ('2021-04-12', '2021-04-16') https://twitter.com/xbintumerx/status/1382839318163591168 took: 2.30 leaves: 1
2023-03-29T15:14:25.475801+0800 | coin: doge ('2021-04-12', '2021-04-16') https://twitter.com/TheCryptoLark/status/1382839251662905345 took: 3.23 leaves: 23
2023-03-29T15:14:44.217580+0800 | coin: doge ('2021-04-12', '2021-04-16') https://twitter.com/NFTandDOGE/status/1382836772300738561 took: 2.02 leaves: 2
2023-03-29T15:14:54.426199+0800 | coin: doge ('2021-04-12', '2021-04-16') https://twitter.com/Dogecoinupdate/status/1382835549753335813 took: 2.59 leaves: 0
2023-03-29T15:15:05.537670+0800 | coin: doge ('2021-04-12', '2021-04-16') https://twitter.com/loganbartlett/status/1382834166530736128 took: 1.98 leaves: 1
2023-03-29T15:15:13.300990+0800 | coin: doge ('2021-04-12', '2021-04-16') https://twitter.com/soamjena/status/1382833265975848960 took: 2.21 leaves: 7
2023-03-29T15:15:22.102810+0800 | coin: doge ('2021-04-12', '2021-04-16') https://twitter.com/NFTandDOGE/status/1382832680216141827 took: 1.91 leaves: 0
2023-03-29T15:15:36.214853+0800 | coin: doge ('2021-04-12', '2021-04-16') https://twitter.com/Investments_CEO/status/1382831708265984003 took: 4.99 leaves: 13
2023-03-29T15:15:44.221244+0800 | coin: doge ('2021-04-12', '2021-04-16') https://twitter.com/slime_machine/status/1382831044861169666 took: 1.88 leaves: 0
2023-03-29T15:15:50.149287+0800 | coin: doge ('2021-04-12', '2021-04-16') https://twitter.com/anothercohen/status/1382830609773465602 took: 2.01 leaves: 0
2023-03-29T15:16:29.512164+0800 | coin: doge ('2021-04-12', '2021-04-16') https://twitter.com/sadiaslayy/status/1382826676489314305 took: 3.85 leaves: 31
2023-03-29T15:16:41.014228+0800 | coin: doge ('2021-04-12', '2021-04-16') https://twitter.com/itsALLrisky/status/1382823653465726980 took: 3.26 leaves: 9
2023-03-29T15:17:44.198279+0800 | coin: doge ('2021-04-12', '2021-04-16') https://twitter.com/cinnamontoastk/status/1382819445677072387 took: 2.46 leaves: 3
2023-03-29T15:17:51.456056+0800 | coin: doge ('2021-04-12', '2021-04-16') https://twitter.com/Investments_CEO/status/1382819099827441664 took: 2.14 leaves: 1
2023-03-29T15:20:34.518706+0800 | coin: doge ('2021-04-12', '2021-04-16') https://twitter.com/elonmusk/status/1382552587099062272 took: 158.30 leaves: 3053
2023-03-29T15:20:42.238191+0800 | coin: doge ('2021-04-12', '2021-04-16') https://twitter.com/TylaYaweh/status/1382818194226831363 took: 1.98 leaves: 1
2023-03-29T15:20:49.256068+0800 | coin: doge ('2021-04-12', '2021-04-16') https://twitter.com/wolfofwallst/status/1382817896674455553 took: 2.14 leaves: 8
2023-03-29T15:21:02.006813+0800 | coin: doge ('2021-04-12', '2021-04-16') https://twitter.com/Dogecoinrich/status/1382816980361699330 took: 1.93 leaves: 0
2023-03-29T15:21:15.066781+0800 | coin: doge ('2021-04-12', '2021-04-16') https://twitter.com/TDogewhisperer/status/1382816024911769602 took: 1.95 leaves: 0
2023-03-29T15:21:21.950542+0800 | coin: doge ('2021-04-12', '2021-04-16') https://twitter.com/SimpleFlips/status/1382815626289242122 took: 2.04 leaves: 2
2023-03-29T15:21:40.433434+0800 | coin: doge ('2021-04-12', '2021-04-16') https://twitter.com/DogecoinRise/status/1382814242030592004 took: 2.08 leaves: 5
2023-03-29T15:21:50.916905+0800 | coin: doge ('2021-04-12', '2021-04-16') https://twitter.com/davidgokhshtein/status/1382813606056767488 took: 2.14 leaves: 8
2023-03-29T15:21:55.999989+0800 | coin: doge ('2021-04-12', '2021-04-16') https://twitter.com/davidgokhshtein/status/1382813490654683137 took: 2.03 leaves: 1
2023-03-29T15:22:07.555684+0800 | coin: doge ('2021-04-12', '2021-04-16') https://twitter.com/CoachDuggs/status/1382812904890765312 took: 1.97 leaves: 1
2023-03-29T15:22:14.676130+0800 | coin: doge ('2021-04-12', '2021-04-16') https://twitter.com/CryptoDonAlt/status/1382812526812000258 took: 2.47 leaves: 5
2023-03-29T15:22:29.577439+0800 | coin: doge ('2021-04-12', '2021-04-16') https://twitter.com/VentureCoinist/status/1382811654371557385 took: 1.94 leaves: 1
2023-03-29T15:22:45.406912+0800 | coin: doge ('2021-04-12', '2021-04-16') https://twitter.com/DogecoinRise/status/1382810549327597570 took: 1.99 leaves: 1
2023-03-29T15:22:50.711014+0800 | coin: doge ('2021-04-12', '2021-04-16') https://twitter.com/cap_zay/status/1382810356150591490 took: 2.01 leaves: 0
2023-03-29T15:23:00.275880+0800 | coin: doge ('2021-04-12', '2021-04-16') https://twitter.com/NFTandDOGE/status/1382809853526089728 took: 2.10 leaves: 4
2023-03-29T15:23:08.868196+0800 | coin: doge ('2021-04-12', '2021-04-16') https://twitter.com/theCoDubya/status/1382809387648045057 took: 2.12 leaves: 4
2023-03-29T15:23:16.797060+0800 | coin: doge ('2021-04-12', '2021-04-16') https://twitter.com/Dogepunks/status/1382808987054247944 took: 1.99 leaves: 1
2023-03-29T15:23:35.010370+0800 | coin: doge ('2021-04-12', '2021-04-16') https://twitter.com/mimimusics/status/1382807982161924102 took: 2.66 leaves: 5
2023-03-29T15:23:53.097319+0800 | coin: doge ('2021-04-12', '2021-04-16') https://twitter.com/binance/status/1382806767189389314 took: 13.14 leaves: 185
2023-03-29T15:24:12.297704+0800 | coin: doge ('2021-04-12', '2021-04-16') https://twitter.com/DogecoinRise/status/1382806667406954504 took: 2.06 leaves: 4
2023-03-29T15:24:15.752897+0800 | coin: doge ('2021-04-12', '2021-04-16') https://twitter.com/Fireburner/status/1382806553590370306 took: 1.94 leaves: 0
2023-03-29T15:24:35.959089+0800 | coin: doge ('2021-04-12', '2021-04-16') https://twitter.com/cryptunez/status/1382805274713583620 took: 2.26 leaves: 1
2023-03-29T15:24:43.028322+0800 | coin: doge ('2021-04-12', '2021-04-16') https://twitter.com/lisadoge/status/1382804927127416833 took: 1.89 leaves: 0
2023-03-29T15:24:47.579793+0800 | coin: doge ('2021-04-12', '2021-04-16') https://twitter.com/TaylerHolder/status/1382804778476994560 took: 2.31 leaves: 0
2023-03-29T15:25:05.714816+0800 | coin: doge ('2021-04-12', '2021-04-16') https://twitter.com/DogecoinRise/status/1382804012039163904 took: 2.23 leaves: 1
2023-03-29T15:25:30.785351+0800 | coin: doge ('2021-04-12', '2021-04-16') https://twitter.com/CryptoKaleo/status/1382802562584350720 took: 2.12 leaves: 6
2023-03-29T15:25:49.717078+0800 | coin: doge ('2021-04-12', '2021-04-16') https://twitter.com/IncomeSharks/status/1382801633239650307 took: 2.31 leaves: 3
2023-03-29T15:25:54.369168+0800 | coin: doge ('2021-04-12', '2021-04-16') https://twitter.com/TikTokInvestors/status/1382801514729734147 took: 2.33 leaves: 3
2023-03-29T15:26:17.420396+0800 | coin: doge ('2021-04-12', '2021-04-16') https://twitter.com/saradwinter/status/1382800375896367104 took: 3.30 leaves: 19
2023-03-29T15:26:24.612334+0800 | coin: doge ('2021-04-12', '2021-04-16') https://twitter.com/BeanScientist/status/1382800057997623300 took: 2.46 leaves: 3
2023-03-29T15:26:49.988357+0800 | coin: doge ('2021-04-12', '2021-04-16') https://twitter.com/KennethDredd/status/1382798794324996096 took: 1.91 leaves: 0
2023-03-29T15:27:06.578158+0800 | coin: doge ('2021-04-12', '2021-04-16') https://twitter.com/MattWallace888/status/1382798195311448064 took: 4.20 leaves: 54
2023-03-29T15:27:11.747678+0800 | coin: doge ('2021-04-12', '2021-04-16') https://twitter.com/_cdome/status/1382798054667948032 took: 2.16 leaves: 3
2023-03-29T15:27:25.840173+0800 | coin: doge ('2021-04-12', '2021-04-16') https://twitter.com/CryptoBull2020/status/1382797427170803716 took: 2.34 leaves: 12
2023-03-29T15:27:36.523956+0800 | coin: doge ('2021-04-12', '2021-04-16') https://twitter.com/Gamiftpp/status/1382796945194954765 took: 2.03 leaves: 2
2023-03-29T15:27:41.778634+0800 | coin: doge ('2021-04-12', '2021-04-16') https://twitter.com/Dogecoinupdate/status/1382796822217838594 took: 1.89 leaves: 0
2023-03-29T15:27:44.611140+0800 | coin: doge ('2021-04-12', '2021-04-16') https://twitter.com/Thresort/status/1382796766156886024 took: 1.99 leaves: 1
2023-03-29T15:27:46.964609+0800 | coin: doge ('2021-04-12', '2021-04-16') https://twitter.com/davidgokhshtein/status/1382796756967170061 took: 2.35 leaves: 1
2023-03-29T15:27:53.822794+0800 | coin: doge ('2021-04-12', '2021-04-16') https://twitter.com/ThaCryptoWizard/status/1382796638847074307 took: 4.46 leaves: 0
2023-03-29T15:27:58.852759+0800 | coin: doge ('2021-04-12', '2021-04-16') https://twitter.com/d1am0nd55/status/1382796572644245516 took: 2.36 leaves: 1
2023-03-29T15:28:02.395305+0800 | coin: doge ('2021-04-12', '2021-04-16') https://twitter.com/crypto_hub1/status/1382796525995167752 took: 2.44 leaves: 4
2023-03-29T15:28:06.749329+0800 | coin: doge ('2021-04-12', '2021-04-16') https://twitter.com/hiphopcrisis/status/1382796419656929281 took: 1.96 leaves: 0
2023-03-29T15:28:20.176176+0800 | coin: doge ('2021-04-12', '2021-04-16') https://twitter.com/Investments_CEO/status/1382795970052816897 took: 2.50 leaves: 2
2023-03-29T15:28:33.550530+0800 | coin: doge ('2021-04-12', '2021-04-16') https://twitter.com/crypto_bitlord7/status/1382795651302395906 took: 4.24 leaves: 7
2023-03-29T15:28:49.739374+0800 | coin: doge ('2021-04-12', '2021-04-16') https://twitter.com/ImNotScottySire/status/1382795137953144832 took: 2.16 leaves: 2
2023-03-29T15:29:00.908977+0800 | coin: doge ('2021-04-12', '2021-04-16') https://twitter.com/BeeLongMD/status/1382794866539761665 took: 2.03 leaves: 0
2023-03-29T15:29:04.062181+0800 | coin: doge ('2021-04-12', '2021-04-16') https://twitter.com/vermonterbro/status/1382794821329379329 took: 2.03 leaves: 0
2023-03-29T15:29:10.929507+0800 | coin: doge ('2021-04-12', '2021-04-16') https://twitter.com/KingSnow_vo/status/1382794664739106816 took: 2.65 leaves: 4
2023-03-29T15:29:15.676699+0800 | coin: doge ('2021-04-12', '2021-04-16') https://twitter.com/vermonterbro/status/1382794583214555142 took: 2.18 leaves: 4
2023-03-29T15:29:18.640817+0800 | coin: doge ('2021-04-12', '2021-04-16') https://twitter.com/CryptoBull/status/1382794543628746754 took: 2.19 leaves: 0
2023-03-29T15:29:26.690819+0800 | coin: doge ('2021-04-12', '2021-04-16') https://twitter.com/thatguybradford/status/1382794347230294016 took: 2.56 leaves: 5
2023-03-29T15:29:33.421782+0800 | coin: doge ('2021-04-12', '2021-04-16') https://twitter.com/CryptoWizardd/status/1382794237205446662 took: 2.42 leaves: 13
2023-03-29T15:29:49.446972+0800 | coin: doge ('2021-04-12', '2021-04-16') https://twitter.com/JRNYcrypto/status/1382793863744528387 took: 3.91 leaves: 38
2023-03-29T15:29:53.282740+0800 | coin: doge ('2021-04-12', '2021-04-16') https://twitter.com/CaryBock/status/1382793813479985155 took: 2.21 leaves: 2
2023-03-29T15:29:56.536623+0800 | coin: doge ('2021-04-12', '2021-04-16') https://twitter.com/Doge_Coin_1/status/1382793799072632836 took: 2.48 leaves: 20
2023-03-29T15:30:09.687068+0800 | coin: doge ('2021-04-12', '2021-04-16') https://twitter.com/ttrulss/status/1382793471723995137 took: 2.32 leaves: 3
2023-03-29T15:30:17.922639+0800 | coin: doge ('2021-04-12', '2021-04-16') https://twitter.com/NSeagriff/status/1382793312935899136 took: 2.32 leaves: 3
2023-03-29T15:30:26.986461+0800 | coin: doge ('2021-04-12', '2021-04-16') https://twitter.com/NFTandDOGE/status/1382793091656994817 took: 2.06 leaves: 0
2023-03-29T15:30:37.846112+0800 | coin: doge ('2021-04-12', '2021-04-16') https://twitter.com/DogecoinRise/status/1382792101419622400 took: 3.64 leaves: 11
2023-03-29T15:30:59.885810+0800 | coin: doge ('2021-04-12', '2021-04-16') https://twitter.com/Lori35429887/status/1382792489229197313 took: 2.49 leaves: 1
2023-03-29T15:31:02.663522+0800 | coin: doge ('2021-04-12', '2021-04-16') https://twitter.com/bizzleosikoya/status/1382792465334349824 took: 2.01 leaves: 0
2023-03-29T15:31:12.465966+0800 | coin: doge ('2021-04-12', '2021-04-16') https://twitter.com/BuyDogeForever/status/1382792285734113280 took: 2.56 leaves: 8
2023-03-29T15:31:16.020811+0800 | coin: doge ('2021-04-12', '2021-04-16') https://twitter.com/CL207/status/1382792233292812288 took: 2.15 leaves: 1
2023-03-29T15:31:23.173651+0800 | coin: doge ('2021-04-12', '2021-04-16') https://twitter.com/JUPITERMOVESME/status/1382792073548603395 took: 2.07 leaves: 1
2023-03-29T15:31:31.717926+0800 | coin: doge ('2021-04-12', '2021-04-16') https://twitter.com/sethplimp/status/1382791925338619906 took: 2.64 leaves: 2
2023-03-29T15:31:36.892269+0800 | coin: doge ('2021-04-12', '2021-04-16') https://twitter.com/SirTommiac/status/1382791826348904459 took: 2.04 leaves: 0
2023-03-29T15:31:40.737583+0800 | coin: doge ('2021-04-12', '2021-04-16') https://twitter.com/KennethMurray/status/1382791781272588290 took: 2.28 leaves: 2
2023-03-29T15:32:20.525856+0800 | coin: doge ('2021-04-12', '2021-04-16') https://twitter.com/Juanitoe87/status/1382790795799851008 took: 2.36 leaves: 2
2023-03-29T15:32:22.491159+0800 | coin: doge ('2021-04-12', '2021-04-16') https://twitter.com/JUPITERMOVESME/status/1382790792004128770 took: 1.96 leaves: 0
2023-03-29T15:32:26.309920+0800 | coin: doge ('2021-04-12', '2021-04-16') https://twitter.com/valueandtime/status/1382790761209593863 took: 2.14 leaves: 4
2023-03-29T15:32:35.697011+0800 | coin: doge ('2021-04-12', '2021-04-16') https://twitter.com/merelise_davis/status/1382790510033600512 took: 1.94 leaves: 0
2023-03-29T15:32:48.731935+0800 | coin: doge ('2021-04-12', '2021-04-16') https://twitter.com/CoachDuggs/status/1382790265346392068 took: 2.08 leaves: 0
2023-03-29T15:32:58.790187+0800 | coin: doge ('2021-04-12', '2021-04-16') https://twitter.com/ksicrypto/status/1382790015395229696 took: 2.21 leaves: 7
2023-03-29T15:33:14.073149+0800 | coin: doge ('2021-04-12', '2021-04-16') https://twitter.com/CryptosR_Us/status/1382789606098210826 took: 2.99 leaves: 20
2023-03-29T15:33:23.682134+0800 | coin: doge ('2021-04-12', '2021-04-16') https://twitter.com/Jorg2Inn/status/1382789318264033281 took: 2.44 leaves: 6
2023-03-29T15:33:27.022616+0800 | coin: doge ('2021-04-12', '2021-04-16') https://twitter.com/zillaaa777/status/1382789258029649921 took: 1.90 leaves: 0
2023-03-29T15:33:33.506500+0800 | coin: doge ('2021-04-12', '2021-04-16') https://twitter.com/CryptoGodJohn/status/1382789197921157121 took: 2.05 leaves: 3
2023-03-29T15:33:37.752199+0800 | coin: doge ('2021-04-12', '2021-04-16') https://twitter.com/SawyerMerritt/status/1382789119693185024 took: 2.54 leaves: 5
2023-03-29T15:34:01.567678+0800 | coin: doge ('2021-04-12', '2021-04-16') https://twitter.com/ChynnaTown11/status/1382788522281619457 took: 2.45 leaves: 5
2023-03-29T15:34:09.720278+0800 | coin: doge ('2021-04-12', '2021-04-16') https://twitter.com/kingofmyvision/status/1382788315871531011 took: 1.88 leaves: 0
2023-03-29T15:34:23.268002+0800 | coin: doge ('2021-04-12', '2021-04-16') https://twitter.com/CryptoWendyO/status/1382787908386529283 took: 2.15 leaves: 7
2023-03-29T15:34:30.579503+0800 | coin: doge ('2021-04-12', '2021-04-16') https://twitter.com/NFTandDOGE/status/1382787670804373504 took: 1.86 leaves: 0
2023-03-29T15:34:35.413480+0800 | coin: doge ('2021-04-12', '2021-04-16') https://twitter.com/RookieXBT/status/1382739076751704066 took: 3.25 leaves: 9
2023-03-29T15:34:39.492334+0800 | coin: doge ('2021-04-12', '2021-04-16') https://twitter.com/Investingcom/status/1382787574297690122 took: 4.08 leaves: 0
2023-03-29T15:34:51.222524+0800 | coin: doge ('2021-04-12', '2021-04-16') https://twitter.com/itsALLrisky/status/1382787148022050817 took: 2.12 leaves: 8
2023-03-29T15:34:56.102524+0800 | coin: doge ('2021-04-12', '2021-04-16') https://twitter.com/CryptoBull/status/1382786950063603719 took: 2.00 leaves: 3
2023-03-29T15:35:03.282684+0800 | coin: doge ('2021-04-12', '2021-04-16') https://twitter.com/GooseWayn/status/1382786771960872962 took: 1.92 leaves: 0
2023-03-29T15:35:19.983393+0800 | coin: doge ('2021-04-12', '2021-04-16') https://twitter.com/NFTandDOGE/status/1382786167188328449 took: 1.90 leaves: 0
2023-03-29T15:35:30.617080+0800 | coin: doge ('2021-04-12', '2021-04-16') https://twitter.com/vanessabaldy/status/1382785944470835208 took: 3.32 leaves: 8
2023-03-29T15:35:33.780698+0800 | coin: doge ('2021-04-12', '2021-04-16') https://twitter.com/AlternateJones/status/1382785894499815424 took: 2.33 leaves: 1
2023-03-29T15:35:53.471402+0800 | coin: doge ('2021-04-12', '2021-04-16') https://twitter.com/CrownLead3r/status/1382785202448076800 took: 1.93 leaves: 0
2023-03-29T15:36:11.562649+0800 | coin: doge ('2021-04-12', '2021-04-16') https://twitter.com/CNMunoz/status/1382784544877649920 took: 2.18 leaves: 7
2023-03-29T15:37:19.650705+0800 | coin: doge ('2021-04-12', '2021-04-16') https://twitter.com/m_nottage17/status/1382782840681730048 took: 2.43 leaves: 1
2023-03-29T15:37:31.504237+0800 | coin: doge ('2021-04-12', '2021-04-16') https://twitter.com/cryptunez/status/1382782552352641032 took: 2.08 leaves: 5
2023-03-29T15:37:37.210750+0800 | coin: doge ('2021-04-12', '2021-04-16') https://twitter.com/vizurantvis/status/1382782399965106177 took: 2.40 leaves: 4
2023-03-29T15:37:46.018107+0800 | coin: doge ('2021-04-12', '2021-04-16') https://twitter.com/HootHootCoin/status/1382782039368294400 took: 1.90 leaves: 0
2023-03-29T15:37:51.835031+0800 | coin: doge ('2021-04-12', '2021-04-16') https://twitter.com/CryptoLimbo_/status/1382781901723750402 took: 2.05 leaves: 3
2023-03-29T15:37:56.865889+0800 | coin: doge ('2021-04-12', '2021-04-16') https://twitter.com/QNTMami/status/1382781807381348354 took: 2.62 leaves: 17
2023-03-29T15:38:19.466136+0800 | coin: doge ('2021-04-12', '2021-04-16') https://twitter.com/RuvloMusic/status/1382781103463923713 took: 2.34 leaves: 4
2023-03-29T15:38:32.032952+0800 | coin: doge ('2021-04-12', '2021-04-16') https://twitter.com/MarioHTXX/status/1382780704656883713 took: 1.99 leaves: 1
2023-03-29T15:38:37.950327+0800 | coin: doge ('2021-04-12', '2021-04-16') https://twitter.com/sertankorkusuzz/status/1382780579003957254 took: 2.79 leaves: 0
2023-03-29T15:38:45.838796+0800 | coin: doge ('2021-04-12', '2021-04-16') https://twitter.com/SlimJim/status/1382777299293048834 took: 3.78 leaves: 18
2023-03-29T15:38:51.003413+0800 | coin: doge ('2021-04-12', '2021-04-16') https://twitter.com/Aarushsharma08/status/1382780333775409158 took: 2.03 leaves: 0
2023-03-29T15:38:58.416961+0800 | coin: doge ('2021-04-12', '2021-04-16') https://twitter.com/BigCheds/status/1382780135481475078 took: 2.06 leaves: 3
2023-03-29T15:39:03.039632+0800 | coin: doge ('2021-04-12', '2021-04-16') https://twitter.com/cryptunez/status/1382780064954249224 took: 2.09 leaves: 5
2023-03-29T15:39:12.973819+0800 | coin: doge ('2021-04-12', '2021-04-16') https://twitter.com/CHICKLET_HF/status/1382779791091318784 took: 1.97 leaves: 0
2023-03-29T15:39:24.532912+0800 | coin: doge ('2021-04-12', '2021-04-16') https://twitter.com/FeintGwp/status/1382779476824690690 took: 2.12 leaves: 1
2023-03-29T15:39:26.673676+0800 | coin: doge ('2021-04-12', '2021-04-16') https://twitter.com/Joe_MainMixon/status/1382779476384178176 took: 2.14 leaves: 0
2023-03-29T15:39:34.857603+0800 | coin: doge ('2021-04-12', '2021-04-16') https://twitter.com/Fullbeerbottle/status/1382779208406040580 took: 2.08 leaves: 2
2023-03-29T15:39:46.543147+0800 | coin: doge ('2021-04-12', '2021-04-16') https://twitter.com/CGrimesWWE/status/1382778906357403654 took: 1.92 leaves: 0
2023-03-29T15:39:54.972569+0800 | coin: doge ('2021-04-12', '2021-04-16') https://twitter.com/dogedrops/status/1382778637540278276 took: 2.02 leaves: 2
2023-03-29T15:40:07.114203+0800 | coin: doge ('2021-04-12', '2021-04-16') https://twitter.com/MoltisantiThots/status/1382529108400164865 took: 3.37 leaves: 1
2023-03-29T15:40:13.226705+0800 | coin: doge ('2021-04-12', '2021-04-16') https://twitter.com/Dogecoinupdate/status/1382778242528997379 took: 2.18 leaves: 0
2023-03-29T15:40:24.313990+0800 | coin: doge ('2021-04-12', '2021-04-16') https://twitter.com/itsALLrisky/status/1382778014212124674 took: 3.28 leaves: 9
2023-03-29T15:40:27.832542+0800 | coin: doge ('2021-04-12', '2021-04-16') https://twitter.com/HiRezTheRapper/status/1382777939780104198 took: 2.00 leaves: 3
2023-03-29T15:40:37.093648+0800 | coin: doge ('2021-04-12', '2021-04-16') https://twitter.com/usssks/status/1382777755251699724 took: 3.84 leaves: 33
2023-03-29T15:40:39.522734+0800 | coin: doge ('2021-04-12', '2021-04-16') https://twitter.com/DogecoinRide/status/1382777753343295500 took: 2.43 leaves: 7
2023-03-29T15:40:44.908918+0800 | coin: doge ('2021-04-12', '2021-04-16') https://twitter.com/cryptunez/status/1382777656287039492 took: 2.38 leaves: 1
2023-03-29T15:40:54.903493+0800 | coin: doge ('2021-04-12', '2021-04-16') https://twitter.com/Swagkage/status/1382777413860519937 took: 2.37 leaves: 1
2023-03-29T15:41:02.703443+0800 | coin: doge ('2021-04-12', '2021-04-16') https://twitter.com/DogeDillionaire/status/1382777269014335493 took: 2.07 leaves: 1
2023-03-29T15:41:13.987631+0800 | coin: doge ('2021-04-12', '2021-04-16') https://twitter.com/ErickKhan_/status/1382777046380597250 took: 1.90 leaves: 0
2023-03-29T15:41:23.076607+0800 | coin: doge ('2021-04-12', '2021-04-16') https://twitter.com/burt_bo/status/1382776912817315841 took: 3.08 leaves: 17
2023-03-29T15:41:25.505854+0800 | coin: doge ('2021-04-12', '2021-04-16') https://twitter.com/davidgokhshtein/status/1382776911533854725 took: 2.43 leaves: 10
2023-03-29T15:41:36.471434+0800 | coin: doge ('2021-04-12', '2021-04-16') https://twitter.com/timeforjeffrey/status/1382776726342619137 took: 2.00 leaves: 1
2023-03-29T15:41:41.446043+0800 | coin: doge ('2021-04-12', '2021-04-16') https://twitter.com/dogecoinszn/status/1382776680150937602 took: 2.05 leaves: 2
2023-03-29T15:41:50.418102+0800 | coin: doge ('2021-04-12', '2021-04-16') https://twitter.com/davidhogg111/status/1382776529420189696 took: 2.38 leaves: 1
2023-03-29T15:41:55.574124+0800 | coin: doge ('2021-04-12', '2021-04-16') https://twitter.com/coinmamba/status/1382776458993664001 took: 2.43 leaves: 6
2023-03-29T15:41:59.276266+0800 | coin: doge ('2021-04-12', '2021-04-16') https://twitter.com/pasuu10/status/1382776427708289024 took: 1.99 leaves: 0
2023-03-29T15:42:11.950185+0800 | coin: doge ('2021-04-12', '2021-04-16') https://twitter.com/cryptunez/status/1382776130135019521 took: 2.07 leaves: 6
2023-03-29T15:42:23.595215+0800 | coin: doge ('2021-04-12', '2021-04-16') https://twitter.com/anothercohen/status/1382775766191013888 took: 2.25 leaves: 8
2023-03-29T15:42:27.194626+0800 | coin: doge ('2021-04-12', '2021-04-16') https://twitter.com/davidgokhshtein/status/1382775722960433152 took: 2.07 leaves: 4
2023-03-29T15:42:34.920617+0800 | coin: doge ('2021-04-12', '2021-04-16') https://twitter.com/CyberBoo_/status/1382775492646883328 took: 2.19 leaves: 1
2023-03-29T15:42:37.418977+0800 | coin: doge ('2021-04-12', '2021-04-16') https://twitter.com/itsALLrisky/status/1382775485264850947 took: 2.50 leaves: 3
2023-03-29T15:42:47.833544+0800 | coin: doge ('2021-04-12', '2021-04-16') https://twitter.com/teeraaw__/status/1382775100777332741 took: 1.87 leaves: 0
2023-03-29T15:42:52.407363+0800 | coin: doge ('2021-04-12', '2021-04-16') https://twitter.com/cryptunez/status/1382775073812152327 took: 2.07 leaves: 3
2023-03-29T15:43:15.605956+0800 | coin: doge ('2021-04-12', '2021-04-16') https://twitter.com/TheCryptoBomber/status/1382773843064946688 took: 2.21 leaves: 9
2023-03-29T15:43:32.534537+0800 | coin: doge ('2021-04-12', '2021-04-16') https://twitter.com/BigBeton/status/1382773138954579972 took: 2.05 leaves: 4
2023-03-29T15:43:45.413791+0800 | coin: doge ('2021-04-12', '2021-04-16') https://twitter.com/corygfitness/status/1382772743901478913 took: 2.04 leaves: 1
2023-03-29T15:43:49.868444+0800 | coin: doge ('2021-04-12', '2021-04-16') https://twitter.com/DogecoinRise/status/1382772697944428549 took: 2.95 leaves: 19
2023-03-29T15:43:58.117118+0800 | coin: doge ('2021-04-12', '2021-04-16') https://twitter.com/ParikPatelCFA/status/1382772522836500489 took: 3.62 leaves: 26
2023-03-29T15:44:17.363880+0800 | coin: doge ('2021-04-12', '2021-04-16') https://twitter.com/dogedrops/status/1382771566677745666 took: 2.04 leaves: 5
2023-03-29T15:44:37.045404+0800 | coin: doge ('2021-04-12', '2021-04-16') https://twitter.com/DotoDoya/status/1382761857946124288 took: 3.24 leaves: 1
2023-03-29T15:44:54.627135+0800 | coin: doge ('2021-04-12', '2021-04-16') https://twitter.com/cryptunez/status/1382768661170098179 took: 2.00 leaves: 2
2023-03-29T15:45:03.061742+0800 | coin: doge ('2021-04-12', '2021-04-16') https://twitter.com/sleepingdaugz/status/1382768259620089860 took: 2.06 leaves: 1
2023-03-29T15:45:08.920861+0800 | coin: doge ('2021-04-12', '2021-04-16') https://twitter.com/pangea_FourFive/status/1382767995848515584 took: 1.92 leaves: 0
2023-03-29T15:45:20.381341+0800 | coin: doge ('2021-04-12', '2021-04-16') https://twitter.com/cryptunez/status/1382766879236788225 took: 1.95 leaves: 1
2023-03-29T15:45:26.530385+0800 | coin: doge ('2021-04-12', '2021-04-16') https://twitter.com/NFTandDOGE/status/1382766253174054912 took: 2.13 leaves: 4
2023-03-29T15:45:42.706937+0800 | coin: doge ('2021-04-12', '2021-04-16') https://twitter.com/RookieXBT/status/1382763505946857478 took: 4.96 leaves: 10
2023-03-29T15:45:57.246499+0800 | coin: doge ('2021-04-12', '2021-04-16') https://twitter.com/DogecoinRise/status/1382760388496740352 took: 2.07 leaves: 1
2023-03-29T15:46:08.022520+0800 | coin: doge ('2021-04-12', '2021-04-16') https://twitter.com/VividVision22/status/1382758382969384962 took: 2.10 leaves: 0
2023-03-29T15:46:10.096842+0800 | coin: doge ('2021-04-12', '2021-04-16') https://twitter.com/DogecoinRise/status/1382758081944199172 took: 2.07 leaves: 1
2023-03-29T15:46:18.421014+0800 | coin: doge ('2021-04-12', '2021-04-16') https://twitter.com/MrsGRV_/status/1382755901413724166 took: 2.09 leaves: 5
2023-03-29T15:47:57.763010+0800 | coin: doge ('2021-04-12', '2021-04-16') https://twitter.com/davidgokhshtein/status/1382723193425821705 took: 2.42 leaves: 5
2023-03-29T15:48:15.792809+0800 | coin: doge ('2021-04-12', '2021-04-16') https://twitter.com/DogecoinRide/status/1382716439157694465 took: 2.07 leaves: 7
2023-03-29T15:48:26.233075+0800 | coin: doge ('2021-04-12', '2021-04-16') https://twitter.com/iBUYPOWER/status/1382713646032191492 took: 2.38 leaves: 4
2023-03-29T15:48:29.990202+0800 | coin: doge ('2021-04-12', '2021-04-16') https://twitter.com/cryptunez/status/1382713209661100032 took: 2.14 leaves: 6
2023-03-29T15:48:50.862288+0800 | coin: doge ('2021-04-12', '2021-04-16') https://twitter.com/sgtesco/status/1382706839511572488 took: 4.49 leaves: 3
2023-03-29T15:49:42.202476+0800 | coin: doge ('2021-04-12', '2021-04-16') https://twitter.com/safemoon/status/1382687434601865216 took: 2.06 leaves: 4
2023-03-29T15:50:08.920656+0800 | coin: doge ('2021-04-12', '2021-04-16') https://twitter.com/ams_oneills/status/1382679002155003911 took: 1.96 leaves: 0
2023-03-29T15:50:16.504809+0800 | coin: doge ('2021-04-12', '2021-04-16') https://twitter.com/vergecurrency/status/1382675761237217280 took: 1.91 leaves: 0
2023-03-29T15:50:19.521966+0800 | coin: doge ('2021-04-12', '2021-04-16') https://twitter.com/Doge_France/status/1382675235305091076 took: 2.08 leaves: 4
2023-03-29T15:50:28.422581+0800 | coin: doge ('2021-04-12', '2021-04-16') https://twitter.com/Investments_CEO/status/1382672102688485382 took: 2.14 leaves: 7
2023-03-29T15:50:33.500862+0800 | coin: doge ('2021-04-12', '2021-04-16') https://twitter.com/Investments_CEO/status/1382670462661095426 took: 2.10 leaves: 3
2023-03-29T15:50:40.791706+0800 | coin: doge ('2021-04-12', '2021-04-16') https://twitter.com/buydogecoin_/status/1382668798600351748 took: 3.09 leaves: 21
2023-03-29T15:50:57.879944+0800 | coin: doge ('2021-04-12', '2021-04-16') https://twitter.com/jtkennedy82/status/1382660036829319168 took: 2.09 leaves: 6
2023-03-29T15:51:08.003399+0800 | coin: doge ('2021-04-12', '2021-04-16') https://twitter.com/13dogecoin/status/1382654905370959875 took: 2.03 leaves: 2
2023-03-29T15:51:44.869636+0800 | coin: doge ('2021-04-12', '2021-04-16') https://twitter.com/ChurchOfPumps/status/1382633487891582977 took: 2.02 leaves: 4
2023-03-29T15:52:03.731796+0800 | coin: doge ('2021-04-12', '2021-04-16') https://twitter.com/pifinity/status/1382622084413620224 took: 2.04 leaves: 3
2023-03-29T15:52:45.398902+0800 | coin: doge ('2021-04-12', '2021-04-16') https://twitter.com/DogeDillionaire/status/1382595560960446464 took: 2.19 leaves: 1
2023-03-29T15:53:53.315678+0800 | coin: doge ('2021-04-12', '2021-04-16') https://twitter.com/GooseWayn/status/1382567128004431873 took: 2.06 leaves: 3
2023-03-29T15:53:59.708545+0800 | coin: doge ('2021-04-12', '2021-04-16') https://twitter.com/1funnymike/status/1382566044271710209 took: 2.05 leaves: 1
2023-03-29T15:54:18.278969+0800 | coin: doge ('2021-04-12', '2021-04-16') https://twitter.com/UrsichJr/status/1382562817048420359 took: 2.33 leaves: 10
2023-03-29T15:54:34.003906+0800 | coin: doge ('2021-04-12', '2021-04-16') https://twitter.com/itsALLrisky/status/1382559804774703106 took: 2.11 leaves: 3
2023-03-29T15:54:53.972970+0800 | coin: doge ('2021-04-12', '2021-04-16') https://twitter.com/Lance210/status/1382557073737719808 took: 2.08 leaves: 1
2023-03-29T15:55:00.114538+0800 | coin: doge ('2021-04-12', '2021-04-16') https://twitter.com/cryptunez/status/1382556959501615107 took: 2.89 leaves: 2
2023-03-29T15:56:26.953111+0800 | coin: doge ('2021-04-12', '2021-04-16') https://twitter.com/elonmusk/status/1382539825421582339 took: 38.56 leaves: 572
2023-03-29T15:56:37.762958+0800 | coin: doge ('2021-04-12', '2021-04-16') https://twitter.com/DogecoinRide/status/1382542673924489218 took: 7.13 leaves: 66
2023-03-29T15:56:50.341530+0800 | coin: doge ('2021-04-12', '2021-04-16') https://twitter.com/DogecoinRise/status/1382545241727635456 took: 2.46 leaves: 6
2023-03-29T15:57:24.341314+0800 | coin: doge ('2021-04-12', '2021-04-16') https://twitter.com/Mikemdz777/status/1382536811084337152 took: 1.99 leaves: 3
2023-03-29T15:57:33.009950+0800 | coin: doge ('2021-04-12', '2021-04-16') https://twitter.com/dogecoin_empire/status/1382533183086936067 took: 2.00 leaves: 2
2023-03-29T15:58:19.029099+0800 | coin: doge ('2021-04-12', '2021-04-16') https://twitter.com/Investments_CEO/status/1382512315828932610 took: 4.82 leaves: 14
2023-03-29T15:58:34.757403+0800 | coin: doge ('2021-04-12', '2021-04-16') https://twitter.com/Dogecoinrich/status/1382508575461928961 took: 2.00 leaves: 2
2023-03-29T15:58:59.774119+0800 | coin: doge ('2021-04-12', '2021-04-16') https://twitter.com/EffortCapital/status/1382498838137622534 took: 2.34 leaves: 2
2023-03-29T15:59:03.416343+0800 | coin: doge ('2021-04-12', '2021-04-16') https://twitter.com/cryptunez/status/1382497707726667776 took: 1.98 leaves: 2
2023-03-29T15:59:09.550110+0800 | coin: doge ('2021-04-12', '2021-04-16') https://twitter.com/itsALLrisky/status/1382496662615040000 took: 2.73 leaves: 15
2023-03-29T15:59:23.182109+0800 | coin: doge ('2021-04-12', '2021-04-16') https://twitter.com/LunarCrush/status/1382491793988587523 took: 1.98 leaves: 1
2023-03-29T15:59:30.512557+0800 | coin: doge ('2021-04-12', '2021-04-16') https://twitter.com/Joeingram1/status/1382489429479092224 took: 2.01 leaves: 1
2023-03-29T15:59:45.726895+0800 | coin: doge ('2021-04-12', '2021-04-16') https://twitter.com/itsALLrisky/status/1382483921053446146 took: 2.52 leaves: 5
2023-03-29T15:59:47.663025+0800 | coin: doge ('2021-04-12', '2021-04-16') https://twitter.com/davidgokhshtein/status/1382483777407094785 took: 1.93 leaves: 0
2023-03-29T16:00:06.645994+0800 | coin: doge ('2021-04-12', '2021-04-16') https://twitter.com/CommunityFlare/status/1382476155840827399 took: 2.03 leaves: 1
2023-03-29T16:00:17.328364+0800 | coin: doge ('2021-04-12', '2021-04-16') https://twitter.com/Doge_Ambassador/status/1382472949874229254 took: 3.15 leaves: 26
2023-03-29T16:00:35.725931+0800 | coin: doge ('2021-04-12', '2021-04-16') https://twitter.com/CryptoWizardd/status/1382467023830126594 took: 2.36 leaves: 1
2023-03-29T16:00:42.430351+0800 | coin: doge ('2021-04-12', '2021-04-16') https://twitter.com/InvestorsLive/status/1382465120874418184 took: 1.97 leaves: 2
2023-03-29T16:01:03.652942+0800 | coin: doge ('2021-04-12', '2021-04-16') https://twitter.com/EmpTigerstar/status/1382458936662622215 took: 2.00 leaves: 4
2023-03-29T16:01:27.490170+0800 | coin: doge ('2021-04-12', '2021-04-16') https://twitter.com/elonmusk/status/1382452890468421632 took: 19.64 leaves: 202
2023-03-29T16:01:30.733948+0800 | coin: doge ('2021-04-12', '2021-04-16') https://twitter.com/itsALLrisky/status/1382457249876959238 took: 3.24 leaves: 9
2023-03-29T16:01:44.427486+0800 | coin: doge ('2021-04-12', '2021-04-16') https://twitter.com/DogecoinRise/status/1382453830613307393 took: 2.20 leaves: 10
2023-03-29T16:01:53.982600+0800 | coin: doge ('2021-04-12', '2021-04-16') https://twitter.com/iBUYPOWER/status/1382452270210584577 took: 3.24 leaves: 26
2023-03-29T16:02:03.202095+0800 | coin: doge ('2021-04-12', '2021-04-16') https://twitter.com/TheDogeMovement/status/1382449780056461315 took: 2.17 leaves: 1
2023-03-29T16:02:22.961773+0800 | coin: doge ('2021-04-12', '2021-04-16') https://twitter.com/Danology10/status/1382442670065217541 took: 1.89 leaves: 0
2023-03-29T16:02:39.969654+0800 | coin: doge ('2021-04-12', '2021-04-16') https://twitter.com/Kevin_Cage_/status/1382437570622160896 took: 2.20 leaves: 13
2023-03-29T16:02:41.973629+0800 | coin: doge ('2021-04-12', '2021-04-16') https://twitter.com/real1/status/1382437559024955396 took: 2.00 leaves: 0
2023-03-29T16:03:10.980162+0800 | coin: doge ('2021-04-12', '2021-04-16') https://twitter.com/itsALLrisky/status/1382427010027331585 took: 2.58 leaves: 13
2023-03-29T16:03:28.175982+0800 | coin: doge ('2021-04-12', '2021-04-16') https://twitter.com/NFTGalleryPicks/status/1382420334608056322 took: 1.99 leaves: 0
2023-03-29T16:03:44.545415+0800 | coin: doge ('2021-04-12', '2021-04-16') https://twitter.com/dogecoin_empire/status/1382415392656785409 took: 2.10 leaves: 2
2023-03-29T16:04:14.041387+0800 | coin: doge ('2021-04-12', '2021-04-16') https://twitter.com/TrippIvey/status/1382405809800290305 took: 2.32 leaves: 13
2023-03-29T16:04:25.435161+0800 | coin: doge ('2021-04-12', '2021-04-16') https://twitter.com/cryptunez/status/1382402989722329089 took: 2.40 leaves: 3
2023-03-29T16:04:32.847301+0800 | coin: doge ('2021-04-12', '2021-04-16') https://twitter.com/AaronS5_/status/1382401040209821700 took: 2.08 leaves: 1
2023-03-29T16:04:47.698710+0800 | coin: doge ('2021-04-12', '2021-04-16') https://twitter.com/RRRawlings/status/1382397566428581895 took: 3.13 leaves: 24
2023-03-29T16:04:50.457778+0800 | coin: doge ('2021-04-12', '2021-04-16') https://twitter.com/Hiddin2urleft/status/1382397398404657157 took: 1.90 leaves: 0
2023-03-29T16:05:03.572771+0800 | coin: doge ('2021-04-12', '2021-04-16') https://twitter.com/ftx_app/status/1382393368991436806 took: 2.06 leaves: 2
2023-03-29T16:05:18.529707+0800 | coin: doge ('2021-04-12', '2021-04-16') https://twitter.com/GooseWayn/status/1382389677844484099 took: 1.98 leaves: 0
2023-03-29T16:05:41.422367+0800 | coin: doge ('2021-04-12', '2021-04-16') https://twitter.com/Dogecoinrich/status/1382384078402510855 took: 2.31 leaves: 12
2023-03-29T16:05:48.821736+0800 | coin: doge ('2021-04-12', '2021-04-16') https://twitter.com/lexfridman/status/1382382827547680768 took: 2.20 leaves: 13
2023-03-29T16:05:55.708726+0800 | coin: doge ('2021-04-12', '2021-04-16') https://twitter.com/cryptunez/status/1382381520887889926 took: 2.06 leaves: 2
2023-03-29T16:06:13.491930+0800 | coin: doge ('2021-04-12', '2021-04-16') https://twitter.com/Dogecoinrich/status/1382377391549513735 took: 2.06 leaves: 2
2023-03-29T16:06:24.218063+0800 | coin: doge ('2021-04-12', '2021-04-16') https://twitter.com/JRNYcrypto/status/1382375842852966400 took: 4.07 leaves: 41
2023-03-29T16:06:29.726206+0800 | coin: doge ('2021-04-12', '2021-04-16') https://twitter.com/itsALLrisky/status/1382375020110893058 took: 2.39 leaves: 10
2023-03-29T16:06:53.121312+0800 | coin: doge ('2021-04-12', '2021-04-16') https://twitter.com/Investments_CEO/status/1382368945093627904 took: 1.92 leaves: 0
2023-03-29T16:07:22.179436+0800 | coin: doge ('2021-04-12', '2021-04-16') https://twitter.com/Dogecoinupdate/status/1382362460582080513 took: 2.08 leaves: 3
2023-03-29T16:07:33.560657+0800 | coin: doge ('2021-04-12', '2021-04-16') https://twitter.com/Ch50916207/status/1382360366412398597 took: 2.31 leaves: 7
2023-03-29T16:07:43.654603+0800 | coin: doge ('2021-04-12', '2021-04-16') single tweet https://twitter.com/thega1nz/status/1382357866229727234 took: 0.00
2023-03-29T16:07:52.808227+0800 | coin: doge ('2021-04-12', '2021-04-16') https://twitter.com/jaiiiroo3/status/1382356150612488193 took: 1.97 leaves: 0
2023-03-29T16:07:59.067382+0800 | coin: doge ('2021-04-12', '2021-04-16') https://twitter.com/davidgokhshtein/status/1382355184060350464 took: 2.22 leaves: 4
2023-03-29T16:08:02.083245+0800 | coin: doge ('2021-04-12', '2021-04-16') https://twitter.com/cryptunez/status/1382354936902615048 took: 2.19 leaves: 3
2023-03-29T16:08:29.474388+0800 | coin: doge ('2021-04-12', '2021-04-16') https://twitter.com/rexthetvterrier/status/1382349363557597191 took: 2.00 leaves: 2
2023-03-29T16:08:42.199368+0800 | coin: doge ('2021-04-12', '2021-04-16') https://twitter.com/DogecoinRise/status/1382346751424696320 took: 2.08 leaves: 1
2023-03-29T16:08:45.024060+0800 | coin: doge ('2021-04-12', '2021-04-16') https://twitter.com/iamstacked/status/1382346475154198533 took: 2.01 leaves: 2
2023-03-29T16:08:53.022728+0800 | coin: doge ('2021-04-12', '2021-04-16') https://twitter.com/goldrushtodd/status/1382345026840104965 took: 2.10 leaves: 5
2023-03-29T16:09:04.361486+0800 | coin: doge ('2021-04-12', '2021-04-16') https://twitter.com/PFTCommenter/status/1382343045161517058 took: 2.04 leaves: 3
2023-03-29T16:09:25.982844+0800 | coin: doge ('2021-04-12', '2021-04-16') https://twitter.com/Ch50916207/status/1382338624620990464 took: 2.41 leaves: 3
2023-03-29T16:09:50.628446+0800 | coin: doge ('2021-04-12', '2021-04-16') https://twitter.com/DogeCoin4Dayz/status/1382334195742150657 took: 3.23 leaves: 14
2023-03-29T16:09:54.807597+0800 | coin: doge ('2021-04-12', '2021-04-16') https://twitter.com/moisturizednerd/status/1382333784830451712 took: 1.93 leaves: 1
2023-03-29T16:09:59.418994+0800 | coin: doge ('2021-04-12', '2021-04-16') https://twitter.com/LunarCrush/status/1382333297431224327 took: 2.16 leaves: 0
2023-03-29T16:10:33.226805+0800 | coin: doge ('2021-04-12', '2021-04-16') https://twitter.com/GotThaSauce/status/1382327771515527173 took: 1.94 leaves: 0
2023-03-29T16:10:37.553759+0800 | coin: doge ('2021-04-12', '2021-04-16') https://twitter.com/JaeRichards/status/1382327378249187329 took: 2.11 leaves: 1
2023-03-29T16:10:40.537310+0800 | coin: doge ('2021-04-12', '2021-04-16') https://twitter.com/JaymeKnyx/status/1382327227552051205 took: 1.95 leaves: 0
2023-03-29T16:10:56.968445+0800 | coin: doge ('2021-04-12', '2021-04-16') https://twitter.com/davidgokhshtein/status/1382324471378378752 took: 2.18 leaves: 9
2023-03-29T16:11:22.939631+0800 | coin: doge ('2021-04-12', '2021-04-16') https://twitter.com/LilMoonLambo/status/1382320397648007169 took: 1.95 leaves: 0
2023-03-29T16:11:35.168508+0800 | coin: doge ('2021-04-12', '2021-04-16') https://twitter.com/DogecoinRise/status/1382318511037419530 took: 2.30 leaves: 2
2023-03-29T16:12:22.994626+0800 | coin: doge ('2021-04-12', '2021-04-16') https://twitter.com/DogecoinRise/status/1382311507183108105 took: 2.68 leaves: 17
2023-03-29T16:12:29.737990+0800 | coin: doge ('2021-04-12', '2021-04-16') https://twitter.com/davidgokhshtein/status/1382310825969467393 took: 2.11 leaves: 1
2023-03-29T16:12:40.833278+0800 | coin: doge ('2021-04-12', '2021-04-16') https://twitter.com/CoinMarketCap/status/1382309486539472901 took: 2.01 leaves: 1
2023-03-29T16:12:48.003215+0800 | coin: doge ('2021-04-12', '2021-04-16') https://twitter.com/LilMoonLambo/status/1382308610353606659 took: 1.98 leaves: 4
2023-03-29T16:13:12.602704+0800 | coin: doge ('2021-04-12', '2021-04-16') https://twitter.com/arsd_ansari/status/1382305538235453445 took: 2.18 leaves: 1
2023-03-29T16:13:15.307479+0800 | coin: doge ('2021-04-12', '2021-04-16') https://twitter.com/kris/status/1382305366902411267 took: 2.02 leaves: 4
2023-03-29T16:13:42.527098+0800 | coin: doge ('2021-04-12', '2021-04-16') https://twitter.com/rektcapital/status/1382302364288253954 took: 2.21 leaves: 5
2023-03-29T16:14:18.192481+0800 | coin: doge ('2021-04-12', '2021-04-16') https://twitter.com/rektcapital/status/1382296073071423489 took: 1.93 leaves: 0
2023-03-29T16:14:21.059728+0800 | coin: doge ('2021-04-12', '2021-04-16') https://twitter.com/QNTMami/status/1382295900085743617 took: 2.10 leaves: 8
2023-03-29T16:14:25.604692+0800 | coin: doge ('2021-04-12', '2021-04-16') https://twitter.com/bizzleosikoya/status/1382295371800526849 took: 2.01 leaves: 2
2023-03-29T16:14:59.880447+0800 | coin: doge ('2021-04-12', '2021-04-16') https://twitter.com/SJosephBurns/status/1382288054568824833 took: 2.20 leaves: 2
2023-03-29T16:15:13.405222+0800 | coin: doge ('2021-04-12', '2021-04-16') https://twitter.com/BitcoinHolden/status/1382284851676655618 took: 2.17 leaves: 8
2023-03-29T16:15:27.123215+0800 | coin: doge ('2021-04-12', '2021-04-16') https://twitter.com/ambitiouuz/status/1382281335704674304 took: 2.01 leaves: 3
2023-03-29T16:15:43.052998+0800 | coin: doge ('2021-04-12', '2021-04-16') https://twitter.com/CryptoDiffer/status/1382277692532359170 took: 2.05 leaves: 1
2023-03-29T16:16:00.857206+0800 | coin: doge ('2021-04-12', '2021-04-16') https://twitter.com/JustinScerini/status/1382274235041603585 took: 4.52 leaves: 1
2023-03-29T16:16:18.163725+0800 | coin: doge ('2021-04-12', '2021-04-16') https://twitter.com/MattWallace888/status/1382271063992774662 took: 2.34 leaves: 13
2023-03-29T16:16:25.263643+0800 | coin: doge ('2021-04-12', '2021-04-16') https://twitter.com/Anbessa100/status/1382270313963134978 took: 2.46 leaves: 0
2023-03-29T16:16:32.582943+0800 | coin: doge ('2021-04-12', '2021-04-16') https://twitter.com/MattWallace888/status/1382269581784461315 took: 2.12 leaves: 5
2023-03-29T16:16:54.946419+0800 | coin: doge ('2021-04-12', '2021-04-16') https://twitter.com/latokens/status/1382265343624679431 took: 2.23 leaves: 15
2023-03-29T16:17:09.956316+0800 | coin: doge ('2021-04-12', '2021-04-16') https://twitter.com/QNTMami/status/1382261164298674176 took: 2.11 leaves: 7
2023-03-29T16:17:16.447135+0800 | coin: doge ('2021-04-12', '2021-04-16') https://twitter.com/28delayslater/status/1382259808355680256 took: 2.07 leaves: 5
2023-03-29T16:17:32.701981+0800 | coin: doge ('2021-04-12', '2021-04-16') https://twitter.com/doogeeeee/status/1382256220212371456 took: 2.07 leaves: 1
2023-03-29T16:17:47.714190+0800 | coin: doge ('2021-04-12', '2021-04-16') https://twitter.com/cryptunez/status/1382253200271671296 took: 2.11 leaves: 3
2023-03-29T16:17:55.902312+0800 | coin: doge ('2021-04-12', '2021-04-16') https://twitter.com/GooseWayn/status/1382252216631889924 took: 2.10 leaves: 4
2023-03-29T16:18:11.825449+0800 | coin: doge ('2021-04-12', '2021-04-16') https://twitter.com/itsALLrisky/status/1382249511947431939 took: 2.04 leaves: 2
2023-03-29T16:19:01.591506+0800 | coin: doge ('2021-04-12', '2021-04-16') https://twitter.com/Doge_Bitcoins/status/1382237320439549952 took: 2.10 leaves: 6
2023-03-29T16:19:43.710491+0800 | coin: doge ('2021-04-12', '2021-04-16') https://twitter.com/imanuraglol/status/1382228962143662080 took: 2.04 leaves: 2
2023-03-29T16:20:09.452872+0800 | coin: doge ('2021-04-12', '2021-04-16') https://twitter.com/Fundmex1/status/1382225296972124161 took: 2.14 leaves: 4
2023-03-29T16:20:35.029966+0800 | coin: doge ('2021-04-12', '2021-04-16') https://twitter.com/Dogecoinupdate/status/1382222564202663940 took: 1.92 leaves: 0
2023-03-29T16:20:41.779544+0800 | coin: doge ('2021-04-12', '2021-04-16') https://twitter.com/CoinMarketCap/status/1382222160601698306 took: 2.09 leaves: 4
2023-03-29T16:20:48.308749+0800 | coin: doge ('2021-04-12', '2021-04-16') https://twitter.com/sertankorkusuzz/status/1382221849371770881 took: 1.92 leaves: 0
2023-03-29T16:20:55.649300+0800 | coin: doge ('2021-04-12', '2021-04-16') https://twitter.com/TheCryptoBomber/status/1382221302509998081 took: 1.95 leaves: 0
2023-03-29T16:21:05.733288+0800 | coin: doge ('2021-04-12', '2021-04-16') https://twitter.com/MoonManSFM/status/1382220501309820930 took: 2.08 leaves: 3
2023-03-29T16:21:07.932163+0800 | coin: doge ('2021-04-12', '2021-04-16') https://twitter.com/cryptunez/status/1382220452169453573 took: 2.20 leaves: 7
2023-03-29T16:22:29.884138+0800 | coin: doge ('2021-04-12', '2021-04-16') https://twitter.com/stillgray/status/1382202992976396289 took: 2.25 leaves: 2
2023-03-29T16:23:08.402244+0800 | coin: doge ('2021-04-12', '2021-04-16') https://twitter.com/itsALLrisky/status/1382190788407222273 took: 2.43 leaves: 3
2023-03-29T16:23:44.386435+0800 | coin: doge ('2021-04-12', '2021-04-16') https://twitter.com/kokid951/status/1382181444785606656 took: 2.16 leaves: 7
2023-03-29T16:24:04.475548+0800 | coin: doge ('2021-04-12', '2021-04-16') https://twitter.com/Investingcom/status/1382177433642745866 took: 2.09 leaves: 2
2023-03-29T16:24:33.012251+0800 | coin: doge ('2021-04-12', '2021-04-16') https://twitter.com/rafagrassetti/status/1382171808816779267 took: 1.95 leaves: 0
2023-03-29T16:24:58.323182+0800 | coin: doge ('2021-04-12', '2021-04-16') https://twitter.com/JustinScerini/status/1382167459147304964 took: 2.11 leaves: 2
2023-03-29T16:25:07.876529+0800 | coin: doge ('2021-04-12', '2021-04-16') https://twitter.com/davidgokhshtein/status/1382166078168694786 took: 2.27 leaves: 8
2023-03-29T16:25:16.371507+0800 | coin: doge ('2021-04-12', '2021-04-16') https://twitter.com/davidgokhshtein/status/1382165291690569729 took: 2.19 leaves: 2
2023-03-29T16:25:20.152122+0800 | coin: doge ('2021-04-12', '2021-04-16') https://twitter.com/usssks/status/1382164853549367296 took: 2.22 leaves: 8
2023-03-29T16:25:28.751435+0800 | coin: doge ('2021-04-12', '2021-04-16') https://twitter.com/PAVGOD/status/1382163910082535427 took: 2.29 leaves: 1
2023-03-29T16:25:34.948188+0800 | coin: doge ('2021-04-12', '2021-04-16') https://twitter.com/TheRealJbre/status/1382163189698285579 took: 2.09 leaves: 2
2023-03-29T16:26:06.359712+0800 | coin: doge ('2021-04-12', '2021-04-16') https://twitter.com/RyanNegri/status/1382158318764888065 took: 2.17 leaves: 4
2023-03-29T16:26:19.794126+0800 | coin: doge ('2021-04-12', '2021-04-16') https://twitter.com/mikeshinoda/status/1382157142384283649 took: 2.53 leaves: 16
2023-03-29T16:26:31.682518+0800 | coin: doge ('2021-04-12', '2021-04-16') https://twitter.com/ShardiB2/status/1382155645357465601 took: 2.18 leaves: 4
2023-03-29T16:26:57.695272+0800 | coin: doge ('2021-04-12', '2021-04-16') https://twitter.com/dogetomarsshop/status/1382152780182347776 took: 3.31 leaves: 30
2023-03-29T16:27:12.345925+0800 | coin: doge ('2021-04-12', '2021-04-16') https://twitter.com/ambitiouuz/status/1382151284845776896 took: 2.44 leaves: 2
2023-03-29T16:27:16.097333+0800 | coin: doge ('2021-04-12', '2021-04-16') https://twitter.com/pushpendrakum/status/1382151021690978304 took: 2.14 leaves: 7
2023-03-29T16:27:42.299681+0800 | coin: doge ('2021-04-12', '2021-04-16') https://twitter.com/crownofleo/status/1382148086902951941 took: 2.02 leaves: 1
2023-03-29T16:27:56.079399+0800 | coin: doge ('2021-04-12', '2021-04-16') https://twitter.com/KEEMSTAR/status/1382146997709373443 took: 2.25 leaves: 9
2023-03-29T16:29:24.742395+0800 | coin: doge ('2021-04-12', '2021-04-16') https://twitter.com/watchoutshorts/status/1382141422699122694 took: 2.01 leaves: 1
2023-03-29T16:30:09.853288+0800 | coin: doge ('2021-04-12', '2021-04-16') https://twitter.com/DogecoinRise/status/1382139603121963011 took: 2.38 leaves: 3
2023-03-29T16:30:12.474449+0800 | coin: doge ('2021-04-12', '2021-04-16') https://twitter.com/PardonMyMeme/status/1382139565364895746 took: 1.94 leaves: 0
2023-03-29T16:30:20.178704+0800 | coin: doge ('2021-04-12', '2021-04-16') https://twitter.com/WSBChairman/status/1382138004161097730 took: 3.86 leaves: 4
2023-03-29T16:30:26.096558+0800 | coin: doge ('2021-04-12', '2021-04-16') https://twitter.com/SawyerMerritt/status/1382139205862658056 took: 2.09 leaves: 4
2023-03-29T16:30:30.363473+0800 | coin: doge ('2021-04-12', '2021-04-16') https://twitter.com/Benzinga/status/1382139121741787136 took: 2.05 leaves: 2
2023-03-29T16:30:32.371796+0800 | coin: doge ('2021-04-12', '2021-04-16') https://twitter.com/cryptunez/status/1382139111138541570 took: 2.01 leaves: 2
2023-03-29T16:30:36.561058+0800 | coin: doge ('2021-04-12', '2021-04-16') https://twitter.com/manal____manal/status/1382139052678385668 took: 2.00 leaves: 2
2023-03-29T16:30:42.313101+0800 | coin: doge ('2021-04-12', '2021-04-16') https://twitter.com/austinbarnard45/status/1382138952384151560 took: 2.82 leaves: 24
2023-03-29T16:30:47.557099+0800 | coin: doge ('2021-04-12', '2021-04-16') https://twitter.com/1982_eth/status/1382138849388752900 took: 2.24 leaves: 1
2023-03-29T16:30:58.289832+0800 | coin: doge ('2021-04-12', '2021-04-16') https://twitter.com/HiRezTheRapper/status/1382138568546648064 took: 2.03 leaves: 3
2023-03-29T16:31:07.666504+0800 | coin: doge ('2021-04-12', '2021-04-16') https://twitter.com/RookieXBT/status/1382138365542285318 took: 2.11 leaves: 9
2023-03-29T16:31:17.467507+0800 | coin: doge ('2021-04-12', '2021-04-16') https://twitter.com/DogeCoinForLife/status/1382138230045343756 took: 4.53 leaves: 4
2023-03-29T16:31:21.475630+0800 | coin: doge ('2021-04-12', '2021-04-16') https://twitter.com/TheCryptoLark/status/1382138183006056451 took: 2.54 leaves: 11
2023-03-29T16:31:45.732523+0800 | coin: doge ('2021-04-12', '2021-04-16') https://twitter.com/RookieXBT/status/1382118488026779658 took: 3.42 leaves: 14
2023-03-29T16:32:10.388037+0800 | coin: doge ('2021-04-12', '2021-04-16') https://twitter.com/TmarTn/status/1382136454554517509 took: 2.28 leaves: 4
2023-03-29T16:32:20.174252+0800 | coin: doge ('2021-04-12', '2021-04-16') https://twitter.com/DogecoinRise/status/1382136056368168961 took: 1.99 leaves: 1
2023-03-29T16:32:29.749115+0800 | coin: doge ('2021-04-12', '2021-04-16') https://twitter.com/kokid951/status/1382135668801822720 took: 2.34 leaves: 2
2023-03-29T16:32:44.534753+0800 | coin: doge ('2021-04-12', '2021-04-16') https://twitter.com/CorinnaKopf/status/1382135207889829889 took: 3.22 leaves: 31
2023-03-29T16:32:53.688847+0800 | coin: doge ('2021-04-12', '2021-04-16') https://twitter.com/TristanJass/status/1382134959457120259 took: 2.00 leaves: 1
2023-03-29T16:33:02.603775+0800 | coin: doge ('2021-04-12', '2021-04-16') https://twitter.com/Investments_CEO/status/1382134589662060549 took: 2.01 leaves: 0
2023-03-29T16:33:12.775481+0800 | coin: doge ('2021-04-12', '2021-04-16') https://twitter.com/itsALLrisky/status/1382134162555953153 took: 2.34 leaves: 2
2023-03-29T16:33:34.291804+0800 | coin: doge ('2021-04-12', '2021-04-16') https://twitter.com/Tr1zz/status/1382133178689736705 took: 2.30 leaves: 1
2023-03-29T16:33:39.221493+0800 | coin: doge ('2021-04-12', '2021-04-16') https://twitter.com/ftx_app/status/1382133069545627649 took: 2.39 leaves: 2
2023-03-29T16:34:06.172601+0800 | coin: doge ('2021-04-12', '2021-04-16') https://twitter.com/Erdayastronaut/status/1382046129450258434 took: 7.36 leaves: 4
2023-03-29T16:34:11.477708+0800 | coin: doge ('2021-04-12', '2021-04-16') https://twitter.com/Dogecoinupdate/status/1382131877360799744 took: 1.91 leaves: 0
2023-03-29T16:34:19.247790+0800 | coin: doge ('2021-04-12', '2021-04-16') https://twitter.com/StockLizardKing/status/1382131637891260423 took: 1.95 leaves: 1
2023-03-29T16:34:26.108501+0800 | coin: doge ('2021-04-12', '2021-04-16') https://twitter.com/Thecryptomist/status/1382131292318408705 took: 2.30 leaves: 9
2023-03-29T16:34:34.239354+0800 | coin: doge ('2021-04-12', '2021-04-16') https://twitter.com/ThetaWarrior/status/1382130896858279937 took: 2.05 leaves: 2
2023-03-29T16:34:39.267166+0800 | coin: doge ('2021-04-12', '2021-04-16') https://twitter.com/StockLizardKing/status/1382130752242999297 took: 2.07 leaves: 2
2023-03-29T16:34:57.409950+0800 | coin: doge ('2021-04-12', '2021-04-16') https://twitter.com/souljaboy/status/1382129335906160641 took: 2.28 leaves: 8
2023-03-29T16:35:00.372366+0800 | coin: doge ('2021-04-12', '2021-04-16') https://twitter.com/BogusThought/status/1382129163155345410 took: 2.14 leaves: 5
2023-03-29T16:35:03.241869+0800 | coin: doge ('2021-04-12', '2021-04-16') https://twitter.com/cryptunez/status/1382129004166184964 took: 2.04 leaves: 3
2023-03-29T16:35:38.836664+0800 | coin: doge ('2021-04-12', '2021-04-16') https://twitter.com/Tradermayne/status/1382117724441120771 took: 2.03 leaves: 4
2023-03-29T16:35:59.346763+0800 | coin: doge ('2021-04-12', '2021-04-16') https://twitter.com/Investments_CEO/status/1382111179649249282 took: 3.89 leaves: 27
2023-03-29T16:36:04.986990+0800 | coin: doge ('2021-04-12', '2021-04-16') https://twitter.com/DogecoinRise/status/1382109593837264899 took: 2.55 leaves: 1
2023-03-29T16:36:09.532420+0800 | coin: doge ('2021-04-12', '2021-04-16') https://twitter.com/TheCryptoLark/status/1382108399354093568 took: 2.12 leaves: 6
2023-03-29T16:36:15.575803+0800 | coin: doge ('2021-04-12', '2021-04-16') https://twitter.com/brian_armstrong/status/1382045080878346242 took: 5.31 leaves: 32
2023-03-29T16:36:24.927782+0800 | coin: doge ('2021-04-12', '2021-04-16') https://twitter.com/Kashif_812/status/1382104588304707584 took: 3.16 leaves: 18
2023-03-29T16:36:29.793663+0800 | coin: doge ('2021-04-12', '2021-04-16') https://twitter.com/Investments_CEO/status/1382103250233659395 took: 1.93 leaves: 0
2023-03-29T16:36:40.911167+0800 | coin: doge ('2021-04-12', '2021-04-16') https://twitter.com/CryptoWizardd/status/1382099862301380612 took: 2.03 leaves: 3
2023-03-29T16:36:48.493026+0800 | coin: doge ('2021-04-12', '2021-04-16') https://twitter.com/Danology10/status/1382097767812755457 took: 2.19 leaves: 1
2023-03-29T16:36:55.836962+0800 | coin: doge ('2021-04-12', '2021-04-16') https://twitter.com/kayak1995/status/1382095468520476681 took: 2.14 leaves: 3
2023-03-29T16:37:01.818829+0800 | coin: doge ('2021-04-12', '2021-04-16') https://twitter.com/itsALLrisky/status/1382094983675609088 took: 4.59 leaves: 3
2023-03-29T16:37:53.228060+0800 | coin: doge ('2021-04-12', '2021-04-16') https://twitter.com/cryptunez/status/1382079407981006853 took: 2.56 leaves: 5
2023-03-29T16:38:02.554682+0800 | coin: doge ('2021-04-12', '2021-04-16') https://twitter.com/itsALLrisky/status/1382077286774501376 took: 2.11 leaves: 3
2023-03-29T16:38:10.303875+0800 | coin: doge ('2021-04-12', '2021-04-16') https://twitter.com/talon_lloyd/status/1382075674232565770 took: 3.02 leaves: 7
2023-03-29T16:38:17.789001+0800 | coin: doge ('2021-04-12', '2021-04-16') https://twitter.com/Dogecoinrich/status/1382073933638295553 took: 1.96 leaves: 1
2023-03-29T16:38:33.217174+0800 | coin: doge ('2021-04-12', '2021-04-16') https://twitter.com/DogecoinRide/status/1382068986377035778 took: 2.02 leaves: 2
2023-03-29T16:38:36.330858+0800 | coin: doge ('2021-04-12', '2021-04-16') https://twitter.com/itsALLrisky/status/1382068843741290496 took: 2.39 leaves: 2
2023-03-29T16:38:43.433295+0800 | coin: doge ('2021-04-12', '2021-04-16') https://twitter.com/itsALLrisky/status/1382066786498093056 took: 2.18 leaves: 1
2023-03-29T16:38:48.075549+0800 | coin: doge ('2021-04-12', '2021-04-16') https://twitter.com/peakauto/status/1382066254912102402 took: 3.14 leaves: 5
2023-03-29T16:38:52.905929+0800 | coin: doge ('2021-04-12', '2021-04-16') https://twitter.com/JustinScerini/status/1382065365895815168 took: 2.40 leaves: 1
2023-03-29T16:39:33.845694+0800 | coin: doge ('2021-04-12', '2021-04-16') https://twitter.com/Investingcom/status/1382051512600428549 took: 2.16 leaves: 0
2023-03-29T16:39:37.209828+0800 | coin: doge ('2021-04-12', '2021-04-16') https://twitter.com/itsALLrisky/status/1382051183527825410 took: 2.59 leaves: 6
2023-03-29T16:39:50.271226+0800 | coin: doge ('2021-04-12', '2021-04-16') https://twitter.com/ThomasQvOG/status/1382047475285041165 took: 1.86 leaves: 0
2023-03-29T16:40:02.042515+0800 | coin: doge ('2021-04-12', '2021-04-16') https://twitter.com/DogecoinRise/status/1382045395992289282 took: 2.16 leaves: 1
2023-03-29T16:40:10.373058+0800 | coin: doge ('2021-04-12', '2021-04-16') https://twitter.com/DogecoinRide/status/1382043761157505025 took: 2.51 leaves: 10
2023-03-29T16:40:14.544276+0800 | coin: doge ('2021-04-12', '2021-04-16') https://twitter.com/MattWallace888/status/1382043406319431683 took: 2.58 leaves: 17
2023-03-29T16:40:34.773718+0800 | coin: doge ('2021-04-12', '2021-04-16') https://twitter.com/itsALLrisky/status/1382039276183953408 took: 2.08 leaves: 3
2023-03-29T16:40:40.971036+0800 | coin: doge ('2021-04-12', '2021-04-16') https://twitter.com/itsALLrisky/status/1382038273321693187 took: 1.96 leaves: 0
2023-03-29T16:40:48.507405+0800 | coin: doge ('2021-04-12', '2021-04-16') https://twitter.com/DreamBigBeBig20/status/1382037159541153794 took: 2.30 leaves: 1
2023-03-29T16:40:50.479374+0800 | coin: doge ('2021-04-12', '2021-04-16') https://twitter.com/BoZe/status/1382037156537962498 took: 1.97 leaves: 1
2023-03-29T16:41:10.140375+0800 | coin: doge ('2021-04-12', '2021-04-16') https://twitter.com/VechainWhale/status/1382033311284002820 took: 2.10 leaves: 0
2023-03-29T16:41:23.960424+0800 | coin: doge ('2021-04-12', '2021-04-16') https://twitter.com/ImNotScottySire/status/1382030891908694016 took: 4.03 leaves: 38
2023-03-29T16:41:54.988818+0800 | coin: doge ('2021-04-12', '2021-04-16') https://twitter.com/MattWallace888/status/1382024984105783298 took: 2.85 leaves: 15
2023-03-29T16:42:41.401950+0800 | coin: doge ('2021-04-12', '2021-04-16') https://twitter.com/Hanz_i1/status/1382020682985390086 took: 2.26 leaves: 7
2023-03-29T16:42:41.406402+0800 | coin: doge ('2021-04-12', '2021-04-16') single tweet https://twitter.com/SantaDecides/status/1382020618351181838 took: 0.00
2023-03-29T16:42:55.246944+0800 | coin: doge ('2021-04-12', '2021-04-16') https://twitter.com/dogecoin_empire/status/1382019982771490821 took: 2.05 leaves: 1
2023-03-29T16:43:01.651488+0800 | coin: doge ('2021-04-12', '2021-04-16') https://twitter.com/DogecoinRise/status/1382019782526955526 took: 2.15 leaves: 4
2023-03-29T16:43:20.944595+0800 | coin: doge ('2021-04-12', '2021-04-16') https://twitter.com/itsALLrisky/status/1382018490480041984 took: 4.48 leaves: 3
2023-03-29T16:43:25.477651+0800 | coin: doge ('2021-04-12', '2021-04-16') https://twitter.com/coinflip/status/1382018220400476164 took: 2.28 leaves: 4
2023-03-29T16:43:34.883851+0800 | coin: doge ('2021-04-12', '2021-04-16') https://twitter.com/DogeCoinForLife/status/1382017508463554560 took: 2.13 leaves: 1
2023-03-29T16:43:37.752843+0800 | coin: doge ('2021-04-12', '2021-04-16') https://twitter.com/Dogecoinrich/status/1382017475307581444 took: 2.87 leaves: 10
2023-03-29T16:43:51.396264+0800 | coin: doge ('2021-04-12', '2021-04-16') https://twitter.com/dogedrops/status/1382016531178135552 took: 2.09 leaves: 5
2023-03-29T16:44:10.863385+0800 | coin: doge ('2021-04-12', '2021-04-16') https://twitter.com/GooseWayn/status/1382015029088772100 took: 2.20 leaves: 5
2023-03-29T16:44:25.849968+0800 | coin: doge ('2021-04-12', '2021-04-16') https://twitter.com/Bos423/status/1382014185438130179 took: 1.96 leaves: 0
2023-03-29T16:44:28.648641+0800 | coin: doge ('2021-04-12', '2021-04-16') https://twitter.com/HODL1030/status/1382014064239460357 took: 2.05 leaves: 3
2023-03-29T16:44:31.308743+0800 | coin: doge ('2021-04-12', '2021-04-16') https://twitter.com/topherAlba26/status/1382014023877672962 took: 1.87 leaves: 0
2023-03-29T16:44:34.091649+0800 | coin: doge ('2021-04-12', '2021-04-16') https://twitter.com/DogecoinRise/status/1382014001257701378 took: 2.02 leaves: 1
2023-03-29T16:44:53.386424+0800 | coin: doge ('2021-04-12', '2021-04-16') https://twitter.com/SatoshiStBets/status/1382012761119600648 took: 2.03 leaves: 3
2023-03-29T16:45:08.970073+0800 | coin: doge ('2021-04-12', '2021-04-16') https://twitter.com/crypto_bitlord7/status/1382011649121345537 took: 2.95 leaves: 9
2023-03-29T16:45:21.668224+0800 | coin: doge ('2021-04-12', '2021-04-16') https://twitter.com/itsALLrisky/status/1382010722834468865 took: 2.45 leaves: 10
2023-03-29T16:45:25.298237+0800 | coin: doge ('2021-04-12', '2021-04-16') https://twitter.com/DogecoinRise/status/1382010586859335680 took: 2.04 leaves: 0
2023-03-29T16:45:30.098512+0800 | coin: doge ('2021-04-12', '2021-04-16') https://twitter.com/cryptunez/status/1382010329811533829 took: 2.45 leaves: 8
2023-03-29T16:45:44.943155+0800 | coin: doge ('2021-04-12', '2021-04-16') https://twitter.com/SlimJim/status/1382009355868983299 took: 3.67 leaves: 33
2023-03-29T16:45:53.472713+0800 | coin: doge ('2021-04-12', '2021-04-16') https://twitter.com/NFTsEveryday/status/1382008787586838530 took: 2.09 leaves: 2
2023-03-29T16:46:07.536045+0800 | coin: doge ('2021-04-12', '2021-04-16') https://twitter.com/dogecoin_empire/status/1382008003587678212 took: 1.96 leaves: 0
2023-03-29T16:46:38.665488+0800 | coin: doge ('2021-04-12', '2021-04-16') https://twitter.com/Investments_CEO/status/1382006579470405633 took: 2.07 leaves: 0
2023-03-29T16:46:50.541360+0800 | coin: doge ('2021-04-12', '2021-04-16') https://twitter.com/NFTandDOGE/status/1382006235705323523 took: 2.44 leaves: 3
2023-03-29T16:46:56.669412+0800 | coin: doge ('2021-04-12', '2021-04-16') https://twitter.com/davidgokhshtein/status/1382006112828993537 took: 2.08 leaves: 6
2023-03-29T16:46:58.567260+0800 | coin: doge ('2021-04-12', '2021-04-16') https://twitter.com/cryptunez/status/1382006087914827777 took: 1.89 leaves: 0
2023-03-29T16:47:02.401919+0800 | coin: doge ('2021-04-12', '2021-04-16') https://twitter.com/DosRivers/status/1382006030700179457 took: 2.03 leaves: 1
2023-03-29T16:47:16.997065+0800 | coin: doge ('2021-04-12', '2021-04-16') https://twitter.com/cryptunez/status/1382005359280332810 took: 2.29 leaves: 4
2023-03-29T16:47:19.962206+0800 | coin: doge ('2021-04-12', '2021-04-16') https://twitter.com/dogecoin_empire/status/1382005286622351369 took: 2.05 leaves: 2
2023-03-29T16:48:01.558349+0800 | coin: doge ('2021-04-12', '2021-04-16') https://twitter.com/GiveAndStake/status/1381997803518488587 took: 2.48 leaves: 2
2023-03-29T16:48:49.323866+0800 | coin: doge ('2021-04-12', '2021-04-16') https://twitter.com/DogecoinRise/status/1381985129451548673 took: 2.07 leaves: 2
2023-03-29T16:49:05.059079+0800 | coin: doge ('2021-04-12', '2021-04-16') https://twitter.com/NFTandDOGE/status/1381982464227348483 took: 3.41 leaves: 20
2023-03-29T16:49:13.860880+0800 | coin: doge ('2021-04-12', '2021-04-16') https://twitter.com/cryptunez/status/1381980956085649415 took: 2.08 leaves: 5
2023-03-29T16:49:17.478832+0800 | coin: doge ('2021-04-12', '2021-04-16') https://twitter.com/cryptunez/status/1381980437489319937 took: 2.12 leaves: 2
2023-03-29T16:49:25.632398+0800 | coin: doge ('2021-04-12', '2021-04-16') https://twitter.com/DogecoinRise/status/1381979795190247427 took: 4.77 leaves: 2
2023-03-29T16:49:43.007584+0800 | coin: doge ('2021-04-12', '2021-04-16') https://twitter.com/Dogecoinrich/status/1381975854683668484 took: 1.93 leaves: 0
2023-03-29T16:49:45.799890+0800 | coin: doge ('2021-04-12', '2021-04-16') https://twitter.com/DogecoinRise/status/1381975711087403013 took: 1.99 leaves: 0
2023-03-29T16:49:49.291523+0800 | coin: doge ('2021-04-12', '2021-04-16') https://twitter.com/RaheemKassam/status/1381975231561097221 took: 2.05 leaves: 3
2023-03-29T16:49:59.350560+0800 | coin: doge ('2021-04-12', '2021-04-16') https://twitter.com/AnchoredJourney/status/1381972821673381889 took: 1.96 leaves: 1
2023-03-29T16:50:20.075343+0800 | coin: doge ('2021-04-12', '2021-04-16') https://twitter.com/davidgokhshtein/status/1381968172773875719 took: 2.09 leaves: 3
2023-03-29T16:50:32.392841+0800 | coin: doge ('2021-04-12', '2021-04-16') https://twitter.com/quiloremipsum/status/1381964014461153280 took: 2.44 leaves: 3
2023-03-29T16:50:38.255180+0800 | coin: doge ('2021-04-12', '2021-04-16') https://twitter.com/drpenking/status/1381962224152031232 took: 2.03 leaves: 1
2023-03-29T16:50:52.404281+0800 | coin: doge ('2021-04-12', '2021-04-16') https://twitter.com/JMLcapital/status/1381954355184631812 took: 2.27 leaves: 2
2023-03-29T16:50:55.586093+0800 | coin: doge ('2021-04-12', '2021-04-16') https://twitter.com/redditships/status/1381952471736672257 took: 3.18 leaves: 2
2023-03-29T16:50:59.222523+0800 | coin: doge ('2021-04-12', '2021-04-16') https://twitter.com/JuliaDogecoin/status/1381952983802466313 took: 1.98 leaves: 0
2023-03-29T16:51:20.042894+0800 | coin: doge ('2021-04-12', '2021-04-16') https://twitter.com/DogecoinRise/status/1381936843256569857 took: 1.93 leaves: 0
2023-03-29T16:51:31.030071+0800 | coin: doge ('2021-04-12', '2021-04-16') https://twitter.com/Doge_Coin_1/status/1381933841741402113 took: 6.92 leaves: 103
2023-03-29T16:51:41.681600+0800 | coin: doge ('2021-04-12', '2021-04-16') https://twitter.com/LunarCrush/status/1381925161243394049 took: 2.18 leaves: 0
2023-03-29T16:51:48.980831+0800 | coin: doge ('2021-04-12', '2021-04-16') https://twitter.com/GiveAndStake/status/1381921868148539394 took: 2.30 leaves: 8
2023-03-29T16:51:59.938087+0800 | coin: doge ('2021-04-12', '2021-04-16') https://twitter.com/CryptoBull/status/1381910690328424450 took: 2.54 leaves: 10
2023-03-29T16:52:12.151935+0800 | coin: doge ('2021-04-12', '2021-04-16') https://twitter.com/klever_io/status/1381898864806989827 took: 4.38 leaves: 0
2023-03-29T16:52:43.783457+0800 | coin: doge ('2021-04-12', '2021-04-16') https://twitter.com/davidgokhshtein/status/1381858345141870594 took: 2.17 leaves: 10
2023-03-29T16:52:48.365589+0800 | coin: doge ('2021-04-12', '2021-04-16') https://twitter.com/DogecoinRise/status/1381855922369167362 took: 2.33 leaves: 1
2023-03-29T16:52:50.815890+0800 | coin: doge ('2021-04-12', '2021-04-16') https://twitter.com/JustinScerini/status/1381855248927633409 took: 1.88 leaves: 0
2023-03-29T16:52:53.099150+0800 | coin: doge ('2021-04-12', '2021-04-16') https://twitter.com/dogeallnight/status/1381855095755792387 took: 2.28 leaves: 3
2023-03-29T16:53:06.318197+0800 | coin: doge ('2021-04-12', '2021-04-16') https://twitter.com/NFTandDOGE/status/1381840809314508804 took: 1.92 leaves: 0
2023-03-29T16:53:11.391687+0800 | coin: doge ('2021-04-12', '2021-04-16') https://twitter.com/DogecoinRise/status/1381837240205119488 took: 2.24 leaves: 5
2023-03-29T16:53:33.347279+0800 | coin: doge ('2021-04-12', '2021-04-16') https://twitter.com/itsALLrisky/status/1381816631173648387 took: 2.50 leaves: 10
2023-03-29T16:53:41.712153+0800 | coin: doge ('2021-04-12', '2021-04-16') https://twitter.com/SantaDecides/status/1381810979344891907 took: 2.11 leaves: 5
2023-03-29T16:53:56.221771+0800 | coin: doge ('2021-04-12', '2021-04-16') https://twitter.com/lisadoge/status/1381799572163428353 took: 3.17 leaves: 24
2023-03-29T16:54:04.047939+0800 | coin: doge ('2021-04-12', '2021-04-16') https://twitter.com/DogePorn/status/1381794137297485825 took: 2.10 leaves: 4
2023-03-29T16:54:06.828672+0800 | coin: doge ('2021-04-12', '2021-04-16') https://twitter.com/DogecoinRise/status/1381794060273287168 took: 2.04 leaves: 2
2023-03-29T16:54:22.433471+0800 | coin: doge ('2021-04-12', '2021-04-16') https://twitter.com/cryptunez/status/1381785754406359042 took: 2.24 leaves: 4
2023-03-29T16:54:34.116348+0800 | coin: doge ('2021-04-12', '2021-04-16') https://twitter.com/DogecoinRide/status/1381778636492185601 took: 2.15 leaves: 6
2023-03-29T16:55:02.713017+0800 | coin: doge ('2021-04-12', '2021-04-16') https://twitter.com/SneakersCorgi/status/1381747195435610112 took: 2.10 leaves: 0
2023-03-29T16:55:35.065317+0800 | coin: doge ('2021-04-12', '2021-04-16') https://twitter.com/davidgokhshtein/status/1381712805481570312 took: 2.10 leaves: 2
2023-03-29T16:55:48.698712+0800 | coin: doge ('2021-04-12', '2021-04-16') https://twitter.com/dogeofficialceo/status/1381699100840767496 took: 2.26 leaves: 1
2023-03-29T16:55:56.074539+0800 | coin: doge ('2021-04-12', '2021-04-16') https://twitter.com/dogecoin_empire/status/1381692685560512515 took: 2.30 leaves: 5
2023-03-29T16:56:41.099998+0800 | coin: doge ('2021-04-12', '2021-04-16') https://twitter.com/DogecoinRide/status/1381645588991709187 took: 2.10 leaves: 6
2023-03-29T16:56:49.126541+0800 | coin: doge ('2021-04-12', '2021-04-16') https://twitter.com/BeckytheD/status/1381638434989694977 took: 2.00 leaves: 1
2023-03-29T16:56:52.003754+0800 | coin: doge ('2021-04-12', '2021-04-16') https://twitter.com/Investingcom/status/1381637287574929408 took: 1.94 leaves: 0
2023-03-29T16:58:00.983633+0800 | coin: doge ('2021-04-12', '2021-04-16') https://twitter.com/Dolphingives/status/1381570604810170370 took: 4.65 leaves: 1
2023-03-29T16:58:27.625750+0800 | coin: doge ('2021-04-12', '2021-04-16') https://twitter.com/THORChain/status/1381536058169430017 took: 1.99 leaves: 0
2023-03-29T16:58:30.976802+0800 | coin: doge ('2021-04-12', '2021-04-16') https://twitter.com/UgwunnaEjikem/status/1381534896674463756 took: 2.37 leaves: 0
2023-03-29T16:58:40.456930+0800 | coin: doge ('2021-04-12', '2021-04-16') https://twitter.com/Pagsalig_trades/status/1381524403230400515 took: 1.96 leaves: 0
2023-03-29T16:59:07.136932+0800 | coin: doge ('2021-04-12', '2021-04-16') https://twitter.com/sulachi11/status/1381493879497703426 took: 3.42 leaves: 0
2023-03-29T16:59:29.684675+0800 | coin: doge ('2021-04-12', '2021-04-16') https://twitter.com/UrsichJr/status/1381470444742582273 took: 3.40 leaves: 21
2023-03-29T16:59:33.385506+0800 | coin: doge ('2021-04-12', '2021-04-16') https://twitter.com/dogecoin_empire/status/1381467886225653762 took: 2.20 leaves: 1
2023-03-29T16:59:44.205532+0800 | coin: doge ('2021-04-12', '2021-04-16') https://twitter.com/IamKrisLondon/status/1381458006076915714 took: 1.91 leaves: 0
2023-03-29T16:59:47.401090+0800 | coin: doge ('2021-04-12', '2021-04-16') https://twitter.com/DogecoinRide/status/1381456452695494656 took: 2.24 leaves: 5
2023-03-29T17:00:05.853101+0800 | coin: doge ('2021-04-12', '2021-04-16') https://twitter.com/davidgokhshtein/status/1381440319267409928 took: 2.36 leaves: 5
2023-03-29T17:00:11.940953+0800 | coin: doge ('2021-04-12', '2021-04-16') https://twitter.com/collectionist/status/1381437749341745153 took: 1.91 leaves: 0
2023-03-29T17:00:15.820861+0800 | coin: doge ('2021-04-12', '2021-04-16') https://twitter.com/Dogecoinrich/status/1381436574857039874 took: 2.19 leaves: 2
2023-03-29T17:00:22.816019+0800 | coin: doge ('2021-04-12', '2021-04-16') https://twitter.com/itsALLrisky/status/1381431607593070593 took: 2.01 leaves: 1
2023-03-29T17:00:38.924553+0800 | coin: doge ('2021-04-12', '2021-04-16') https://twitter.com/cryptunez/status/1381420068588945411 took: 1.91 leaves: 0
2023-03-29T17:00:54.095782+0800 | coin: doge ('2021-04-12', '2021-04-16') https://twitter.com/CryptoBull2020/status/1381413574942322689 took: 1.90 leaves: 0
2023-03-29T17:01:19.701655+0800 | coin: doge ('2021-04-12', '2021-04-16') https://twitter.com/mimimusics/status/1381396792038862850 took: 2.06 leaves: 2
