2023-03-29T14:43:47.166870+0800 | coin: shib ('2021-08-22', '2021-08-25') https://twitter.com/cryptotreds/status/1430298584830955522 took: 1.93 leaves: 0
2023-03-29T14:44:04.577277+0800 | coin: shib ('2021-08-22', '2021-08-25') https://twitter.com/EsterMetas/status/1430277090847469571 took: 2.32 leaves: 3
2023-03-29T14:44:23.291478+0800 | coin: shib ('2021-08-22', '2021-08-25') https://twitter.com/army_shiba/status/1430262227928551435 took: 2.29 leaves: 4
2023-03-29T14:44:57.400638+0800 | coin: shib ('2021-08-22', '2021-08-25') https://twitter.com/DelCrxpto/status/1430238567134072832 took: 2.21 leaves: 6
2023-03-29T14:45:00.477289+0800 | coin: shib ('2021-08-22', '2021-08-25') https://twitter.com/NastyShib/status/1430237288106270722 took: 1.90 leaves: 0
2023-03-29T14:45:34.838206+0800 | coin: shib ('2021-08-22', '2021-08-25') https://twitter.com/shibaholder/status/1430219321356206080 took: 1.90 leaves: 0
2023-03-29T14:45:52.734112+0800 | coin: shib ('2021-08-22', '2021-08-25') https://twitter.com/gordongekko369/status/1430211609931223041 took: 2.31 leaves: 3
2023-03-29T14:46:04.595402+0800 | coin: shib ('2021-08-22', '2021-08-25') https://twitter.com/DogeReloaded/status/1430209430818377739 took: 8.05 leaves: 4
2023-03-29T14:46:37.789762+0800 | coin: shib ('2021-08-22', '2021-08-25') https://twitter.com/ShibaArchives/status/1430196617282457605 took: 2.23 leaves: 13
2023-03-29T14:46:49.026302+0800 | coin: shib ('2021-08-22', '2021-08-25') https://twitter.com/ConsiderEric/status/1430192865712476161 took: 2.71 leaves: 4
2023-03-29T14:47:04.367734+0800 | coin: shib ('2021-08-22', '2021-08-25') https://twitter.com/ShibaInuHodler/status/1430187744303718402 took: 2.26 leaves: 1
2023-03-29T14:47:27.314111+0800 | coin: shib ('2021-08-22', '2021-08-25') https://twitter.com/cryptotreds/status/1430180712221659148 took: 2.26 leaves: 1
2023-03-29T14:47:58.131795+0800 | coin: shib ('2021-08-22', '2021-08-25') https://twitter.com/ShibaInuHodler/status/1430170261077254148 took: 3.41 leaves: 3
2023-03-29T14:49:14.178074+0800 | coin: shib ('2021-08-22', '2021-08-25') https://twitter.com/CryptoDiffer/status/1430135186952540182 took: 2.37 leaves: 1
2023-03-29T14:49:23.612825+0800 | coin: shib ('2021-08-22', '2021-08-25') https://twitter.com/army_shiba/status/1430130658060509185 took: 2.01 leaves: 5
2023-03-29T14:50:01.457474+0800 | coin: shib ('2021-08-22', '2021-08-25') https://twitter.com/cryptotreds/status/1430111804009684992 took: 1.85 leaves: 0
2023-03-29T14:50:18.724799+0800 | coin: shib ('2021-08-22', '2021-08-25') https://twitter.com/Crypto_Dep/status/1430101255368724482 took: 2.02 leaves: 0
2023-03-29T14:50:34.558855+0800 | coin: shib ('2021-08-22', '2021-08-25') https://twitter.com/ShibainuCoin/status/1430092194476609539 took: 2.49 leaves: 9
2023-03-29T14:50:46.801824+0800 | coin: shib ('2021-08-22', '2021-08-25') https://twitter.com/cryptomasters07/status/1430092079938555959 took: 11.87 leaves: 7
2023-03-29T14:51:07.608454+0800 | coin: shib ('2021-08-22', '2021-08-25') https://twitter.com/ShibaInuHodler/status/1430084829383643151 took: 2.26 leaves: 1
2023-03-29T14:51:34.091655+0800 | coin: shib ('2021-08-22', '2021-08-25') https://twitter.com/SHIBArmyNepal/status/1430074039926620170 took: 2.33 leaves: 2
2023-03-29T14:51:52.132837+0800 | coin: shib ('2021-08-22', '2021-08-25') https://twitter.com/ShibaInuHodler/status/1430055406655746069 took: 2.25 leaves: 3
2023-03-29T14:52:09.159619+0800 | coin: shib ('2021-08-22', '2021-08-25') https://twitter.com/Thomas56710o3i/status/1430042610937344019 took: 1.90 leaves: 0
2023-03-29T14:52:24.944338+0800 | coin: shib ('2021-08-22', '2021-08-25') https://twitter.com/ShibaArchives/status/1430023493828157450 took: 1.93 leaves: 1
2023-03-29T14:52:46.942577+0800 | coin: shib ('2021-08-22', '2021-08-25') https://twitter.com/cryptotreds/status/1430000639417933828 took: 2.36 leaves: 1
2023-03-29T14:53:14.376527+0800 | coin: shib ('2021-08-22', '2021-08-25') https://twitter.com/ShibaArchives/status/1429971765346938888 took: 3.11 leaves: 19
2023-03-29T14:53:16.872581+0800 | coin: shib ('2021-08-22', '2021-08-25') https://twitter.com/shibaholder/status/1429971297568763910 took: 2.01 leaves: 2
2023-03-29T14:53:44.059476+0800 | coin: shib ('2021-08-22', '2021-08-25') https://twitter.com/ShibainuCoin/status/1429949537737715720 took: 2.93 leaves: 14
2023-03-29T14:53:58.804084+0800 | coin: shib ('2021-08-22', '2021-08-25') https://twitter.com/Saitamen/status/1429940084774785025 took: 2.73 leaves: 4
2023-03-29T14:54:41.022249+0800 | coin: shib ('2021-08-22', '2021-08-25') https://twitter.com/army_shiba/status/1429909101908267015 took: 2.47 leaves: 8
2023-03-29T14:55:02.860125+0800 | coin: shib ('2021-08-22', '2021-08-25') https://twitter.com/ShibaArchives/status/1429897399229616129 took: 2.34 leaves: 5
2023-03-29T14:55:50.158572+0800 | coin: shib ('2021-08-22', '2021-08-25') https://twitter.com/whon_jick/status/1429868645132419075 took: 2.26 leaves: 1
2023-03-29T14:56:32.281031+0800 | coin: shib ('2021-08-22', '2021-08-25') https://twitter.com/ShibainuCoin/status/1429852911199211521 took: 2.29 leaves: 2
2023-03-29T14:57:02.955555+0800 | coin: shib ('2021-08-22', '2021-08-25') https://twitter.com/cryptotreds/status/1429841682158260225 took: 2.29 leaves: 1
2023-03-29T14:57:07.428510+0800 | coin: shib ('2021-08-22', '2021-08-25') https://twitter.com/Crypto__emily/status/1429841085791096834 took: 2.85 leaves: 11
2023-03-29T14:57:16.432887+0800 | coin: shib ('2021-08-22', '2021-08-25') https://twitter.com/ShibaInuHodler/status/1429838063446933510 took: 2.39 leaves: 8
2023-03-29T14:58:02.838314+0800 | coin: shib ('2021-08-22', '2021-08-25') https://twitter.com/SHIBArmyNepal/status/1429822195849564164 took: 4.76 leaves: 2
2023-03-29T14:58:13.560480+0800 | coin: shib ('2021-08-22', '2021-08-25') https://twitter.com/ShibaInuHodler/status/1429818563213336582 took: 2.82 leaves: 16
2023-03-29T14:58:33.275630+0800 | coin: shib ('2021-08-22', '2021-08-25') https://twitter.com/initializable/status/1429812813162287109 took: 2.45 leaves: 8
2023-03-29T14:58:46.507648+0800 | coin: shib ('2021-08-22', '2021-08-25') https://twitter.com/ShibainuCoin/status/1429808712659750919 took: 2.78 leaves: 7
2023-03-29T14:59:08.335832+0800 | coin: shib ('2021-08-22', '2021-08-25') https://twitter.com/ravsharma786/status/1429800781243322370 took: 2.25 leaves: 0
2023-03-29T14:59:17.585841+0800 | coin: shib ('2021-08-22', '2021-08-25') https://twitter.com/MajesticDrama/status/1429798176391933956 took: 2.38 leaves: 6
2023-03-29T14:59:26.787461+0800 | coin: shib ('2021-08-22', '2021-08-25') https://twitter.com/Pankajchandra94/status/1429795159001026566 took: 2.49 leaves: 9
2023-03-29T14:59:44.298391+0800 | coin: shib ('2021-08-22', '2021-08-25') https://twitter.com/ShibaInuHodler/status/1429788148247273473 took: 2.63 leaves: 0
2023-03-29T15:00:01.411753+0800 | coin: shib ('2021-08-22', '2021-08-25') https://twitter.com/cryptotreds/status/1429782616673296386 took: 2.23 leaves: 1
2023-03-29T15:00:09.177587+0800 | coin: shib ('2021-08-22', '2021-08-25') https://twitter.com/onanoctupus/status/1429780398674939915 took: 2.35 leaves: 1
2023-03-29T15:00:21.178635+0800 | coin: shib ('2021-08-22', '2021-08-25') https://twitter.com/EsterMetas/status/1429775153559375880 took: 1.90 leaves: 0
2023-03-29T15:01:28.838150+0800 | coin: shib ('2021-08-22', '2021-08-25') https://twitter.com/NFI_LoL/status/1429723605605265409 took: 2.58 leaves: 0
2023-03-29T15:01:39.419348+0800 | coin: shib ('2021-08-22', '2021-08-25') https://twitter.com/ShibainuCoin/status/1429720195539558405 took: 4.72 leaves: 2
2023-03-29T15:01:44.229072+0800 | coin: shib ('2021-08-22', '2021-08-25') https://twitter.com/novalaney/status/1429719175593746433 took: 2.97 leaves: 19
2023-03-29T15:02:15.167992+0800 | coin: shib ('2021-08-22', '2021-08-25') https://twitter.com/Thomas56710o3i/status/1429699014421880834 took: 2.57 leaves: 0
2023-03-29T15:02:19.284483+0800 | coin: shib ('2021-08-22', '2021-08-25') https://twitter.com/ShibaInuHodler/status/1429696901729955845 took: 2.30 leaves: 3
2023-03-29T15:02:22.876701+0800 | coin: shib ('2021-08-22', '2021-08-25') https://twitter.com/ShibaInuHodler/status/1429695933265190918 took: 2.72 leaves: 5
2023-03-29T15:02:41.357623+0800 | coin: shib ('2021-08-22', '2021-08-25') https://twitter.com/ShibaArchives/status/1429675036735156235 took: 3.07 leaves: 10
2023-03-29T15:02:46.713465+0800 | coin: shib ('2021-08-22', '2021-08-25') https://twitter.com/SavinTheBees/status/1429671972011614215 took: 3.34 leaves: 9
2023-03-29T15:02:54.705368+0800 | coin: shib ('2021-08-22', '2021-08-25') https://twitter.com/UpsideVision/status/1429666081296289792 took: 1.99 leaves: 0
2023-03-29T15:03:25.956506+0800 | coin: shib ('2021-08-22', '2021-08-25') https://twitter.com/cryptotreds/status/1429637070977478657 took: 2.42 leaves: 2
2023-03-29T15:03:42.013001+0800 | coin: shib ('2021-08-22', '2021-08-25') https://twitter.com/Yourpop8/status/1429622894359945221 took: 2.08 leaves: 6
2023-03-29T15:03:51.605188+0800 | coin: shib ('2021-08-22', '2021-08-25') https://twitter.com/cryptotreds/status/1429614280941481984 took: 2.28 leaves: 1
2023-03-29T15:04:08.391212+0800 | coin: shib ('2021-08-22', '2021-08-25') https://twitter.com/ShibAlexander/status/1429595415243018243 took: 2.43 leaves: 5
2023-03-29T15:04:56.734253+0800 | coin: shib ('2021-08-22', '2021-08-25') https://twitter.com/Shibadude420/status/1429561192285016066 took: 1.87 leaves: 0
2023-03-29T15:05:17.185430+0800 | coin: shib ('2021-08-22', '2021-08-25') https://twitter.com/ShibaArchives/status/1429552146496819205 took: 3.62 leaves: 10
2023-03-29T15:05:23.178864+0800 | coin: shib ('2021-08-22', '2021-08-25') https://twitter.com/ShibaArchives/status/1429551655402549262 took: 4.79 leaves: 2
2023-03-29T15:06:17.730122+0800 | coin: shib ('2021-08-22', '2021-08-25') https://twitter.com/mike47763099/status/1429524123416399883 took: 2.24 leaves: 2
2023-03-29T15:07:08.911374+0800 | coin: shib ('2021-08-22', '2021-08-25') https://twitter.com/BioCryptic/status/1429501314875146244 took: 2.35 leaves: 3
2023-03-29T15:07:24.794977+0800 | coin: shib ('2021-08-22', '2021-08-25') https://twitter.com/Crypto__emily/status/1429494657969532932 took: 2.26 leaves: 1
2023-03-29T15:07:33.793878+0800 | coin: shib ('2021-08-22', '2021-08-25') https://twitter.com/ShibaInuHodler/status/1429491977310068743 took: 1.93 leaves: 0
2023-03-29T15:07:38.248071+0800 | coin: shib ('2021-08-22', '2021-08-25') https://twitter.com/ShibaInuHodler/status/1429491321639776265 took: 2.07 leaves: 2
2023-03-29T15:07:44.877013+0800 | coin: shib ('2021-08-22', '2021-08-25') https://twitter.com/ShibaInuHodler/status/1429490170974375937 took: 3.11 leaves: 6
2023-03-29T15:08:12.501815+0800 | coin: shib ('2021-08-22', '2021-08-25') https://twitter.com/ShibaSwappers/status/1429480389664559114 took: 2.34 leaves: 6
2023-03-29T15:08:20.503197+0800 | coin: shib ('2021-08-22', '2021-08-25') https://twitter.com/cryptotreds/status/1429477647831207939 took: 2.50 leaves: 1
2023-03-29T15:08:24.507819+0800 | coin: shib ('2021-08-22', '2021-08-25') https://twitter.com/ShibaInuHodler/status/1429475957551816705 took: 1.90 leaves: 0
2023-03-29T15:08:36.651854+0800 | coin: shib ('2021-08-22', '2021-08-25') https://twitter.com/Yourpop8/status/1429471083456090119 took: 2.36 leaves: 4
2023-03-29T15:08:55.357099+0800 | coin: shib ('2021-08-22', '2021-08-25') https://twitter.com/army_shiba/status/1429464537124818947 took: 2.58 leaves: 4
2023-03-29T15:09:00.640788+0800 | coin: shib ('2021-08-22', '2021-08-25') https://twitter.com/mike47763099/status/1429464003231813638 took: 2.64 leaves: 3
2023-03-29T15:09:06.565172+0800 | coin: shib ('2021-08-22', '2021-08-25') https://twitter.com/ShibaAustralia/status/1429462264881377283 took: 1.93 leaves: 0
2023-03-29T15:09:14.938006+0800 | coin: shib ('2021-08-22', '2021-08-25') https://twitter.com/army_shiba/status/1429459982102183943 took: 3.03 leaves: 4
2023-03-29T15:09:20.779501+0800 | coin: shib ('2021-08-22', '2021-08-25') https://twitter.com/FegShib/status/1429458202735923202 took: 1.91 leaves: 0
2023-03-29T15:11:16.212383+0800 | coin: shib ('2021-08-22', '2021-08-25') https://twitter.com/BaronShiba/status/1429408023445901316 took: 3.23 leaves: 1
2023-03-29T15:11:21.334233+0800 | coin: shib ('2021-08-22', '2021-08-25') https://twitter.com/cryptotreds/status/1429407742360494087 took: 4.66 leaves: 1
2023-03-29T15:11:54.789842+0800 | coin: shib ('2021-08-22', '2021-08-25') https://twitter.com/ShibaArchives/status/1429390397025964034 took: 4.50 leaves: 21
2023-03-29T15:11:57.751763+0800 | coin: shib ('2021-08-22', '2021-08-25') https://twitter.com/ShibaInuHodler/status/1429389843918954503 took: 2.51 leaves: 8
2023-03-29T15:12:04.686813+0800 | coin: shib ('2021-08-22', '2021-08-25') https://twitter.com/army_shiba/status/1429384264198639622 took: 2.33 leaves: 3
2023-03-29T15:12:44.675333+0800 | coin: shib ('2021-08-22', '2021-08-25') https://twitter.com/godeLives/status/1429351949950984195 took: 2.29 leaves: 1
2023-03-29T15:12:53.411504+0800 | coin: shib ('2021-08-22', '2021-08-25') https://twitter.com/ShibaInuHodler/status/1429348359723266056 took: 2.52 leaves: 7
2023-03-29T15:13:07.942715+0800 | coin: shib ('2021-08-22', '2021-08-25') https://twitter.com/Thomas56710o3i/status/1429330750013386756 took: 1.91 leaves: 0
2023-03-29T15:13:19.997553+0800 | coin: shib ('2021-08-22', '2021-08-25') https://twitter.com/army_shiba/status/1429313495179448321 took: 1.93 leaves: 0
2023-03-29T15:13:32.056679+0800 | coin: shib ('2021-08-22', '2021-08-25') https://twitter.com/UpsideVision/status/1429298736493219842 took: 2.31 leaves: 3
2023-03-29T15:14:01.711418+0800 | coin: shib ('2021-08-22', '2021-08-25') https://twitter.com/itsme_VRA/status/1429260794785583105 took: 1.88 leaves: 0
2023-03-29T15:14:16.271109+0800 | coin: shib ('2021-08-22', '2021-08-25') https://twitter.com/mike47763099/status/1429248336201138179 took: 2.36 leaves: 4
