2023-03-29T14:43:40.579042+0800 | coin: shib ('2021-08-06', '2021-08-08') https://twitter.com/cryptohighnft/status/1424154218299117568 took: 2.30 leaves: 1
2023-03-29T14:43:51.003652+0800 | coin: shib ('2021-08-06', '2021-08-08') https://twitter.com/onanoctupus/status/1424146507549270016 took: 2.02 leaves: 2
2023-03-29T14:43:55.649158+0800 | coin: shib ('2021-08-06', '2021-08-08') https://twitter.com/Yourpop8/status/1424145643287818246 took: 3.70 leaves: 5
2023-03-29T14:44:26.067912+0800 | coin: shib ('2021-08-06', '2021-08-08') https://twitter.com/ShibInformer/status/1424115646783279106 took: 3.30 leaves: 13
2023-03-29T14:44:41.107233+0800 | coin: shib ('2021-08-06', '2021-08-08') https://twitter.com/Shibtoken/status/1424117621016891395 took: 13.00 leaves: 112
2023-03-29T14:44:56.971271+0800 | coin: shib ('2021-08-06', '2021-08-08') https://twitter.com/ShibaArchives/status/1424108313093017601 took: 2.65 leaves: 17
2023-03-29T14:45:19.264722+0800 | coin: shib ('2021-08-06', '2021-08-08') https://twitter.com/army_shiba/status/1424090288587517952 took: 2.22 leaves: 1
2023-03-29T14:45:49.030637+0800 | coin: shib ('2021-08-06', '2021-08-08') https://twitter.com/ShibInformer/status/1424071247319666688 took: 2.13 leaves: 8
2023-03-29T14:45:59.546128+0800 | coin: shib ('2021-08-06', '2021-08-08') https://twitter.com/shibaholder/status/1424065687660679173 took: 2.49 leaves: 1
2023-03-29T14:46:16.661502+0800 | coin: shib ('2021-08-06', '2021-08-08') https://twitter.com/ShibInfo/status/1424054876011737096 took: 1.92 leaves: 0
2023-03-29T14:46:23.369955+0800 | coin: shib ('2021-08-06', '2021-08-08') https://twitter.com/ShibaInuHodler/status/1424051672955985923 took: 2.30 leaves: 3
2023-03-29T14:46:41.465781+0800 | coin: shib ('2021-08-06', '2021-08-08') https://twitter.com/digishahed/status/1424042819304542215 took: 2.46 leaves: 1
2023-03-29T14:46:45.981799+0800 | coin: shib ('2021-08-06', '2021-08-08') https://twitter.com/SHIB_komorebi/status/1424042240423481344 took: 3.27 leaves: 18
2023-03-29T14:47:15.337299+0800 | coin: shib ('2021-08-06', '2021-08-08') https://twitter.com/cryptohighnft/status/1424027759546863618 took: 1.97 leaves: 2
2023-03-29T14:47:24.083732+0800 | coin: shib ('2021-08-06', '2021-08-08') https://twitter.com/Shib_Guy/status/1424024321463250949 took: 2.32 leaves: 3
2023-03-29T14:47:27.385735+0800 | coin: shib ('2021-08-06', '2021-08-08') https://twitter.com/cryptohighnft/status/1424023616572772358 took: 1.97 leaves: 4
2023-03-29T14:48:15.303577+0800 | coin: shib ('2021-08-06', '2021-08-08') https://twitter.com/SHIB_komorebi/status/1423998293881856005 took: 2.83 leaves: 16
2023-03-29T14:48:58.071748+0800 | coin: shib ('2021-08-06', '2021-08-08') https://twitter.com/Shib_Guy/status/1423976228407574533 took: 3.99 leaves: 2
2023-03-29T14:49:06.018918+0800 | coin: shib ('2021-08-06', '2021-08-08') https://twitter.com/AlphaCryptOmega/status/1423965796036923402 took: 1.97 leaves: 2
2023-03-29T14:49:08.933399+0800 | coin: shib ('2021-08-06', '2021-08-08') https://twitter.com/MagicInternetM6/status/1423964210715844613 took: 1.85 leaves: 0
2023-03-29T14:49:13.212601+0800 | coin: shib ('2021-08-06', '2021-08-08') https://twitter.com/army_shiba/status/1423962187287126022 took: 2.01 leaves: 4
2023-03-29T14:49:24.530654+0800 | coin: shib ('2021-08-06', '2021-08-08') https://twitter.com/1goonrich/status/1423954962627842048 took: 2.09 leaves: 5
2023-03-29T14:49:28.093726+0800 | coin: shib ('2021-08-06', '2021-08-08') https://twitter.com/novalaney/status/1423953846280151043 took: 2.16 leaves: 1
2023-03-29T14:49:30.873261+0800 | coin: shib ('2021-08-06', '2021-08-08') https://twitter.com/Crypto_Senseii/status/1423953622304493571 took: 2.39 leaves: 4
2023-03-29T14:49:36.391976+0800 | coin: shib ('2021-08-06', '2021-08-08') https://twitter.com/Thomas56710o3i/status/1423951582522232832 took: 2.29 leaves: 1
2023-03-29T14:49:47.256151+0800 | coin: shib ('2021-08-06', '2021-08-08') https://twitter.com/ShibaAustralia/status/1423946924370006017 took: 2.33 leaves: 6
2023-03-29T14:49:58.856189+0800 | coin: shib ('2021-08-06', '2021-08-08') https://twitter.com/ShibaAustralia/status/1423942689892880388 took: 4.44 leaves: 1
2023-03-29T14:50:03.020435+0800 | coin: shib ('2021-08-06', '2021-08-08') https://twitter.com/army_shiba/status/1423942137163485184 took: 2.37 leaves: 4
2023-03-29T14:50:04.888772+0800 | coin: shib ('2021-08-06', '2021-08-08') https://twitter.com/222DMX222/status/1423942000873721856 took: 1.87 leaves: 0
2023-03-29T14:50:09.879610+0800 | coin: shib ('2021-08-06', '2021-08-08') https://twitter.com/army_shiba/status/1423940800543604736 took: 2.34 leaves: 4
2023-03-29T14:50:32.586891+0800 | coin: shib ('2021-08-06', '2021-08-08') single tweet https://twitter.com/XRP_Moonshots/status/1423913637962473473 took: 0.00
2023-03-29T14:51:02.387018+0800 | coin: shib ('2021-08-06', '2021-08-08') https://twitter.com/army_shiba/status/1423894655784136706 took: 2.52 leaves: 1
2023-03-29T14:51:06.748554+0800 | coin: shib ('2021-08-06', '2021-08-08') https://twitter.com/BigCryptoToken/status/1423893662329626624 took: 2.27 leaves: 0
2023-03-29T14:51:35.515337+0800 | coin: shib ('2021-08-06', '2021-08-08') https://twitter.com/ShibBPP/status/1423879124792365061 took: 3.14 leaves: 0
2023-03-29T14:51:39.995940+0800 | coin: shib ('2021-08-06', '2021-08-08') https://twitter.com/army_shiba/status/1423877834641137665 took: 2.09 leaves: 5
2023-03-29T14:51:51.282246+0800 | coin: shib ('2021-08-06', '2021-08-08') https://twitter.com/Yourpop8/status/1423869190558167040 took: 2.15 leaves: 7
2023-03-29T14:52:08.699839+0800 | coin: shib ('2021-08-06', '2021-08-08') https://twitter.com/ShibaArchives/status/1423857249236234242 took: 2.33 leaves: 3
2023-03-29T14:52:18.281215+0800 | coin: shib ('2021-08-06', '2021-08-08') https://twitter.com/army_shiba/status/1423850790020685824 took: 1.96 leaves: 2
2023-03-29T14:52:21.880429+0800 | coin: shib ('2021-08-06', '2021-08-08') https://twitter.com/army_shiba/status/1423849710130024449 took: 2.00 leaves: 4
2023-03-29T14:52:28.947574+0800 | coin: shib ('2021-08-06', '2021-08-08') https://twitter.com/shibainushop/status/1423847119429853189 took: 2.50 leaves: 10
2023-03-29T14:52:49.968010+0800 | coin: shib ('2021-08-06', '2021-08-08') https://twitter.com/cryptohighnft/status/1423834458378080256 took: 2.01 leaves: 2
2023-03-29T14:52:55.499989+0800 | coin: shib ('2021-08-06', '2021-08-08') https://twitter.com/SeriousXrp/status/1423832757084459011 took: 2.21 leaves: 1
2023-03-29T14:54:13.922199+0800 | coin: shib ('2021-08-06', '2021-08-08') https://twitter.com/CashThemBets/status/1423782837287669775 took: 2.33 leaves: 1
2023-03-29T14:54:33.858376+0800 | coin: shib ('2021-08-06', '2021-08-08') https://twitter.com/ShibaArchives/status/1423771756377018375 took: 2.04 leaves: 3
2023-03-29T14:54:42.310724+0800 | coin: shib ('2021-08-06', '2021-08-08') https://twitter.com/ShibaArchives/status/1423767473787179013 took: 2.11 leaves: 5
2023-03-29T14:55:10.955474+0800 | coin: shib ('2021-08-06', '2021-08-08') https://twitter.com/ShibaArchives/status/1423755527578955782 took: 2.32 leaves: 2
2023-03-29T14:55:51.858909+0800 | coin: shib ('2021-08-06', '2021-08-08') https://twitter.com/onanoctupus/status/1423735328788127744 took: 2.28 leaves: 0
2023-03-29T14:56:40.345602+0800 | coin: shib ('2021-08-06', '2021-08-08') https://twitter.com/shibainuevang/status/1423713471389175809 took: 2.48 leaves: 1
2023-03-29T14:56:54.082769+0800 | coin: shib ('2021-08-06', '2021-08-08') https://twitter.com/ShibaInuHodler/status/1423708670119063555 took: 2.40 leaves: 3
2023-03-29T14:57:06.261398+0800 | coin: shib ('2021-08-06', '2021-08-08') https://twitter.com/Crypto__emily/status/1423702422380220424 took: 2.32 leaves: 1
2023-03-29T14:57:12.818791+0800 | coin: shib ('2021-08-06', '2021-08-08') https://twitter.com/Thomas56710o3i/status/1423700063524687873 took: 2.04 leaves: 4
2023-03-29T14:58:14.163054+0800 | coin: shib ('2021-08-06', '2021-08-08') https://twitter.com/army_shiba/status/1423675547666817030 took: 2.32 leaves: 5
2023-03-29T14:59:33.983401+0800 | coin: shib ('2021-08-06', '2021-08-08') https://twitter.com/ShibAlexander/status/1423633815742918657 took: 2.31 leaves: 3
2023-03-29T15:00:07.548625+0800 | coin: shib ('2021-08-06', '2021-08-08') https://twitter.com/BitrueOfficial/status/1423617267015639049 took: 2.45 leaves: 1
2023-03-29T15:00:29.471723+0800 | coin: shib ('2021-08-06', '2021-08-08') https://twitter.com/ShibainuCoin/status/1423604787975761924 took: 3.00 leaves: 4
2023-03-29T15:02:47.488077+0800 | coin: shib ('2021-08-06', '2021-08-08') https://twitter.com/ShibaArchives/status/1423501901686001664 took: 2.57 leaves: 13
2023-03-29T15:02:50.570278+0800 | coin: shib ('2021-08-06', '2021-08-08') https://twitter.com/army_shiba/status/1423501169872232449 took: 2.65 leaves: 16
2023-03-29T15:02:56.798189+0800 | coin: shib ('2021-08-06', '2021-08-08') https://twitter.com/thesamtan/status/1423497187644694532 took: 2.44 leaves: 3
2023-03-29T15:03:02.560242+0800 | coin: shib ('2021-08-06', '2021-08-08') https://twitter.com/army_shiba/status/1423493594653020161 took: 1.91 leaves: 0
2023-03-29T15:03:45.639356+0800 | coin: shib ('2021-08-06', '2021-08-08') https://twitter.com/Yourpop8/status/1423453402101653505 took: 2.41 leaves: 4
2023-03-29T15:04:00.401640+0800 | coin: shib ('2021-08-06', '2021-08-08') single tweet https://twitter.com/XRP_Moonshots/status/1423438093844111360 took: 0.00
2023-03-29T15:05:26.333153+0800 | coin: doge ('2020-12-31', '2021-01-04') https://twitter.com/NetNobody/status/1345793297562828800 took: 1.97 leaves: 1
2023-03-29T15:05:39.206313+0800 | coin: doge ('2020-12-31', '2021-01-04') https://twitter.com/Investingcom/status/1345782657708392448 took: 2.03 leaves: 2
2023-03-29T15:05:41.861128+0800 | coin: doge ('2020-12-31', '2021-01-04') https://twitter.com/jaredctate/status/1345782379739115520 took: 1.86 leaves: 0
2023-03-29T15:05:58.870919+0800 | coin: doge ('2020-12-31', '2021-01-04') https://twitter.com/MustacheTommy/status/1345767673615982592 took: 1.97 leaves: 1
2023-03-29T15:06:30.958749+0800 | coin: doge ('2020-12-31', '2021-01-04') https://twitter.com/bitcoinzay/status/1345737258809360384 took: 2.00 leaves: 3
2023-03-29T15:07:14.605727+0800 | coin: doge ('2020-12-31', '2021-01-04') https://twitter.com/CryptoKaleo/status/1345692722015969282 took: 2.39 leaves: 5
2023-03-29T15:07:45.993797+0800 | coin: doge ('2020-12-31', '2021-01-04') https://twitter.com/moonshilla/status/1345646733129375744 took: 4.57 leaves: 3
2023-03-29T15:08:23.845776+0800 | coin: doge ('2020-12-31', '2021-01-04') https://twitter.com/FlorkOfCows/status/1345609910310948864 took: 2.02 leaves: 1
2023-03-29T15:08:56.766041+0800 | coin: doge ('2020-12-31', '2021-01-04') https://twitter.com/CryptoKaleo/status/1345587624082345990 took: 2.22 leaves: 4
2023-03-29T15:09:09.971602+0800 | coin: doge ('2020-12-31', '2021-01-04') https://twitter.com/GiveAwayHost/status/1345578208616321025 took: 1.94 leaves: 1
2023-03-29T15:09:26.712643+0800 | coin: doge ('2020-12-31', '2021-01-04') https://twitter.com/Cokedupoptions/status/1345565978520821760 took: 2.23 leaves: 2
2023-03-29T15:09:46.603431+0800 | coin: doge ('2020-12-31', '2021-01-04') https://twitter.com/TheBlackHokage/status/1345547302107230208 took: 2.15 leaves: 5
2023-03-29T15:11:12.685135+0800 | coin: doge ('2020-12-31', '2021-01-04') https://twitter.com/Bleeding_Crypto/status/1345489044441096193 took: 2.14 leaves: 3
2023-03-29T15:11:20.669454+0800 | coin: doge ('2020-12-31', '2021-01-04') https://twitter.com/J0E007/status/1345486811993317376 took: 2.96 leaves: 0
2023-03-29T15:11:37.531826+0800 | coin: doge ('2020-12-31', '2021-01-04') https://twitter.com/lilsamsquanch66/status/1345480262239576064 took: 1.94 leaves: 0
2023-03-29T15:11:55.220768+0800 | coin: doge ('2020-12-31', '2021-01-04') https://twitter.com/DONTFUCKINGSELL/status/1345473703065366539 took: 2.06 leaves: 0
2023-03-29T15:12:20.065325+0800 | coin: doge ('2020-12-31', '2021-01-04') https://twitter.com/NetNobody/status/1345464806904537088 took: 2.02 leaves: 3
2023-03-29T15:12:30.737864+0800 | coin: doge ('2020-12-31', '2021-01-04') https://twitter.com/NetNobody/status/1345462058687479808 took: 2.08 leaves: 2
2023-03-29T15:12:45.791345+0800 | coin: doge ('2020-12-31', '2021-01-04') https://twitter.com/MrktMeditations/status/1345458717672808450 took: 1.98 leaves: 1
2023-03-29T15:13:12.726781+0800 | coin: doge ('2020-12-31', '2021-01-04') https://twitter.com/Darkwebhaber/status/1345452333585620995 took: 2.99 leaves: 1
2023-03-29T15:13:19.160999+0800 | coin: doge ('2020-12-31', '2021-01-04') https://twitter.com/CryptoYoda1338/status/1345452553975291904 took: 2.06 leaves: 4
2023-03-29T15:13:43.391685+0800 | coin: doge ('2020-12-31', '2021-01-04') https://twitter.com/Anbessa100/status/1345448631810351104 took: 1.98 leaves: 2
2023-03-29T15:14:00.496903+0800 | coin: doge ('2020-12-31', '2021-01-04') https://twitter.com/coinmamba/status/1345446113663463424 took: 2.14 leaves: 6
2023-03-29T15:14:40.649452+0800 | coin: doge ('2020-12-31', '2021-01-04') https://twitter.com/PontiacMadeDDG/status/1345437835403296771 took: 1.93 leaves: 0
2023-03-29T15:14:46.164471+0800 | coin: doge ('2020-12-31', '2021-01-04') https://twitter.com/davidgokhshtein/status/1345437306606514177 took: 2.09 leaves: 8
2023-03-29T15:14:57.642983+0800 | coin: doge ('2020-12-31', '2021-01-04') https://twitter.com/CryptoKaleo/status/1345435051157299200 took: 2.20 leaves: 6
2023-03-29T15:15:10.508549+0800 | coin: doge ('2020-12-31', '2021-01-04') https://twitter.com/jakerawr/status/1345425728632803328 took: 3.28 leaves: 6
2023-03-29T15:15:28.187676+0800 | coin: doge ('2020-12-31', '2021-01-04') https://twitter.com/CryptoWendyO/status/1345428417567543296 took: 2.40 leaves: 12
2023-03-29T15:15:39.914460+0800 | coin: doge ('2020-12-31', '2021-01-04') https://twitter.com/KEEMSTAR/status/1345425669489102854 took: 2.54 leaves: 11
2023-03-29T15:15:48.489638+0800 | coin: doge ('2020-12-31', '2021-01-04') https://twitter.com/LomahCrypto/status/1345422436137897984 took: 1.96 leaves: 1
2023-03-29T15:15:57.695336+0800 | coin: doge ('2020-12-31', '2021-01-04') https://twitter.com/Dogecoinrich/status/1345417972744138752 took: 2.00 leaves: 1
2023-03-29T15:16:09.209715+0800 | coin: doge ('2020-12-31', '2021-01-04') https://twitter.com/moonshilla/status/1345413934866694144 took: 1.97 leaves: 2
2023-03-29T15:16:13.933909+0800 | coin: doge ('2020-12-31', '2021-01-04') https://twitter.com/antiprosynth/status/1345412493468954626 took: 2.20 leaves: 14
2023-03-29T15:16:29.245527+0800 | coin: doge ('2020-12-31', '2021-01-04') https://twitter.com/Bitboy_Crypto/status/1345406501394018306 took: 2.21 leaves: 6
2023-03-29T15:17:05.603327+0800 | coin: doge ('2020-12-31', '2021-01-04') https://twitter.com/StockLizardKing/status/1345396717844312065 took: 1.93 leaves: 1
2023-03-29T15:17:08.447509+0800 | coin: doge ('2020-12-31', '2021-01-04') https://twitter.com/Nebraskangooner/status/1345396634994282497 took: 2.06 leaves: 2
2023-03-29T15:17:18.923770+0800 | coin: doge ('2020-12-31', '2021-01-04') https://twitter.com/Bleeding_Crypto/status/1345395474094829568 took: 1.87 leaves: 0
2023-03-29T15:17:25.782791+0800 | coin: doge ('2020-12-31', '2021-01-04') https://twitter.com/Bagsy/status/1345394484163448832 took: 2.93 leaves: 2
2023-03-29T15:17:30.084164+0800 | coin: doge ('2020-12-31', '2021-01-04') https://twitter.com/davidgokhshtein/status/1345393906821832706 took: 2.23 leaves: 7
2023-03-29T15:17:54.961086+0800 | coin: doge ('2020-12-31', '2021-01-04') https://twitter.com/StickmanSham/status/1345206132671991808 took: 3.04 leaves: 1
2023-03-29T15:18:05.995810+0800 | coin: doge ('2020-12-31', '2021-01-04') https://twitter.com/coinmagduru2022/status/1345374702966083586 took: 2.35 leaves: 2
2023-03-29T15:18:10.796773+0800 | coin: doge ('2020-12-31', '2021-01-04') https://twitter.com/MrktMeditations/status/1345371765766287364 took: 1.94 leaves: 1
2023-03-29T15:18:15.394060+0800 | coin: doge ('2020-12-31', '2021-01-04') https://twitter.com/marenaltman/status/1345367781710188545 took: 1.99 leaves: 4
2023-03-29T15:18:23.999798+0800 | coin: doge ('2020-12-31', '2021-01-04') https://twitter.com/salsacardone/status/1345358294710419457 took: 1.96 leaves: 1
2023-03-29T15:18:29.472474+0800 | coin: doge ('2020-12-31', '2021-01-04') https://twitter.com/scottmelker/status/1345354099190099969 took: 2.30 leaves: 15
2023-03-29T15:18:41.794353+0800 | coin: doge ('2020-12-31', '2021-01-04') https://twitter.com/NewsBudz/status/1345339129823965184 took: 2.02 leaves: 2
2023-03-29T15:19:08.527703+0800 | coin: doge ('2020-12-31', '2021-01-04') https://twitter.com/QuintenFrancois/status/1345302588519014401 took: 2.42 leaves: 3
2023-03-29T15:19:11.826442+0800 | coin: doge ('2020-12-31', '2021-01-04') https://twitter.com/Q_Review/status/1345300544831762432 took: 2.00 leaves: 1
2023-03-29T15:19:23.825550+0800 | coin: doge ('2020-12-31', '2021-01-04') https://twitter.com/Complaintt__/status/1345279171665272838 took: 2.00 leaves: 1
2023-03-29T15:19:38.255996+0800 | coin: doge ('2020-12-31', '2021-01-04') https://twitter.com/AlexSaundersAU/status/1345260514763423745 took: 2.14 leaves: 1
2023-03-29T15:19:49.793224+0800 | coin: doge ('2020-12-31', '2021-01-04') https://twitter.com/GoldenboyFTW/status/1345249153962618880 took: 1.96 leaves: 2
2023-03-29T15:19:58.952862+0800 | coin: doge ('2020-12-31', '2021-01-04') https://twitter.com/davidgokhshtein/status/1345245655556648960 took: 2.32 leaves: 3
2023-03-29T15:20:02.485269+0800 | coin: doge ('2020-12-31', '2021-01-04') https://twitter.com/mishalederman/status/1345244464755965953 took: 1.97 leaves: 1
2023-03-29T15:20:15.212678+0800 | coin: doge ('2020-12-31', '2021-01-04') https://twitter.com/CryptoKaleo/status/1345238053879738369 took: 2.06 leaves: 0
2023-03-29T15:20:59.765665+0800 | coin: doge ('2020-12-31', '2021-01-04') https://twitter.com/davidgokhshtein/status/1345220323227152384 took: 2.16 leaves: 7
2023-03-29T15:21:15.304952+0800 | coin: doge ('2020-12-31', '2021-01-04') https://twitter.com/KEEMSTAR/status/1345212348609548289 took: 4.33 leaves: 17
2023-03-29T15:21:30.137853+0800 | coin: doge ('2020-12-31', '2021-01-04') https://twitter.com/Dogecoinrich/status/1345204426760454146 took: 3.13 leaves: 16
2023-03-29T15:22:04.538182+0800 | coin: doge ('2020-12-31', '2021-01-04') https://twitter.com/davidgokhshtein/status/1345169236038189060 took: 2.52 leaves: 6
2023-03-29T15:22:20.116165+0800 | coin: doge ('2020-12-31', '2021-01-04') https://twitter.com/CryptoKaleo/status/1345149728212856832 took: 2.12 leaves: 6
2023-03-29T15:22:29.490388+0800 | coin: doge ('2020-12-31', '2021-01-04') https://twitter.com/BrokeHrtLiberal/status/1345131148041588739 took: 2.02 leaves: 0
2023-03-29T15:22:47.160113+0800 | coin: doge ('2020-12-31', '2021-01-04') https://twitter.com/CryptoKaleo/status/1345103628797943809 took: 2.08 leaves: 5
2023-03-29T15:22:49.183861+0800 | coin: doge ('2020-12-31', '2021-01-04') https://twitter.com/thecryptomonk/status/1345103449755709442 took: 2.02 leaves: 3
2023-03-29T15:22:58.101167+0800 | coin: doge ('2020-12-31', '2021-01-04') https://twitter.com/Merryweatherey/status/1345098057105494016 took: 3.09 leaves: 1
2023-03-29T15:23:04.991466+0800 | coin: doge ('2020-12-31', '2021-01-04') https://twitter.com/davidgokhshtein/status/1345087298480844800 took: 2.08 leaves: 4
2023-03-29T15:23:19.686162+0800 | coin: doge ('2020-12-31', '2021-01-04') https://twitter.com/toojeff/status/1345056074529992704 took: 3.21 leaves: 17
